[0.593s] Invoking command in '/home/aleksi/turtlebot3_ws/src/controller': PYTHONPATH=/home/aleksi/turtlebot3_ws/build/controller/prefix_override:/home/aleksi/turtlebot3_ws/install/controller/lib/python3.10/site-packages:${PYTHONPATH} /usr/bin/python3 setup.py egg_info --egg-base ../../build/controller build --build-base /home/aleksi/turtlebot3_ws/build/controller/build install --record /home/aleksi/turtlebot3_ws/build/controller/install.log --single-version-externally-managed
[0.773s] running egg_info
[0.774s] writing ../../build/controller/controller.egg-info/PKG-INFO
[0.774s] writing dependency_links to ../../build/controller/controller.egg-info/dependency_links.txt
[0.774s] writing entry points to ../../build/controller/controller.egg-info/entry_points.txt
[0.775s] writing requirements to ../../build/controller/controller.egg-info/requires.txt
[0.775s] writing top-level names to ../../build/controller/controller.egg-info/top_level.txt
[0.775s] reading manifest file '../../build/controller/controller.egg-info/SOURCES.txt'
[0.776s] writing manifest file '../../build/controller/controller.egg-info/SOURCES.txt'
[0.776s] running build
[0.777s] running build_py
[0.777s] copying controller/server.py -> /home/aleksi/turtlebot3_ws/build/controller/build/lib/controller
[0.777s] copying controller/client.py -> /home/aleksi/turtlebot3_ws/build/controller/build/lib/controller
[0.778s] running install
[0.778s] /usr/lib/python3/dist-packages/setuptools/command/install.py:34: SetuptoolsDeprecationWarning: setup.py install is deprecated. Use build and pip and other standards-based tools.
[0.778s]   warnings.warn(
[0.779s] running install_lib
[0.779s] copying /home/aleksi/turtlebot3_ws/build/controller/build/lib/controller/server.py -> /home/aleksi/turtlebot3_ws/install/controller/lib/python3.10/site-packages/controller
[0.779s] copying /home/aleksi/turtlebot3_ws/build/controller/build/lib/controller/client.py -> /home/aleksi/turtlebot3_ws/install/controller/lib/python3.10/site-packages/controller
[0.780s] byte-compiling /home/aleksi/turtlebot3_ws/install/controller/lib/python3.10/site-packages/controller/server.py to server.cpython-310.pyc
[0.780s] byte-compiling /home/aleksi/turtlebot3_ws/install/controller/lib/python3.10/site-packages/controller/client.py to client.cpython-310.pyc
[0.780s] running install_data
[0.781s] copying package.xml -> /home/aleksi/turtlebot3_ws/install/controller/share/controller
[0.782s] running install_egg_info
[0.782s] removing '/home/aleksi/turtlebot3_ws/install/controller/lib/python3.10/site-packages/controller-0.0.0-py3.10.egg-info' (and everything under it)
[0.782s] Copying ../../build/controller/controller.egg-info to /home/aleksi/turtlebot3_ws/install/controller/lib/python3.10/site-packages/controller-0.0.0-py3.10.egg-info
[0.782s] running install_scripts
[0.796s] writing list of installed files to '/home/aleksi/turtlebot3_ws/build/controller/install.log'
[0.813s] Invoked command in '/home/aleksi/turtlebot3_ws/src/controller' returned '0': PYTHONPATH=/home/aleksi/turtlebot3_ws/build/controller/prefix_override:/home/aleksi/turtlebot3_ws/install/controller/lib/python3.10/site-packages:${PYTHONPATH} /usr/bin/python3 setup.py egg_info --egg-base ../../build/controller build --build-base /home/aleksi/turtlebot3_ws/build/controller/build install --record /home/aleksi/turtlebot3_ws/build/controller/install.log --single-version-externally-managed
