[0.126s] Invoking command in '/home/aleksi/turtlebot3_ws/build/turtlebot3_fake_node': CMAKE_PREFIX_PATH=/opt/ros/humble /usr/bin/cmake /home/aleksi/turtlebot3_ws/src/turtlebot3_simulations/turtlebot3_fake_node -DAMENT_CMAKE_SYMLINK_INSTALL=1 -DCMAKE_INSTALL_PREFIX=/home/aleksi/turtlebot3_ws/install/turtlebot3_fake_node
[1.250s] -- The C compiler identification is GNU 11.4.0
[1.806s] -- The CXX compiler identification is GNU 11.4.0
[1.916s] -- Detecting C compiler ABI info
[2.044s] -- Detecting C compiler ABI info - done
[2.050s] -- Check for working C compiler: /usr/bin/cc - skipped
[2.053s] -- Detecting C compile features
[2.059s] -- Detecting C compile features - done
[2.080s] -- Detecting CXX compiler ABI info
[2.177s] -- Detecting CXX compiler ABI info - done
[2.189s] -- Check for working CXX compiler: /usr/bin/c++ - skipped
[2.190s] -- Detecting CXX compile features
[2.191s] -- Detecting CXX compile features - done
[2.241s] -- Found ament_cmake: 1.3.6 (/opt/ros/humble/share/ament_cmake/cmake)
[2.467s] -- Found Python3: /usr/bin/python3.10 (found version "3.10.12") found components: Interpreter 
[2.612s] -- Override CMake install command with custom implementation using symlinks instead of copying resources
[2.840s] -- Found geometry_msgs: 4.2.3 (/opt/ros/humble/share/geometry_msgs/cmake)
[3.113s] -- Found rosidl_generator_c: 3.1.5 (/opt/ros/humble/share/rosidl_generator_c/cmake)
[3.142s] -- Found rosidl_adapter: 3.1.5 (/opt/ros/humble/share/rosidl_adapter/cmake)
[3.211s] -- Found rosidl_generator_cpp: 3.1.5 (/opt/ros/humble/share/rosidl_generator_cpp/cmake)
[3.309s] -- Using all available rosidl_typesupport_c: rosidl_typesupport_fastrtps_c;rosidl_typesupport_introspection_c
[3.400s] -- Using all available rosidl_typesupport_cpp: rosidl_typesupport_fastrtps_cpp;rosidl_typesupport_introspection_cpp
[3.666s] -- Found nav_msgs: 4.2.3 (/opt/ros/humble/share/nav_msgs/cmake)
[3.809s] -- Found rclcpp: 16.0.7 (/opt/ros/humble/share/rclcpp/cmake)
[4.100s] -- Found rmw_implementation_cmake: 6.1.1 (/opt/ros/humble/share/rmw_implementation_cmake/cmake)
[4.124s] -- Found rmw_fastrtps_cpp: 6.2.5 (/opt/ros/humble/share/rmw_fastrtps_cpp/cmake)
[4.411s] -- Found OpenSSL: /usr/lib/x86_64-linux-gnu/libcrypto.so (found version "3.0.2")  
[4.458s] -- Found FastRTPS: /opt/ros/humble/include  
[4.513s] -- Using RMW implementation 'rmw_fastrtps_cpp' as default
[4.572s] -- Looking for pthread.h
[4.792s] -- Looking for pthread.h - found
[4.792s] -- Performing Test CMAKE_HAVE_LIBC_PTHREAD
[4.875s] -- Performing Test CMAKE_HAVE_LIBC_PTHREAD - Success
[4.877s] -- Found Threads: TRUE  
[5.191s] -- Found sensor_msgs: 4.2.3 (/opt/ros/humble/share/sensor_msgs/cmake)
[5.339s] -- Found tf2: 0.25.5 (/opt/ros/humble/share/tf2/cmake)
[5.402s] -- Found tf2_msgs: 0.25.5 (/opt/ros/humble/share/tf2_msgs/cmake)
[5.735s] -- Found turtlebot3_msgs: 2.2.3 (/opt/ros/humble/share/turtlebot3_msgs/cmake)
[5.894s] -- Configuring done
[5.916s] -- Generating done
[5.918s] -- Build files have been written to: /home/aleksi/turtlebot3_ws/build/turtlebot3_fake_node
