[0.157s] Invoking command in '/home/aleksi/turtlebot3_ws/build/control_interfaces': CMAKE_PREFIX_PATH=${CMAKE_PREFIX_PATH}:/home/aleksi/turtlebot3_ws/install/controller:/opt/ros/humble /usr/bin/cmake --build /home/aleksi/turtlebot3_ws/build/control_interfaces -- -j24 -l24
[0.213s] [  2%] Built target control_interfaces__cpp
[0.213s] [ 12%] Built target control_interfaces__rosidl_generator_c
[0.224s] [ 12%] Built target ament_cmake_python_copy_control_interfaces
[0.237s] [ 23%] Built target control_interfaces__rosidl_typesupport_fastrtps_cpp
[0.238s] [ 34%] Built target control_interfaces__rosidl_typesupport_cpp
[0.239s] [ 44%] Built target control_interfaces__rosidl_typesupport_introspection_cpp
[0.249s] [ 55%] Built target control_interfaces__rosidl_typesupport_introspection_c
[0.250s] [ 65%] Built target control_interfaces__rosidl_typesupport_c
[0.250s] [ 76%] Built target control_interfaces__rosidl_typesupport_fastrtps_c
[0.272s] [ 76%] Built target control_interfaces
[0.295s] [ 78%] Built target control_interfaces__py
[0.319s] [ 87%] Built target control_interfaces__rosidl_generator_py
[0.343s] [ 91%] Built target control_interfaces__rosidl_typesupport_introspection_c__pyext
[0.343s] [ 95%] Built target control_interfaces__rosidl_typesupport_fastrtps_c__pyext
[0.343s] [100%] Built target control_interfaces__rosidl_typesupport_c__pyext
[0.455s] running egg_info
[0.455s] writing control_interfaces.egg-info/PKG-INFO
[0.456s] writing dependency_links to control_interfaces.egg-info/dependency_links.txt
[0.456s] writing top-level names to control_interfaces.egg-info/top_level.txt
[0.458s] reading manifest file 'control_interfaces.egg-info/SOURCES.txt'
[0.458s] writing manifest file 'control_interfaces.egg-info/SOURCES.txt'
[0.481s] [100%] Built target ament_cmake_python_build_control_interfaces_egg
[0.558s] Invoked command in '/home/aleksi/turtlebot3_ws/build/control_interfaces' returned '0': CMAKE_PREFIX_PATH=${CMAKE_PREFIX_PATH}:/home/aleksi/turtlebot3_ws/install/controller:/opt/ros/humble /usr/bin/cmake --build /home/aleksi/turtlebot3_ws/build/control_interfaces -- -j24 -l24
[0.702s] Invoking command in '/home/aleksi/turtlebot3_ws/build/control_interfaces': CMAKE_PREFIX_PATH=${CMAKE_PREFIX_PATH}:/home/aleksi/turtlebot3_ws/install/controller:/opt/ros/humble /usr/bin/cmake --install /home/aleksi/turtlebot3_ws/build/control_interfaces
[0.710s] -- Install configuration: ""
[0.710s] -- Up-to-date: /home/aleksi/turtlebot3_ws/install/control_interfaces/share/ament_index/resource_index/rosidl_interfaces/control_interfaces
[0.710s] -- Up-to-date: /home/aleksi/turtlebot3_ws/install/control_interfaces/include/control_interfaces/control_interfaces
[0.710s] -- Up-to-date: /home/aleksi/turtlebot3_ws/install/control_interfaces/include/control_interfaces/control_interfaces/msg
[0.710s] -- Up-to-date: /home/aleksi/turtlebot3_ws/install/control_interfaces/include/control_interfaces/control_interfaces/msg/rosidl_generator_c__visibility_control.h
[0.710s] -- Up-to-date: /home/aleksi/turtlebot3_ws/install/control_interfaces/include/control_interfaces/control_interfaces/srv
[0.710s] -- Up-to-date: /home/aleksi/turtlebot3_ws/install/control_interfaces/include/control_interfaces/control_interfaces/srv/detail
[0.710s] -- Up-to-date: /home/aleksi/turtlebot3_ws/install/control_interfaces/include/control_interfaces/control_interfaces/srv/detail/set_pose__type_support.h
[0.710s] -- Up-to-date: /home/aleksi/turtlebot3_ws/install/control_interfaces/include/control_interfaces/control_interfaces/srv/detail/set_goal__type_support.h
[0.710s] -- Up-to-date: /home/aleksi/turtlebot3_ws/install/control_interfaces/include/control_interfaces/control_interfaces/srv/detail/set_pose__functions.c
[0.710s] -- Up-to-date: /home/aleksi/turtlebot3_ws/install/control_interfaces/include/control_interfaces/control_interfaces/srv/detail/set_goal__struct.h
[0.711s] -- Up-to-date: /home/aleksi/turtlebot3_ws/install/control_interfaces/include/control_interfaces/control_interfaces/srv/detail/set_pose__functions.h
[0.711s] -- Up-to-date: /home/aleksi/turtlebot3_ws/install/control_interfaces/include/control_interfaces/control_interfaces/srv/detail/set_goal__functions.h
[0.711s] -- Up-to-date: /home/aleksi/turtlebot3_ws/install/control_interfaces/include/control_interfaces/control_interfaces/srv/detail/set_goal__functions.c
[0.711s] -- Up-to-date: /home/aleksi/turtlebot3_ws/install/control_interfaces/include/control_interfaces/control_interfaces/srv/detail/set_pose__struct.h
[0.711s] -- Up-to-date: /home/aleksi/turtlebot3_ws/install/control_interfaces/include/control_interfaces/control_interfaces/srv/set_goal.h
[0.711s] -- Up-to-date: /home/aleksi/turtlebot3_ws/install/control_interfaces/include/control_interfaces/control_interfaces/srv/set_pose.h
[0.711s] -- Up-to-date: /home/aleksi/turtlebot3_ws/install/control_interfaces/include/control_interfaces/control_interfaces/action
[0.711s] -- Up-to-date: /home/aleksi/turtlebot3_ws/install/control_interfaces/include/control_interfaces/control_interfaces/action/detail
[0.711s] -- Up-to-date: /home/aleksi/turtlebot3_ws/install/control_interfaces/include/control_interfaces/control_interfaces/action/detail/follow_path__struct.h
[0.711s] -- Up-to-date: /home/aleksi/turtlebot3_ws/install/control_interfaces/include/control_interfaces/control_interfaces/action/detail/follow_path__functions.h
[0.711s] -- Up-to-date: /home/aleksi/turtlebot3_ws/install/control_interfaces/include/control_interfaces/control_interfaces/action/detail/follow_path__type_support.h
[0.711s] -- Up-to-date: /home/aleksi/turtlebot3_ws/install/control_interfaces/include/control_interfaces/control_interfaces/action/detail/follow_path__functions.c
[0.711s] -- Up-to-date: /home/aleksi/turtlebot3_ws/install/control_interfaces/include/control_interfaces/control_interfaces/action/follow_path.h
[0.711s] -- Up-to-date: /home/aleksi/turtlebot3_ws/install/control_interfaces/share/control_interfaces/environment/library_path.sh
[0.711s] -- Up-to-date: /home/aleksi/turtlebot3_ws/install/control_interfaces/share/control_interfaces/environment/library_path.dsv
[0.711s] -- Up-to-date: /home/aleksi/turtlebot3_ws/install/control_interfaces/lib/libcontrol_interfaces__rosidl_generator_c.so
[0.712s] -- Up-to-date: /home/aleksi/turtlebot3_ws/install/control_interfaces/include/control_interfaces/control_interfaces
[0.712s] -- Up-to-date: /home/aleksi/turtlebot3_ws/install/control_interfaces/include/control_interfaces/control_interfaces/msg
[0.712s] -- Up-to-date: /home/aleksi/turtlebot3_ws/install/control_interfaces/include/control_interfaces/control_interfaces/msg/rosidl_typesupport_fastrtps_c__visibility_control.h
[0.712s] -- Up-to-date: /home/aleksi/turtlebot3_ws/install/control_interfaces/include/control_interfaces/control_interfaces/srv
[0.712s] -- Up-to-date: /home/aleksi/turtlebot3_ws/install/control_interfaces/include/control_interfaces/control_interfaces/srv/detail
[0.712s] -- Up-to-date: /home/aleksi/turtlebot3_ws/install/control_interfaces/include/control_interfaces/control_interfaces/srv/detail/set_pose__rosidl_typesupport_fastrtps_c.h
[0.712s] -- Up-to-date: /home/aleksi/turtlebot3_ws/install/control_interfaces/include/control_interfaces/control_interfaces/srv/detail/set_goal__rosidl_typesupport_fastrtps_c.h
[0.712s] -- Up-to-date: /home/aleksi/turtlebot3_ws/install/control_interfaces/include/control_interfaces/control_interfaces/action
[0.712s] -- Up-to-date: /home/aleksi/turtlebot3_ws/install/control_interfaces/include/control_interfaces/control_interfaces/action/detail
[0.712s] -- Up-to-date: /home/aleksi/turtlebot3_ws/install/control_interfaces/include/control_interfaces/control_interfaces/action/detail/follow_path__rosidl_typesupport_fastrtps_c.h
[0.712s] -- Up-to-date: /home/aleksi/turtlebot3_ws/install/control_interfaces/lib/libcontrol_interfaces__rosidl_typesupport_fastrtps_c.so
[0.712s] -- Up-to-date: /home/aleksi/turtlebot3_ws/install/control_interfaces/include/control_interfaces/control_interfaces
[0.712s] -- Up-to-date: /home/aleksi/turtlebot3_ws/install/control_interfaces/include/control_interfaces/control_interfaces/srv
[0.712s] -- Up-to-date: /home/aleksi/turtlebot3_ws/install/control_interfaces/include/control_interfaces/control_interfaces/srv/detail
[0.713s] -- Up-to-date: /home/aleksi/turtlebot3_ws/install/control_interfaces/include/control_interfaces/control_interfaces/srv/detail/set_pose__traits.hpp
[0.713s] -- Up-to-date: /home/aleksi/turtlebot3_ws/install/control_interfaces/include/control_interfaces/control_interfaces/srv/detail/set_pose__struct.hpp
[0.713s] -- Up-to-date: /home/aleksi/turtlebot3_ws/install/control_interfaces/include/control_interfaces/control_interfaces/srv/detail/set_goal__builder.hpp
[0.713s] -- Up-to-date: /home/aleksi/turtlebot3_ws/install/control_interfaces/include/control_interfaces/control_interfaces/srv/detail/set_goal__traits.hpp
[0.713s] -- Up-to-date: /home/aleksi/turtlebot3_ws/install/control_interfaces/include/control_interfaces/control_interfaces/srv/detail/set_pose__builder.hpp
[0.713s] -- Up-to-date: /home/aleksi/turtlebot3_ws/install/control_interfaces/include/control_interfaces/control_interfaces/srv/detail/set_goal__struct.hpp
[0.713s] -- Up-to-date: /home/aleksi/turtlebot3_ws/install/control_interfaces/include/control_interfaces/control_interfaces/srv/set_goal.hpp
[0.713s] -- Up-to-date: /home/aleksi/turtlebot3_ws/install/control_interfaces/include/control_interfaces/control_interfaces/srv/set_pose.hpp
[0.713s] -- Up-to-date: /home/aleksi/turtlebot3_ws/install/control_interfaces/include/control_interfaces/control_interfaces/action
[0.713s] -- Up-to-date: /home/aleksi/turtlebot3_ws/install/control_interfaces/include/control_interfaces/control_interfaces/action/detail
[0.713s] -- Up-to-date: /home/aleksi/turtlebot3_ws/install/control_interfaces/include/control_interfaces/control_interfaces/action/detail/follow_path__traits.hpp
[0.713s] -- Up-to-date: /home/aleksi/turtlebot3_ws/install/control_interfaces/include/control_interfaces/control_interfaces/action/detail/follow_path__builder.hpp
[0.713s] -- Up-to-date: /home/aleksi/turtlebot3_ws/install/control_interfaces/include/control_interfaces/control_interfaces/action/detail/follow_path__struct.hpp
[0.713s] -- Up-to-date: /home/aleksi/turtlebot3_ws/install/control_interfaces/include/control_interfaces/control_interfaces/action/follow_path.hpp
[0.713s] -- Up-to-date: /home/aleksi/turtlebot3_ws/install/control_interfaces/include/control_interfaces/control_interfaces
[0.713s] -- Up-to-date: /home/aleksi/turtlebot3_ws/install/control_interfaces/include/control_interfaces/control_interfaces/msg
[0.713s] -- Up-to-date: /home/aleksi/turtlebot3_ws/install/control_interfaces/include/control_interfaces/control_interfaces/msg/rosidl_typesupport_fastrtps_cpp__visibility_control.h
[0.714s] -- Up-to-date: /home/aleksi/turtlebot3_ws/install/control_interfaces/include/control_interfaces/control_interfaces/srv
[0.714s] -- Up-to-date: /home/aleksi/turtlebot3_ws/install/control_interfaces/include/control_interfaces/control_interfaces/srv/detail
[0.714s] -- Up-to-date: /home/aleksi/turtlebot3_ws/install/control_interfaces/include/control_interfaces/control_interfaces/srv/detail/set_goal__rosidl_typesupport_fastrtps_cpp.hpp
[0.714s] -- Up-to-date: /home/aleksi/turtlebot3_ws/install/control_interfaces/include/control_interfaces/control_interfaces/srv/detail/set_pose__rosidl_typesupport_fastrtps_cpp.hpp
[0.714s] -- Up-to-date: /home/aleksi/turtlebot3_ws/install/control_interfaces/include/control_interfaces/control_interfaces/srv/detail/dds_fastrtps
[0.714s] -- Up-to-date: /home/aleksi/turtlebot3_ws/install/control_interfaces/include/control_interfaces/control_interfaces/action
[0.714s] -- Up-to-date: /home/aleksi/turtlebot3_ws/install/control_interfaces/include/control_interfaces/control_interfaces/action/detail
[0.714s] -- Up-to-date: /home/aleksi/turtlebot3_ws/install/control_interfaces/include/control_interfaces/control_interfaces/action/detail/follow_path__rosidl_typesupport_fastrtps_cpp.hpp
[0.714s] -- Up-to-date: /home/aleksi/turtlebot3_ws/install/control_interfaces/include/control_interfaces/control_interfaces/action/detail/dds_fastrtps
[0.714s] -- Up-to-date: /home/aleksi/turtlebot3_ws/install/control_interfaces/lib/libcontrol_interfaces__rosidl_typesupport_fastrtps_cpp.so
[0.714s] -- Up-to-date: /home/aleksi/turtlebot3_ws/install/control_interfaces/include/control_interfaces/control_interfaces
[0.714s] -- Up-to-date: /home/aleksi/turtlebot3_ws/install/control_interfaces/include/control_interfaces/control_interfaces/msg
[0.714s] -- Up-to-date: /home/aleksi/turtlebot3_ws/install/control_interfaces/include/control_interfaces/control_interfaces/msg/rosidl_typesupport_introspection_c__visibility_control.h
[0.714s] -- Up-to-date: /home/aleksi/turtlebot3_ws/install/control_interfaces/include/control_interfaces/control_interfaces/srv
[0.714s] -- Up-to-date: /home/aleksi/turtlebot3_ws/install/control_interfaces/include/control_interfaces/control_interfaces/srv/detail
[0.714s] -- Up-to-date: /home/aleksi/turtlebot3_ws/install/control_interfaces/include/control_interfaces/control_interfaces/srv/detail/set_goal__type_support.c
[0.714s] -- Up-to-date: /home/aleksi/turtlebot3_ws/install/control_interfaces/include/control_interfaces/control_interfaces/srv/detail/set_pose__type_support.c
[0.714s] -- Up-to-date: /home/aleksi/turtlebot3_ws/install/control_interfaces/include/control_interfaces/control_interfaces/srv/detail/set_pose__rosidl_typesupport_introspection_c.h
[0.714s] -- Up-to-date: /home/aleksi/turtlebot3_ws/install/control_interfaces/include/control_interfaces/control_interfaces/srv/detail/set_goal__rosidl_typesupport_introspection_c.h
[0.715s] -- Up-to-date: /home/aleksi/turtlebot3_ws/install/control_interfaces/include/control_interfaces/control_interfaces/action
[0.715s] -- Up-to-date: /home/aleksi/turtlebot3_ws/install/control_interfaces/include/control_interfaces/control_interfaces/action/detail
[0.715s] -- Up-to-date: /home/aleksi/turtlebot3_ws/install/control_interfaces/include/control_interfaces/control_interfaces/action/detail/follow_path__type_support.c
[0.715s] -- Up-to-date: /home/aleksi/turtlebot3_ws/install/control_interfaces/include/control_interfaces/control_interfaces/action/detail/follow_path__rosidl_typesupport_introspection_c.h
[0.715s] -- Up-to-date: /home/aleksi/turtlebot3_ws/install/control_interfaces/lib/libcontrol_interfaces__rosidl_typesupport_introspection_c.so
[0.715s] -- Up-to-date: /home/aleksi/turtlebot3_ws/install/control_interfaces/lib/libcontrol_interfaces__rosidl_typesupport_c.so
[0.715s] -- Up-to-date: /home/aleksi/turtlebot3_ws/install/control_interfaces/include/control_interfaces/control_interfaces
[0.715s] -- Up-to-date: /home/aleksi/turtlebot3_ws/install/control_interfaces/include/control_interfaces/control_interfaces/srv
[0.715s] -- Up-to-date: /home/aleksi/turtlebot3_ws/install/control_interfaces/include/control_interfaces/control_interfaces/srv/detail
[0.715s] -- Up-to-date: /home/aleksi/turtlebot3_ws/install/control_interfaces/include/control_interfaces/control_interfaces/srv/detail/set_pose__type_support.cpp
[0.715s] -- Up-to-date: /home/aleksi/turtlebot3_ws/install/control_interfaces/include/control_interfaces/control_interfaces/srv/detail/set_goal__type_support.cpp
[0.715s] -- Up-to-date: /home/aleksi/turtlebot3_ws/install/control_interfaces/include/control_interfaces/control_interfaces/srv/detail/set_pose__rosidl_typesupport_introspection_cpp.hpp
[0.715s] -- Up-to-date: /home/aleksi/turtlebot3_ws/install/control_interfaces/include/control_interfaces/control_interfaces/srv/detail/set_goal__rosidl_typesupport_introspection_cpp.hpp
[0.715s] -- Up-to-date: /home/aleksi/turtlebot3_ws/install/control_interfaces/include/control_interfaces/control_interfaces/action
[0.715s] -- Up-to-date: /home/aleksi/turtlebot3_ws/install/control_interfaces/include/control_interfaces/control_interfaces/action/detail
[0.715s] -- Up-to-date: /home/aleksi/turtlebot3_ws/install/control_interfaces/include/control_interfaces/control_interfaces/action/detail/follow_path__type_support.cpp
[0.715s] -- Up-to-date: /home/aleksi/turtlebot3_ws/install/control_interfaces/include/control_interfaces/control_interfaces/action/detail/follow_path__rosidl_typesupport_introspection_cpp.hpp
[0.716s] -- Up-to-date: /home/aleksi/turtlebot3_ws/install/control_interfaces/lib/libcontrol_interfaces__rosidl_typesupport_introspection_cpp.so
[0.716s] -- Up-to-date: /home/aleksi/turtlebot3_ws/install/control_interfaces/lib/libcontrol_interfaces__rosidl_typesupport_cpp.so
[0.716s] -- Up-to-date: /home/aleksi/turtlebot3_ws/install/control_interfaces/share/control_interfaces/environment/pythonpath.sh
[0.716s] -- Up-to-date: /home/aleksi/turtlebot3_ws/install/control_interfaces/share/control_interfaces/environment/pythonpath.dsv
[0.716s] -- Up-to-date: /home/aleksi/turtlebot3_ws/install/control_interfaces/local/lib/python3.10/dist-packages/control_interfaces-0.0.0-py3.10.egg-info
[0.716s] -- Installing: /home/aleksi/turtlebot3_ws/install/control_interfaces/local/lib/python3.10/dist-packages/control_interfaces-0.0.0-py3.10.egg-info/dependency_links.txt
[0.716s] -- Installing: /home/aleksi/turtlebot3_ws/install/control_interfaces/local/lib/python3.10/dist-packages/control_interfaces-0.0.0-py3.10.egg-info/PKG-INFO
[0.716s] -- Installing: /home/aleksi/turtlebot3_ws/install/control_interfaces/local/lib/python3.10/dist-packages/control_interfaces-0.0.0-py3.10.egg-info/SOURCES.txt
[0.716s] -- Installing: /home/aleksi/turtlebot3_ws/install/control_interfaces/local/lib/python3.10/dist-packages/control_interfaces-0.0.0-py3.10.egg-info/top_level.txt
[0.716s] -- Up-to-date: /home/aleksi/turtlebot3_ws/install/control_interfaces/local/lib/python3.10/dist-packages/control_interfaces
[0.716s] -- Up-to-date: /home/aleksi/turtlebot3_ws/install/control_interfaces/local/lib/python3.10/dist-packages/control_interfaces/control_interfaces_s__rosidl_typesupport_introspection_c.cpython-310-x86_64-linux-gnu.so
[0.716s] -- Up-to-date: /home/aleksi/turtlebot3_ws/install/control_interfaces/local/lib/python3.10/dist-packages/control_interfaces/__init__.py
[0.716s] -- Up-to-date: /home/aleksi/turtlebot3_ws/install/control_interfaces/local/lib/python3.10/dist-packages/control_interfaces/_control_interfaces_s.ep.rosidl_typesupport_introspection_c.c
[0.716s] -- Up-to-date: /home/aleksi/turtlebot3_ws/install/control_interfaces/local/lib/python3.10/dist-packages/control_interfaces/libcontrol_interfaces__rosidl_generator_py.so
[0.716s] -- Up-to-date: /home/aleksi/turtlebot3_ws/install/control_interfaces/local/lib/python3.10/dist-packages/control_interfaces/_control_interfaces_s.ep.rosidl_typesupport_fastrtps_c.c
[0.716s] -- Up-to-date: /home/aleksi/turtlebot3_ws/install/control_interfaces/local/lib/python3.10/dist-packages/control_interfaces/control_interfaces_s__rosidl_typesupport_fastrtps_c.cpython-310-x86_64-linux-gnu.so
[0.717s] -- Up-to-date: /home/aleksi/turtlebot3_ws/install/control_interfaces/local/lib/python3.10/dist-packages/control_interfaces/srv
[0.717s] -- Up-to-date: /home/aleksi/turtlebot3_ws/install/control_interfaces/local/lib/python3.10/dist-packages/control_interfaces/srv/__init__.py
[0.717s] -- Up-to-date: /home/aleksi/turtlebot3_ws/install/control_interfaces/local/lib/python3.10/dist-packages/control_interfaces/srv/_set_goal_s.c
[0.717s] -- Up-to-date: /home/aleksi/turtlebot3_ws/install/control_interfaces/local/lib/python3.10/dist-packages/control_interfaces/srv/_set_pose.py
[0.717s] -- Up-to-date: /home/aleksi/turtlebot3_ws/install/control_interfaces/local/lib/python3.10/dist-packages/control_interfaces/srv/_set_goal.py
[0.717s] -- Up-to-date: /home/aleksi/turtlebot3_ws/install/control_interfaces/local/lib/python3.10/dist-packages/control_interfaces/srv/_set_pose_s.c
[0.717s] -- Up-to-date: /home/aleksi/turtlebot3_ws/install/control_interfaces/local/lib/python3.10/dist-packages/control_interfaces/action
[0.717s] -- Up-to-date: /home/aleksi/turtlebot3_ws/install/control_interfaces/local/lib/python3.10/dist-packages/control_interfaces/action/__init__.py
[0.717s] -- Up-to-date: /home/aleksi/turtlebot3_ws/install/control_interfaces/local/lib/python3.10/dist-packages/control_interfaces/action/_follow_path_s.c
[0.717s] -- Up-to-date: /home/aleksi/turtlebot3_ws/install/control_interfaces/local/lib/python3.10/dist-packages/control_interfaces/action/_follow_path.py
[0.717s] -- Up-to-date: /home/aleksi/turtlebot3_ws/install/control_interfaces/local/lib/python3.10/dist-packages/control_interfaces/control_interfaces_s__rosidl_typesupport_c.cpython-310-x86_64-linux-gnu.so
[0.717s] -- Up-to-date: /home/aleksi/turtlebot3_ws/install/control_interfaces/local/lib/python3.10/dist-packages/control_interfaces/_control_interfaces_s.ep.rosidl_typesupport_c.c
[0.740s] Listing '/home/aleksi/turtlebot3_ws/install/control_interfaces/local/lib/python3.10/dist-packages/control_interfaces'...
[0.741s] Listing '/home/aleksi/turtlebot3_ws/install/control_interfaces/local/lib/python3.10/dist-packages/control_interfaces/action'...
[0.741s] Listing '/home/aleksi/turtlebot3_ws/install/control_interfaces/local/lib/python3.10/dist-packages/control_interfaces/srv'...
[0.744s] -- Up-to-date: /home/aleksi/turtlebot3_ws/install/control_interfaces/local/lib/python3.10/dist-packages/control_interfaces/control_interfaces_s__rosidl_typesupport_fastrtps_c.cpython-310-x86_64-linux-gnu.so
[0.744s] -- Up-to-date: /home/aleksi/turtlebot3_ws/install/control_interfaces/local/lib/python3.10/dist-packages/control_interfaces/control_interfaces_s__rosidl_typesupport_introspection_c.cpython-310-x86_64-linux-gnu.so
[0.745s] -- Up-to-date: /home/aleksi/turtlebot3_ws/install/control_interfaces/local/lib/python3.10/dist-packages/control_interfaces/control_interfaces_s__rosidl_typesupport_c.cpython-310-x86_64-linux-gnu.so
[0.745s] -- Up-to-date: /home/aleksi/turtlebot3_ws/install/control_interfaces/lib/libcontrol_interfaces__rosidl_generator_py.so
[0.745s] -- Up-to-date: /home/aleksi/turtlebot3_ws/install/control_interfaces/share/control_interfaces/srv/SetGoal.idl
[0.746s] -- Up-to-date: /home/aleksi/turtlebot3_ws/install/control_interfaces/share/control_interfaces/srv/SetPose.idl
[0.747s] -- Up-to-date: /home/aleksi/turtlebot3_ws/install/control_interfaces/share/control_interfaces/action/FollowPath.idl
[0.747s] -- Up-to-date: /home/aleksi/turtlebot3_ws/install/control_interfaces/share/control_interfaces/srv/SetGoal.srv
[0.747s] -- Up-to-date: /home/aleksi/turtlebot3_ws/install/control_interfaces/share/control_interfaces/srv/SetGoal_Request.msg
[0.748s] -- Up-to-date: /home/aleksi/turtlebot3_ws/install/control_interfaces/share/control_interfaces/srv/SetGoal_Response.msg
[0.748s] -- Up-to-date: /home/aleksi/turtlebot3_ws/install/control_interfaces/share/control_interfaces/srv/SetPose.srv
[0.748s] -- Up-to-date: /home/aleksi/turtlebot3_ws/install/control_interfaces/share/control_interfaces/srv/SetPose_Request.msg
[0.749s] -- Up-to-date: /home/aleksi/turtlebot3_ws/install/control_interfaces/share/control_interfaces/srv/SetPose_Response.msg
[0.749s] -- Up-to-date: /home/aleksi/turtlebot3_ws/install/control_interfaces/share/control_interfaces/action/FollowPath.action
[0.749s] -- Up-to-date: /home/aleksi/turtlebot3_ws/install/control_interfaces/share/ament_index/resource_index/package_run_dependencies/control_interfaces
[0.750s] -- Up-to-date: /home/aleksi/turtlebot3_ws/install/control_interfaces/share/ament_index/resource_index/parent_prefix_path/control_interfaces
[0.750s] -- Up-to-date: /home/aleksi/turtlebot3_ws/install/control_interfaces/share/control_interfaces/environment/ament_prefix_path.sh
[0.750s] -- Up-to-date: /home/aleksi/turtlebot3_ws/install/control_interfaces/share/control_interfaces/environment/ament_prefix_path.dsv
[0.750s] -- Up-to-date: /home/aleksi/turtlebot3_ws/install/control_interfaces/share/control_interfaces/environment/path.sh
[0.751s] -- Up-to-date: /home/aleksi/turtlebot3_ws/install/control_interfaces/share/control_interfaces/environment/path.dsv
[0.751s] -- Up-to-date: /home/aleksi/turtlebot3_ws/install/control_interfaces/share/control_interfaces/local_setup.bash
[0.751s] -- Up-to-date: /home/aleksi/turtlebot3_ws/install/control_interfaces/share/control_interfaces/local_setup.sh
[0.752s] -- Up-to-date: /home/aleksi/turtlebot3_ws/install/control_interfaces/share/control_interfaces/local_setup.zsh
[0.752s] -- Up-to-date: /home/aleksi/turtlebot3_ws/install/control_interfaces/share/control_interfaces/local_setup.dsv
[0.753s] -- Installing: /home/aleksi/turtlebot3_ws/install/control_interfaces/share/control_interfaces/package.dsv
[0.753s] -- Up-to-date: /home/aleksi/turtlebot3_ws/install/control_interfaces/share/ament_index/resource_index/packages/control_interfaces
[0.753s] -- Up-to-date: /home/aleksi/turtlebot3_ws/install/control_interfaces/share/control_interfaces/cmake/export_control_interfaces__rosidl_generator_cExport.cmake
[0.753s] -- Up-to-date: /home/aleksi/turtlebot3_ws/install/control_interfaces/share/control_interfaces/cmake/export_control_interfaces__rosidl_generator_cExport-noconfig.cmake
[0.754s] -- Up-to-date: /home/aleksi/turtlebot3_ws/install/control_interfaces/share/control_interfaces/cmake/export_control_interfaces__rosidl_typesupport_fastrtps_cExport.cmake
[0.754s] -- Up-to-date: /home/aleksi/turtlebot3_ws/install/control_interfaces/share/control_interfaces/cmake/export_control_interfaces__rosidl_typesupport_fastrtps_cExport-noconfig.cmake
[0.754s] -- Up-to-date: /home/aleksi/turtlebot3_ws/install/control_interfaces/share/control_interfaces/cmake/export_control_interfaces__rosidl_generator_cppExport.cmake
[0.755s] -- Up-to-date: /home/aleksi/turtlebot3_ws/install/control_interfaces/share/control_interfaces/cmake/export_control_interfaces__rosidl_typesupport_fastrtps_cppExport.cmake
[0.755s] -- Up-to-date: /home/aleksi/turtlebot3_ws/install/control_interfaces/share/control_interfaces/cmake/export_control_interfaces__rosidl_typesupport_fastrtps_cppExport-noconfig.cmake
[0.755s] -- Up-to-date: /home/aleksi/turtlebot3_ws/install/control_interfaces/share/control_interfaces/cmake/control_interfaces__rosidl_typesupport_introspection_cExport.cmake
[0.755s] -- Up-to-date: /home/aleksi/turtlebot3_ws/install/control_interfaces/share/control_interfaces/cmake/control_interfaces__rosidl_typesupport_introspection_cExport-noconfig.cmake
[0.756s] -- Up-to-date: /home/aleksi/turtlebot3_ws/install/control_interfaces/share/control_interfaces/cmake/control_interfaces__rosidl_typesupport_cExport.cmake
[0.756s] -- Up-to-date: /home/aleksi/turtlebot3_ws/install/control_interfaces/share/control_interfaces/cmake/control_interfaces__rosidl_typesupport_cExport-noconfig.cmake
[0.756s] -- Up-to-date: /home/aleksi/turtlebot3_ws/install/control_interfaces/share/control_interfaces/cmake/control_interfaces__rosidl_typesupport_introspection_cppExport.cmake
[0.756s] -- Up-to-date: /home/aleksi/turtlebot3_ws/install/control_interfaces/share/control_interfaces/cmake/control_interfaces__rosidl_typesupport_introspection_cppExport-noconfig.cmake
[0.757s] -- Up-to-date: /home/aleksi/turtlebot3_ws/install/control_interfaces/share/control_interfaces/cmake/control_interfaces__rosidl_typesupport_cppExport.cmake
[0.758s] -- Up-to-date: /home/aleksi/turtlebot3_ws/install/control_interfaces/share/control_interfaces/cmake/control_interfaces__rosidl_typesupport_cppExport-noconfig.cmake
[0.758s] -- Up-to-date: /home/aleksi/turtlebot3_ws/install/control_interfaces/share/control_interfaces/cmake/export_control_interfaces__rosidl_generator_pyExport.cmake
[0.758s] -- Up-to-date: /home/aleksi/turtlebot3_ws/install/control_interfaces/share/control_interfaces/cmake/export_control_interfaces__rosidl_generator_pyExport-noconfig.cmake
[0.758s] -- Up-to-date: /home/aleksi/turtlebot3_ws/install/control_interfaces/share/control_interfaces/cmake/rosidl_cmake-extras.cmake
[0.758s] -- Up-to-date: /home/aleksi/turtlebot3_ws/install/control_interfaces/share/control_interfaces/cmake/ament_cmake_export_dependencies-extras.cmake
[0.758s] -- Up-to-date: /home/aleksi/turtlebot3_ws/install/control_interfaces/share/control_interfaces/cmake/ament_cmake_export_include_directories-extras.cmake
[0.758s] -- Up-to-date: /home/aleksi/turtlebot3_ws/install/control_interfaces/share/control_interfaces/cmake/ament_cmake_export_libraries-extras.cmake
[0.759s] -- Up-to-date: /home/aleksi/turtlebot3_ws/install/control_interfaces/share/control_interfaces/cmake/ament_cmake_export_targets-extras.cmake
[0.759s] -- Up-to-date: /home/aleksi/turtlebot3_ws/install/control_interfaces/share/control_interfaces/cmake/rosidl_cmake_export_typesupport_targets-extras.cmake
[0.759s] -- Up-to-date: /home/aleksi/turtlebot3_ws/install/control_interfaces/share/control_interfaces/cmake/rosidl_cmake_export_typesupport_libraries-extras.cmake
[0.759s] -- Up-to-date: /home/aleksi/turtlebot3_ws/install/control_interfaces/share/control_interfaces/cmake/control_interfacesConfig.cmake
[0.759s] -- Up-to-date: /home/aleksi/turtlebot3_ws/install/control_interfaces/share/control_interfaces/cmake/control_interfacesConfig-version.cmake
[0.759s] -- Up-to-date: /home/aleksi/turtlebot3_ws/install/control_interfaces/share/control_interfaces/package.xml
[0.787s] Invoked command in '/home/aleksi/turtlebot3_ws/build/control_interfaces' returned '0': CMAKE_PREFIX_PATH=${CMAKE_PREFIX_PATH}:/home/aleksi/turtlebot3_ws/install/controller:/opt/ros/humble /usr/bin/cmake --install /home/aleksi/turtlebot3_ws/build/control_interfaces
