[0.155s] Invoking command in '/home/aleksi/turtlebot3_ws/build/control_interfaces': CMAKE_PREFIX_PATH=${CMAKE_PREFIX_PATH}:/home/aleksi/turtlebot3_ws/install/controller:/opt/ros/humble /usr/bin/cmake --build /home/aleksi/turtlebot3_ws/build/control_interfaces -- -j24 -l24
[0.182s] -- Found ament_cmake: 1.3.6 (/opt/ros/humble/share/ament_cmake/cmake)
[0.299s] -- Found std_msgs: 4.2.3 (/opt/ros/humble/share/std_msgs/cmake)
[0.325s] -- Found rosidl_generator_c: 3.1.5 (/opt/ros/humble/share/rosidl_generator_c/cmake)
[0.327s] -- Found rosidl_adapter: 3.1.5 (/opt/ros/humble/share/rosidl_adapter/cmake)
[0.332s] -- Found rosidl_generator_cpp: 3.1.5 (/opt/ros/humble/share/rosidl_generator_cpp/cmake)
[0.343s] -- Using all available rosidl_typesupport_c: rosidl_typesupport_fastrtps_c;rosidl_typesupport_introspection_c
[0.359s] -- Using all available rosidl_typesupport_cpp: rosidl_typesupport_fastrtps_cpp;rosidl_typesupport_introspection_cpp
[0.409s] -- Found geometry_msgs: 4.2.3 (/opt/ros/humble/share/geometry_msgs/cmake)
[0.449s] -- Found rosidl_default_generators: 1.2.0 (/opt/ros/humble/share/rosidl_default_generators/cmake)
[0.758s] -- Found ament_cmake_ros: 0.10.0 (/opt/ros/humble/share/ament_cmake_ros/cmake)
[1.116s] -- Using all available rosidl_typesupport_c: rosidl_typesupport_fastrtps_c;rosidl_typesupport_introspection_c
[1.254s] -- Using all available rosidl_typesupport_cpp: rosidl_typesupport_fastrtps_cpp;rosidl_typesupport_introspection_cpp
[1.274s] -- Found python_cmake_module: 0.10.0 (/opt/ros/humble/share/python_cmake_module/cmake)
[1.293s] -- Using PYTHON_EXECUTABLE: /usr/bin/python3
[1.293s] -- Using PYTHON_INCLUDE_DIRS: /usr/include/python3.10
[1.293s] -- Using PYTHON_LIBRARIES: /usr/lib/x86_64-linux-gnu/libpython3.10.so
[1.331s] -- Found ament_lint_auto: 0.12.9 (/opt/ros/humble/share/ament_lint_auto/cmake)
[1.338s] -- Added test 'lint_cmake' to check CMake code style
[1.339s] -- Added test 'xmllint' to check XML markup files
[1.340s] -- Configuring done
[1.376s] -- Generating done
[1.379s] -- Build files have been written to: /home/aleksi/turtlebot3_ws/build/control_interfaces
[1.406s] [  2%] [34m[1mGenerating C code for ROS interfaces[0m
[1.418s] [  4%] [34m[1mGenerating C++ code for ROS interfaces[0m
[1.427s] [  4%] Built target ament_cmake_python_copy_control_interfaces
[1.623s] running egg_info
[1.623s] writing control_interfaces.egg-info/PKG-INFO
[1.623s] writing dependency_links to control_interfaces.egg-info/dependency_links.txt
[1.623s] writing top-level names to control_interfaces.egg-info/top_level.txt
[1.625s] reading manifest file 'control_interfaces.egg-info/SOURCES.txt'
[1.625s] writing manifest file 'control_interfaces.egg-info/SOURCES.txt'
[1.650s] [  4%] Built target ament_cmake_python_build_control_interfaces_egg
[1.846s] [  4%] Built target control_interfaces__cpp
[1.851s] [35m[1mConsolidate compiler generated dependencies of target control_interfaces__rosidl_generator_c[0m
[1.856s] [  6%] [34m[1mGenerating C++ type support dispatch for ROS interfaces[0m
[1.857s] [ 10%] [34m[1mGenerating C++ type support for eProsima Fast-RTPS[0m
[1.857s] [ 10%] [34m[1mGenerating C++ introspection for ROS interfaces[0m
[1.864s] [ 14%] [32mBuilding C object CMakeFiles/control_interfaces__rosidl_generator_c.dir/rosidl_generator_c/control_interfaces/srv/detail/set_pose__functions.c.o[0m
[1.864s] [ 14%] [32mBuilding C object CMakeFiles/control_interfaces__rosidl_generator_c.dir/rosidl_generator_c/control_interfaces/action/detail/follow_path__functions.c.o[0m
[1.864s] [ 17%] [32mBuilding C object CMakeFiles/control_interfaces__rosidl_generator_c.dir/rosidl_generator_c/control_interfaces/srv/detail/set_position__functions.c.o[0m
[1.965s] [ 19%] [32m[1mLinking C shared library libcontrol_interfaces__rosidl_generator_c.so[0m
[2.003s] [ 19%] Built target control_interfaces__rosidl_generator_c
[2.014s] [ 21%] [34m[1mGenerating C introspection for ROS interfaces[0m
[2.015s] [ 23%] [34m[1mGenerating C type support dispatch for ROS interfaces[0m
[2.016s] [ 25%] [34m[1mGenerating C type support for eProsima Fast-RTPS[0m
[2.123s] [35m[1mConsolidate compiler generated dependencies of target control_interfaces__rosidl_typesupport_cpp[0m
[2.139s] [ 29%] [32mBuilding CXX object CMakeFiles/control_interfaces__rosidl_typesupport_cpp.dir/rosidl_typesupport_cpp/control_interfaces/action/follow_path__type_support.cpp.o[0m
[2.139s] [ 29%] [32mBuilding CXX object CMakeFiles/control_interfaces__rosidl_typesupport_cpp.dir/rosidl_typesupport_cpp/control_interfaces/srv/set_position__type_support.cpp.o[0m
[2.140s] [ 31%] [32mBuilding CXX object CMakeFiles/control_interfaces__rosidl_typesupport_cpp.dir/rosidl_typesupport_cpp/control_interfaces/srv/set_pose__type_support.cpp.o[0m
[2.198s] [35m[1mConsolidate compiler generated dependencies of target control_interfaces__rosidl_typesupport_introspection_cpp[0m
[2.215s] [ 34%] [32mBuilding CXX object CMakeFiles/control_interfaces__rosidl_typesupport_introspection_cpp.dir/rosidl_typesupport_introspection_cpp/control_interfaces/srv/detail/set_position__type_support.cpp.o[0m
[2.215s] [ 36%] [32mBuilding CXX object CMakeFiles/control_interfaces__rosidl_typesupport_introspection_cpp.dir/rosidl_typesupport_introspection_cpp/control_interfaces/srv/detail/set_pose__type_support.cpp.o[0m
[2.215s] [ 38%] [32mBuilding CXX object CMakeFiles/control_interfaces__rosidl_typesupport_introspection_cpp.dir/rosidl_typesupport_introspection_cpp/control_interfaces/action/detail/follow_path__type_support.cpp.o[0m
[2.274s] [35m[1mConsolidate compiler generated dependencies of target control_interfaces__rosidl_typesupport_fastrtps_cpp[0m
[2.284s] [35m[1mConsolidate compiler generated dependencies of target control_interfaces__rosidl_typesupport_c[0m
[2.293s] [ 42%] [32mBuilding CXX object CMakeFiles/control_interfaces__rosidl_typesupport_fastrtps_cpp.dir/rosidl_typesupport_fastrtps_cpp/control_interfaces/action/detail/dds_fastrtps/follow_path__type_support.cpp.o[0m
[2.293s] [ 42%] [32mBuilding CXX object CMakeFiles/control_interfaces__rosidl_typesupport_fastrtps_cpp.dir/rosidl_typesupport_fastrtps_cpp/control_interfaces/srv/detail/dds_fastrtps/set_pose__type_support.cpp.o[0m
[2.296s] [ 44%] [32mBuilding CXX object CMakeFiles/control_interfaces__rosidl_typesupport_fastrtps_cpp.dir/rosidl_typesupport_fastrtps_cpp/control_interfaces/srv/detail/dds_fastrtps/set_position__type_support.cpp.o[0m
[2.299s] [ 46%] [32mBuilding CXX object CMakeFiles/control_interfaces__rosidl_typesupport_c.dir/rosidl_typesupport_c/control_interfaces/srv/set_pose__type_support.cpp.o[0m
[2.301s] [ 48%] [32mBuilding CXX object CMakeFiles/control_interfaces__rosidl_typesupport_c.dir/rosidl_typesupport_c/control_interfaces/srv/set_position__type_support.cpp.o[0m
[2.303s] [ 51%] [32mBuilding CXX object CMakeFiles/control_interfaces__rosidl_typesupport_c.dir/rosidl_typesupport_c/control_interfaces/action/follow_path__type_support.cpp.o[0m
[2.368s] [ 53%] [32m[1mLinking CXX shared library libcontrol_interfaces__rosidl_typesupport_c.so[0m
[2.396s] [35m[1mConsolidate compiler generated dependencies of target control_interfaces__rosidl_typesupport_introspection_c[0m
[2.410s] [ 57%] [32mBuilding C object CMakeFiles/control_interfaces__rosidl_typesupport_introspection_c.dir/rosidl_typesupport_introspection_c/control_interfaces/srv/detail/set_pose__type_support.c.o[0m
[2.410s] [ 57%] [32mBuilding C object CMakeFiles/control_interfaces__rosidl_typesupport_introspection_c.dir/rosidl_typesupport_introspection_c/control_interfaces/srv/detail/set_position__type_support.c.o[0m
[2.411s] [ 59%] [32mBuilding C object CMakeFiles/control_interfaces__rosidl_typesupport_introspection_c.dir/rosidl_typesupport_introspection_c/control_interfaces/action/detail/follow_path__type_support.c.o[0m
[2.415s] [ 59%] Built target control_interfaces__rosidl_typesupport_c
[2.466s] [35m[1mConsolidate compiler generated dependencies of target control_interfaces__rosidl_typesupport_fastrtps_c[0m
[2.467s] [ 61%] [32m[1mLinking C shared library libcontrol_interfaces__rosidl_typesupport_introspection_c.so[0m
[2.485s] [ 65%] [32mBuilding CXX object CMakeFiles/control_interfaces__rosidl_typesupport_fastrtps_c.dir/rosidl_typesupport_fastrtps_c/control_interfaces/srv/detail/set_pose__type_support_c.cpp.o[0m
[2.485s] [ 68%] [32mBuilding CXX object CMakeFiles/control_interfaces__rosidl_typesupport_fastrtps_c.dir/rosidl_typesupport_fastrtps_c/control_interfaces/action/detail/follow_path__type_support_c.cpp.o[0m
[2.485s] [ 68%] [32mBuilding CXX object CMakeFiles/control_interfaces__rosidl_typesupport_fastrtps_c.dir/rosidl_typesupport_fastrtps_c/control_interfaces/srv/detail/set_position__type_support_c.cpp.o[0m
[2.506s] [ 68%] Built target control_interfaces__rosidl_typesupport_introspection_c
[2.517s] [ 70%] [32m[1mLinking CXX shared library libcontrol_interfaces__rosidl_typesupport_cpp.so[0m
[2.560s] [ 70%] Built target control_interfaces__rosidl_typesupport_cpp
[2.703s] [ 72%] [32m[1mLinking CXX shared library libcontrol_interfaces__rosidl_typesupport_introspection_cpp.so[0m
[2.736s] [ 74%] [32m[1mLinking CXX shared library libcontrol_interfaces__rosidl_typesupport_fastrtps_cpp.so[0m
[2.770s] [ 74%] Built target control_interfaces__rosidl_typesupport_introspection_cpp
[2.803s] [ 74%] Built target control_interfaces__rosidl_typesupport_fastrtps_cpp
[2.812s] [ 76%] [32m[1mLinking CXX shared library libcontrol_interfaces__rosidl_typesupport_fastrtps_c.so[0m
[2.876s] [ 76%] Built target control_interfaces__rosidl_typesupport_fastrtps_c
[2.895s] [ 76%] Built target control_interfaces
[2.916s] [ 78%] [34m[1mGenerating Python code for ROS interfaces[0m
[3.685s] [ 78%] Built target control_interfaces__py
[3.695s] [35m[1mConsolidate compiler generated dependencies of target control_interfaces__rosidl_generator_py[0m
[3.711s] [ 80%] [32mBuilding C object CMakeFiles/control_interfaces__rosidl_generator_py.dir/rosidl_generator_py/control_interfaces/srv/_set_position_s.c.o[0m
[3.712s] [ 82%] [32mBuilding C object CMakeFiles/control_interfaces__rosidl_generator_py.dir/rosidl_generator_py/control_interfaces/action/_follow_path_s.c.o[0m
[3.712s] [ 85%] [32mBuilding C object CMakeFiles/control_interfaces__rosidl_generator_py.dir/rosidl_generator_py/control_interfaces/srv/_set_pose_s.c.o[0m
[3.831s] [ 87%] [32m[1mLinking C shared library rosidl_generator_py/control_interfaces/libcontrol_interfaces__rosidl_generator_py.so[0m
[3.873s] [ 87%] Built target control_interfaces__rosidl_generator_py
[3.883s] [35m[1mConsolidate compiler generated dependencies of target control_interfaces__rosidl_typesupport_introspection_c__pyext[0m
[3.883s] [35m[1mConsolidate compiler generated dependencies of target control_interfaces__rosidl_typesupport_c__pyext[0m
[3.883s] [35m[1mConsolidate compiler generated dependencies of target control_interfaces__rosidl_typesupport_fastrtps_c__pyext[0m
[3.897s] [ 89%] [32mBuilding C object CMakeFiles/control_interfaces__rosidl_typesupport_introspection_c__pyext.dir/rosidl_generator_py/control_interfaces/_control_interfaces_s.ep.rosidl_typesupport_introspection_c.c.o[0m
[3.897s] [ 91%] [32mBuilding C object CMakeFiles/control_interfaces__rosidl_typesupport_fastrtps_c__pyext.dir/rosidl_generator_py/control_interfaces/_control_interfaces_s.ep.rosidl_typesupport_fastrtps_c.c.o[0m
[3.898s] [ 93%] [32mBuilding C object CMakeFiles/control_interfaces__rosidl_typesupport_c__pyext.dir/rosidl_generator_py/control_interfaces/_control_interfaces_s.ep.rosidl_typesupport_c.c.o[0m
[4.019s] [ 95%] [32m[1mLinking C shared library rosidl_generator_py/control_interfaces/control_interfaces_s__rosidl_typesupport_introspection_c.cpython-310-x86_64-linux-gnu.so[0m
[4.019s] [ 97%] [32m[1mLinking C shared library rosidl_generator_py/control_interfaces/control_interfaces_s__rosidl_typesupport_c.cpython-310-x86_64-linux-gnu.so[0m
[4.022s] [100%] [32m[1mLinking C shared library rosidl_generator_py/control_interfaces/control_interfaces_s__rosidl_typesupport_fastrtps_c.cpython-310-x86_64-linux-gnu.so[0m
[4.064s] [100%] Built target control_interfaces__rosidl_typesupport_c__pyext
[4.064s] [100%] Built target control_interfaces__rosidl_typesupport_introspection_c__pyext
[4.065s] [100%] Built target control_interfaces__rosidl_typesupport_fastrtps_c__pyext
[4.078s] Invoked command in '/home/aleksi/turtlebot3_ws/build/control_interfaces' returned '0': CMAKE_PREFIX_PATH=${CMAKE_PREFIX_PATH}:/home/aleksi/turtlebot3_ws/install/controller:/opt/ros/humble /usr/bin/cmake --build /home/aleksi/turtlebot3_ws/build/control_interfaces -- -j24 -l24
[4.176s] Invoking command in '/home/aleksi/turtlebot3_ws/build/control_interfaces': CMAKE_PREFIX_PATH=${CMAKE_PREFIX_PATH}:/home/aleksi/turtlebot3_ws/install/controller:/opt/ros/humble /usr/bin/cmake --install /home/aleksi/turtlebot3_ws/build/control_interfaces
[4.185s] -- Install configuration: ""
[4.185s] -- Up-to-date: /home/aleksi/turtlebot3_ws/install/control_interfaces/share/ament_index/resource_index/rosidl_interfaces/control_interfaces
[4.185s] -- Up-to-date: /home/aleksi/turtlebot3_ws/install/control_interfaces/include/control_interfaces/control_interfaces
[4.185s] -- Up-to-date: /home/aleksi/turtlebot3_ws/install/control_interfaces/include/control_interfaces/control_interfaces/msg
[4.185s] -- Up-to-date: /home/aleksi/turtlebot3_ws/install/control_interfaces/include/control_interfaces/control_interfaces/msg/rosidl_generator_c__visibility_control.h
[4.185s] -- Up-to-date: /home/aleksi/turtlebot3_ws/install/control_interfaces/include/control_interfaces/control_interfaces/srv
[4.185s] -- Up-to-date: /home/aleksi/turtlebot3_ws/install/control_interfaces/include/control_interfaces/control_interfaces/srv/detail
[4.185s] -- Installing: /home/aleksi/turtlebot3_ws/install/control_interfaces/include/control_interfaces/control_interfaces/srv/detail/set_position__struct.h
[4.185s] -- Installing: /home/aleksi/turtlebot3_ws/install/control_interfaces/include/control_interfaces/control_interfaces/srv/detail/set_pose__type_support.h
[4.185s] -- Up-to-date: /home/aleksi/turtlebot3_ws/install/control_interfaces/include/control_interfaces/control_interfaces/srv/detail/set_goal__type_support.h
[4.185s] -- Installing: /home/aleksi/turtlebot3_ws/install/control_interfaces/include/control_interfaces/control_interfaces/srv/detail/set_pose__functions.c
[4.185s] -- Up-to-date: /home/aleksi/turtlebot3_ws/install/control_interfaces/include/control_interfaces/control_interfaces/srv/detail/set_goal__struct.h
[4.186s] -- Installing: /home/aleksi/turtlebot3_ws/install/control_interfaces/include/control_interfaces/control_interfaces/srv/detail/set_pose__functions.h
[4.186s] -- Up-to-date: /home/aleksi/turtlebot3_ws/install/control_interfaces/include/control_interfaces/control_interfaces/srv/detail/set_goal__functions.h
[4.186s] -- Installing: /home/aleksi/turtlebot3_ws/install/control_interfaces/include/control_interfaces/control_interfaces/srv/detail/set_position__type_support.h
[4.186s] -- Up-to-date: /home/aleksi/turtlebot3_ws/install/control_interfaces/include/control_interfaces/control_interfaces/srv/detail/set_goal__functions.c
[4.186s] -- Installing: /home/aleksi/turtlebot3_ws/install/control_interfaces/include/control_interfaces/control_interfaces/srv/detail/set_pose__struct.h
[4.186s] -- Installing: /home/aleksi/turtlebot3_ws/install/control_interfaces/include/control_interfaces/control_interfaces/srv/detail/set_position__functions.c
[4.186s] -- Installing: /home/aleksi/turtlebot3_ws/install/control_interfaces/include/control_interfaces/control_interfaces/srv/detail/set_position__functions.h
[4.186s] -- Up-to-date: /home/aleksi/turtlebot3_ws/install/control_interfaces/include/control_interfaces/control_interfaces/srv/set_goal.h
[4.186s] -- Installing: /home/aleksi/turtlebot3_ws/install/control_interfaces/include/control_interfaces/control_interfaces/srv/set_position.h
[4.186s] -- Installing: /home/aleksi/turtlebot3_ws/install/control_interfaces/include/control_interfaces/control_interfaces/srv/set_pose.h
[4.187s] -- Up-to-date: /home/aleksi/turtlebot3_ws/install/control_interfaces/include/control_interfaces/control_interfaces/action
[4.187s] -- Up-to-date: /home/aleksi/turtlebot3_ws/install/control_interfaces/include/control_interfaces/control_interfaces/action/detail
[4.187s] -- Installing: /home/aleksi/turtlebot3_ws/install/control_interfaces/include/control_interfaces/control_interfaces/action/detail/follow_path__struct.h
[4.187s] -- Installing: /home/aleksi/turtlebot3_ws/install/control_interfaces/include/control_interfaces/control_interfaces/action/detail/follow_path__functions.h
[4.187s] -- Installing: /home/aleksi/turtlebot3_ws/install/control_interfaces/include/control_interfaces/control_interfaces/action/detail/follow_path__type_support.h
[4.187s] -- Installing: /home/aleksi/turtlebot3_ws/install/control_interfaces/include/control_interfaces/control_interfaces/action/detail/follow_path__functions.c
[4.187s] -- Installing: /home/aleksi/turtlebot3_ws/install/control_interfaces/include/control_interfaces/control_interfaces/action/follow_path.h
[4.188s] -- Up-to-date: /home/aleksi/turtlebot3_ws/install/control_interfaces/share/control_interfaces/environment/library_path.sh
[4.188s] -- Installing: /home/aleksi/turtlebot3_ws/install/control_interfaces/share/control_interfaces/environment/library_path.dsv
[4.188s] -- Installing: /home/aleksi/turtlebot3_ws/install/control_interfaces/lib/libcontrol_interfaces__rosidl_generator_c.so
[4.188s] -- Set runtime path of "/home/aleksi/turtlebot3_ws/install/control_interfaces/lib/libcontrol_interfaces__rosidl_generator_c.so" to ""
[4.188s] -- Up-to-date: /home/aleksi/turtlebot3_ws/install/control_interfaces/include/control_interfaces/control_interfaces
[4.188s] -- Up-to-date: /home/aleksi/turtlebot3_ws/install/control_interfaces/include/control_interfaces/control_interfaces/msg
[4.188s] -- Up-to-date: /home/aleksi/turtlebot3_ws/install/control_interfaces/include/control_interfaces/control_interfaces/msg/rosidl_typesupport_fastrtps_c__visibility_control.h
[4.189s] -- Up-to-date: /home/aleksi/turtlebot3_ws/install/control_interfaces/include/control_interfaces/control_interfaces/srv
[4.189s] -- Up-to-date: /home/aleksi/turtlebot3_ws/install/control_interfaces/include/control_interfaces/control_interfaces/srv/detail
[4.189s] -- Installing: /home/aleksi/turtlebot3_ws/install/control_interfaces/include/control_interfaces/control_interfaces/srv/detail/set_pose__rosidl_typesupport_fastrtps_c.h
[4.189s] -- Up-to-date: /home/aleksi/turtlebot3_ws/install/control_interfaces/include/control_interfaces/control_interfaces/srv/detail/set_goal__rosidl_typesupport_fastrtps_c.h
[4.189s] -- Installing: /home/aleksi/turtlebot3_ws/install/control_interfaces/include/control_interfaces/control_interfaces/srv/detail/set_position__rosidl_typesupport_fastrtps_c.h
[4.189s] -- Up-to-date: /home/aleksi/turtlebot3_ws/install/control_interfaces/include/control_interfaces/control_interfaces/action
[4.189s] -- Up-to-date: /home/aleksi/turtlebot3_ws/install/control_interfaces/include/control_interfaces/control_interfaces/action/detail
[4.189s] -- Installing: /home/aleksi/turtlebot3_ws/install/control_interfaces/include/control_interfaces/control_interfaces/action/detail/follow_path__rosidl_typesupport_fastrtps_c.h
[4.189s] -- Installing: /home/aleksi/turtlebot3_ws/install/control_interfaces/lib/libcontrol_interfaces__rosidl_typesupport_fastrtps_c.so
[4.189s] -- Set runtime path of "/home/aleksi/turtlebot3_ws/install/control_interfaces/lib/libcontrol_interfaces__rosidl_typesupport_fastrtps_c.so" to ""
[4.190s] -- Up-to-date: /home/aleksi/turtlebot3_ws/install/control_interfaces/include/control_interfaces/control_interfaces
[4.190s] -- Up-to-date: /home/aleksi/turtlebot3_ws/install/control_interfaces/include/control_interfaces/control_interfaces/srv
[4.190s] -- Up-to-date: /home/aleksi/turtlebot3_ws/install/control_interfaces/include/control_interfaces/control_interfaces/srv/detail
[4.190s] -- Installing: /home/aleksi/turtlebot3_ws/install/control_interfaces/include/control_interfaces/control_interfaces/srv/detail/set_pose__traits.hpp
[4.190s] -- Installing: /home/aleksi/turtlebot3_ws/install/control_interfaces/include/control_interfaces/control_interfaces/srv/detail/set_pose__struct.hpp
[4.190s] -- Installing: /home/aleksi/turtlebot3_ws/install/control_interfaces/include/control_interfaces/control_interfaces/srv/detail/set_position__traits.hpp
[4.190s] -- Up-to-date: /home/aleksi/turtlebot3_ws/install/control_interfaces/include/control_interfaces/control_interfaces/srv/detail/set_goal__builder.hpp
[4.190s] -- Installing: /home/aleksi/turtlebot3_ws/install/control_interfaces/include/control_interfaces/control_interfaces/srv/detail/set_position__builder.hpp
[4.190s] -- Up-to-date: /home/aleksi/turtlebot3_ws/install/control_interfaces/include/control_interfaces/control_interfaces/srv/detail/set_goal__traits.hpp
[4.190s] -- Installing: /home/aleksi/turtlebot3_ws/install/control_interfaces/include/control_interfaces/control_interfaces/srv/detail/set_pose__builder.hpp
[4.190s] -- Up-to-date: /home/aleksi/turtlebot3_ws/install/control_interfaces/include/control_interfaces/control_interfaces/srv/detail/set_goal__struct.hpp
[4.190s] -- Installing: /home/aleksi/turtlebot3_ws/install/control_interfaces/include/control_interfaces/control_interfaces/srv/detail/set_position__struct.hpp
[4.191s] -- Up-to-date: /home/aleksi/turtlebot3_ws/install/control_interfaces/include/control_interfaces/control_interfaces/srv/set_goal.hpp
[4.191s] -- Installing: /home/aleksi/turtlebot3_ws/install/control_interfaces/include/control_interfaces/control_interfaces/srv/set_pose.hpp
[4.191s] -- Installing: /home/aleksi/turtlebot3_ws/install/control_interfaces/include/control_interfaces/control_interfaces/srv/set_position.hpp
[4.191s] -- Up-to-date: /home/aleksi/turtlebot3_ws/install/control_interfaces/include/control_interfaces/control_interfaces/action
[4.191s] -- Up-to-date: /home/aleksi/turtlebot3_ws/install/control_interfaces/include/control_interfaces/control_interfaces/action/detail
[4.191s] -- Installing: /home/aleksi/turtlebot3_ws/install/control_interfaces/include/control_interfaces/control_interfaces/action/detail/follow_path__traits.hpp
[4.191s] -- Installing: /home/aleksi/turtlebot3_ws/install/control_interfaces/include/control_interfaces/control_interfaces/action/detail/follow_path__builder.hpp
[4.191s] -- Installing: /home/aleksi/turtlebot3_ws/install/control_interfaces/include/control_interfaces/control_interfaces/action/detail/follow_path__struct.hpp
[4.191s] -- Installing: /home/aleksi/turtlebot3_ws/install/control_interfaces/include/control_interfaces/control_interfaces/action/follow_path.hpp
[4.192s] -- Up-to-date: /home/aleksi/turtlebot3_ws/install/control_interfaces/include/control_interfaces/control_interfaces
[4.192s] -- Up-to-date: /home/aleksi/turtlebot3_ws/install/control_interfaces/include/control_interfaces/control_interfaces/msg
[4.192s] -- Up-to-date: /home/aleksi/turtlebot3_ws/install/control_interfaces/include/control_interfaces/control_interfaces/msg/rosidl_typesupport_fastrtps_cpp__visibility_control.h
[4.192s] -- Up-to-date: /home/aleksi/turtlebot3_ws/install/control_interfaces/include/control_interfaces/control_interfaces/srv
[4.192s] -- Up-to-date: /home/aleksi/turtlebot3_ws/install/control_interfaces/include/control_interfaces/control_interfaces/srv/detail
[4.192s] -- Installing: /home/aleksi/turtlebot3_ws/install/control_interfaces/include/control_interfaces/control_interfaces/srv/detail/set_position__rosidl_typesupport_fastrtps_cpp.hpp
[4.192s] -- Up-to-date: /home/aleksi/turtlebot3_ws/install/control_interfaces/include/control_interfaces/control_interfaces/srv/detail/set_goal__rosidl_typesupport_fastrtps_cpp.hpp
[4.192s] -- Installing: /home/aleksi/turtlebot3_ws/install/control_interfaces/include/control_interfaces/control_interfaces/srv/detail/set_pose__rosidl_typesupport_fastrtps_cpp.hpp
[4.192s] -- Up-to-date: /home/aleksi/turtlebot3_ws/install/control_interfaces/include/control_interfaces/control_interfaces/srv/detail/dds_fastrtps
[4.192s] -- Up-to-date: /home/aleksi/turtlebot3_ws/install/control_interfaces/include/control_interfaces/control_interfaces/action
[4.192s] -- Up-to-date: /home/aleksi/turtlebot3_ws/install/control_interfaces/include/control_interfaces/control_interfaces/action/detail
[4.192s] -- Installing: /home/aleksi/turtlebot3_ws/install/control_interfaces/include/control_interfaces/control_interfaces/action/detail/follow_path__rosidl_typesupport_fastrtps_cpp.hpp
[4.192s] -- Up-to-date: /home/aleksi/turtlebot3_ws/install/control_interfaces/include/control_interfaces/control_interfaces/action/detail/dds_fastrtps
[4.193s] -- Installing: /home/aleksi/turtlebot3_ws/install/control_interfaces/lib/libcontrol_interfaces__rosidl_typesupport_fastrtps_cpp.so
[4.193s] -- Set runtime path of "/home/aleksi/turtlebot3_ws/install/control_interfaces/lib/libcontrol_interfaces__rosidl_typesupport_fastrtps_cpp.so" to ""
[4.193s] -- Up-to-date: /home/aleksi/turtlebot3_ws/install/control_interfaces/include/control_interfaces/control_interfaces
[4.193s] -- Up-to-date: /home/aleksi/turtlebot3_ws/install/control_interfaces/include/control_interfaces/control_interfaces/msg
[4.193s] -- Up-to-date: /home/aleksi/turtlebot3_ws/install/control_interfaces/include/control_interfaces/control_interfaces/msg/rosidl_typesupport_introspection_c__visibility_control.h
[4.193s] -- Up-to-date: /home/aleksi/turtlebot3_ws/install/control_interfaces/include/control_interfaces/control_interfaces/srv
[4.193s] -- Up-to-date: /home/aleksi/turtlebot3_ws/install/control_interfaces/include/control_interfaces/control_interfaces/srv/detail
[4.193s] -- Up-to-date: /home/aleksi/turtlebot3_ws/install/control_interfaces/include/control_interfaces/control_interfaces/srv/detail/set_goal__type_support.c
[4.194s] -- Installing: /home/aleksi/turtlebot3_ws/install/control_interfaces/include/control_interfaces/control_interfaces/srv/detail/set_pose__type_support.c
[4.194s] -- Installing: /home/aleksi/turtlebot3_ws/install/control_interfaces/include/control_interfaces/control_interfaces/srv/detail/set_pose__rosidl_typesupport_introspection_c.h
[4.194s] -- Up-to-date: /home/aleksi/turtlebot3_ws/install/control_interfaces/include/control_interfaces/control_interfaces/srv/detail/set_goal__rosidl_typesupport_introspection_c.h
[4.194s] -- Installing: /home/aleksi/turtlebot3_ws/install/control_interfaces/include/control_interfaces/control_interfaces/srv/detail/set_position__rosidl_typesupport_introspection_c.h
[4.194s] -- Installing: /home/aleksi/turtlebot3_ws/install/control_interfaces/include/control_interfaces/control_interfaces/srv/detail/set_position__type_support.c
[4.194s] -- Up-to-date: /home/aleksi/turtlebot3_ws/install/control_interfaces/include/control_interfaces/control_interfaces/action
[4.194s] -- Up-to-date: /home/aleksi/turtlebot3_ws/install/control_interfaces/include/control_interfaces/control_interfaces/action/detail
[4.194s] -- Installing: /home/aleksi/turtlebot3_ws/install/control_interfaces/include/control_interfaces/control_interfaces/action/detail/follow_path__type_support.c
[4.194s] -- Installing: /home/aleksi/turtlebot3_ws/install/control_interfaces/include/control_interfaces/control_interfaces/action/detail/follow_path__rosidl_typesupport_introspection_c.h
[4.195s] -- Installing: /home/aleksi/turtlebot3_ws/install/control_interfaces/lib/libcontrol_interfaces__rosidl_typesupport_introspection_c.so
[4.195s] -- Set runtime path of "/home/aleksi/turtlebot3_ws/install/control_interfaces/lib/libcontrol_interfaces__rosidl_typesupport_introspection_c.so" to ""
[4.195s] -- Installing: /home/aleksi/turtlebot3_ws/install/control_interfaces/lib/libcontrol_interfaces__rosidl_typesupport_c.so
[4.196s] -- Set runtime path of "/home/aleksi/turtlebot3_ws/install/control_interfaces/lib/libcontrol_interfaces__rosidl_typesupport_c.so" to ""
[4.196s] -- Up-to-date: /home/aleksi/turtlebot3_ws/install/control_interfaces/include/control_interfaces/control_interfaces
[4.196s] -- Up-to-date: /home/aleksi/turtlebot3_ws/install/control_interfaces/include/control_interfaces/control_interfaces/srv
[4.196s] -- Up-to-date: /home/aleksi/turtlebot3_ws/install/control_interfaces/include/control_interfaces/control_interfaces/srv/detail
[4.196s] -- Installing: /home/aleksi/turtlebot3_ws/install/control_interfaces/include/control_interfaces/control_interfaces/srv/detail/set_position__rosidl_typesupport_introspection_cpp.hpp
[4.196s] -- Installing: /home/aleksi/turtlebot3_ws/install/control_interfaces/include/control_interfaces/control_interfaces/srv/detail/set_position__type_support.cpp
[4.196s] -- Installing: /home/aleksi/turtlebot3_ws/install/control_interfaces/include/control_interfaces/control_interfaces/srv/detail/set_pose__type_support.cpp
[4.196s] -- Up-to-date: /home/aleksi/turtlebot3_ws/install/control_interfaces/include/control_interfaces/control_interfaces/srv/detail/set_goal__type_support.cpp
[4.196s] -- Installing: /home/aleksi/turtlebot3_ws/install/control_interfaces/include/control_interfaces/control_interfaces/srv/detail/set_pose__rosidl_typesupport_introspection_cpp.hpp
[4.196s] -- Up-to-date: /home/aleksi/turtlebot3_ws/install/control_interfaces/include/control_interfaces/control_interfaces/srv/detail/set_goal__rosidl_typesupport_introspection_cpp.hpp
[4.196s] -- Up-to-date: /home/aleksi/turtlebot3_ws/install/control_interfaces/include/control_interfaces/control_interfaces/action
[4.197s] -- Up-to-date: /home/aleksi/turtlebot3_ws/install/control_interfaces/include/control_interfaces/control_interfaces/action/detail
[4.197s] -- Installing: /home/aleksi/turtlebot3_ws/install/control_interfaces/include/control_interfaces/control_interfaces/action/detail/follow_path__type_support.cpp
[4.197s] -- Installing: /home/aleksi/turtlebot3_ws/install/control_interfaces/include/control_interfaces/control_interfaces/action/detail/follow_path__rosidl_typesupport_introspection_cpp.hpp
[4.197s] -- Installing: /home/aleksi/turtlebot3_ws/install/control_interfaces/lib/libcontrol_interfaces__rosidl_typesupport_introspection_cpp.so
[4.197s] -- Set runtime path of "/home/aleksi/turtlebot3_ws/install/control_interfaces/lib/libcontrol_interfaces__rosidl_typesupport_introspection_cpp.so" to ""
[4.198s] -- Installing: /home/aleksi/turtlebot3_ws/install/control_interfaces/lib/libcontrol_interfaces__rosidl_typesupport_cpp.so
[4.198s] -- Set runtime path of "/home/aleksi/turtlebot3_ws/install/control_interfaces/lib/libcontrol_interfaces__rosidl_typesupport_cpp.so" to ""
[4.198s] -- Up-to-date: /home/aleksi/turtlebot3_ws/install/control_interfaces/share/control_interfaces/environment/pythonpath.sh
[4.198s] -- Installing: /home/aleksi/turtlebot3_ws/install/control_interfaces/share/control_interfaces/environment/pythonpath.dsv
[4.198s] -- Up-to-date: /home/aleksi/turtlebot3_ws/install/control_interfaces/local/lib/python3.10/dist-packages/control_interfaces-0.0.0-py3.10.egg-info
[4.198s] -- Installing: /home/aleksi/turtlebot3_ws/install/control_interfaces/local/lib/python3.10/dist-packages/control_interfaces-0.0.0-py3.10.egg-info/dependency_links.txt
[4.198s] -- Installing: /home/aleksi/turtlebot3_ws/install/control_interfaces/local/lib/python3.10/dist-packages/control_interfaces-0.0.0-py3.10.egg-info/PKG-INFO
[4.198s] -- Installing: /home/aleksi/turtlebot3_ws/install/control_interfaces/local/lib/python3.10/dist-packages/control_interfaces-0.0.0-py3.10.egg-info/SOURCES.txt
[4.199s] -- Installing: /home/aleksi/turtlebot3_ws/install/control_interfaces/local/lib/python3.10/dist-packages/control_interfaces-0.0.0-py3.10.egg-info/top_level.txt
[4.199s] -- Up-to-date: /home/aleksi/turtlebot3_ws/install/control_interfaces/local/lib/python3.10/dist-packages/control_interfaces
[4.199s] -- Installing: /home/aleksi/turtlebot3_ws/install/control_interfaces/local/lib/python3.10/dist-packages/control_interfaces/control_interfaces_s__rosidl_typesupport_introspection_c.cpython-310-x86_64-linux-gnu.so
[4.199s] -- Installing: /home/aleksi/turtlebot3_ws/install/control_interfaces/local/lib/python3.10/dist-packages/control_interfaces/__init__.py
[4.199s] -- Installing: /home/aleksi/turtlebot3_ws/install/control_interfaces/local/lib/python3.10/dist-packages/control_interfaces/_control_interfaces_s.ep.rosidl_typesupport_introspection_c.c
[4.199s] -- Installing: /home/aleksi/turtlebot3_ws/install/control_interfaces/local/lib/python3.10/dist-packages/control_interfaces/libcontrol_interfaces__rosidl_generator_py.so
[4.200s] -- Installing: /home/aleksi/turtlebot3_ws/install/control_interfaces/local/lib/python3.10/dist-packages/control_interfaces/_control_interfaces_s.ep.rosidl_typesupport_fastrtps_c.c
[4.200s] -- Installing: /home/aleksi/turtlebot3_ws/install/control_interfaces/local/lib/python3.10/dist-packages/control_interfaces/control_interfaces_s__rosidl_typesupport_fastrtps_c.cpython-310-x86_64-linux-gnu.so
[4.200s] -- Up-to-date: /home/aleksi/turtlebot3_ws/install/control_interfaces/local/lib/python3.10/dist-packages/control_interfaces/srv
[4.200s] -- Installing: /home/aleksi/turtlebot3_ws/install/control_interfaces/local/lib/python3.10/dist-packages/control_interfaces/srv/_set_position.py
[4.200s] -- Installing: /home/aleksi/turtlebot3_ws/install/control_interfaces/local/lib/python3.10/dist-packages/control_interfaces/srv/__init__.py
[4.200s] -- Installing: /home/aleksi/turtlebot3_ws/install/control_interfaces/local/lib/python3.10/dist-packages/control_interfaces/srv/_set_position_s.c
[4.200s] -- Up-to-date: /home/aleksi/turtlebot3_ws/install/control_interfaces/local/lib/python3.10/dist-packages/control_interfaces/srv/_set_goal_s.c
[4.201s] -- Installing: /home/aleksi/turtlebot3_ws/install/control_interfaces/local/lib/python3.10/dist-packages/control_interfaces/srv/_set_pose.py
[4.201s] -- Up-to-date: /home/aleksi/turtlebot3_ws/install/control_interfaces/local/lib/python3.10/dist-packages/control_interfaces/srv/_set_goal.py
[4.201s] -- Installing: /home/aleksi/turtlebot3_ws/install/control_interfaces/local/lib/python3.10/dist-packages/control_interfaces/srv/_set_pose_s.c
[4.201s] -- Up-to-date: /home/aleksi/turtlebot3_ws/install/control_interfaces/local/lib/python3.10/dist-packages/control_interfaces/action
[4.201s] -- Installing: /home/aleksi/turtlebot3_ws/install/control_interfaces/local/lib/python3.10/dist-packages/control_interfaces/action/__init__.py
[4.201s] -- Installing: /home/aleksi/turtlebot3_ws/install/control_interfaces/local/lib/python3.10/dist-packages/control_interfaces/action/_follow_path_s.c
[4.202s] -- Installing: /home/aleksi/turtlebot3_ws/install/control_interfaces/local/lib/python3.10/dist-packages/control_interfaces/action/_follow_path.py
[4.202s] -- Installing: /home/aleksi/turtlebot3_ws/install/control_interfaces/local/lib/python3.10/dist-packages/control_interfaces/control_interfaces_s__rosidl_typesupport_c.cpython-310-x86_64-linux-gnu.so
[4.202s] -- Installing: /home/aleksi/turtlebot3_ws/install/control_interfaces/local/lib/python3.10/dist-packages/control_interfaces/_control_interfaces_s.ep.rosidl_typesupport_c.c
[4.236s] Listing '/home/aleksi/turtlebot3_ws/install/control_interfaces/local/lib/python3.10/dist-packages/control_interfaces'...
[4.236s] Compiling '/home/aleksi/turtlebot3_ws/install/control_interfaces/local/lib/python3.10/dist-packages/control_interfaces/__init__.py'...
[4.236s] Listing '/home/aleksi/turtlebot3_ws/install/control_interfaces/local/lib/python3.10/dist-packages/control_interfaces/action'...
[4.236s] Compiling '/home/aleksi/turtlebot3_ws/install/control_interfaces/local/lib/python3.10/dist-packages/control_interfaces/action/__init__.py'...
[4.236s] Compiling '/home/aleksi/turtlebot3_ws/install/control_interfaces/local/lib/python3.10/dist-packages/control_interfaces/action/_follow_path.py'...
[4.237s] Listing '/home/aleksi/turtlebot3_ws/install/control_interfaces/local/lib/python3.10/dist-packages/control_interfaces/srv'...
[4.237s] Compiling '/home/aleksi/turtlebot3_ws/install/control_interfaces/local/lib/python3.10/dist-packages/control_interfaces/srv/__init__.py'...
[4.237s] Compiling '/home/aleksi/turtlebot3_ws/install/control_interfaces/local/lib/python3.10/dist-packages/control_interfaces/srv/_set_pose.py'...
[4.237s] Compiling '/home/aleksi/turtlebot3_ws/install/control_interfaces/local/lib/python3.10/dist-packages/control_interfaces/srv/_set_position.py'...
[4.240s] -- Installing: /home/aleksi/turtlebot3_ws/install/control_interfaces/local/lib/python3.10/dist-packages/control_interfaces/control_interfaces_s__rosidl_typesupport_fastrtps_c.cpython-310-x86_64-linux-gnu.so
[4.240s] -- Set runtime path of "/home/aleksi/turtlebot3_ws/install/control_interfaces/local/lib/python3.10/dist-packages/control_interfaces/control_interfaces_s__rosidl_typesupport_fastrtps_c.cpython-310-x86_64-linux-gnu.so" to ""
[4.240s] -- Installing: /home/aleksi/turtlebot3_ws/install/control_interfaces/local/lib/python3.10/dist-packages/control_interfaces/control_interfaces_s__rosidl_typesupport_introspection_c.cpython-310-x86_64-linux-gnu.so
[4.241s] -- Set runtime path of "/home/aleksi/turtlebot3_ws/install/control_interfaces/local/lib/python3.10/dist-packages/control_interfaces/control_interfaces_s__rosidl_typesupport_introspection_c.cpython-310-x86_64-linux-gnu.so" to ""
[4.241s] -- Installing: /home/aleksi/turtlebot3_ws/install/control_interfaces/local/lib/python3.10/dist-packages/control_interfaces/control_interfaces_s__rosidl_typesupport_c.cpython-310-x86_64-linux-gnu.so
[4.241s] -- Set runtime path of "/home/aleksi/turtlebot3_ws/install/control_interfaces/local/lib/python3.10/dist-packages/control_interfaces/control_interfaces_s__rosidl_typesupport_c.cpython-310-x86_64-linux-gnu.so" to ""
[4.241s] -- Installing: /home/aleksi/turtlebot3_ws/install/control_interfaces/lib/libcontrol_interfaces__rosidl_generator_py.so
[4.242s] -- Set runtime path of "/home/aleksi/turtlebot3_ws/install/control_interfaces/lib/libcontrol_interfaces__rosidl_generator_py.so" to ""
[4.242s] -- Up-to-date: /home/aleksi/turtlebot3_ws/install/control_interfaces/share/control_interfaces/srv/SetPosition.idl
[4.242s] -- Up-to-date: /home/aleksi/turtlebot3_ws/install/control_interfaces/share/control_interfaces/srv/SetPose.idl
[4.242s] -- Installing: /home/aleksi/turtlebot3_ws/install/control_interfaces/share/control_interfaces/action/FollowPath.idl
[4.242s] -- Up-to-date: /home/aleksi/turtlebot3_ws/install/control_interfaces/share/control_interfaces/srv/SetPosition.srv
[4.243s] -- Up-to-date: /home/aleksi/turtlebot3_ws/install/control_interfaces/share/control_interfaces/srv/SetPosition_Request.msg
[4.243s] -- Up-to-date: /home/aleksi/turtlebot3_ws/install/control_interfaces/share/control_interfaces/srv/SetPosition_Response.msg
[4.243s] -- Up-to-date: /home/aleksi/turtlebot3_ws/install/control_interfaces/share/control_interfaces/srv/SetPose.srv
[4.243s] -- Up-to-date: /home/aleksi/turtlebot3_ws/install/control_interfaces/share/control_interfaces/srv/SetPose_Request.msg
[4.243s] -- Up-to-date: /home/aleksi/turtlebot3_ws/install/control_interfaces/share/control_interfaces/srv/SetPose_Response.msg
[4.243s] -- Installing: /home/aleksi/turtlebot3_ws/install/control_interfaces/share/control_interfaces/action/FollowPath.action
[4.243s] -- Up-to-date: /home/aleksi/turtlebot3_ws/install/control_interfaces/share/ament_index/resource_index/package_run_dependencies/control_interfaces
[4.243s] -- Up-to-date: /home/aleksi/turtlebot3_ws/install/control_interfaces/share/ament_index/resource_index/parent_prefix_path/control_interfaces
[4.244s] -- Up-to-date: /home/aleksi/turtlebot3_ws/install/control_interfaces/share/control_interfaces/environment/ament_prefix_path.sh
[4.244s] -- Installing: /home/aleksi/turtlebot3_ws/install/control_interfaces/share/control_interfaces/environment/ament_prefix_path.dsv
[4.244s] -- Up-to-date: /home/aleksi/turtlebot3_ws/install/control_interfaces/share/control_interfaces/environment/path.sh
[4.244s] -- Installing: /home/aleksi/turtlebot3_ws/install/control_interfaces/share/control_interfaces/environment/path.dsv
[4.244s] -- Up-to-date: /home/aleksi/turtlebot3_ws/install/control_interfaces/share/control_interfaces/local_setup.bash
[4.244s] -- Up-to-date: /home/aleksi/turtlebot3_ws/install/control_interfaces/share/control_interfaces/local_setup.sh
[4.244s] -- Up-to-date: /home/aleksi/turtlebot3_ws/install/control_interfaces/share/control_interfaces/local_setup.zsh
[4.245s] -- Installing: /home/aleksi/turtlebot3_ws/install/control_interfaces/share/control_interfaces/local_setup.dsv
[4.245s] -- Installing: /home/aleksi/turtlebot3_ws/install/control_interfaces/share/control_interfaces/package.dsv
[4.245s] -- Up-to-date: /home/aleksi/turtlebot3_ws/install/control_interfaces/share/ament_index/resource_index/packages/control_interfaces
[4.245s] -- Up-to-date: /home/aleksi/turtlebot3_ws/install/control_interfaces/share/control_interfaces/cmake/export_control_interfaces__rosidl_generator_cExport.cmake
[4.245s] -- Up-to-date: /home/aleksi/turtlebot3_ws/install/control_interfaces/share/control_interfaces/cmake/export_control_interfaces__rosidl_generator_cExport-noconfig.cmake
[4.245s] -- Up-to-date: /home/aleksi/turtlebot3_ws/install/control_interfaces/share/control_interfaces/cmake/export_control_interfaces__rosidl_typesupport_fastrtps_cExport.cmake
[4.245s] -- Up-to-date: /home/aleksi/turtlebot3_ws/install/control_interfaces/share/control_interfaces/cmake/export_control_interfaces__rosidl_typesupport_fastrtps_cExport-noconfig.cmake
[4.245s] -- Up-to-date: /home/aleksi/turtlebot3_ws/install/control_interfaces/share/control_interfaces/cmake/export_control_interfaces__rosidl_generator_cppExport.cmake
[4.246s] -- Up-to-date: /home/aleksi/turtlebot3_ws/install/control_interfaces/share/control_interfaces/cmake/export_control_interfaces__rosidl_typesupport_fastrtps_cppExport.cmake
[4.246s] -- Up-to-date: /home/aleksi/turtlebot3_ws/install/control_interfaces/share/control_interfaces/cmake/export_control_interfaces__rosidl_typesupport_fastrtps_cppExport-noconfig.cmake
[4.246s] -- Up-to-date: /home/aleksi/turtlebot3_ws/install/control_interfaces/share/control_interfaces/cmake/control_interfaces__rosidl_typesupport_introspection_cExport.cmake
[4.246s] -- Up-to-date: /home/aleksi/turtlebot3_ws/install/control_interfaces/share/control_interfaces/cmake/control_interfaces__rosidl_typesupport_introspection_cExport-noconfig.cmake
[4.246s] -- Up-to-date: /home/aleksi/turtlebot3_ws/install/control_interfaces/share/control_interfaces/cmake/control_interfaces__rosidl_typesupport_cExport.cmake
[4.246s] -- Up-to-date: /home/aleksi/turtlebot3_ws/install/control_interfaces/share/control_interfaces/cmake/control_interfaces__rosidl_typesupport_cExport-noconfig.cmake
[4.246s] -- Up-to-date: /home/aleksi/turtlebot3_ws/install/control_interfaces/share/control_interfaces/cmake/control_interfaces__rosidl_typesupport_introspection_cppExport.cmake
[4.246s] -- Up-to-date: /home/aleksi/turtlebot3_ws/install/control_interfaces/share/control_interfaces/cmake/control_interfaces__rosidl_typesupport_introspection_cppExport-noconfig.cmake
[4.246s] -- Up-to-date: /home/aleksi/turtlebot3_ws/install/control_interfaces/share/control_interfaces/cmake/control_interfaces__rosidl_typesupport_cppExport.cmake
[4.246s] -- Up-to-date: /home/aleksi/turtlebot3_ws/install/control_interfaces/share/control_interfaces/cmake/control_interfaces__rosidl_typesupport_cppExport-noconfig.cmake
[4.247s] -- Up-to-date: /home/aleksi/turtlebot3_ws/install/control_interfaces/share/control_interfaces/cmake/export_control_interfaces__rosidl_generator_pyExport.cmake
[4.247s] -- Up-to-date: /home/aleksi/turtlebot3_ws/install/control_interfaces/share/control_interfaces/cmake/export_control_interfaces__rosidl_generator_pyExport-noconfig.cmake
[4.247s] -- Up-to-date: /home/aleksi/turtlebot3_ws/install/control_interfaces/share/control_interfaces/cmake/rosidl_cmake-extras.cmake
[4.247s] -- Up-to-date: /home/aleksi/turtlebot3_ws/install/control_interfaces/share/control_interfaces/cmake/ament_cmake_export_dependencies-extras.cmake
[4.247s] -- Up-to-date: /home/aleksi/turtlebot3_ws/install/control_interfaces/share/control_interfaces/cmake/ament_cmake_export_include_directories-extras.cmake
[4.248s] -- Up-to-date: /home/aleksi/turtlebot3_ws/install/control_interfaces/share/control_interfaces/cmake/ament_cmake_export_libraries-extras.cmake
[4.248s] -- Up-to-date: /home/aleksi/turtlebot3_ws/install/control_interfaces/share/control_interfaces/cmake/ament_cmake_export_targets-extras.cmake
[4.249s] -- Up-to-date: /home/aleksi/turtlebot3_ws/install/control_interfaces/share/control_interfaces/cmake/rosidl_cmake_export_typesupport_targets-extras.cmake
[4.249s] -- Up-to-date: /home/aleksi/turtlebot3_ws/install/control_interfaces/share/control_interfaces/cmake/rosidl_cmake_export_typesupport_libraries-extras.cmake
[4.249s] -- Up-to-date: /home/aleksi/turtlebot3_ws/install/control_interfaces/share/control_interfaces/cmake/control_interfacesConfig.cmake
[4.249s] -- Up-to-date: /home/aleksi/turtlebot3_ws/install/control_interfaces/share/control_interfaces/cmake/control_interfacesConfig-version.cmake
[4.249s] -- Up-to-date: /home/aleksi/turtlebot3_ws/install/control_interfaces/share/control_interfaces/package.xml
[4.250s] Invoked command in '/home/aleksi/turtlebot3_ws/build/control_interfaces' returned '0': CMAKE_PREFIX_PATH=${CMAKE_PREFIX_PATH}:/home/aleksi/turtlebot3_ws/install/controller:/opt/ros/humble /usr/bin/cmake --install /home/aleksi/turtlebot3_ws/build/control_interfaces
