[0.055s] Invoking command in '/home/aleksi/turtlebot3_ws/build/turtlebot3_simulations': CMAKE_PREFIX_PATH=/home/aleksi/turtlebot3_ws/install/turtlebot3_gazebo:/home/aleksi/turtlebot3_ws/install/turtlebot3_fake_node:/home/aleksi/turtlebot3_ws/install/turtlebot3_simulations:/home/aleksi/turtlebot3_ws/install/control_interfaces:/home/aleksi/turtlebot3_ws/install/controller:/opt/ros/humble /usr/bin/cmake --build /home/aleksi/turtlebot3_ws/build/turtlebot3_simulations -- -j24 -l24
[0.091s] Invoked command in '/home/aleksi/turtlebot3_ws/build/turtlebot3_simulations' returned '0': CMAKE_PREFIX_PATH=/home/aleksi/turtlebot3_ws/install/turtlebot3_gazebo:/home/aleksi/turtlebot3_ws/install/turtlebot3_fake_node:/home/aleksi/turtlebot3_ws/install/turtlebot3_simulations:/home/aleksi/turtlebot3_ws/install/control_interfaces:/home/aleksi/turtlebot3_ws/install/controller:/opt/ros/humble /usr/bin/cmake --build /home/aleksi/turtlebot3_ws/build/turtlebot3_simulations -- -j24 -l24
[0.113s] Invoking command in '/home/aleksi/turtlebot3_ws/build/turtlebot3_simulations': CMAKE_PREFIX_PATH=/home/aleksi/turtlebot3_ws/install/turtlebot3_gazebo:/home/aleksi/turtlebot3_ws/install/turtlebot3_fake_node:/home/aleksi/turtlebot3_ws/install/turtlebot3_simulations:/home/aleksi/turtlebot3_ws/install/control_interfaces:/home/aleksi/turtlebot3_ws/install/controller:/opt/ros/humble /usr/bin/cmake --install /home/aleksi/turtlebot3_ws/build/turtlebot3_simulations
[0.120s] -- Install configuration: ""
[0.120s] -- Execute custom install script
[0.121s] -- Up-to-date symlink: /home/aleksi/turtlebot3_ws/install/turtlebot3_simulations/share/ament_index/resource_index/package_run_dependencies/turtlebot3_simulations
[0.121s] -- Up-to-date symlink: /home/aleksi/turtlebot3_ws/install/turtlebot3_simulations/share/ament_index/resource_index/parent_prefix_path/turtlebot3_simulations
[0.121s] -- Up-to-date symlink: /home/aleksi/turtlebot3_ws/install/turtlebot3_simulations/share/turtlebot3_simulations/environment/ament_prefix_path.sh
[0.121s] -- Up-to-date symlink: /home/aleksi/turtlebot3_ws/install/turtlebot3_simulations/share/turtlebot3_simulations/environment/ament_prefix_path.dsv
[0.121s] -- Up-to-date symlink: /home/aleksi/turtlebot3_ws/install/turtlebot3_simulations/share/turtlebot3_simulations/environment/path.sh
[0.121s] -- Up-to-date symlink: /home/aleksi/turtlebot3_ws/install/turtlebot3_simulations/share/turtlebot3_simulations/environment/path.dsv
[0.121s] -- Up-to-date symlink: /home/aleksi/turtlebot3_ws/install/turtlebot3_simulations/share/turtlebot3_simulations/local_setup.bash
[0.121s] -- Up-to-date symlink: /home/aleksi/turtlebot3_ws/install/turtlebot3_simulations/share/turtlebot3_simulations/local_setup.sh
[0.122s] -- Up-to-date symlink: /home/aleksi/turtlebot3_ws/install/turtlebot3_simulations/share/turtlebot3_simulations/local_setup.zsh
[0.122s] -- Up-to-date symlink: /home/aleksi/turtlebot3_ws/install/turtlebot3_simulations/share/turtlebot3_simulations/local_setup.dsv
[0.122s] -- Symlinking: /home/aleksi/turtlebot3_ws/install/turtlebot3_simulations/share/turtlebot3_simulations/package.dsv
[0.131s] -- Up-to-date symlink: /home/aleksi/turtlebot3_ws/install/turtlebot3_simulations/share/ament_index/resource_index/packages/turtlebot3_simulations
[0.131s] -- Up-to-date symlink: /home/aleksi/turtlebot3_ws/install/turtlebot3_simulations/share/turtlebot3_simulations/cmake/turtlebot3_simulationsConfig.cmake
[0.131s] -- Up-to-date symlink: /home/aleksi/turtlebot3_ws/install/turtlebot3_simulations/share/turtlebot3_simulations/cmake/turtlebot3_simulationsConfig-version.cmake
[0.131s] -- Up-to-date symlink: /home/aleksi/turtlebot3_ws/install/turtlebot3_simulations/share/turtlebot3_simulations/package.xml
[0.133s] Invoked command in '/home/aleksi/turtlebot3_ws/build/turtlebot3_simulations' returned '0': CMAKE_PREFIX_PATH=/home/aleksi/turtlebot3_ws/install/turtlebot3_gazebo:/home/aleksi/turtlebot3_ws/install/turtlebot3_fake_node:/home/aleksi/turtlebot3_ws/install/turtlebot3_simulations:/home/aleksi/turtlebot3_ws/install/control_interfaces:/home/aleksi/turtlebot3_ws/install/controller:/opt/ros/humble /usr/bin/cmake --install /home/aleksi/turtlebot3_ws/build/turtlebot3_simulations
