[0.794s] DEBUG:colcon:Command line arguments: ['/usr/bin/colcon', 'build']
[0.794s] DEBUG:colcon:Parsed command line arguments: Namespace(log_base=None, log_level=None, verb_name='build', build_base='build', install_base='install', merge_install=False, symlink_install=False, test_result_base=None, continue_on_error=False, executor='parallel', parallel_workers=24, event_handlers=None, ignore_user_meta=False, metas=['./colcon.meta'], base_paths=['.'], packages_ignore=None, packages_ignore_regex=None, paths=None, packages_up_to=None, packages_up_to_regex=None, packages_above=None, packages_above_and_dependencies=None, packages_above_depth=None, packages_select_by_dep=None, packages_skip_by_dep=None, packages_skip_up_to=None, packages_select_build_failed=False, packages_skip_build_finished=False, packages_select_test_failures=False, packages_skip_test_passed=False, packages_select=None, packages_skip=None, packages_select_regex=None, packages_skip_regex=None, packages_start=None, packages_end=None, allow_overriding=[], cmake_args=None, cmake_target=None, cmake_target_skip_unavailable=False, cmake_clean_cache=False, cmake_clean_first=False, cmake_force_configure=False, ament_cmake_args=None, catkin_cmake_args=None, catkin_skip_building_tests=False, verb_parser=<colcon_defaults.argument_parser.defaults.DefaultArgumentsDecorator object at 0x7f2c9eb8da20>, verb_extension=<colcon_core.verb.build.BuildVerb object at 0x7f2c9efcb4f0>, main=<bound method BuildVerb.main of <colcon_core.verb.build.BuildVerb object at 0x7f2c9efcb4f0>>)
[0.831s] Level 1:colcon.colcon_core.package_discovery:discover_packages(colcon_meta) check parameters
[0.831s] Level 1:colcon.colcon_core.package_discovery:discover_packages(recursive) check parameters
[0.831s] Level 1:colcon.colcon_core.package_discovery:discover_packages(ignore) check parameters
[0.831s] Level 1:colcon.colcon_core.package_discovery:discover_packages(path) check parameters
[0.831s] Level 1:colcon.colcon_core.package_discovery:discover_packages(colcon_meta) discover
[0.831s] Level 1:colcon.colcon_core.package_discovery:discover_packages(recursive) discover
[0.831s] INFO:colcon.colcon_core.package_discovery:Crawling recursively for packages in '/home/aleksi/turtlebot3_ws'
[0.831s] Level 1:colcon.colcon_core.package_identification:_identify(.) by extensions ['ignore', 'ignore_ament_install']
[0.831s] Level 1:colcon.colcon_core.package_identification:_identify(.) by extension 'ignore'
[0.831s] Level 1:colcon.colcon_core.package_identification:_identify(.) by extension 'ignore_ament_install'
[0.831s] Level 1:colcon.colcon_core.package_identification:_identify(.) by extensions ['colcon_pkg']
[0.831s] Level 1:colcon.colcon_core.package_identification:_identify(.) by extension 'colcon_pkg'
[0.831s] Level 1:colcon.colcon_core.package_identification:_identify(.) by extensions ['colcon_meta']
[0.831s] Level 1:colcon.colcon_core.package_identification:_identify(.) by extension 'colcon_meta'
[0.831s] Level 1:colcon.colcon_core.package_identification:_identify(.) by extensions ['ros']
[0.831s] Level 1:colcon.colcon_core.package_identification:_identify(.) by extension 'ros'
[0.839s] Level 1:colcon.colcon_core.package_identification:_identify(.) by extensions ['cmake', 'python']
[0.839s] Level 1:colcon.colcon_core.package_identification:_identify(.) by extension 'cmake'
[0.839s] Level 1:colcon.colcon_core.package_identification:_identify(.) by extension 'python'
[0.839s] Level 1:colcon.colcon_core.package_identification:_identify(.) by extensions ['python_setup_py']
[0.839s] Level 1:colcon.colcon_core.package_identification:_identify(.) by extension 'python_setup_py'
[0.839s] Level 1:colcon.colcon_core.package_identification:_identify(build) by extensions ['ignore', 'ignore_ament_install']
[0.839s] Level 1:colcon.colcon_core.package_identification:_identify(build) by extension 'ignore'
[0.839s] Level 1:colcon.colcon_core.package_identification:_identify(build) ignored
[0.839s] Level 1:colcon.colcon_core.package_identification:_identify(install) by extensions ['ignore', 'ignore_ament_install']
[0.839s] Level 1:colcon.colcon_core.package_identification:_identify(install) by extension 'ignore'
[0.840s] Level 1:colcon.colcon_core.package_identification:_identify(install) ignored
[0.840s] Level 1:colcon.colcon_core.package_identification:_identify(log) by extensions ['ignore', 'ignore_ament_install']
[0.840s] Level 1:colcon.colcon_core.package_identification:_identify(log) by extension 'ignore'
[0.840s] Level 1:colcon.colcon_core.package_identification:_identify(log) ignored
[0.840s] Level 1:colcon.colcon_core.package_identification:_identify(src) by extensions ['ignore', 'ignore_ament_install']
[0.840s] Level 1:colcon.colcon_core.package_identification:_identify(src) by extension 'ignore'
[0.840s] Level 1:colcon.colcon_core.package_identification:_identify(src) by extension 'ignore_ament_install'
[0.840s] Level 1:colcon.colcon_core.package_identification:_identify(src) by extensions ['colcon_pkg']
[0.840s] Level 1:colcon.colcon_core.package_identification:_identify(src) by extension 'colcon_pkg'
[0.840s] Level 1:colcon.colcon_core.package_identification:_identify(src) by extensions ['colcon_meta']
[0.840s] Level 1:colcon.colcon_core.package_identification:_identify(src) by extension 'colcon_meta'
[0.840s] Level 1:colcon.colcon_core.package_identification:_identify(src) by extensions ['ros']
[0.840s] Level 1:colcon.colcon_core.package_identification:_identify(src) by extension 'ros'
[0.840s] Level 1:colcon.colcon_core.package_identification:_identify(src) by extensions ['cmake', 'python']
[0.840s] Level 1:colcon.colcon_core.package_identification:_identify(src) by extension 'cmake'
[0.840s] Level 1:colcon.colcon_core.package_identification:_identify(src) by extension 'python'
[0.840s] Level 1:colcon.colcon_core.package_identification:_identify(src) by extensions ['python_setup_py']
[0.840s] Level 1:colcon.colcon_core.package_identification:_identify(src) by extension 'python_setup_py'
[0.840s] Level 1:colcon.colcon_core.package_identification:_identify(src/control_interfaces) by extensions ['ignore', 'ignore_ament_install']
[0.840s] Level 1:colcon.colcon_core.package_identification:_identify(src/control_interfaces) by extension 'ignore'
[0.840s] Level 1:colcon.colcon_core.package_identification:_identify(src/control_interfaces) by extension 'ignore_ament_install'
[0.840s] Level 1:colcon.colcon_core.package_identification:_identify(src/control_interfaces) by extensions ['colcon_pkg']
[0.840s] Level 1:colcon.colcon_core.package_identification:_identify(src/control_interfaces) by extension 'colcon_pkg'
[0.840s] Level 1:colcon.colcon_core.package_identification:_identify(src/control_interfaces) by extensions ['colcon_meta']
[0.840s] Level 1:colcon.colcon_core.package_identification:_identify(src/control_interfaces) by extension 'colcon_meta'
[0.841s] Level 1:colcon.colcon_core.package_identification:_identify(src/control_interfaces) by extensions ['ros']
[0.841s] Level 1:colcon.colcon_core.package_identification:_identify(src/control_interfaces) by extension 'ros'
[0.842s] DEBUG:colcon.colcon_core.package_identification:Package 'src/control_interfaces' with type 'ros.ament_cmake' and name 'control_interfaces'
[0.842s] Level 1:colcon.colcon_core.package_identification:_identify(src/controller) by extensions ['ignore', 'ignore_ament_install']
[0.842s] Level 1:colcon.colcon_core.package_identification:_identify(src/controller) by extension 'ignore'
[0.842s] Level 1:colcon.colcon_core.package_identification:_identify(src/controller) by extension 'ignore_ament_install'
[0.842s] Level 1:colcon.colcon_core.package_identification:_identify(src/controller) by extensions ['colcon_pkg']
[0.842s] Level 1:colcon.colcon_core.package_identification:_identify(src/controller) by extension 'colcon_pkg'
[0.842s] Level 1:colcon.colcon_core.package_identification:_identify(src/controller) by extensions ['colcon_meta']
[0.842s] Level 1:colcon.colcon_core.package_identification:_identify(src/controller) by extension 'colcon_meta'
[0.842s] Level 1:colcon.colcon_core.package_identification:_identify(src/controller) by extensions ['ros']
[0.843s] Level 1:colcon.colcon_core.package_identification:_identify(src/controller) by extension 'ros'
[0.843s] DEBUG:colcon.colcon_core.package_identification:Package 'src/controller' with type 'ros.ament_python' and name 'controller'
[0.843s] Level 1:colcon.colcon_core.package_identification:_identify(src/turtlebot3_simulations) by extensions ['ignore', 'ignore_ament_install']
[0.843s] Level 1:colcon.colcon_core.package_identification:_identify(src/turtlebot3_simulations) by extension 'ignore'
[0.843s] Level 1:colcon.colcon_core.package_identification:_identify(src/turtlebot3_simulations) by extension 'ignore_ament_install'
[0.843s] Level 1:colcon.colcon_core.package_identification:_identify(src/turtlebot3_simulations) by extensions ['colcon_pkg']
[0.843s] Level 1:colcon.colcon_core.package_identification:_identify(src/turtlebot3_simulations) by extension 'colcon_pkg'
[0.843s] Level 1:colcon.colcon_core.package_identification:_identify(src/turtlebot3_simulations) by extensions ['colcon_meta']
[0.843s] Level 1:colcon.colcon_core.package_identification:_identify(src/turtlebot3_simulations) by extension 'colcon_meta'
[0.843s] Level 1:colcon.colcon_core.package_identification:_identify(src/turtlebot3_simulations) by extensions ['ros']
[0.843s] Level 1:colcon.colcon_core.package_identification:_identify(src/turtlebot3_simulations) by extension 'ros'
[0.843s] Level 1:colcon.colcon_core.package_identification:_identify(src/turtlebot3_simulations) by extensions ['cmake', 'python']
[0.843s] Level 1:colcon.colcon_core.package_identification:_identify(src/turtlebot3_simulations) by extension 'cmake'
[0.843s] Level 1:colcon.colcon_core.package_identification:_identify(src/turtlebot3_simulations) by extension 'python'
[0.843s] Level 1:colcon.colcon_core.package_identification:_identify(src/turtlebot3_simulations) by extensions ['python_setup_py']
[0.843s] Level 1:colcon.colcon_core.package_identification:_identify(src/turtlebot3_simulations) by extension 'python_setup_py'
[0.843s] Level 1:colcon.colcon_core.package_identification:_identify(src/turtlebot3_simulations/turtlebot3_fake_node) by extensions ['ignore', 'ignore_ament_install']
[0.844s] Level 1:colcon.colcon_core.package_identification:_identify(src/turtlebot3_simulations/turtlebot3_fake_node) by extension 'ignore'
[0.844s] Level 1:colcon.colcon_core.package_identification:_identify(src/turtlebot3_simulations/turtlebot3_fake_node) by extension 'ignore_ament_install'
[0.844s] Level 1:colcon.colcon_core.package_identification:_identify(src/turtlebot3_simulations/turtlebot3_fake_node) by extensions ['colcon_pkg']
[0.844s] Level 1:colcon.colcon_core.package_identification:_identify(src/turtlebot3_simulations/turtlebot3_fake_node) by extension 'colcon_pkg'
[0.844s] Level 1:colcon.colcon_core.package_identification:_identify(src/turtlebot3_simulations/turtlebot3_fake_node) by extensions ['colcon_meta']
[0.844s] Level 1:colcon.colcon_core.package_identification:_identify(src/turtlebot3_simulations/turtlebot3_fake_node) by extension 'colcon_meta'
[0.844s] Level 1:colcon.colcon_core.package_identification:_identify(src/turtlebot3_simulations/turtlebot3_fake_node) by extensions ['ros']
[0.844s] Level 1:colcon.colcon_core.package_identification:_identify(src/turtlebot3_simulations/turtlebot3_fake_node) by extension 'ros'
[0.844s] DEBUG:colcon.colcon_core.package_identification:Package 'src/turtlebot3_simulations/turtlebot3_fake_node' with type 'ros.ament_cmake' and name 'turtlebot3_fake_node'
[0.845s] Level 1:colcon.colcon_core.package_identification:_identify(src/turtlebot3_simulations/turtlebot3_gazebo) by extensions ['ignore', 'ignore_ament_install']
[0.845s] Level 1:colcon.colcon_core.package_identification:_identify(src/turtlebot3_simulations/turtlebot3_gazebo) by extension 'ignore'
[0.845s] Level 1:colcon.colcon_core.package_identification:_identify(src/turtlebot3_simulations/turtlebot3_gazebo) by extension 'ignore_ament_install'
[0.845s] Level 1:colcon.colcon_core.package_identification:_identify(src/turtlebot3_simulations/turtlebot3_gazebo) by extensions ['colcon_pkg']
[0.845s] Level 1:colcon.colcon_core.package_identification:_identify(src/turtlebot3_simulations/turtlebot3_gazebo) by extension 'colcon_pkg'
[0.845s] Level 1:colcon.colcon_core.package_identification:_identify(src/turtlebot3_simulations/turtlebot3_gazebo) by extensions ['colcon_meta']
[0.845s] Level 1:colcon.colcon_core.package_identification:_identify(src/turtlebot3_simulations/turtlebot3_gazebo) by extension 'colcon_meta'
[0.845s] Level 1:colcon.colcon_core.package_identification:_identify(src/turtlebot3_simulations/turtlebot3_gazebo) by extensions ['ros']
[0.845s] Level 1:colcon.colcon_core.package_identification:_identify(src/turtlebot3_simulations/turtlebot3_gazebo) by extension 'ros'
[0.846s] DEBUG:colcon.colcon_core.package_identification:Package 'src/turtlebot3_simulations/turtlebot3_gazebo' with type 'ros.ament_cmake' and name 'turtlebot3_gazebo'
[0.846s] Level 1:colcon.colcon_core.package_identification:_identify(src/turtlebot3_simulations/turtlebot3_simulations) by extensions ['ignore', 'ignore_ament_install']
[0.846s] Level 1:colcon.colcon_core.package_identification:_identify(src/turtlebot3_simulations/turtlebot3_simulations) by extension 'ignore'
[0.846s] Level 1:colcon.colcon_core.package_identification:_identify(src/turtlebot3_simulations/turtlebot3_simulations) by extension 'ignore_ament_install'
[0.846s] Level 1:colcon.colcon_core.package_identification:_identify(src/turtlebot3_simulations/turtlebot3_simulations) by extensions ['colcon_pkg']
[0.846s] Level 1:colcon.colcon_core.package_identification:_identify(src/turtlebot3_simulations/turtlebot3_simulations) by extension 'colcon_pkg'
[0.846s] Level 1:colcon.colcon_core.package_identification:_identify(src/turtlebot3_simulations/turtlebot3_simulations) by extensions ['colcon_meta']
[0.846s] Level 1:colcon.colcon_core.package_identification:_identify(src/turtlebot3_simulations/turtlebot3_simulations) by extension 'colcon_meta'
[0.846s] Level 1:colcon.colcon_core.package_identification:_identify(src/turtlebot3_simulations/turtlebot3_simulations) by extensions ['ros']
[0.846s] Level 1:colcon.colcon_core.package_identification:_identify(src/turtlebot3_simulations/turtlebot3_simulations) by extension 'ros'
[0.846s] DEBUG:colcon.colcon_core.package_identification:Package 'src/turtlebot3_simulations/turtlebot3_simulations' with type 'ros.ament_cmake' and name 'turtlebot3_simulations'
[0.846s] Level 1:colcon.colcon_core.package_discovery:discover_packages(recursive) using defaults
[0.846s] Level 1:colcon.colcon_core.package_discovery:discover_packages(ignore) discover
[0.846s] Level 1:colcon.colcon_core.package_discovery:discover_packages(ignore) using defaults
[0.846s] Level 1:colcon.colcon_core.package_discovery:discover_packages(path) discover
[0.846s] Level 1:colcon.colcon_core.package_discovery:discover_packages(path) using defaults
[0.918s] Level 1:colcon.colcon_core.package_discovery:discover_packages(prefix_path) check parameters
[0.918s] Level 1:colcon.colcon_core.package_discovery:discover_packages(prefix_path) discover
[0.943s] DEBUG:colcon.colcon_installed_package_information.package_discovery:Found 5 installed packages in /home/aleksi/turtlebot3_ws/install
[0.956s] DEBUG:colcon.colcon_installed_package_information.package_discovery:Found 405 installed packages in /opt/ros/humble
[0.957s] Level 1:colcon.colcon_core.package_discovery:discover_packages(prefix_path) using defaults
[1.047s] Level 5:colcon.colcon_core.verb:set package 'control_interfaces' build argument 'cmake_args' from command line to 'None'
[1.047s] Level 5:colcon.colcon_core.verb:set package 'control_interfaces' build argument 'cmake_target' from command line to 'None'
[1.047s] Level 5:colcon.colcon_core.verb:set package 'control_interfaces' build argument 'cmake_target_skip_unavailable' from command line to 'False'
[1.047s] Level 5:colcon.colcon_core.verb:set package 'control_interfaces' build argument 'cmake_clean_cache' from command line to 'False'
[1.047s] Level 5:colcon.colcon_core.verb:set package 'control_interfaces' build argument 'cmake_clean_first' from command line to 'False'
[1.047s] Level 5:colcon.colcon_core.verb:set package 'control_interfaces' build argument 'cmake_force_configure' from command line to 'False'
[1.047s] Level 5:colcon.colcon_core.verb:set package 'control_interfaces' build argument 'ament_cmake_args' from command line to 'None'
[1.047s] Level 5:colcon.colcon_core.verb:set package 'control_interfaces' build argument 'catkin_cmake_args' from command line to 'None'
[1.047s] Level 5:colcon.colcon_core.verb:set package 'control_interfaces' build argument 'catkin_skip_building_tests' from command line to 'False'
[1.047s] DEBUG:colcon.colcon_core.verb:Building package 'control_interfaces' with the following arguments: {'ament_cmake_args': None, 'build_base': '/home/aleksi/turtlebot3_ws/build/control_interfaces', 'catkin_cmake_args': None, 'catkin_skip_building_tests': False, 'cmake_args': None, 'cmake_clean_cache': False, 'cmake_clean_first': False, 'cmake_force_configure': False, 'cmake_target': None, 'cmake_target_skip_unavailable': False, 'install_base': '/home/aleksi/turtlebot3_ws/install/control_interfaces', 'merge_install': False, 'path': '/home/aleksi/turtlebot3_ws/src/control_interfaces', 'symlink_install': False, 'test_result_base': None}
[1.059s] Level 5:colcon.colcon_core.verb:set package 'turtlebot3_fake_node' build argument 'cmake_args' from command line to 'None'
[1.059s] Level 5:colcon.colcon_core.verb:set package 'turtlebot3_fake_node' build argument 'cmake_target' from command line to 'None'
[1.059s] Level 5:colcon.colcon_core.verb:set package 'turtlebot3_fake_node' build argument 'cmake_target_skip_unavailable' from command line to 'False'
[1.059s] Level 5:colcon.colcon_core.verb:set package 'turtlebot3_fake_node' build argument 'cmake_clean_cache' from command line to 'False'
[1.059s] Level 5:colcon.colcon_core.verb:set package 'turtlebot3_fake_node' build argument 'cmake_clean_first' from command line to 'False'
[1.059s] Level 5:colcon.colcon_core.verb:set package 'turtlebot3_fake_node' build argument 'cmake_force_configure' from command line to 'False'
[1.059s] Level 5:colcon.colcon_core.verb:set package 'turtlebot3_fake_node' build argument 'ament_cmake_args' from command line to 'None'
[1.059s] Level 5:colcon.colcon_core.verb:set package 'turtlebot3_fake_node' build argument 'catkin_cmake_args' from command line to 'None'
[1.059s] Level 5:colcon.colcon_core.verb:set package 'turtlebot3_fake_node' build argument 'catkin_skip_building_tests' from command line to 'False'
[1.059s] DEBUG:colcon.colcon_core.verb:Building package 'turtlebot3_fake_node' with the following arguments: {'ament_cmake_args': None, 'build_base': '/home/aleksi/turtlebot3_ws/build/turtlebot3_fake_node', 'catkin_cmake_args': None, 'catkin_skip_building_tests': False, 'cmake_args': None, 'cmake_clean_cache': False, 'cmake_clean_first': False, 'cmake_force_configure': False, 'cmake_target': None, 'cmake_target_skip_unavailable': False, 'install_base': '/home/aleksi/turtlebot3_ws/install/turtlebot3_fake_node', 'merge_install': False, 'path': '/home/aleksi/turtlebot3_ws/src/turtlebot3_simulations/turtlebot3_fake_node', 'symlink_install': False, 'test_result_base': None}
[1.070s] Level 5:colcon.colcon_core.verb:set package 'turtlebot3_gazebo' build argument 'cmake_args' from command line to 'None'
[1.070s] Level 5:colcon.colcon_core.verb:set package 'turtlebot3_gazebo' build argument 'cmake_target' from command line to 'None'
[1.070s] Level 5:colcon.colcon_core.verb:set package 'turtlebot3_gazebo' build argument 'cmake_target_skip_unavailable' from command line to 'False'
[1.070s] Level 5:colcon.colcon_core.verb:set package 'turtlebot3_gazebo' build argument 'cmake_clean_cache' from command line to 'False'
[1.070s] Level 5:colcon.colcon_core.verb:set package 'turtlebot3_gazebo' build argument 'cmake_clean_first' from command line to 'False'
[1.070s] Level 5:colcon.colcon_core.verb:set package 'turtlebot3_gazebo' build argument 'cmake_force_configure' from command line to 'False'
[1.070s] Level 5:colcon.colcon_core.verb:set package 'turtlebot3_gazebo' build argument 'ament_cmake_args' from command line to 'None'
[1.070s] Level 5:colcon.colcon_core.verb:set package 'turtlebot3_gazebo' build argument 'catkin_cmake_args' from command line to 'None'
[1.070s] Level 5:colcon.colcon_core.verb:set package 'turtlebot3_gazebo' build argument 'catkin_skip_building_tests' from command line to 'False'
[1.070s] DEBUG:colcon.colcon_core.verb:Building package 'turtlebot3_gazebo' with the following arguments: {'ament_cmake_args': None, 'build_base': '/home/aleksi/turtlebot3_ws/build/turtlebot3_gazebo', 'catkin_cmake_args': None, 'catkin_skip_building_tests': False, 'cmake_args': None, 'cmake_clean_cache': False, 'cmake_clean_first': False, 'cmake_force_configure': False, 'cmake_target': None, 'cmake_target_skip_unavailable': False, 'install_base': '/home/aleksi/turtlebot3_ws/install/turtlebot3_gazebo', 'merge_install': False, 'path': '/home/aleksi/turtlebot3_ws/src/turtlebot3_simulations/turtlebot3_gazebo', 'symlink_install': False, 'test_result_base': None}
[1.082s] Level 5:colcon.colcon_core.verb:set package 'controller' build argument 'cmake_args' from command line to 'None'
[1.082s] Level 5:colcon.colcon_core.verb:set package 'controller' build argument 'cmake_target' from command line to 'None'
[1.082s] Level 5:colcon.colcon_core.verb:set package 'controller' build argument 'cmake_target_skip_unavailable' from command line to 'False'
[1.082s] Level 5:colcon.colcon_core.verb:set package 'controller' build argument 'cmake_clean_cache' from command line to 'False'
[1.082s] Level 5:colcon.colcon_core.verb:set package 'controller' build argument 'cmake_clean_first' from command line to 'False'
[1.082s] Level 5:colcon.colcon_core.verb:set package 'controller' build argument 'cmake_force_configure' from command line to 'False'
[1.082s] Level 5:colcon.colcon_core.verb:set package 'controller' build argument 'ament_cmake_args' from command line to 'None'
[1.082s] Level 5:colcon.colcon_core.verb:set package 'controller' build argument 'catkin_cmake_args' from command line to 'None'
[1.082s] Level 5:colcon.colcon_core.verb:set package 'controller' build argument 'catkin_skip_building_tests' from command line to 'False'
[1.082s] DEBUG:colcon.colcon_core.verb:Building package 'controller' with the following arguments: {'ament_cmake_args': None, 'build_base': '/home/aleksi/turtlebot3_ws/build/controller', 'catkin_cmake_args': None, 'catkin_skip_building_tests': False, 'cmake_args': None, 'cmake_clean_cache': False, 'cmake_clean_first': False, 'cmake_force_configure': False, 'cmake_target': None, 'cmake_target_skip_unavailable': False, 'install_base': '/home/aleksi/turtlebot3_ws/install/controller', 'merge_install': False, 'path': '/home/aleksi/turtlebot3_ws/src/controller', 'symlink_install': False, 'test_result_base': None}
[1.093s] Level 5:colcon.colcon_core.verb:set package 'turtlebot3_simulations' build argument 'cmake_args' from command line to 'None'
[1.093s] Level 5:colcon.colcon_core.verb:set package 'turtlebot3_simulations' build argument 'cmake_target' from command line to 'None'
[1.093s] Level 5:colcon.colcon_core.verb:set package 'turtlebot3_simulations' build argument 'cmake_target_skip_unavailable' from command line to 'False'
[1.093s] Level 5:colcon.colcon_core.verb:set package 'turtlebot3_simulations' build argument 'cmake_clean_cache' from command line to 'False'
[1.093s] Level 5:colcon.colcon_core.verb:set package 'turtlebot3_simulations' build argument 'cmake_clean_first' from command line to 'False'
[1.093s] Level 5:colcon.colcon_core.verb:set package 'turtlebot3_simulations' build argument 'cmake_force_configure' from command line to 'False'
[1.093s] Level 5:colcon.colcon_core.verb:set package 'turtlebot3_simulations' build argument 'ament_cmake_args' from command line to 'None'
[1.093s] Level 5:colcon.colcon_core.verb:set package 'turtlebot3_simulations' build argument 'catkin_cmake_args' from command line to 'None'
[1.093s] Level 5:colcon.colcon_core.verb:set package 'turtlebot3_simulations' build argument 'catkin_skip_building_tests' from command line to 'False'
[1.093s] DEBUG:colcon.colcon_core.verb:Building package 'turtlebot3_simulations' with the following arguments: {'ament_cmake_args': None, 'build_base': '/home/aleksi/turtlebot3_ws/build/turtlebot3_simulations', 'catkin_cmake_args': None, 'catkin_skip_building_tests': False, 'cmake_args': None, 'cmake_clean_cache': False, 'cmake_clean_first': False, 'cmake_force_configure': False, 'cmake_target': None, 'cmake_target_skip_unavailable': False, 'install_base': '/home/aleksi/turtlebot3_ws/install/turtlebot3_simulations', 'merge_install': False, 'path': '/home/aleksi/turtlebot3_ws/src/turtlebot3_simulations/turtlebot3_simulations', 'symlink_install': False, 'test_result_base': None}
[1.105s] INFO:colcon.colcon_core.executor:Executing jobs using 'parallel' executor
[1.118s] DEBUG:colcon.colcon_parallel_executor.executor.parallel:run_until_complete
[1.118s] INFO:colcon.colcon_ros.task.ament_cmake.build:Building ROS package in '/home/aleksi/turtlebot3_ws/src/control_interfaces' with build type 'ament_cmake'
[1.118s] INFO:colcon.colcon_cmake.task.cmake.build:Building CMake package in '/home/aleksi/turtlebot3_ws/src/control_interfaces'
[1.131s] INFO:colcon.colcon_core.plugin_system:Skipping extension 'colcon_core.shell.bat': Not used on non-Windows systems
[1.131s] INFO:colcon.colcon_core.shell:Skip shell extension 'powershell' for command environment: Not usable outside of PowerShell
[1.131s] DEBUG:colcon.colcon_core.shell:Skip shell extension 'dsv' for command environment
[1.171s] INFO:colcon.colcon_ros.task.ament_cmake.build:Building ROS package in '/home/aleksi/turtlebot3_ws/src/turtlebot3_simulations/turtlebot3_fake_node' with build type 'ament_cmake'
[1.171s] INFO:colcon.colcon_cmake.task.cmake.build:Building CMake package in '/home/aleksi/turtlebot3_ws/src/turtlebot3_simulations/turtlebot3_fake_node'
[1.185s] INFO:colcon.colcon_core.shell:Skip shell extension 'powershell' for command environment: Not usable outside of PowerShell
[1.185s] DEBUG:colcon.colcon_core.shell:Skip shell extension 'dsv' for command environment
[1.224s] INFO:colcon.colcon_ros.task.ament_cmake.build:Building ROS package in '/home/aleksi/turtlebot3_ws/src/turtlebot3_simulations/turtlebot3_gazebo' with build type 'ament_cmake'
[1.225s] INFO:colcon.colcon_cmake.task.cmake.build:Building CMake package in '/home/aleksi/turtlebot3_ws/src/turtlebot3_simulations/turtlebot3_gazebo'
[1.238s] INFO:colcon.colcon_core.shell:Skip shell extension 'powershell' for command environment: Not usable outside of PowerShell
[1.238s] DEBUG:colcon.colcon_core.shell:Skip shell extension 'dsv' for command environment
[1.282s] DEBUG:colcon.colcon_core.event_handler.log_command:Invoking command in '/home/aleksi/turtlebot3_ws/build/control_interfaces': CMAKE_PREFIX_PATH=${CMAKE_PREFIX_PATH}:/home/aleksi/turtlebot3_ws/install/controller:/opt/ros/humble /usr/bin/cmake --build /home/aleksi/turtlebot3_ws/build/control_interfaces -- -j24 -l24
[1.284s] DEBUG:colcon.colcon_core.event_handler.log_command:Invoking command in '/home/aleksi/turtlebot3_ws/build/turtlebot3_fake_node': CMAKE_PREFIX_PATH=${CMAKE_PREFIX_PATH}:/home/aleksi/turtlebot3_ws/install/controller:/opt/ros/humble /usr/bin/cmake --build /home/aleksi/turtlebot3_ws/build/turtlebot3_fake_node -- -j24 -l24
[1.287s] DEBUG:colcon.colcon_core.event_handler.log_command:Invoking command in '/home/aleksi/turtlebot3_ws/build/turtlebot3_gazebo': CMAKE_PREFIX_PATH=${CMAKE_PREFIX_PATH}:/home/aleksi/turtlebot3_ws/install/controller:/opt/ros/humble /usr/bin/cmake --build /home/aleksi/turtlebot3_ws/build/turtlebot3_gazebo -- -j24 -l24
[1.353s] DEBUG:colcon.colcon_core.event_handler.log_command:Invoked command in '/home/aleksi/turtlebot3_ws/build/turtlebot3_fake_node' returned '0': CMAKE_PREFIX_PATH=${CMAKE_PREFIX_PATH}:/home/aleksi/turtlebot3_ws/install/controller:/opt/ros/humble /usr/bin/cmake --build /home/aleksi/turtlebot3_ws/build/turtlebot3_fake_node -- -j24 -l24
[1.374s] DEBUG:colcon.colcon_core.event_handler.log_command:Invoked command in '/home/aleksi/turtlebot3_ws/build/turtlebot3_gazebo' returned '0': CMAKE_PREFIX_PATH=${CMAKE_PREFIX_PATH}:/home/aleksi/turtlebot3_ws/install/controller:/opt/ros/humble /usr/bin/cmake --build /home/aleksi/turtlebot3_ws/build/turtlebot3_gazebo -- -j24 -l24
[1.390s] DEBUG:colcon.colcon_core.event_handler.log_command:Invoking command in '/home/aleksi/turtlebot3_ws/build/turtlebot3_fake_node': CMAKE_PREFIX_PATH=${CMAKE_PREFIX_PATH}:/home/aleksi/turtlebot3_ws/install/controller:/opt/ros/humble /usr/bin/cmake --install /home/aleksi/turtlebot3_ws/build/turtlebot3_fake_node
[1.413s] Level 1:colcon.colcon_core.environment:create_environment_scripts_only(turtlebot3_fake_node)
[1.413s] DEBUG:colcon.colcon_core.event_handler.log_command:Invoking command in '/home/aleksi/turtlebot3_ws/build/turtlebot3_gazebo': CMAKE_PREFIX_PATH=${CMAKE_PREFIX_PATH}:/home/aleksi/turtlebot3_ws/install/controller:/opt/ros/humble /usr/bin/cmake --install /home/aleksi/turtlebot3_ws/build/turtlebot3_gazebo
[1.413s] DEBUG:colcon.colcon_core.event_handler.log_command:Invoked command in '/home/aleksi/turtlebot3_ws/build/turtlebot3_fake_node' returned '0': CMAKE_PREFIX_PATH=${CMAKE_PREFIX_PATH}:/home/aleksi/turtlebot3_ws/install/controller:/opt/ros/humble /usr/bin/cmake --install /home/aleksi/turtlebot3_ws/build/turtlebot3_fake_node
[1.438s] Level 1:colcon.colcon_core.environment:checking '/home/aleksi/turtlebot3_ws/install/turtlebot3_fake_node' for CMake module files
[1.438s] Level 1:colcon.colcon_core.environment:checking '/home/aleksi/turtlebot3_ws/install/turtlebot3_fake_node' for CMake config files
[1.438s] Level 1:colcon.colcon_core.shell:create_environment_hook('turtlebot3_fake_node', 'cmake_prefix_path')
[1.452s] INFO:colcon.colcon_core.shell:Creating environment hook '/home/aleksi/turtlebot3_ws/install/turtlebot3_fake_node/share/turtlebot3_fake_node/hook/cmake_prefix_path.ps1'
[1.453s] INFO:colcon.colcon_core.shell:Creating environment descriptor '/home/aleksi/turtlebot3_ws/install/turtlebot3_fake_node/share/turtlebot3_fake_node/hook/cmake_prefix_path.dsv'
[1.453s] INFO:colcon.colcon_core.shell:Creating environment hook '/home/aleksi/turtlebot3_ws/install/turtlebot3_fake_node/share/turtlebot3_fake_node/hook/cmake_prefix_path.sh'
[1.454s] Level 1:colcon.colcon_core.environment:checking '/home/aleksi/turtlebot3_ws/install/turtlebot3_fake_node/lib'
[1.454s] Level 1:colcon.colcon_core.environment:checking '/home/aleksi/turtlebot3_ws/install/turtlebot3_fake_node/bin'
[1.454s] Level 1:colcon.colcon_core.environment:checking '/home/aleksi/turtlebot3_ws/install/turtlebot3_fake_node/lib/pkgconfig/turtlebot3_fake_node.pc'
[1.454s] Level 1:colcon.colcon_core.environment:checking '/home/aleksi/turtlebot3_ws/install/turtlebot3_fake_node/lib/python3.10/site-packages'
[1.455s] Level 1:colcon.colcon_core.environment:checking '/home/aleksi/turtlebot3_ws/install/turtlebot3_fake_node/bin'
[1.467s] INFO:colcon.colcon_core.shell:Creating package script '/home/aleksi/turtlebot3_ws/install/turtlebot3_fake_node/share/turtlebot3_fake_node/package.ps1'
[1.468s] INFO:colcon.colcon_core.shell:Creating package descriptor '/home/aleksi/turtlebot3_ws/install/turtlebot3_fake_node/share/turtlebot3_fake_node/package.dsv'
[1.468s] INFO:colcon.colcon_core.shell:Creating package script '/home/aleksi/turtlebot3_ws/install/turtlebot3_fake_node/share/turtlebot3_fake_node/package.sh'
[1.468s] INFO:colcon.colcon_core.shell:Creating package script '/home/aleksi/turtlebot3_ws/install/turtlebot3_fake_node/share/turtlebot3_fake_node/package.bash'
[1.469s] INFO:colcon.colcon_core.shell:Creating package script '/home/aleksi/turtlebot3_ws/install/turtlebot3_fake_node/share/turtlebot3_fake_node/package.zsh'
[1.470s] Level 1:colcon.colcon_core.environment:create_file_with_runtime_dependencies(/home/aleksi/turtlebot3_ws/install/turtlebot3_fake_node/share/colcon-core/packages/turtlebot3_fake_node)
[1.471s] Level 1:colcon.colcon_core.environment:create_environment_scripts_only(turtlebot3_gazebo)
[1.471s] DEBUG:colcon.colcon_core.event_handler.log_command:Invoked command in '/home/aleksi/turtlebot3_ws/build/turtlebot3_gazebo' returned '0': CMAKE_PREFIX_PATH=${CMAKE_PREFIX_PATH}:/home/aleksi/turtlebot3_ws/install/controller:/opt/ros/humble /usr/bin/cmake --install /home/aleksi/turtlebot3_ws/build/turtlebot3_gazebo
[1.484s] Level 1:colcon.colcon_core.environment:checking '/home/aleksi/turtlebot3_ws/install/turtlebot3_gazebo' for CMake module files
[1.484s] Level 1:colcon.colcon_core.environment:checking '/home/aleksi/turtlebot3_ws/install/turtlebot3_gazebo' for CMake config files
[1.484s] Level 1:colcon.colcon_core.shell:create_environment_hook('turtlebot3_gazebo', 'cmake_prefix_path')
[1.497s] INFO:colcon.colcon_core.shell:Creating environment hook '/home/aleksi/turtlebot3_ws/install/turtlebot3_gazebo/share/turtlebot3_gazebo/hook/cmake_prefix_path.ps1'
[1.497s] INFO:colcon.colcon_core.shell:Creating environment descriptor '/home/aleksi/turtlebot3_ws/install/turtlebot3_gazebo/share/turtlebot3_gazebo/hook/cmake_prefix_path.dsv'
[1.497s] INFO:colcon.colcon_core.shell:Creating environment hook '/home/aleksi/turtlebot3_ws/install/turtlebot3_gazebo/share/turtlebot3_gazebo/hook/cmake_prefix_path.sh'
[1.498s] Level 1:colcon.colcon_core.environment:checking '/home/aleksi/turtlebot3_ws/install/turtlebot3_gazebo/lib'
[1.498s] Level 1:colcon.colcon_core.environment:checking '/home/aleksi/turtlebot3_ws/install/turtlebot3_gazebo/bin'
[1.498s] Level 1:colcon.colcon_core.environment:checking '/home/aleksi/turtlebot3_ws/install/turtlebot3_gazebo/lib/pkgconfig/turtlebot3_gazebo.pc'
[1.498s] Level 1:colcon.colcon_core.environment:checking '/home/aleksi/turtlebot3_ws/install/turtlebot3_gazebo/lib/python3.10/site-packages'
[1.498s] Level 1:colcon.colcon_core.environment:checking '/home/aleksi/turtlebot3_ws/install/turtlebot3_gazebo/bin'
[1.510s] INFO:colcon.colcon_core.shell:Creating package script '/home/aleksi/turtlebot3_ws/install/turtlebot3_gazebo/share/turtlebot3_gazebo/package.ps1'
[1.511s] INFO:colcon.colcon_core.shell:Creating package descriptor '/home/aleksi/turtlebot3_ws/install/turtlebot3_gazebo/share/turtlebot3_gazebo/package.dsv'
[1.511s] INFO:colcon.colcon_core.shell:Creating package script '/home/aleksi/turtlebot3_ws/install/turtlebot3_gazebo/share/turtlebot3_gazebo/package.sh'
[1.511s] INFO:colcon.colcon_core.shell:Creating package script '/home/aleksi/turtlebot3_ws/install/turtlebot3_gazebo/share/turtlebot3_gazebo/package.bash'
[1.511s] INFO:colcon.colcon_core.shell:Creating package script '/home/aleksi/turtlebot3_ws/install/turtlebot3_gazebo/share/turtlebot3_gazebo/package.zsh'
[1.512s] Level 1:colcon.colcon_core.environment:create_file_with_runtime_dependencies(/home/aleksi/turtlebot3_ws/install/turtlebot3_gazebo/share/colcon-core/packages/turtlebot3_gazebo)
[1.525s] Level 1:colcon.colcon_core.environment:create_environment_scripts_only(turtlebot3_fake_node)
[1.538s] Level 1:colcon.colcon_core.environment:checking '/home/aleksi/turtlebot3_ws/install/turtlebot3_fake_node' for CMake module files
[1.538s] Level 1:colcon.colcon_core.environment:checking '/home/aleksi/turtlebot3_ws/install/turtlebot3_fake_node' for CMake config files
[1.538s] Level 1:colcon.colcon_core.shell:create_environment_hook('turtlebot3_fake_node', 'cmake_prefix_path')
[1.551s] INFO:colcon.colcon_core.shell:Creating environment hook '/home/aleksi/turtlebot3_ws/install/turtlebot3_fake_node/share/turtlebot3_fake_node/hook/cmake_prefix_path.ps1'
[1.552s] INFO:colcon.colcon_core.shell:Creating environment descriptor '/home/aleksi/turtlebot3_ws/install/turtlebot3_fake_node/share/turtlebot3_fake_node/hook/cmake_prefix_path.dsv'
[1.552s] INFO:colcon.colcon_core.shell:Creating environment hook '/home/aleksi/turtlebot3_ws/install/turtlebot3_fake_node/share/turtlebot3_fake_node/hook/cmake_prefix_path.sh'
[1.552s] Level 1:colcon.colcon_core.environment:checking '/home/aleksi/turtlebot3_ws/install/turtlebot3_fake_node/lib'
[1.552s] Level 1:colcon.colcon_core.environment:checking '/home/aleksi/turtlebot3_ws/install/turtlebot3_fake_node/bin'
[1.552s] Level 1:colcon.colcon_core.environment:checking '/home/aleksi/turtlebot3_ws/install/turtlebot3_fake_node/lib/pkgconfig/turtlebot3_fake_node.pc'
[1.553s] Level 1:colcon.colcon_core.environment:checking '/home/aleksi/turtlebot3_ws/install/turtlebot3_fake_node/lib/python3.10/site-packages'
[1.553s] Level 1:colcon.colcon_core.environment:checking '/home/aleksi/turtlebot3_ws/install/turtlebot3_fake_node/bin'
[1.565s] INFO:colcon.colcon_core.shell:Creating package script '/home/aleksi/turtlebot3_ws/install/turtlebot3_fake_node/share/turtlebot3_fake_node/package.ps1'
[1.566s] INFO:colcon.colcon_core.shell:Creating package descriptor '/home/aleksi/turtlebot3_ws/install/turtlebot3_fake_node/share/turtlebot3_fake_node/package.dsv'
[1.566s] INFO:colcon.colcon_core.shell:Creating package script '/home/aleksi/turtlebot3_ws/install/turtlebot3_fake_node/share/turtlebot3_fake_node/package.sh'
[1.566s] INFO:colcon.colcon_core.shell:Creating package script '/home/aleksi/turtlebot3_ws/install/turtlebot3_fake_node/share/turtlebot3_fake_node/package.bash'
[1.567s] INFO:colcon.colcon_core.shell:Creating package script '/home/aleksi/turtlebot3_ws/install/turtlebot3_fake_node/share/turtlebot3_fake_node/package.zsh'
[1.567s] Level 1:colcon.colcon_core.environment:create_file_with_runtime_dependencies(/home/aleksi/turtlebot3_ws/install/turtlebot3_fake_node/share/colcon-core/packages/turtlebot3_fake_node)
[1.581s] Level 1:colcon.colcon_core.environment:create_environment_scripts_only(turtlebot3_gazebo)
[1.593s] Level 1:colcon.colcon_core.environment:checking '/home/aleksi/turtlebot3_ws/install/turtlebot3_gazebo' for CMake module files
[1.593s] Level 1:colcon.colcon_core.environment:checking '/home/aleksi/turtlebot3_ws/install/turtlebot3_gazebo' for CMake config files
[1.593s] Level 1:colcon.colcon_core.shell:create_environment_hook('turtlebot3_gazebo', 'cmake_prefix_path')
[1.605s] INFO:colcon.colcon_core.shell:Creating environment hook '/home/aleksi/turtlebot3_ws/install/turtlebot3_gazebo/share/turtlebot3_gazebo/hook/cmake_prefix_path.ps1'
[1.606s] INFO:colcon.colcon_core.shell:Creating environment descriptor '/home/aleksi/turtlebot3_ws/install/turtlebot3_gazebo/share/turtlebot3_gazebo/hook/cmake_prefix_path.dsv'
[1.606s] INFO:colcon.colcon_core.shell:Creating environment hook '/home/aleksi/turtlebot3_ws/install/turtlebot3_gazebo/share/turtlebot3_gazebo/hook/cmake_prefix_path.sh'
[1.606s] Level 1:colcon.colcon_core.environment:checking '/home/aleksi/turtlebot3_ws/install/turtlebot3_gazebo/lib'
[1.606s] Level 1:colcon.colcon_core.environment:checking '/home/aleksi/turtlebot3_ws/install/turtlebot3_gazebo/bin'
[1.606s] Level 1:colcon.colcon_core.environment:checking '/home/aleksi/turtlebot3_ws/install/turtlebot3_gazebo/lib/pkgconfig/turtlebot3_gazebo.pc'
[1.606s] Level 1:colcon.colcon_core.environment:checking '/home/aleksi/turtlebot3_ws/install/turtlebot3_gazebo/lib/python3.10/site-packages'
[1.607s] Level 1:colcon.colcon_core.environment:checking '/home/aleksi/turtlebot3_ws/install/turtlebot3_gazebo/bin'
[1.619s] INFO:colcon.colcon_core.shell:Creating package script '/home/aleksi/turtlebot3_ws/install/turtlebot3_gazebo/share/turtlebot3_gazebo/package.ps1'
[1.620s] INFO:colcon.colcon_core.shell:Creating package descriptor '/home/aleksi/turtlebot3_ws/install/turtlebot3_gazebo/share/turtlebot3_gazebo/package.dsv'
[1.620s] INFO:colcon.colcon_core.shell:Creating package script '/home/aleksi/turtlebot3_ws/install/turtlebot3_gazebo/share/turtlebot3_gazebo/package.sh'
[1.620s] INFO:colcon.colcon_core.shell:Creating package script '/home/aleksi/turtlebot3_ws/install/turtlebot3_gazebo/share/turtlebot3_gazebo/package.bash'
[1.620s] INFO:colcon.colcon_core.shell:Creating package script '/home/aleksi/turtlebot3_ws/install/turtlebot3_gazebo/share/turtlebot3_gazebo/package.zsh'
[1.621s] Level 1:colcon.colcon_core.environment:create_file_with_runtime_dependencies(/home/aleksi/turtlebot3_ws/install/turtlebot3_gazebo/share/colcon-core/packages/turtlebot3_gazebo)
[1.621s] INFO:colcon.colcon_ros.task.ament_cmake.build:Building ROS package in '/home/aleksi/turtlebot3_ws/src/turtlebot3_simulations/turtlebot3_simulations' with build type 'ament_cmake'
[1.621s] INFO:colcon.colcon_cmake.task.cmake.build:Building CMake package in '/home/aleksi/turtlebot3_ws/src/turtlebot3_simulations/turtlebot3_simulations'
[1.635s] INFO:colcon.colcon_core.shell:Skip shell extension 'powershell' for command environment: Not usable outside of PowerShell
[1.635s] DEBUG:colcon.colcon_core.shell:Skip shell extension 'dsv' for command environment
[1.675s] DEBUG:colcon.colcon_core.event_handler.log_command:Invoked command in '/home/aleksi/turtlebot3_ws/build/control_interfaces' returned '0': CMAKE_PREFIX_PATH=${CMAKE_PREFIX_PATH}:/home/aleksi/turtlebot3_ws/install/controller:/opt/ros/humble /usr/bin/cmake --build /home/aleksi/turtlebot3_ws/build/control_interfaces -- -j24 -l24
[1.682s] DEBUG:colcon.colcon_core.event_handler.log_command:Invoking command in '/home/aleksi/turtlebot3_ws/build/turtlebot3_simulations': CMAKE_PREFIX_PATH=/home/aleksi/turtlebot3_ws/install/turtlebot3_gazebo:/home/aleksi/turtlebot3_ws/install/turtlebot3_fake_node:/home/aleksi/turtlebot3_ws/install/turtlebot3_simulations:/home/aleksi/turtlebot3_ws/install/control_interfaces:/home/aleksi/turtlebot3_ws/install/controller:/opt/ros/humble /usr/bin/cmake --build /home/aleksi/turtlebot3_ws/build/turtlebot3_simulations -- -j24 -l24
[1.720s] DEBUG:colcon.colcon_core.event_handler.log_command:Invoked command in '/home/aleksi/turtlebot3_ws/build/turtlebot3_simulations' returned '0': CMAKE_PREFIX_PATH=/home/aleksi/turtlebot3_ws/install/turtlebot3_gazebo:/home/aleksi/turtlebot3_ws/install/turtlebot3_fake_node:/home/aleksi/turtlebot3_ws/install/turtlebot3_simulations:/home/aleksi/turtlebot3_ws/install/control_interfaces:/home/aleksi/turtlebot3_ws/install/controller:/opt/ros/humble /usr/bin/cmake --build /home/aleksi/turtlebot3_ws/build/turtlebot3_simulations -- -j24 -l24
[1.743s] DEBUG:colcon.colcon_core.event_handler.log_command:Invoking command in '/home/aleksi/turtlebot3_ws/build/turtlebot3_simulations': CMAKE_PREFIX_PATH=/home/aleksi/turtlebot3_ws/install/turtlebot3_gazebo:/home/aleksi/turtlebot3_ws/install/turtlebot3_fake_node:/home/aleksi/turtlebot3_ws/install/turtlebot3_simulations:/home/aleksi/turtlebot3_ws/install/control_interfaces:/home/aleksi/turtlebot3_ws/install/controller:/opt/ros/humble /usr/bin/cmake --install /home/aleksi/turtlebot3_ws/build/turtlebot3_simulations
[1.765s] Level 1:colcon.colcon_core.environment:create_environment_scripts_only(turtlebot3_simulations)
[1.765s] DEBUG:colcon.colcon_core.event_handler.log_command:Invoked command in '/home/aleksi/turtlebot3_ws/build/turtlebot3_simulations' returned '0': CMAKE_PREFIX_PATH=/home/aleksi/turtlebot3_ws/install/turtlebot3_gazebo:/home/aleksi/turtlebot3_ws/install/turtlebot3_fake_node:/home/aleksi/turtlebot3_ws/install/turtlebot3_simulations:/home/aleksi/turtlebot3_ws/install/control_interfaces:/home/aleksi/turtlebot3_ws/install/controller:/opt/ros/humble /usr/bin/cmake --install /home/aleksi/turtlebot3_ws/build/turtlebot3_simulations
[1.778s] Level 1:colcon.colcon_core.environment:checking '/home/aleksi/turtlebot3_ws/install/turtlebot3_simulations' for CMake module files
[1.778s] Level 1:colcon.colcon_core.environment:checking '/home/aleksi/turtlebot3_ws/install/turtlebot3_simulations' for CMake config files
[1.778s] Level 1:colcon.colcon_core.shell:create_environment_hook('turtlebot3_simulations', 'cmake_prefix_path')
[1.790s] INFO:colcon.colcon_core.shell:Creating environment hook '/home/aleksi/turtlebot3_ws/install/turtlebot3_simulations/share/turtlebot3_simulations/hook/cmake_prefix_path.ps1'
[1.791s] INFO:colcon.colcon_core.shell:Creating environment descriptor '/home/aleksi/turtlebot3_ws/install/turtlebot3_simulations/share/turtlebot3_simulations/hook/cmake_prefix_path.dsv'
[1.791s] INFO:colcon.colcon_core.shell:Creating environment hook '/home/aleksi/turtlebot3_ws/install/turtlebot3_simulations/share/turtlebot3_simulations/hook/cmake_prefix_path.sh'
[1.791s] Level 1:colcon.colcon_core.environment:checking '/home/aleksi/turtlebot3_ws/install/turtlebot3_simulations/bin'
[1.791s] Level 1:colcon.colcon_core.environment:checking '/home/aleksi/turtlebot3_ws/install/turtlebot3_simulations/lib/pkgconfig/turtlebot3_simulations.pc'
[1.792s] Level 1:colcon.colcon_core.environment:checking '/home/aleksi/turtlebot3_ws/install/turtlebot3_simulations/lib/python3.10/site-packages'
[1.792s] Level 1:colcon.colcon_core.environment:checking '/home/aleksi/turtlebot3_ws/install/turtlebot3_simulations/bin'
[1.804s] INFO:colcon.colcon_core.shell:Creating package script '/home/aleksi/turtlebot3_ws/install/turtlebot3_simulations/share/turtlebot3_simulations/package.ps1'
[1.804s] INFO:colcon.colcon_core.shell:Creating package descriptor '/home/aleksi/turtlebot3_ws/install/turtlebot3_simulations/share/turtlebot3_simulations/package.dsv'
[1.804s] INFO:colcon.colcon_core.shell:Creating package script '/home/aleksi/turtlebot3_ws/install/turtlebot3_simulations/share/turtlebot3_simulations/package.sh'
[1.804s] INFO:colcon.colcon_core.shell:Creating package script '/home/aleksi/turtlebot3_ws/install/turtlebot3_simulations/share/turtlebot3_simulations/package.bash'
[1.805s] INFO:colcon.colcon_core.shell:Creating package script '/home/aleksi/turtlebot3_ws/install/turtlebot3_simulations/share/turtlebot3_simulations/package.zsh'
[1.805s] Level 1:colcon.colcon_core.environment:create_file_with_runtime_dependencies(/home/aleksi/turtlebot3_ws/install/turtlebot3_simulations/share/colcon-core/packages/turtlebot3_simulations)
[1.807s] DEBUG:colcon.colcon_core.event_handler.log_command:Invoking command in '/home/aleksi/turtlebot3_ws/build/control_interfaces': CMAKE_PREFIX_PATH=${CMAKE_PREFIX_PATH}:/home/aleksi/turtlebot3_ws/install/controller:/opt/ros/humble /usr/bin/cmake --install /home/aleksi/turtlebot3_ws/build/control_interfaces
[1.840s] Level 1:colcon.colcon_core.environment:create_environment_scripts_only(turtlebot3_simulations)
[1.858s] Level 1:colcon.colcon_core.environment:checking '/home/aleksi/turtlebot3_ws/install/turtlebot3_simulations' for CMake module files
[1.858s] Level 1:colcon.colcon_core.environment:checking '/home/aleksi/turtlebot3_ws/install/turtlebot3_simulations' for CMake config files
[1.858s] Level 1:colcon.colcon_core.shell:create_environment_hook('turtlebot3_simulations', 'cmake_prefix_path')
[1.872s] INFO:colcon.colcon_core.shell:Creating environment hook '/home/aleksi/turtlebot3_ws/install/turtlebot3_simulations/share/turtlebot3_simulations/hook/cmake_prefix_path.ps1'
[1.872s] INFO:colcon.colcon_core.shell:Creating environment descriptor '/home/aleksi/turtlebot3_ws/install/turtlebot3_simulations/share/turtlebot3_simulations/hook/cmake_prefix_path.dsv'
[1.872s] INFO:colcon.colcon_core.shell:Creating environment hook '/home/aleksi/turtlebot3_ws/install/turtlebot3_simulations/share/turtlebot3_simulations/hook/cmake_prefix_path.sh'
[1.873s] Level 1:colcon.colcon_core.environment:checking '/home/aleksi/turtlebot3_ws/install/turtlebot3_simulations/bin'
[1.873s] Level 1:colcon.colcon_core.environment:checking '/home/aleksi/turtlebot3_ws/install/turtlebot3_simulations/lib/pkgconfig/turtlebot3_simulations.pc'
[1.873s] Level 1:colcon.colcon_core.environment:checking '/home/aleksi/turtlebot3_ws/install/turtlebot3_simulations/lib/python3.10/site-packages'
[1.873s] Level 1:colcon.colcon_core.environment:checking '/home/aleksi/turtlebot3_ws/install/turtlebot3_simulations/bin'
[1.886s] INFO:colcon.colcon_core.shell:Creating package script '/home/aleksi/turtlebot3_ws/install/turtlebot3_simulations/share/turtlebot3_simulations/package.ps1'
[1.886s] INFO:colcon.colcon_core.shell:Creating package descriptor '/home/aleksi/turtlebot3_ws/install/turtlebot3_simulations/share/turtlebot3_simulations/package.dsv'
[1.887s] INFO:colcon.colcon_core.shell:Creating package script '/home/aleksi/turtlebot3_ws/install/turtlebot3_simulations/share/turtlebot3_simulations/package.sh'
[1.887s] INFO:colcon.colcon_core.shell:Creating package script '/home/aleksi/turtlebot3_ws/install/turtlebot3_simulations/share/turtlebot3_simulations/package.bash'
[1.887s] INFO:colcon.colcon_core.shell:Creating package script '/home/aleksi/turtlebot3_ws/install/turtlebot3_simulations/share/turtlebot3_simulations/package.zsh'
[1.888s] Level 1:colcon.colcon_core.environment:create_file_with_runtime_dependencies(/home/aleksi/turtlebot3_ws/install/turtlebot3_simulations/share/colcon-core/packages/turtlebot3_simulations)
[1.889s] Level 1:colcon.colcon_core.environment:create_environment_scripts_only(control_interfaces)
[1.889s] DEBUG:colcon.colcon_core.event_handler.log_command:Invoked command in '/home/aleksi/turtlebot3_ws/build/control_interfaces' returned '0': CMAKE_PREFIX_PATH=${CMAKE_PREFIX_PATH}:/home/aleksi/turtlebot3_ws/install/controller:/opt/ros/humble /usr/bin/cmake --install /home/aleksi/turtlebot3_ws/build/control_interfaces
[1.902s] Level 1:colcon.colcon_core.environment:checking '/home/aleksi/turtlebot3_ws/install/control_interfaces' for CMake module files
[1.903s] Level 1:colcon.colcon_core.environment:checking '/home/aleksi/turtlebot3_ws/install/control_interfaces' for CMake config files
[1.903s] Level 1:colcon.colcon_core.shell:create_environment_hook('control_interfaces', 'cmake_prefix_path')
[1.917s] INFO:colcon.colcon_core.shell:Creating environment hook '/home/aleksi/turtlebot3_ws/install/control_interfaces/share/control_interfaces/hook/cmake_prefix_path.ps1'
[1.917s] INFO:colcon.colcon_core.shell:Creating environment descriptor '/home/aleksi/turtlebot3_ws/install/control_interfaces/share/control_interfaces/hook/cmake_prefix_path.dsv'
[1.917s] INFO:colcon.colcon_core.shell:Creating environment hook '/home/aleksi/turtlebot3_ws/install/control_interfaces/share/control_interfaces/hook/cmake_prefix_path.sh'
[1.918s] Level 1:colcon.colcon_core.environment:checking '/home/aleksi/turtlebot3_ws/install/control_interfaces/lib'
[1.918s] Level 1:colcon.colcon_core.shell:create_environment_hook('control_interfaces', 'ld_library_path_lib')
[1.932s] INFO:colcon.colcon_core.shell:Creating environment hook '/home/aleksi/turtlebot3_ws/install/control_interfaces/share/control_interfaces/hook/ld_library_path_lib.ps1'
[1.933s] INFO:colcon.colcon_core.shell:Creating environment descriptor '/home/aleksi/turtlebot3_ws/install/control_interfaces/share/control_interfaces/hook/ld_library_path_lib.dsv'
[1.934s] INFO:colcon.colcon_core.shell:Creating environment hook '/home/aleksi/turtlebot3_ws/install/control_interfaces/share/control_interfaces/hook/ld_library_path_lib.sh'
[1.934s] Level 1:colcon.colcon_core.environment:checking '/home/aleksi/turtlebot3_ws/install/control_interfaces/bin'
[1.934s] Level 1:colcon.colcon_core.environment:checking '/home/aleksi/turtlebot3_ws/install/control_interfaces/lib/pkgconfig/control_interfaces.pc'
[1.934s] Level 1:colcon.colcon_core.environment:checking '/home/aleksi/turtlebot3_ws/install/control_interfaces/lib/python3.10/site-packages'
[1.934s] Level 1:colcon.colcon_core.environment:checking '/home/aleksi/turtlebot3_ws/install/control_interfaces/bin'
[1.948s] INFO:colcon.colcon_core.shell:Creating package script '/home/aleksi/turtlebot3_ws/install/control_interfaces/share/control_interfaces/package.ps1'
[1.948s] INFO:colcon.colcon_core.shell:Creating package descriptor '/home/aleksi/turtlebot3_ws/install/control_interfaces/share/control_interfaces/package.dsv'
[1.949s] INFO:colcon.colcon_core.shell:Creating package script '/home/aleksi/turtlebot3_ws/install/control_interfaces/share/control_interfaces/package.sh'
[1.949s] INFO:colcon.colcon_core.shell:Creating package script '/home/aleksi/turtlebot3_ws/install/control_interfaces/share/control_interfaces/package.bash'
[1.949s] INFO:colcon.colcon_core.shell:Creating package script '/home/aleksi/turtlebot3_ws/install/control_interfaces/share/control_interfaces/package.zsh'
[1.950s] Level 1:colcon.colcon_core.environment:create_file_with_runtime_dependencies(/home/aleksi/turtlebot3_ws/install/control_interfaces/share/colcon-core/packages/control_interfaces)
[2.076s] Level 1:colcon.colcon_core.environment:create_environment_scripts_only(control_interfaces)
[2.088s] Level 1:colcon.colcon_core.environment:checking '/home/aleksi/turtlebot3_ws/install/control_interfaces' for CMake module files
[2.088s] Level 1:colcon.colcon_core.environment:checking '/home/aleksi/turtlebot3_ws/install/control_interfaces' for CMake config files
[2.089s] Level 1:colcon.colcon_core.shell:create_environment_hook('control_interfaces', 'cmake_prefix_path')
[2.101s] INFO:colcon.colcon_core.shell:Creating environment hook '/home/aleksi/turtlebot3_ws/install/control_interfaces/share/control_interfaces/hook/cmake_prefix_path.ps1'
[2.101s] INFO:colcon.colcon_core.shell:Creating environment descriptor '/home/aleksi/turtlebot3_ws/install/control_interfaces/share/control_interfaces/hook/cmake_prefix_path.dsv'
[2.101s] INFO:colcon.colcon_core.shell:Creating environment hook '/home/aleksi/turtlebot3_ws/install/control_interfaces/share/control_interfaces/hook/cmake_prefix_path.sh'
[2.102s] Level 1:colcon.colcon_core.environment:checking '/home/aleksi/turtlebot3_ws/install/control_interfaces/lib'
[2.102s] Level 1:colcon.colcon_core.shell:create_environment_hook('control_interfaces', 'ld_library_path_lib')
[2.114s] INFO:colcon.colcon_core.shell:Creating environment hook '/home/aleksi/turtlebot3_ws/install/control_interfaces/share/control_interfaces/hook/ld_library_path_lib.ps1'
[2.114s] INFO:colcon.colcon_core.shell:Creating environment descriptor '/home/aleksi/turtlebot3_ws/install/control_interfaces/share/control_interfaces/hook/ld_library_path_lib.dsv'
[2.114s] INFO:colcon.colcon_core.shell:Creating environment hook '/home/aleksi/turtlebot3_ws/install/control_interfaces/share/control_interfaces/hook/ld_library_path_lib.sh'
[2.114s] Level 1:colcon.colcon_core.environment:checking '/home/aleksi/turtlebot3_ws/install/control_interfaces/bin'
[2.114s] Level 1:colcon.colcon_core.environment:checking '/home/aleksi/turtlebot3_ws/install/control_interfaces/lib/pkgconfig/control_interfaces.pc'
[2.115s] Level 1:colcon.colcon_core.environment:checking '/home/aleksi/turtlebot3_ws/install/control_interfaces/lib/python3.10/site-packages'
[2.115s] Level 1:colcon.colcon_core.environment:checking '/home/aleksi/turtlebot3_ws/install/control_interfaces/bin'
[2.127s] INFO:colcon.colcon_core.shell:Creating package script '/home/aleksi/turtlebot3_ws/install/control_interfaces/share/control_interfaces/package.ps1'
[2.127s] INFO:colcon.colcon_core.shell:Creating package descriptor '/home/aleksi/turtlebot3_ws/install/control_interfaces/share/control_interfaces/package.dsv'
[2.128s] INFO:colcon.colcon_core.shell:Creating package script '/home/aleksi/turtlebot3_ws/install/control_interfaces/share/control_interfaces/package.sh'
[2.128s] INFO:colcon.colcon_core.shell:Creating package script '/home/aleksi/turtlebot3_ws/install/control_interfaces/share/control_interfaces/package.bash'
[2.128s] INFO:colcon.colcon_core.shell:Creating package script '/home/aleksi/turtlebot3_ws/install/control_interfaces/share/control_interfaces/package.zsh'
[2.128s] Level 1:colcon.colcon_core.environment:create_file_with_runtime_dependencies(/home/aleksi/turtlebot3_ws/install/control_interfaces/share/colcon-core/packages/control_interfaces)
[2.129s] INFO:colcon.colcon_ros.task.ament_python.build:Building ROS package in '/home/aleksi/turtlebot3_ws/src/controller' with build type 'ament_python'
[2.129s] Level 1:colcon.colcon_core.shell:create_environment_hook('controller', 'ament_prefix_path')
[2.141s] INFO:colcon.colcon_core.shell:Creating environment hook '/home/aleksi/turtlebot3_ws/install/controller/share/controller/hook/ament_prefix_path.ps1'
[2.141s] INFO:colcon.colcon_core.shell:Creating environment descriptor '/home/aleksi/turtlebot3_ws/install/controller/share/controller/hook/ament_prefix_path.dsv'
[2.142s] INFO:colcon.colcon_core.shell:Creating environment hook '/home/aleksi/turtlebot3_ws/install/controller/share/controller/hook/ament_prefix_path.sh'
[2.154s] INFO:colcon.colcon_core.shell:Skip shell extension 'powershell' for command environment: Not usable outside of PowerShell
[2.154s] DEBUG:colcon.colcon_core.shell:Skip shell extension 'dsv' for command environment
[2.398s] INFO:colcon.colcon_core.task.python.build:Building Python package in '/home/aleksi/turtlebot3_ws/src/controller'
[2.410s] INFO:colcon.colcon_core.shell:Skip shell extension 'powershell' for command environment: Not usable outside of PowerShell
[2.410s] DEBUG:colcon.colcon_core.shell:Skip shell extension 'dsv' for command environment
[2.731s] DEBUG:colcon.colcon_core.event_handler.log_command:Invoking command in '/home/aleksi/turtlebot3_ws/src/controller': CMAKE_PREFIX_PATH=/home/aleksi/turtlebot3_ws/install/control_interfaces:/home/aleksi/turtlebot3_ws/install/turtlebot3_simulations:/home/aleksi/turtlebot3_ws/install/turtlebot3_gazebo:/home/aleksi/turtlebot3_ws/install/turtlebot3_fake_node PYTHONPATH=/home/aleksi/turtlebot3_ws/build/controller/prefix_override:/home/aleksi/turtlebot3_ws/install/controller/lib/python3.10/site-packages:${PYTHONPATH} /usr/bin/python3 setup.py egg_info --egg-base ../../build/controller build --build-base /home/aleksi/turtlebot3_ws/build/controller/build install --record /home/aleksi/turtlebot3_ws/build/controller/install.log --single-version-externally-managed
[2.958s] DEBUG:colcon.colcon_core.event_handler.log_command:Invoked command in '/home/aleksi/turtlebot3_ws/src/controller' returned '0': CMAKE_PREFIX_PATH=/home/aleksi/turtlebot3_ws/install/control_interfaces:/home/aleksi/turtlebot3_ws/install/turtlebot3_simulations:/home/aleksi/turtlebot3_ws/install/turtlebot3_gazebo:/home/aleksi/turtlebot3_ws/install/turtlebot3_fake_node PYTHONPATH=/home/aleksi/turtlebot3_ws/build/controller/prefix_override:/home/aleksi/turtlebot3_ws/install/controller/lib/python3.10/site-packages:${PYTHONPATH} /usr/bin/python3 setup.py egg_info --egg-base ../../build/controller build --build-base /home/aleksi/turtlebot3_ws/build/controller/build install --record /home/aleksi/turtlebot3_ws/build/controller/install.log --single-version-externally-managed
[2.971s] Level 1:colcon.colcon_core.environment:checking '/home/aleksi/turtlebot3_ws/install/controller' for CMake module files
[2.971s] Level 1:colcon.colcon_core.environment:checking '/home/aleksi/turtlebot3_ws/install/controller' for CMake config files
[2.972s] Level 1:colcon.colcon_core.environment:checking '/home/aleksi/turtlebot3_ws/install/controller/lib'
[2.972s] Level 1:colcon.colcon_core.environment:checking '/home/aleksi/turtlebot3_ws/install/controller/bin'
[2.972s] Level 1:colcon.colcon_core.environment:checking '/home/aleksi/turtlebot3_ws/install/controller/lib/pkgconfig/controller.pc'
[2.972s] Level 1:colcon.colcon_core.environment:checking '/home/aleksi/turtlebot3_ws/install/controller/lib/python3.10/site-packages'
[2.972s] Level 1:colcon.colcon_core.shell:create_environment_hook('controller', 'pythonpath')
[2.983s] INFO:colcon.colcon_core.shell:Creating environment hook '/home/aleksi/turtlebot3_ws/install/controller/share/controller/hook/pythonpath.ps1'
[2.984s] INFO:colcon.colcon_core.shell:Creating environment descriptor '/home/aleksi/turtlebot3_ws/install/controller/share/controller/hook/pythonpath.dsv'
[2.984s] INFO:colcon.colcon_core.shell:Creating environment hook '/home/aleksi/turtlebot3_ws/install/controller/share/controller/hook/pythonpath.sh'
[2.984s] Level 1:colcon.colcon_core.environment:checking '/home/aleksi/turtlebot3_ws/install/controller/bin'
[2.984s] Level 1:colcon.colcon_core.environment:create_environment_scripts_only(controller)
[2.997s] INFO:colcon.colcon_core.shell:Creating package script '/home/aleksi/turtlebot3_ws/install/controller/share/controller/package.ps1'
[2.997s] INFO:colcon.colcon_core.shell:Creating package descriptor '/home/aleksi/turtlebot3_ws/install/controller/share/controller/package.dsv'
[2.997s] INFO:colcon.colcon_core.shell:Creating package script '/home/aleksi/turtlebot3_ws/install/controller/share/controller/package.sh'
[2.997s] INFO:colcon.colcon_core.shell:Creating package script '/home/aleksi/turtlebot3_ws/install/controller/share/controller/package.bash'
[2.998s] INFO:colcon.colcon_core.shell:Creating package script '/home/aleksi/turtlebot3_ws/install/controller/share/controller/package.zsh'
[2.998s] Level 1:colcon.colcon_core.environment:create_file_with_runtime_dependencies(/home/aleksi/turtlebot3_ws/install/controller/share/colcon-core/packages/controller)
[2.998s] DEBUG:colcon.colcon_parallel_executor.executor.parallel:closing loop
[2.998s] DEBUG:colcon.colcon_parallel_executor.executor.parallel:loop closed
[2.998s] DEBUG:colcon.colcon_parallel_executor.executor.parallel:run_until_complete finished with '0'
[2.998s] DEBUG:colcon.colcon_core.event_reactor:joining thread
[3.029s] INFO:colcon.colcon_core.plugin_system:Skipping extension 'colcon_notification.desktop_notification.terminal_notifier': Not used on non-Darwin systems
[3.029s] INFO:colcon.colcon_core.plugin_system:Skipping extension 'colcon_notification.desktop_notification.win32': Not used on non-Windows systems
[3.029s] INFO:colcon.colcon_notification.desktop_notification:Sending desktop notification using 'notify2'
[3.038s] DEBUG:colcon.colcon_core.event_reactor:joined thread
[3.052s] INFO:colcon.colcon_core.shell:Creating prefix script '/home/aleksi/turtlebot3_ws/install/local_setup.ps1'
[3.053s] INFO:colcon.colcon_core.shell:Creating prefix util module '/home/aleksi/turtlebot3_ws/install/_local_setup_util_ps1.py'
[3.054s] INFO:colcon.colcon_core.shell:Creating prefix chain script '/home/aleksi/turtlebot3_ws/install/setup.ps1'
[3.069s] INFO:colcon.colcon_core.shell:Creating prefix script '/home/aleksi/turtlebot3_ws/install/local_setup.sh'
[3.069s] INFO:colcon.colcon_core.shell:Creating prefix util module '/home/aleksi/turtlebot3_ws/install/_local_setup_util_sh.py'
[3.070s] INFO:colcon.colcon_core.shell:Creating prefix chain script '/home/aleksi/turtlebot3_ws/install/setup.sh'
[3.083s] INFO:colcon.colcon_core.shell:Creating prefix script '/home/aleksi/turtlebot3_ws/install/local_setup.bash'
[3.084s] INFO:colcon.colcon_core.shell:Creating prefix chain script '/home/aleksi/turtlebot3_ws/install/setup.bash'
[3.097s] INFO:colcon.colcon_core.shell:Creating prefix script '/home/aleksi/turtlebot3_ws/install/local_setup.zsh'
[3.098s] INFO:colcon.colcon_core.shell:Creating prefix chain script '/home/aleksi/turtlebot3_ws/install/setup.zsh'
