[0.789s] DEBUG:colcon:Command line arguments: ['/usr/bin/colcon', 'build']
[0.789s] DEBUG:colcon:Parsed command line arguments: Namespace(log_base=None, log_level=None, verb_name='build', build_base='build', install_base='install', merge_install=False, symlink_install=False, test_result_base=None, continue_on_error=False, executor='parallel', parallel_workers=24, event_handlers=None, ignore_user_meta=False, metas=['./colcon.meta'], base_paths=['.'], packages_ignore=None, packages_ignore_regex=None, paths=None, packages_up_to=None, packages_up_to_regex=None, packages_above=None, packages_above_and_dependencies=None, packages_above_depth=None, packages_select_by_dep=None, packages_skip_by_dep=None, packages_skip_up_to=None, packages_select_build_failed=False, packages_skip_build_finished=False, packages_select_test_failures=False, packages_skip_test_passed=False, packages_select=None, packages_skip=None, packages_select_regex=None, packages_skip_regex=None, packages_start=None, packages_end=None, allow_overriding=[], cmake_args=None, cmake_target=None, cmake_target_skip_unavailable=False, cmake_clean_cache=False, cmake_clean_first=False, cmake_force_configure=False, ament_cmake_args=None, catkin_cmake_args=None, catkin_skip_building_tests=False, verb_parser=<colcon_defaults.argument_parser.defaults.DefaultArgumentsDecorator object at 0x7fd242587550>, verb_extension=<colcon_core.verb.build.BuildVerb object at 0x7fd2429c3ca0>, main=<bound method BuildVerb.main of <colcon_core.verb.build.BuildVerb object at 0x7fd2429c3ca0>>)
[0.825s] Level 1:colcon.colcon_core.package_discovery:discover_packages(colcon_meta) check parameters
[0.825s] Level 1:colcon.colcon_core.package_discovery:discover_packages(recursive) check parameters
[0.825s] Level 1:colcon.colcon_core.package_discovery:discover_packages(ignore) check parameters
[0.825s] Level 1:colcon.colcon_core.package_discovery:discover_packages(path) check parameters
[0.825s] Level 1:colcon.colcon_core.package_discovery:discover_packages(colcon_meta) discover
[0.825s] Level 1:colcon.colcon_core.package_discovery:discover_packages(recursive) discover
[0.825s] INFO:colcon.colcon_core.package_discovery:Crawling recursively for packages in '/home/aleksi/turtlebot3_ws'
[0.825s] Level 1:colcon.colcon_core.package_identification:_identify(.) by extensions ['ignore', 'ignore_ament_install']
[0.825s] Level 1:colcon.colcon_core.package_identification:_identify(.) by extension 'ignore'
[0.825s] Level 1:colcon.colcon_core.package_identification:_identify(.) by extension 'ignore_ament_install'
[0.825s] Level 1:colcon.colcon_core.package_identification:_identify(.) by extensions ['colcon_pkg']
[0.825s] Level 1:colcon.colcon_core.package_identification:_identify(.) by extension 'colcon_pkg'
[0.825s] Level 1:colcon.colcon_core.package_identification:_identify(.) by extensions ['colcon_meta']
[0.825s] Level 1:colcon.colcon_core.package_identification:_identify(.) by extension 'colcon_meta'
[0.825s] Level 1:colcon.colcon_core.package_identification:_identify(.) by extensions ['ros']
[0.825s] Level 1:colcon.colcon_core.package_identification:_identify(.) by extension 'ros'
[0.833s] Level 1:colcon.colcon_core.package_identification:_identify(.) by extensions ['cmake', 'python']
[0.833s] Level 1:colcon.colcon_core.package_identification:_identify(.) by extension 'cmake'
[0.833s] Level 1:colcon.colcon_core.package_identification:_identify(.) by extension 'python'
[0.833s] Level 1:colcon.colcon_core.package_identification:_identify(.) by extensions ['python_setup_py']
[0.833s] Level 1:colcon.colcon_core.package_identification:_identify(.) by extension 'python_setup_py'
[0.833s] Level 1:colcon.colcon_core.package_identification:_identify(build) by extensions ['ignore', 'ignore_ament_install']
[0.833s] Level 1:colcon.colcon_core.package_identification:_identify(build) by extension 'ignore'
[0.833s] Level 1:colcon.colcon_core.package_identification:_identify(build) ignored
[0.834s] Level 1:colcon.colcon_core.package_identification:_identify(install) by extensions ['ignore', 'ignore_ament_install']
[0.834s] Level 1:colcon.colcon_core.package_identification:_identify(install) by extension 'ignore'
[0.834s] Level 1:colcon.colcon_core.package_identification:_identify(install) ignored
[0.834s] Level 1:colcon.colcon_core.package_identification:_identify(log) by extensions ['ignore', 'ignore_ament_install']
[0.834s] Level 1:colcon.colcon_core.package_identification:_identify(log) by extension 'ignore'
[0.834s] Level 1:colcon.colcon_core.package_identification:_identify(log) ignored
[0.834s] Level 1:colcon.colcon_core.package_identification:_identify(src) by extensions ['ignore', 'ignore_ament_install']
[0.834s] Level 1:colcon.colcon_core.package_identification:_identify(src) by extension 'ignore'
[0.834s] Level 1:colcon.colcon_core.package_identification:_identify(src) by extension 'ignore_ament_install'
[0.834s] Level 1:colcon.colcon_core.package_identification:_identify(src) by extensions ['colcon_pkg']
[0.834s] Level 1:colcon.colcon_core.package_identification:_identify(src) by extension 'colcon_pkg'
[0.834s] Level 1:colcon.colcon_core.package_identification:_identify(src) by extensions ['colcon_meta']
[0.834s] Level 1:colcon.colcon_core.package_identification:_identify(src) by extension 'colcon_meta'
[0.834s] Level 1:colcon.colcon_core.package_identification:_identify(src) by extensions ['ros']
[0.834s] Level 1:colcon.colcon_core.package_identification:_identify(src) by extension 'ros'
[0.834s] Level 1:colcon.colcon_core.package_identification:_identify(src) by extensions ['cmake', 'python']
[0.834s] Level 1:colcon.colcon_core.package_identification:_identify(src) by extension 'cmake'
[0.834s] Level 1:colcon.colcon_core.package_identification:_identify(src) by extension 'python'
[0.834s] Level 1:colcon.colcon_core.package_identification:_identify(src) by extensions ['python_setup_py']
[0.834s] Level 1:colcon.colcon_core.package_identification:_identify(src) by extension 'python_setup_py'
[0.834s] Level 1:colcon.colcon_core.package_identification:_identify(src/control_interfaces) by extensions ['ignore', 'ignore_ament_install']
[0.834s] Level 1:colcon.colcon_core.package_identification:_identify(src/control_interfaces) by extension 'ignore'
[0.834s] Level 1:colcon.colcon_core.package_identification:_identify(src/control_interfaces) by extension 'ignore_ament_install'
[0.834s] Level 1:colcon.colcon_core.package_identification:_identify(src/control_interfaces) by extensions ['colcon_pkg']
[0.834s] Level 1:colcon.colcon_core.package_identification:_identify(src/control_interfaces) by extension 'colcon_pkg'
[0.834s] Level 1:colcon.colcon_core.package_identification:_identify(src/control_interfaces) by extensions ['colcon_meta']
[0.835s] Level 1:colcon.colcon_core.package_identification:_identify(src/control_interfaces) by extension 'colcon_meta'
[0.835s] Level 1:colcon.colcon_core.package_identification:_identify(src/control_interfaces) by extensions ['ros']
[0.835s] Level 1:colcon.colcon_core.package_identification:_identify(src/control_interfaces) by extension 'ros'
[0.836s] DEBUG:colcon.colcon_core.package_identification:Package 'src/control_interfaces' with type 'ros.ament_cmake' and name 'control_interfaces'
[0.836s] Level 1:colcon.colcon_core.package_identification:_identify(src/controller) by extensions ['ignore', 'ignore_ament_install']
[0.836s] Level 1:colcon.colcon_core.package_identification:_identify(src/controller) by extension 'ignore'
[0.836s] Level 1:colcon.colcon_core.package_identification:_identify(src/controller) by extension 'ignore_ament_install'
[0.836s] Level 1:colcon.colcon_core.package_identification:_identify(src/controller) by extensions ['colcon_pkg']
[0.836s] Level 1:colcon.colcon_core.package_identification:_identify(src/controller) by extension 'colcon_pkg'
[0.836s] Level 1:colcon.colcon_core.package_identification:_identify(src/controller) by extensions ['colcon_meta']
[0.836s] Level 1:colcon.colcon_core.package_identification:_identify(src/controller) by extension 'colcon_meta'
[0.836s] Level 1:colcon.colcon_core.package_identification:_identify(src/controller) by extensions ['ros']
[0.836s] Level 1:colcon.colcon_core.package_identification:_identify(src/controller) by extension 'ros'
[0.837s] DEBUG:colcon.colcon_core.package_identification:Package 'src/controller' with type 'ros.ament_python' and name 'controller'
[0.837s] Level 1:colcon.colcon_core.package_identification:_identify(src/turtlebot3_simulations) by extensions ['ignore', 'ignore_ament_install']
[0.837s] Level 1:colcon.colcon_core.package_identification:_identify(src/turtlebot3_simulations) by extension 'ignore'
[0.837s] Level 1:colcon.colcon_core.package_identification:_identify(src/turtlebot3_simulations) by extension 'ignore_ament_install'
[0.837s] Level 1:colcon.colcon_core.package_identification:_identify(src/turtlebot3_simulations) by extensions ['colcon_pkg']
[0.837s] Level 1:colcon.colcon_core.package_identification:_identify(src/turtlebot3_simulations) by extension 'colcon_pkg'
[0.837s] Level 1:colcon.colcon_core.package_identification:_identify(src/turtlebot3_simulations) by extensions ['colcon_meta']
[0.837s] Level 1:colcon.colcon_core.package_identification:_identify(src/turtlebot3_simulations) by extension 'colcon_meta'
[0.837s] Level 1:colcon.colcon_core.package_identification:_identify(src/turtlebot3_simulations) by extensions ['ros']
[0.837s] Level 1:colcon.colcon_core.package_identification:_identify(src/turtlebot3_simulations) by extension 'ros'
[0.837s] Level 1:colcon.colcon_core.package_identification:_identify(src/turtlebot3_simulations) by extensions ['cmake', 'python']
[0.837s] Level 1:colcon.colcon_core.package_identification:_identify(src/turtlebot3_simulations) by extension 'cmake'
[0.837s] Level 1:colcon.colcon_core.package_identification:_identify(src/turtlebot3_simulations) by extension 'python'
[0.837s] Level 1:colcon.colcon_core.package_identification:_identify(src/turtlebot3_simulations) by extensions ['python_setup_py']
[0.837s] Level 1:colcon.colcon_core.package_identification:_identify(src/turtlebot3_simulations) by extension 'python_setup_py'
[0.837s] Level 1:colcon.colcon_core.package_identification:_identify(src/turtlebot3_simulations/turtlebot3_fake_node) by extensions ['ignore', 'ignore_ament_install']
[0.837s] Level 1:colcon.colcon_core.package_identification:_identify(src/turtlebot3_simulations/turtlebot3_fake_node) by extension 'ignore'
[0.837s] Level 1:colcon.colcon_core.package_identification:_identify(src/turtlebot3_simulations/turtlebot3_fake_node) by extension 'ignore_ament_install'
[0.838s] Level 1:colcon.colcon_core.package_identification:_identify(src/turtlebot3_simulations/turtlebot3_fake_node) by extensions ['colcon_pkg']
[0.838s] Level 1:colcon.colcon_core.package_identification:_identify(src/turtlebot3_simulations/turtlebot3_fake_node) by extension 'colcon_pkg'
[0.838s] Level 1:colcon.colcon_core.package_identification:_identify(src/turtlebot3_simulations/turtlebot3_fake_node) by extensions ['colcon_meta']
[0.838s] Level 1:colcon.colcon_core.package_identification:_identify(src/turtlebot3_simulations/turtlebot3_fake_node) by extension 'colcon_meta'
[0.838s] Level 1:colcon.colcon_core.package_identification:_identify(src/turtlebot3_simulations/turtlebot3_fake_node) by extensions ['ros']
[0.838s] Level 1:colcon.colcon_core.package_identification:_identify(src/turtlebot3_simulations/turtlebot3_fake_node) by extension 'ros'
[0.838s] DEBUG:colcon.colcon_core.package_identification:Package 'src/turtlebot3_simulations/turtlebot3_fake_node' with type 'ros.ament_cmake' and name 'turtlebot3_fake_node'
[0.838s] Level 1:colcon.colcon_core.package_identification:_identify(src/turtlebot3_simulations/turtlebot3_gazebo) by extensions ['ignore', 'ignore_ament_install']
[0.839s] Level 1:colcon.colcon_core.package_identification:_identify(src/turtlebot3_simulations/turtlebot3_gazebo) by extension 'ignore'
[0.839s] Level 1:colcon.colcon_core.package_identification:_identify(src/turtlebot3_simulations/turtlebot3_gazebo) by extension 'ignore_ament_install'
[0.839s] Level 1:colcon.colcon_core.package_identification:_identify(src/turtlebot3_simulations/turtlebot3_gazebo) by extensions ['colcon_pkg']
[0.839s] Level 1:colcon.colcon_core.package_identification:_identify(src/turtlebot3_simulations/turtlebot3_gazebo) by extension 'colcon_pkg'
[0.839s] Level 1:colcon.colcon_core.package_identification:_identify(src/turtlebot3_simulations/turtlebot3_gazebo) by extensions ['colcon_meta']
[0.839s] Level 1:colcon.colcon_core.package_identification:_identify(src/turtlebot3_simulations/turtlebot3_gazebo) by extension 'colcon_meta'
[0.839s] Level 1:colcon.colcon_core.package_identification:_identify(src/turtlebot3_simulations/turtlebot3_gazebo) by extensions ['ros']
[0.839s] Level 1:colcon.colcon_core.package_identification:_identify(src/turtlebot3_simulations/turtlebot3_gazebo) by extension 'ros'
[0.839s] DEBUG:colcon.colcon_core.package_identification:Package 'src/turtlebot3_simulations/turtlebot3_gazebo' with type 'ros.ament_cmake' and name 'turtlebot3_gazebo'
[0.840s] Level 1:colcon.colcon_core.package_identification:_identify(src/turtlebot3_simulations/turtlebot3_simulations) by extensions ['ignore', 'ignore_ament_install']
[0.840s] Level 1:colcon.colcon_core.package_identification:_identify(src/turtlebot3_simulations/turtlebot3_simulations) by extension 'ignore'
[0.840s] Level 1:colcon.colcon_core.package_identification:_identify(src/turtlebot3_simulations/turtlebot3_simulations) by extension 'ignore_ament_install'
[0.840s] Level 1:colcon.colcon_core.package_identification:_identify(src/turtlebot3_simulations/turtlebot3_simulations) by extensions ['colcon_pkg']
[0.840s] Level 1:colcon.colcon_core.package_identification:_identify(src/turtlebot3_simulations/turtlebot3_simulations) by extension 'colcon_pkg'
[0.840s] Level 1:colcon.colcon_core.package_identification:_identify(src/turtlebot3_simulations/turtlebot3_simulations) by extensions ['colcon_meta']
[0.840s] Level 1:colcon.colcon_core.package_identification:_identify(src/turtlebot3_simulations/turtlebot3_simulations) by extension 'colcon_meta'
[0.840s] Level 1:colcon.colcon_core.package_identification:_identify(src/turtlebot3_simulations/turtlebot3_simulations) by extensions ['ros']
[0.840s] Level 1:colcon.colcon_core.package_identification:_identify(src/turtlebot3_simulations/turtlebot3_simulations) by extension 'ros'
[0.840s] DEBUG:colcon.colcon_core.package_identification:Package 'src/turtlebot3_simulations/turtlebot3_simulations' with type 'ros.ament_cmake' and name 'turtlebot3_simulations'
[0.840s] Level 1:colcon.colcon_core.package_discovery:discover_packages(recursive) using defaults
[0.840s] Level 1:colcon.colcon_core.package_discovery:discover_packages(ignore) discover
[0.840s] Level 1:colcon.colcon_core.package_discovery:discover_packages(ignore) using defaults
[0.840s] Level 1:colcon.colcon_core.package_discovery:discover_packages(path) discover
[0.840s] Level 1:colcon.colcon_core.package_discovery:discover_packages(path) using defaults
[0.912s] Level 1:colcon.colcon_core.package_discovery:discover_packages(prefix_path) check parameters
[0.912s] Level 1:colcon.colcon_core.package_discovery:discover_packages(prefix_path) discover
[0.935s] DEBUG:colcon.colcon_installed_package_information.package_discovery:Found 5 installed packages in /home/aleksi/turtlebot3_ws/install
[0.948s] DEBUG:colcon.colcon_installed_package_information.package_discovery:Found 405 installed packages in /opt/ros/humble
[0.949s] Level 1:colcon.colcon_core.package_discovery:discover_packages(prefix_path) using defaults
[1.039s] Level 5:colcon.colcon_core.verb:set package 'control_interfaces' build argument 'cmake_args' from command line to 'None'
[1.039s] Level 5:colcon.colcon_core.verb:set package 'control_interfaces' build argument 'cmake_target' from command line to 'None'
[1.039s] Level 5:colcon.colcon_core.verb:set package 'control_interfaces' build argument 'cmake_target_skip_unavailable' from command line to 'False'
[1.039s] Level 5:colcon.colcon_core.verb:set package 'control_interfaces' build argument 'cmake_clean_cache' from command line to 'False'
[1.039s] Level 5:colcon.colcon_core.verb:set package 'control_interfaces' build argument 'cmake_clean_first' from command line to 'False'
[1.039s] Level 5:colcon.colcon_core.verb:set package 'control_interfaces' build argument 'cmake_force_configure' from command line to 'False'
[1.039s] Level 5:colcon.colcon_core.verb:set package 'control_interfaces' build argument 'ament_cmake_args' from command line to 'None'
[1.039s] Level 5:colcon.colcon_core.verb:set package 'control_interfaces' build argument 'catkin_cmake_args' from command line to 'None'
[1.039s] Level 5:colcon.colcon_core.verb:set package 'control_interfaces' build argument 'catkin_skip_building_tests' from command line to 'False'
[1.039s] DEBUG:colcon.colcon_core.verb:Building package 'control_interfaces' with the following arguments: {'ament_cmake_args': None, 'build_base': '/home/aleksi/turtlebot3_ws/build/control_interfaces', 'catkin_cmake_args': None, 'catkin_skip_building_tests': False, 'cmake_args': None, 'cmake_clean_cache': False, 'cmake_clean_first': False, 'cmake_force_configure': False, 'cmake_target': None, 'cmake_target_skip_unavailable': False, 'install_base': '/home/aleksi/turtlebot3_ws/install/control_interfaces', 'merge_install': False, 'path': '/home/aleksi/turtlebot3_ws/src/control_interfaces', 'symlink_install': False, 'test_result_base': None}
[1.050s] Level 5:colcon.colcon_core.verb:set package 'turtlebot3_fake_node' build argument 'cmake_args' from command line to 'None'
[1.050s] Level 5:colcon.colcon_core.verb:set package 'turtlebot3_fake_node' build argument 'cmake_target' from command line to 'None'
[1.050s] Level 5:colcon.colcon_core.verb:set package 'turtlebot3_fake_node' build argument 'cmake_target_skip_unavailable' from command line to 'False'
[1.050s] Level 5:colcon.colcon_core.verb:set package 'turtlebot3_fake_node' build argument 'cmake_clean_cache' from command line to 'False'
[1.050s] Level 5:colcon.colcon_core.verb:set package 'turtlebot3_fake_node' build argument 'cmake_clean_first' from command line to 'False'
[1.050s] Level 5:colcon.colcon_core.verb:set package 'turtlebot3_fake_node' build argument 'cmake_force_configure' from command line to 'False'
[1.050s] Level 5:colcon.colcon_core.verb:set package 'turtlebot3_fake_node' build argument 'ament_cmake_args' from command line to 'None'
[1.050s] Level 5:colcon.colcon_core.verb:set package 'turtlebot3_fake_node' build argument 'catkin_cmake_args' from command line to 'None'
[1.050s] Level 5:colcon.colcon_core.verb:set package 'turtlebot3_fake_node' build argument 'catkin_skip_building_tests' from command line to 'False'
[1.051s] DEBUG:colcon.colcon_core.verb:Building package 'turtlebot3_fake_node' with the following arguments: {'ament_cmake_args': None, 'build_base': '/home/aleksi/turtlebot3_ws/build/turtlebot3_fake_node', 'catkin_cmake_args': None, 'catkin_skip_building_tests': False, 'cmake_args': None, 'cmake_clean_cache': False, 'cmake_clean_first': False, 'cmake_force_configure': False, 'cmake_target': None, 'cmake_target_skip_unavailable': False, 'install_base': '/home/aleksi/turtlebot3_ws/install/turtlebot3_fake_node', 'merge_install': False, 'path': '/home/aleksi/turtlebot3_ws/src/turtlebot3_simulations/turtlebot3_fake_node', 'symlink_install': False, 'test_result_base': None}
[1.062s] Level 5:colcon.colcon_core.verb:set package 'turtlebot3_gazebo' build argument 'cmake_args' from command line to 'None'
[1.062s] Level 5:colcon.colcon_core.verb:set package 'turtlebot3_gazebo' build argument 'cmake_target' from command line to 'None'
[1.062s] Level 5:colcon.colcon_core.verb:set package 'turtlebot3_gazebo' build argument 'cmake_target_skip_unavailable' from command line to 'False'
[1.062s] Level 5:colcon.colcon_core.verb:set package 'turtlebot3_gazebo' build argument 'cmake_clean_cache' from command line to 'False'
[1.062s] Level 5:colcon.colcon_core.verb:set package 'turtlebot3_gazebo' build argument 'cmake_clean_first' from command line to 'False'
[1.062s] Level 5:colcon.colcon_core.verb:set package 'turtlebot3_gazebo' build argument 'cmake_force_configure' from command line to 'False'
[1.062s] Level 5:colcon.colcon_core.verb:set package 'turtlebot3_gazebo' build argument 'ament_cmake_args' from command line to 'None'
[1.062s] Level 5:colcon.colcon_core.verb:set package 'turtlebot3_gazebo' build argument 'catkin_cmake_args' from command line to 'None'
[1.062s] Level 5:colcon.colcon_core.verb:set package 'turtlebot3_gazebo' build argument 'catkin_skip_building_tests' from command line to 'False'
[1.062s] DEBUG:colcon.colcon_core.verb:Building package 'turtlebot3_gazebo' with the following arguments: {'ament_cmake_args': None, 'build_base': '/home/aleksi/turtlebot3_ws/build/turtlebot3_gazebo', 'catkin_cmake_args': None, 'catkin_skip_building_tests': False, 'cmake_args': None, 'cmake_clean_cache': False, 'cmake_clean_first': False, 'cmake_force_configure': False, 'cmake_target': None, 'cmake_target_skip_unavailable': False, 'install_base': '/home/aleksi/turtlebot3_ws/install/turtlebot3_gazebo', 'merge_install': False, 'path': '/home/aleksi/turtlebot3_ws/src/turtlebot3_simulations/turtlebot3_gazebo', 'symlink_install': False, 'test_result_base': None}
[1.074s] Level 5:colcon.colcon_core.verb:set package 'controller' build argument 'cmake_args' from command line to 'None'
[1.074s] Level 5:colcon.colcon_core.verb:set package 'controller' build argument 'cmake_target' from command line to 'None'
[1.074s] Level 5:colcon.colcon_core.verb:set package 'controller' build argument 'cmake_target_skip_unavailable' from command line to 'False'
[1.074s] Level 5:colcon.colcon_core.verb:set package 'controller' build argument 'cmake_clean_cache' from command line to 'False'
[1.074s] Level 5:colcon.colcon_core.verb:set package 'controller' build argument 'cmake_clean_first' from command line to 'False'
[1.074s] Level 5:colcon.colcon_core.verb:set package 'controller' build argument 'cmake_force_configure' from command line to 'False'
[1.074s] Level 5:colcon.colcon_core.verb:set package 'controller' build argument 'ament_cmake_args' from command line to 'None'
[1.074s] Level 5:colcon.colcon_core.verb:set package 'controller' build argument 'catkin_cmake_args' from command line to 'None'
[1.074s] Level 5:colcon.colcon_core.verb:set package 'controller' build argument 'catkin_skip_building_tests' from command line to 'False'
[1.074s] DEBUG:colcon.colcon_core.verb:Building package 'controller' with the following arguments: {'ament_cmake_args': None, 'build_base': '/home/aleksi/turtlebot3_ws/build/controller', 'catkin_cmake_args': None, 'catkin_skip_building_tests': False, 'cmake_args': None, 'cmake_clean_cache': False, 'cmake_clean_first': False, 'cmake_force_configure': False, 'cmake_target': None, 'cmake_target_skip_unavailable': False, 'install_base': '/home/aleksi/turtlebot3_ws/install/controller', 'merge_install': False, 'path': '/home/aleksi/turtlebot3_ws/src/controller', 'symlink_install': False, 'test_result_base': None}
[1.085s] Level 5:colcon.colcon_core.verb:set package 'turtlebot3_simulations' build argument 'cmake_args' from command line to 'None'
[1.085s] Level 5:colcon.colcon_core.verb:set package 'turtlebot3_simulations' build argument 'cmake_target' from command line to 'None'
[1.085s] Level 5:colcon.colcon_core.verb:set package 'turtlebot3_simulations' build argument 'cmake_target_skip_unavailable' from command line to 'False'
[1.085s] Level 5:colcon.colcon_core.verb:set package 'turtlebot3_simulations' build argument 'cmake_clean_cache' from command line to 'False'
[1.085s] Level 5:colcon.colcon_core.verb:set package 'turtlebot3_simulations' build argument 'cmake_clean_first' from command line to 'False'
[1.085s] Level 5:colcon.colcon_core.verb:set package 'turtlebot3_simulations' build argument 'cmake_force_configure' from command line to 'False'
[1.085s] Level 5:colcon.colcon_core.verb:set package 'turtlebot3_simulations' build argument 'ament_cmake_args' from command line to 'None'
[1.085s] Level 5:colcon.colcon_core.verb:set package 'turtlebot3_simulations' build argument 'catkin_cmake_args' from command line to 'None'
[1.085s] Level 5:colcon.colcon_core.verb:set package 'turtlebot3_simulations' build argument 'catkin_skip_building_tests' from command line to 'False'
[1.085s] DEBUG:colcon.colcon_core.verb:Building package 'turtlebot3_simulations' with the following arguments: {'ament_cmake_args': None, 'build_base': '/home/aleksi/turtlebot3_ws/build/turtlebot3_simulations', 'catkin_cmake_args': None, 'catkin_skip_building_tests': False, 'cmake_args': None, 'cmake_clean_cache': False, 'cmake_clean_first': False, 'cmake_force_configure': False, 'cmake_target': None, 'cmake_target_skip_unavailable': False, 'install_base': '/home/aleksi/turtlebot3_ws/install/turtlebot3_simulations', 'merge_install': False, 'path': '/home/aleksi/turtlebot3_ws/src/turtlebot3_simulations/turtlebot3_simulations', 'symlink_install': False, 'test_result_base': None}
[1.097s] INFO:colcon.colcon_core.executor:Executing jobs using 'parallel' executor
[1.109s] DEBUG:colcon.colcon_parallel_executor.executor.parallel:run_until_complete
[1.109s] INFO:colcon.colcon_ros.task.ament_cmake.build:Building ROS package in '/home/aleksi/turtlebot3_ws/src/control_interfaces' with build type 'ament_cmake'
[1.109s] INFO:colcon.colcon_cmake.task.cmake.build:Building CMake package in '/home/aleksi/turtlebot3_ws/src/control_interfaces'
[1.122s] INFO:colcon.colcon_core.plugin_system:Skipping extension 'colcon_core.shell.bat': Not used on non-Windows systems
[1.122s] INFO:colcon.colcon_core.shell:Skip shell extension 'powershell' for command environment: Not usable outside of PowerShell
[1.122s] DEBUG:colcon.colcon_core.shell:Skip shell extension 'dsv' for command environment
[1.159s] INFO:colcon.colcon_ros.task.ament_cmake.build:Building ROS package in '/home/aleksi/turtlebot3_ws/src/turtlebot3_simulations/turtlebot3_fake_node' with build type 'ament_cmake'
[1.159s] INFO:colcon.colcon_cmake.task.cmake.build:Building CMake package in '/home/aleksi/turtlebot3_ws/src/turtlebot3_simulations/turtlebot3_fake_node'
[1.171s] INFO:colcon.colcon_core.shell:Skip shell extension 'powershell' for command environment: Not usable outside of PowerShell
[1.171s] DEBUG:colcon.colcon_core.shell:Skip shell extension 'dsv' for command environment
[1.207s] INFO:colcon.colcon_ros.task.ament_cmake.build:Building ROS package in '/home/aleksi/turtlebot3_ws/src/turtlebot3_simulations/turtlebot3_gazebo' with build type 'ament_cmake'
[1.208s] INFO:colcon.colcon_cmake.task.cmake.build:Building CMake package in '/home/aleksi/turtlebot3_ws/src/turtlebot3_simulations/turtlebot3_gazebo'
[1.220s] INFO:colcon.colcon_core.shell:Skip shell extension 'powershell' for command environment: Not usable outside of PowerShell
[1.220s] DEBUG:colcon.colcon_core.shell:Skip shell extension 'dsv' for command environment
[1.262s] DEBUG:colcon.colcon_core.event_handler.log_command:Invoking command in '/home/aleksi/turtlebot3_ws/build/control_interfaces': CMAKE_PREFIX_PATH=${CMAKE_PREFIX_PATH}:/home/aleksi/turtlebot3_ws/install/controller:/opt/ros/humble /usr/bin/cmake --build /home/aleksi/turtlebot3_ws/build/control_interfaces -- -j24 -l24
[1.264s] DEBUG:colcon.colcon_core.event_handler.log_command:Invoking command in '/home/aleksi/turtlebot3_ws/build/turtlebot3_fake_node': CMAKE_PREFIX_PATH=${CMAKE_PREFIX_PATH}:/home/aleksi/turtlebot3_ws/install/controller:/opt/ros/humble /usr/bin/cmake --build /home/aleksi/turtlebot3_ws/build/turtlebot3_fake_node -- -j24 -l24
[1.267s] DEBUG:colcon.colcon_core.event_handler.log_command:Invoking command in '/home/aleksi/turtlebot3_ws/build/turtlebot3_gazebo': CMAKE_PREFIX_PATH=${CMAKE_PREFIX_PATH}:/home/aleksi/turtlebot3_ws/install/controller:/opt/ros/humble /usr/bin/cmake --build /home/aleksi/turtlebot3_ws/build/turtlebot3_gazebo -- -j24 -l24
[1.334s] DEBUG:colcon.colcon_core.event_handler.log_command:Invoked command in '/home/aleksi/turtlebot3_ws/build/turtlebot3_fake_node' returned '0': CMAKE_PREFIX_PATH=${CMAKE_PREFIX_PATH}:/home/aleksi/turtlebot3_ws/install/controller:/opt/ros/humble /usr/bin/cmake --build /home/aleksi/turtlebot3_ws/build/turtlebot3_fake_node -- -j24 -l24
[1.350s] DEBUG:colcon.colcon_core.event_handler.log_command:Invoked command in '/home/aleksi/turtlebot3_ws/build/turtlebot3_gazebo' returned '0': CMAKE_PREFIX_PATH=${CMAKE_PREFIX_PATH}:/home/aleksi/turtlebot3_ws/install/controller:/opt/ros/humble /usr/bin/cmake --build /home/aleksi/turtlebot3_ws/build/turtlebot3_gazebo -- -j24 -l24
[1.371s] DEBUG:colcon.colcon_core.event_handler.log_command:Invoking command in '/home/aleksi/turtlebot3_ws/build/turtlebot3_fake_node': CMAKE_PREFIX_PATH=${CMAKE_PREFIX_PATH}:/home/aleksi/turtlebot3_ws/install/controller:/opt/ros/humble /usr/bin/cmake --install /home/aleksi/turtlebot3_ws/build/turtlebot3_fake_node
[1.389s] DEBUG:colcon.colcon_core.event_handler.log_command:Invoking command in '/home/aleksi/turtlebot3_ws/build/turtlebot3_gazebo': CMAKE_PREFIX_PATH=${CMAKE_PREFIX_PATH}:/home/aleksi/turtlebot3_ws/install/controller:/opt/ros/humble /usr/bin/cmake --install /home/aleksi/turtlebot3_ws/build/turtlebot3_gazebo
[1.394s] Level 1:colcon.colcon_core.environment:create_environment_scripts_only(turtlebot3_fake_node)
[1.394s] DEBUG:colcon.colcon_core.event_handler.log_command:Invoked command in '/home/aleksi/turtlebot3_ws/build/turtlebot3_fake_node' returned '0': CMAKE_PREFIX_PATH=${CMAKE_PREFIX_PATH}:/home/aleksi/turtlebot3_ws/install/controller:/opt/ros/humble /usr/bin/cmake --install /home/aleksi/turtlebot3_ws/build/turtlebot3_fake_node
[1.420s] Level 1:colcon.colcon_core.environment:checking '/home/aleksi/turtlebot3_ws/install/turtlebot3_fake_node' for CMake module files
[1.421s] Level 1:colcon.colcon_core.environment:checking '/home/aleksi/turtlebot3_ws/install/turtlebot3_fake_node' for CMake config files
[1.421s] Level 1:colcon.colcon_core.shell:create_environment_hook('turtlebot3_fake_node', 'cmake_prefix_path')
[1.437s] INFO:colcon.colcon_core.shell:Creating environment hook '/home/aleksi/turtlebot3_ws/install/turtlebot3_fake_node/share/turtlebot3_fake_node/hook/cmake_prefix_path.ps1'
[1.438s] INFO:colcon.colcon_core.shell:Creating environment descriptor '/home/aleksi/turtlebot3_ws/install/turtlebot3_fake_node/share/turtlebot3_fake_node/hook/cmake_prefix_path.dsv'
[1.438s] INFO:colcon.colcon_core.shell:Creating environment hook '/home/aleksi/turtlebot3_ws/install/turtlebot3_fake_node/share/turtlebot3_fake_node/hook/cmake_prefix_path.sh'
[1.438s] Level 1:colcon.colcon_core.environment:checking '/home/aleksi/turtlebot3_ws/install/turtlebot3_fake_node/lib'
[1.439s] Level 1:colcon.colcon_core.environment:checking '/home/aleksi/turtlebot3_ws/install/turtlebot3_fake_node/bin'
[1.439s] Level 1:colcon.colcon_core.environment:checking '/home/aleksi/turtlebot3_ws/install/turtlebot3_fake_node/lib/pkgconfig/turtlebot3_fake_node.pc'
[1.439s] Level 1:colcon.colcon_core.environment:checking '/home/aleksi/turtlebot3_ws/install/turtlebot3_fake_node/lib/python3.10/site-packages'
[1.439s] Level 1:colcon.colcon_core.environment:checking '/home/aleksi/turtlebot3_ws/install/turtlebot3_fake_node/bin'
[1.454s] INFO:colcon.colcon_core.shell:Creating package script '/home/aleksi/turtlebot3_ws/install/turtlebot3_fake_node/share/turtlebot3_fake_node/package.ps1'
[1.455s] INFO:colcon.colcon_core.shell:Creating package descriptor '/home/aleksi/turtlebot3_ws/install/turtlebot3_fake_node/share/turtlebot3_fake_node/package.dsv'
[1.455s] INFO:colcon.colcon_core.shell:Creating package script '/home/aleksi/turtlebot3_ws/install/turtlebot3_fake_node/share/turtlebot3_fake_node/package.sh'
[1.456s] INFO:colcon.colcon_core.shell:Creating package script '/home/aleksi/turtlebot3_ws/install/turtlebot3_fake_node/share/turtlebot3_fake_node/package.bash'
[1.456s] INFO:colcon.colcon_core.shell:Creating package script '/home/aleksi/turtlebot3_ws/install/turtlebot3_fake_node/share/turtlebot3_fake_node/package.zsh'
[1.457s] Level 1:colcon.colcon_core.environment:create_file_with_runtime_dependencies(/home/aleksi/turtlebot3_ws/install/turtlebot3_fake_node/share/colcon-core/packages/turtlebot3_fake_node)
[1.458s] Level 1:colcon.colcon_core.environment:create_environment_scripts_only(turtlebot3_gazebo)
[1.458s] DEBUG:colcon.colcon_core.event_handler.log_command:Invoked command in '/home/aleksi/turtlebot3_ws/build/turtlebot3_gazebo' returned '0': CMAKE_PREFIX_PATH=${CMAKE_PREFIX_PATH}:/home/aleksi/turtlebot3_ws/install/controller:/opt/ros/humble /usr/bin/cmake --install /home/aleksi/turtlebot3_ws/build/turtlebot3_gazebo
[1.474s] Level 1:colcon.colcon_core.environment:checking '/home/aleksi/turtlebot3_ws/install/turtlebot3_gazebo' for CMake module files
[1.474s] Level 1:colcon.colcon_core.environment:checking '/home/aleksi/turtlebot3_ws/install/turtlebot3_gazebo' for CMake config files
[1.475s] Level 1:colcon.colcon_core.shell:create_environment_hook('turtlebot3_gazebo', 'cmake_prefix_path')
[1.490s] INFO:colcon.colcon_core.shell:Creating environment hook '/home/aleksi/turtlebot3_ws/install/turtlebot3_gazebo/share/turtlebot3_gazebo/hook/cmake_prefix_path.ps1'
[1.490s] INFO:colcon.colcon_core.shell:Creating environment descriptor '/home/aleksi/turtlebot3_ws/install/turtlebot3_gazebo/share/turtlebot3_gazebo/hook/cmake_prefix_path.dsv'
[1.490s] INFO:colcon.colcon_core.shell:Creating environment hook '/home/aleksi/turtlebot3_ws/install/turtlebot3_gazebo/share/turtlebot3_gazebo/hook/cmake_prefix_path.sh'
[1.491s] Level 1:colcon.colcon_core.environment:checking '/home/aleksi/turtlebot3_ws/install/turtlebot3_gazebo/lib'
[1.491s] Level 1:colcon.colcon_core.environment:checking '/home/aleksi/turtlebot3_ws/install/turtlebot3_gazebo/bin'
[1.491s] Level 1:colcon.colcon_core.environment:checking '/home/aleksi/turtlebot3_ws/install/turtlebot3_gazebo/lib/pkgconfig/turtlebot3_gazebo.pc'
[1.491s] Level 1:colcon.colcon_core.environment:checking '/home/aleksi/turtlebot3_ws/install/turtlebot3_gazebo/lib/python3.10/site-packages'
[1.491s] Level 1:colcon.colcon_core.environment:checking '/home/aleksi/turtlebot3_ws/install/turtlebot3_gazebo/bin'
[1.504s] INFO:colcon.colcon_core.shell:Creating package script '/home/aleksi/turtlebot3_ws/install/turtlebot3_gazebo/share/turtlebot3_gazebo/package.ps1'
[1.505s] INFO:colcon.colcon_core.shell:Creating package descriptor '/home/aleksi/turtlebot3_ws/install/turtlebot3_gazebo/share/turtlebot3_gazebo/package.dsv'
[1.505s] INFO:colcon.colcon_core.shell:Creating package script '/home/aleksi/turtlebot3_ws/install/turtlebot3_gazebo/share/turtlebot3_gazebo/package.sh'
[1.505s] INFO:colcon.colcon_core.shell:Creating package script '/home/aleksi/turtlebot3_ws/install/turtlebot3_gazebo/share/turtlebot3_gazebo/package.bash'
[1.505s] INFO:colcon.colcon_core.shell:Creating package script '/home/aleksi/turtlebot3_ws/install/turtlebot3_gazebo/share/turtlebot3_gazebo/package.zsh'
[1.506s] Level 1:colcon.colcon_core.environment:create_file_with_runtime_dependencies(/home/aleksi/turtlebot3_ws/install/turtlebot3_gazebo/share/colcon-core/packages/turtlebot3_gazebo)
[1.519s] Level 1:colcon.colcon_core.environment:create_environment_scripts_only(turtlebot3_fake_node)
[1.531s] Level 1:colcon.colcon_core.environment:checking '/home/aleksi/turtlebot3_ws/install/turtlebot3_fake_node' for CMake module files
[1.532s] Level 1:colcon.colcon_core.environment:checking '/home/aleksi/turtlebot3_ws/install/turtlebot3_fake_node' for CMake config files
[1.532s] Level 1:colcon.colcon_core.shell:create_environment_hook('turtlebot3_fake_node', 'cmake_prefix_path')
[1.545s] INFO:colcon.colcon_core.shell:Creating environment hook '/home/aleksi/turtlebot3_ws/install/turtlebot3_fake_node/share/turtlebot3_fake_node/hook/cmake_prefix_path.ps1'
[1.546s] INFO:colcon.colcon_core.shell:Creating environment descriptor '/home/aleksi/turtlebot3_ws/install/turtlebot3_fake_node/share/turtlebot3_fake_node/hook/cmake_prefix_path.dsv'
[1.546s] INFO:colcon.colcon_core.shell:Creating environment hook '/home/aleksi/turtlebot3_ws/install/turtlebot3_fake_node/share/turtlebot3_fake_node/hook/cmake_prefix_path.sh'
[1.546s] Level 1:colcon.colcon_core.environment:checking '/home/aleksi/turtlebot3_ws/install/turtlebot3_fake_node/lib'
[1.547s] Level 1:colcon.colcon_core.environment:checking '/home/aleksi/turtlebot3_ws/install/turtlebot3_fake_node/bin'
[1.547s] Level 1:colcon.colcon_core.environment:checking '/home/aleksi/turtlebot3_ws/install/turtlebot3_fake_node/lib/pkgconfig/turtlebot3_fake_node.pc'
[1.547s] Level 1:colcon.colcon_core.environment:checking '/home/aleksi/turtlebot3_ws/install/turtlebot3_fake_node/lib/python3.10/site-packages'
[1.547s] Level 1:colcon.colcon_core.environment:checking '/home/aleksi/turtlebot3_ws/install/turtlebot3_fake_node/bin'
[1.561s] INFO:colcon.colcon_core.shell:Creating package script '/home/aleksi/turtlebot3_ws/install/turtlebot3_fake_node/share/turtlebot3_fake_node/package.ps1'
[1.561s] INFO:colcon.colcon_core.shell:Creating package descriptor '/home/aleksi/turtlebot3_ws/install/turtlebot3_fake_node/share/turtlebot3_fake_node/package.dsv'
[1.561s] INFO:colcon.colcon_core.shell:Creating package script '/home/aleksi/turtlebot3_ws/install/turtlebot3_fake_node/share/turtlebot3_fake_node/package.sh'
[1.562s] INFO:colcon.colcon_core.shell:Creating package script '/home/aleksi/turtlebot3_ws/install/turtlebot3_fake_node/share/turtlebot3_fake_node/package.bash'
[1.562s] INFO:colcon.colcon_core.shell:Creating package script '/home/aleksi/turtlebot3_ws/install/turtlebot3_fake_node/share/turtlebot3_fake_node/package.zsh'
[1.562s] Level 1:colcon.colcon_core.environment:create_file_with_runtime_dependencies(/home/aleksi/turtlebot3_ws/install/turtlebot3_fake_node/share/colcon-core/packages/turtlebot3_fake_node)
[1.577s] Level 1:colcon.colcon_core.environment:create_environment_scripts_only(turtlebot3_gazebo)
[1.590s] Level 1:colcon.colcon_core.environment:checking '/home/aleksi/turtlebot3_ws/install/turtlebot3_gazebo' for CMake module files
[1.590s] Level 1:colcon.colcon_core.environment:checking '/home/aleksi/turtlebot3_ws/install/turtlebot3_gazebo' for CMake config files
[1.591s] Level 1:colcon.colcon_core.shell:create_environment_hook('turtlebot3_gazebo', 'cmake_prefix_path')
[1.603s] INFO:colcon.colcon_core.shell:Creating environment hook '/home/aleksi/turtlebot3_ws/install/turtlebot3_gazebo/share/turtlebot3_gazebo/hook/cmake_prefix_path.ps1'
[1.604s] INFO:colcon.colcon_core.shell:Creating environment descriptor '/home/aleksi/turtlebot3_ws/install/turtlebot3_gazebo/share/turtlebot3_gazebo/hook/cmake_prefix_path.dsv'
[1.604s] INFO:colcon.colcon_core.shell:Creating environment hook '/home/aleksi/turtlebot3_ws/install/turtlebot3_gazebo/share/turtlebot3_gazebo/hook/cmake_prefix_path.sh'
[1.604s] Level 1:colcon.colcon_core.environment:checking '/home/aleksi/turtlebot3_ws/install/turtlebot3_gazebo/lib'
[1.605s] Level 1:colcon.colcon_core.environment:checking '/home/aleksi/turtlebot3_ws/install/turtlebot3_gazebo/bin'
[1.605s] Level 1:colcon.colcon_core.environment:checking '/home/aleksi/turtlebot3_ws/install/turtlebot3_gazebo/lib/pkgconfig/turtlebot3_gazebo.pc'
[1.605s] Level 1:colcon.colcon_core.environment:checking '/home/aleksi/turtlebot3_ws/install/turtlebot3_gazebo/lib/python3.10/site-packages'
[1.605s] Level 1:colcon.colcon_core.environment:checking '/home/aleksi/turtlebot3_ws/install/turtlebot3_gazebo/bin'
[1.618s] INFO:colcon.colcon_core.shell:Creating package script '/home/aleksi/turtlebot3_ws/install/turtlebot3_gazebo/share/turtlebot3_gazebo/package.ps1'
[1.619s] INFO:colcon.colcon_core.shell:Creating package descriptor '/home/aleksi/turtlebot3_ws/install/turtlebot3_gazebo/share/turtlebot3_gazebo/package.dsv'
[1.619s] INFO:colcon.colcon_core.shell:Creating package script '/home/aleksi/turtlebot3_ws/install/turtlebot3_gazebo/share/turtlebot3_gazebo/package.sh'
[1.619s] INFO:colcon.colcon_core.shell:Creating package script '/home/aleksi/turtlebot3_ws/install/turtlebot3_gazebo/share/turtlebot3_gazebo/package.bash'
[1.620s] INFO:colcon.colcon_core.shell:Creating package script '/home/aleksi/turtlebot3_ws/install/turtlebot3_gazebo/share/turtlebot3_gazebo/package.zsh'
[1.620s] Level 1:colcon.colcon_core.environment:create_file_with_runtime_dependencies(/home/aleksi/turtlebot3_ws/install/turtlebot3_gazebo/share/colcon-core/packages/turtlebot3_gazebo)
[1.620s] INFO:colcon.colcon_ros.task.ament_cmake.build:Building ROS package in '/home/aleksi/turtlebot3_ws/src/turtlebot3_simulations/turtlebot3_simulations' with build type 'ament_cmake'
[1.620s] INFO:colcon.colcon_cmake.task.cmake.build:Building CMake package in '/home/aleksi/turtlebot3_ws/src/turtlebot3_simulations/turtlebot3_simulations'
[1.634s] INFO:colcon.colcon_core.shell:Skip shell extension 'powershell' for command environment: Not usable outside of PowerShell
[1.634s] DEBUG:colcon.colcon_core.shell:Skip shell extension 'dsv' for command environment
[1.675s] DEBUG:colcon.colcon_core.event_handler.log_command:Invoked command in '/home/aleksi/turtlebot3_ws/build/control_interfaces' returned '0': CMAKE_PREFIX_PATH=${CMAKE_PREFIX_PATH}:/home/aleksi/turtlebot3_ws/install/controller:/opt/ros/humble /usr/bin/cmake --build /home/aleksi/turtlebot3_ws/build/control_interfaces -- -j24 -l24
[1.681s] DEBUG:colcon.colcon_core.event_handler.log_command:Invoking command in '/home/aleksi/turtlebot3_ws/build/turtlebot3_simulations': CMAKE_PREFIX_PATH=/home/aleksi/turtlebot3_ws/install/turtlebot3_gazebo:/home/aleksi/turtlebot3_ws/install/turtlebot3_fake_node:/home/aleksi/turtlebot3_ws/install/control_interfaces:/home/aleksi/turtlebot3_ws/install/turtlebot3_simulations:/home/aleksi/turtlebot3_ws/install/controller:/opt/ros/humble /usr/bin/cmake --build /home/aleksi/turtlebot3_ws/build/turtlebot3_simulations -- -j24 -l24
[1.718s] DEBUG:colcon.colcon_core.event_handler.log_command:Invoked command in '/home/aleksi/turtlebot3_ws/build/turtlebot3_simulations' returned '0': CMAKE_PREFIX_PATH=/home/aleksi/turtlebot3_ws/install/turtlebot3_gazebo:/home/aleksi/turtlebot3_ws/install/turtlebot3_fake_node:/home/aleksi/turtlebot3_ws/install/control_interfaces:/home/aleksi/turtlebot3_ws/install/turtlebot3_simulations:/home/aleksi/turtlebot3_ws/install/controller:/opt/ros/humble /usr/bin/cmake --build /home/aleksi/turtlebot3_ws/build/turtlebot3_simulations -- -j24 -l24
[1.741s] DEBUG:colcon.colcon_core.event_handler.log_command:Invoking command in '/home/aleksi/turtlebot3_ws/build/turtlebot3_simulations': CMAKE_PREFIX_PATH=/home/aleksi/turtlebot3_ws/install/turtlebot3_gazebo:/home/aleksi/turtlebot3_ws/install/turtlebot3_fake_node:/home/aleksi/turtlebot3_ws/install/control_interfaces:/home/aleksi/turtlebot3_ws/install/turtlebot3_simulations:/home/aleksi/turtlebot3_ws/install/controller:/opt/ros/humble /usr/bin/cmake --install /home/aleksi/turtlebot3_ws/build/turtlebot3_simulations
[1.762s] Level 1:colcon.colcon_core.environment:create_environment_scripts_only(turtlebot3_simulations)
[1.762s] DEBUG:colcon.colcon_core.event_handler.log_command:Invoked command in '/home/aleksi/turtlebot3_ws/build/turtlebot3_simulations' returned '0': CMAKE_PREFIX_PATH=/home/aleksi/turtlebot3_ws/install/turtlebot3_gazebo:/home/aleksi/turtlebot3_ws/install/turtlebot3_fake_node:/home/aleksi/turtlebot3_ws/install/control_interfaces:/home/aleksi/turtlebot3_ws/install/turtlebot3_simulations:/home/aleksi/turtlebot3_ws/install/controller:/opt/ros/humble /usr/bin/cmake --install /home/aleksi/turtlebot3_ws/build/turtlebot3_simulations
[1.775s] Level 1:colcon.colcon_core.environment:checking '/home/aleksi/turtlebot3_ws/install/turtlebot3_simulations' for CMake module files
[1.775s] Level 1:colcon.colcon_core.environment:checking '/home/aleksi/turtlebot3_ws/install/turtlebot3_simulations' for CMake config files
[1.775s] Level 1:colcon.colcon_core.shell:create_environment_hook('turtlebot3_simulations', 'cmake_prefix_path')
[1.787s] INFO:colcon.colcon_core.shell:Creating environment hook '/home/aleksi/turtlebot3_ws/install/turtlebot3_simulations/share/turtlebot3_simulations/hook/cmake_prefix_path.ps1'
[1.788s] INFO:colcon.colcon_core.shell:Creating environment descriptor '/home/aleksi/turtlebot3_ws/install/turtlebot3_simulations/share/turtlebot3_simulations/hook/cmake_prefix_path.dsv'
[1.788s] INFO:colcon.colcon_core.shell:Creating environment hook '/home/aleksi/turtlebot3_ws/install/turtlebot3_simulations/share/turtlebot3_simulations/hook/cmake_prefix_path.sh'
[1.788s] Level 1:colcon.colcon_core.environment:checking '/home/aleksi/turtlebot3_ws/install/turtlebot3_simulations/bin'
[1.788s] Level 1:colcon.colcon_core.environment:checking '/home/aleksi/turtlebot3_ws/install/turtlebot3_simulations/lib/pkgconfig/turtlebot3_simulations.pc'
[1.788s] Level 1:colcon.colcon_core.environment:checking '/home/aleksi/turtlebot3_ws/install/turtlebot3_simulations/lib/python3.10/site-packages'
[1.788s] Level 1:colcon.colcon_core.environment:checking '/home/aleksi/turtlebot3_ws/install/turtlebot3_simulations/bin'
[1.800s] INFO:colcon.colcon_core.shell:Creating package script '/home/aleksi/turtlebot3_ws/install/turtlebot3_simulations/share/turtlebot3_simulations/package.ps1'
[1.801s] INFO:colcon.colcon_core.shell:Creating package descriptor '/home/aleksi/turtlebot3_ws/install/turtlebot3_simulations/share/turtlebot3_simulations/package.dsv'
[1.801s] INFO:colcon.colcon_core.shell:Creating package script '/home/aleksi/turtlebot3_ws/install/turtlebot3_simulations/share/turtlebot3_simulations/package.sh'
[1.801s] INFO:colcon.colcon_core.shell:Creating package script '/home/aleksi/turtlebot3_ws/install/turtlebot3_simulations/share/turtlebot3_simulations/package.bash'
[1.801s] INFO:colcon.colcon_core.shell:Creating package script '/home/aleksi/turtlebot3_ws/install/turtlebot3_simulations/share/turtlebot3_simulations/package.zsh'
[1.802s] Level 1:colcon.colcon_core.environment:create_file_with_runtime_dependencies(/home/aleksi/turtlebot3_ws/install/turtlebot3_simulations/share/colcon-core/packages/turtlebot3_simulations)
[1.804s] DEBUG:colcon.colcon_core.event_handler.log_command:Invoking command in '/home/aleksi/turtlebot3_ws/build/control_interfaces': CMAKE_PREFIX_PATH=${CMAKE_PREFIX_PATH}:/home/aleksi/turtlebot3_ws/install/controller:/opt/ros/humble /usr/bin/cmake --install /home/aleksi/turtlebot3_ws/build/control_interfaces
[1.839s] Level 1:colcon.colcon_core.environment:create_environment_scripts_only(turtlebot3_simulations)
[1.855s] Level 1:colcon.colcon_core.environment:checking '/home/aleksi/turtlebot3_ws/install/turtlebot3_simulations' for CMake module files
[1.855s] Level 1:colcon.colcon_core.environment:checking '/home/aleksi/turtlebot3_ws/install/turtlebot3_simulations' for CMake config files
[1.856s] Level 1:colcon.colcon_core.shell:create_environment_hook('turtlebot3_simulations', 'cmake_prefix_path')
[1.870s] INFO:colcon.colcon_core.shell:Creating environment hook '/home/aleksi/turtlebot3_ws/install/turtlebot3_simulations/share/turtlebot3_simulations/hook/cmake_prefix_path.ps1'
[1.870s] INFO:colcon.colcon_core.shell:Creating environment descriptor '/home/aleksi/turtlebot3_ws/install/turtlebot3_simulations/share/turtlebot3_simulations/hook/cmake_prefix_path.dsv'
[1.871s] INFO:colcon.colcon_core.shell:Creating environment hook '/home/aleksi/turtlebot3_ws/install/turtlebot3_simulations/share/turtlebot3_simulations/hook/cmake_prefix_path.sh'
[1.871s] Level 1:colcon.colcon_core.environment:checking '/home/aleksi/turtlebot3_ws/install/turtlebot3_simulations/bin'
[1.871s] Level 1:colcon.colcon_core.environment:checking '/home/aleksi/turtlebot3_ws/install/turtlebot3_simulations/lib/pkgconfig/turtlebot3_simulations.pc'
[1.871s] Level 1:colcon.colcon_core.environment:checking '/home/aleksi/turtlebot3_ws/install/turtlebot3_simulations/lib/python3.10/site-packages'
[1.871s] Level 1:colcon.colcon_core.environment:checking '/home/aleksi/turtlebot3_ws/install/turtlebot3_simulations/bin'
[1.886s] INFO:colcon.colcon_core.shell:Creating package script '/home/aleksi/turtlebot3_ws/install/turtlebot3_simulations/share/turtlebot3_simulations/package.ps1'
[1.886s] INFO:colcon.colcon_core.shell:Creating package descriptor '/home/aleksi/turtlebot3_ws/install/turtlebot3_simulations/share/turtlebot3_simulations/package.dsv'
[1.886s] INFO:colcon.colcon_core.shell:Creating package script '/home/aleksi/turtlebot3_ws/install/turtlebot3_simulations/share/turtlebot3_simulations/package.sh'
[1.887s] INFO:colcon.colcon_core.shell:Creating package script '/home/aleksi/turtlebot3_ws/install/turtlebot3_simulations/share/turtlebot3_simulations/package.bash'
[1.887s] INFO:colcon.colcon_core.shell:Creating package script '/home/aleksi/turtlebot3_ws/install/turtlebot3_simulations/share/turtlebot3_simulations/package.zsh'
[1.887s] Level 1:colcon.colcon_core.environment:create_file_with_runtime_dependencies(/home/aleksi/turtlebot3_ws/install/turtlebot3_simulations/share/colcon-core/packages/turtlebot3_simulations)
[1.888s] Level 1:colcon.colcon_core.environment:create_environment_scripts_only(control_interfaces)
[1.889s] DEBUG:colcon.colcon_core.event_handler.log_command:Invoked command in '/home/aleksi/turtlebot3_ws/build/control_interfaces' returned '0': CMAKE_PREFIX_PATH=${CMAKE_PREFIX_PATH}:/home/aleksi/turtlebot3_ws/install/controller:/opt/ros/humble /usr/bin/cmake --install /home/aleksi/turtlebot3_ws/build/control_interfaces
[1.903s] Level 1:colcon.colcon_core.environment:checking '/home/aleksi/turtlebot3_ws/install/control_interfaces' for CMake module files
[1.904s] Level 1:colcon.colcon_core.environment:checking '/home/aleksi/turtlebot3_ws/install/control_interfaces' for CMake config files
[1.904s] Level 1:colcon.colcon_core.shell:create_environment_hook('control_interfaces', 'cmake_prefix_path')
[1.919s] INFO:colcon.colcon_core.shell:Creating environment hook '/home/aleksi/turtlebot3_ws/install/control_interfaces/share/control_interfaces/hook/cmake_prefix_path.ps1'
[1.919s] INFO:colcon.colcon_core.shell:Creating environment descriptor '/home/aleksi/turtlebot3_ws/install/control_interfaces/share/control_interfaces/hook/cmake_prefix_path.dsv'
[1.919s] INFO:colcon.colcon_core.shell:Creating environment hook '/home/aleksi/turtlebot3_ws/install/control_interfaces/share/control_interfaces/hook/cmake_prefix_path.sh'
[1.920s] Level 1:colcon.colcon_core.environment:checking '/home/aleksi/turtlebot3_ws/install/control_interfaces/lib'
[1.920s] Level 1:colcon.colcon_core.shell:create_environment_hook('control_interfaces', 'ld_library_path_lib')
[1.934s] INFO:colcon.colcon_core.shell:Creating environment hook '/home/aleksi/turtlebot3_ws/install/control_interfaces/share/control_interfaces/hook/ld_library_path_lib.ps1'
[1.934s] INFO:colcon.colcon_core.shell:Creating environment descriptor '/home/aleksi/turtlebot3_ws/install/control_interfaces/share/control_interfaces/hook/ld_library_path_lib.dsv'
[1.935s] INFO:colcon.colcon_core.shell:Creating environment hook '/home/aleksi/turtlebot3_ws/install/control_interfaces/share/control_interfaces/hook/ld_library_path_lib.sh'
[1.935s] Level 1:colcon.colcon_core.environment:checking '/home/aleksi/turtlebot3_ws/install/control_interfaces/bin'
[1.935s] Level 1:colcon.colcon_core.environment:checking '/home/aleksi/turtlebot3_ws/install/control_interfaces/lib/pkgconfig/control_interfaces.pc'
[1.935s] Level 1:colcon.colcon_core.environment:checking '/home/aleksi/turtlebot3_ws/install/control_interfaces/lib/python3.10/site-packages'
[1.935s] Level 1:colcon.colcon_core.environment:checking '/home/aleksi/turtlebot3_ws/install/control_interfaces/bin'
[1.950s] INFO:colcon.colcon_core.shell:Creating package script '/home/aleksi/turtlebot3_ws/install/control_interfaces/share/control_interfaces/package.ps1'
[1.950s] INFO:colcon.colcon_core.shell:Creating package descriptor '/home/aleksi/turtlebot3_ws/install/control_interfaces/share/control_interfaces/package.dsv'
[1.950s] INFO:colcon.colcon_core.shell:Creating package script '/home/aleksi/turtlebot3_ws/install/control_interfaces/share/control_interfaces/package.sh'
[1.950s] INFO:colcon.colcon_core.shell:Creating package script '/home/aleksi/turtlebot3_ws/install/control_interfaces/share/control_interfaces/package.bash'
[1.951s] INFO:colcon.colcon_core.shell:Creating package script '/home/aleksi/turtlebot3_ws/install/control_interfaces/share/control_interfaces/package.zsh'
[1.951s] Level 1:colcon.colcon_core.environment:create_file_with_runtime_dependencies(/home/aleksi/turtlebot3_ws/install/control_interfaces/share/colcon-core/packages/control_interfaces)
[2.090s] Level 1:colcon.colcon_core.environment:create_environment_scripts_only(control_interfaces)
[2.108s] Level 1:colcon.colcon_core.environment:checking '/home/aleksi/turtlebot3_ws/install/control_interfaces' for CMake module files
[2.109s] Level 1:colcon.colcon_core.environment:checking '/home/aleksi/turtlebot3_ws/install/control_interfaces' for CMake config files
[2.109s] Level 1:colcon.colcon_core.shell:create_environment_hook('control_interfaces', 'cmake_prefix_path')
[2.122s] INFO:colcon.colcon_core.shell:Creating environment hook '/home/aleksi/turtlebot3_ws/install/control_interfaces/share/control_interfaces/hook/cmake_prefix_path.ps1'
[2.122s] INFO:colcon.colcon_core.shell:Creating environment descriptor '/home/aleksi/turtlebot3_ws/install/control_interfaces/share/control_interfaces/hook/cmake_prefix_path.dsv'
[2.122s] INFO:colcon.colcon_core.shell:Creating environment hook '/home/aleksi/turtlebot3_ws/install/control_interfaces/share/control_interfaces/hook/cmake_prefix_path.sh'
[2.122s] Level 1:colcon.colcon_core.environment:checking '/home/aleksi/turtlebot3_ws/install/control_interfaces/lib'
[2.123s] Level 1:colcon.colcon_core.shell:create_environment_hook('control_interfaces', 'ld_library_path_lib')
[2.134s] INFO:colcon.colcon_core.shell:Creating environment hook '/home/aleksi/turtlebot3_ws/install/control_interfaces/share/control_interfaces/hook/ld_library_path_lib.ps1'
[2.135s] INFO:colcon.colcon_core.shell:Creating environment descriptor '/home/aleksi/turtlebot3_ws/install/control_interfaces/share/control_interfaces/hook/ld_library_path_lib.dsv'
[2.135s] INFO:colcon.colcon_core.shell:Creating environment hook '/home/aleksi/turtlebot3_ws/install/control_interfaces/share/control_interfaces/hook/ld_library_path_lib.sh'
[2.135s] Level 1:colcon.colcon_core.environment:checking '/home/aleksi/turtlebot3_ws/install/control_interfaces/bin'
[2.135s] Level 1:colcon.colcon_core.environment:checking '/home/aleksi/turtlebot3_ws/install/control_interfaces/lib/pkgconfig/control_interfaces.pc'
[2.135s] Level 1:colcon.colcon_core.environment:checking '/home/aleksi/turtlebot3_ws/install/control_interfaces/lib/python3.10/site-packages'
[2.135s] Level 1:colcon.colcon_core.environment:checking '/home/aleksi/turtlebot3_ws/install/control_interfaces/bin'
[2.147s] INFO:colcon.colcon_core.shell:Creating package script '/home/aleksi/turtlebot3_ws/install/control_interfaces/share/control_interfaces/package.ps1'
[2.147s] INFO:colcon.colcon_core.shell:Creating package descriptor '/home/aleksi/turtlebot3_ws/install/control_interfaces/share/control_interfaces/package.dsv'
[2.148s] INFO:colcon.colcon_core.shell:Creating package script '/home/aleksi/turtlebot3_ws/install/control_interfaces/share/control_interfaces/package.sh'
[2.148s] INFO:colcon.colcon_core.shell:Creating package script '/home/aleksi/turtlebot3_ws/install/control_interfaces/share/control_interfaces/package.bash'
[2.148s] INFO:colcon.colcon_core.shell:Creating package script '/home/aleksi/turtlebot3_ws/install/control_interfaces/share/control_interfaces/package.zsh'
[2.149s] Level 1:colcon.colcon_core.environment:create_file_with_runtime_dependencies(/home/aleksi/turtlebot3_ws/install/control_interfaces/share/colcon-core/packages/control_interfaces)
[2.149s] INFO:colcon.colcon_ros.task.ament_python.build:Building ROS package in '/home/aleksi/turtlebot3_ws/src/controller' with build type 'ament_python'
[2.149s] Level 1:colcon.colcon_core.shell:create_environment_hook('controller', 'ament_prefix_path')
[2.162s] INFO:colcon.colcon_core.shell:Creating environment hook '/home/aleksi/turtlebot3_ws/install/controller/share/controller/hook/ament_prefix_path.ps1'
[2.162s] INFO:colcon.colcon_core.shell:Creating environment descriptor '/home/aleksi/turtlebot3_ws/install/controller/share/controller/hook/ament_prefix_path.dsv'
[2.162s] INFO:colcon.colcon_core.shell:Creating environment hook '/home/aleksi/turtlebot3_ws/install/controller/share/controller/hook/ament_prefix_path.sh'
[2.174s] INFO:colcon.colcon_core.shell:Skip shell extension 'powershell' for command environment: Not usable outside of PowerShell
[2.174s] DEBUG:colcon.colcon_core.shell:Skip shell extension 'dsv' for command environment
[2.409s] INFO:colcon.colcon_core.task.python.build:Building Python package in '/home/aleksi/turtlebot3_ws/src/controller'
[2.421s] INFO:colcon.colcon_core.shell:Skip shell extension 'powershell' for command environment: Not usable outside of PowerShell
[2.421s] DEBUG:colcon.colcon_core.shell:Skip shell extension 'dsv' for command environment
[2.725s] DEBUG:colcon.colcon_core.event_handler.log_command:Invoking command in '/home/aleksi/turtlebot3_ws/src/controller': PYTHONPATH=/home/aleksi/turtlebot3_ws/build/controller/prefix_override:/home/aleksi/turtlebot3_ws/install/controller/lib/python3.10/site-packages:${PYTHONPATH} /usr/bin/python3 setup.py egg_info --egg-base ../../build/controller build --build-base /home/aleksi/turtlebot3_ws/build/controller/build install --record /home/aleksi/turtlebot3_ws/build/controller/install.log --single-version-externally-managed
[2.952s] DEBUG:colcon.colcon_core.event_handler.log_command:Invoked command in '/home/aleksi/turtlebot3_ws/src/controller' returned '0': PYTHONPATH=/home/aleksi/turtlebot3_ws/build/controller/prefix_override:/home/aleksi/turtlebot3_ws/install/controller/lib/python3.10/site-packages:${PYTHONPATH} /usr/bin/python3 setup.py egg_info --egg-base ../../build/controller build --build-base /home/aleksi/turtlebot3_ws/build/controller/build install --record /home/aleksi/turtlebot3_ws/build/controller/install.log --single-version-externally-managed
[2.974s] Level 1:colcon.colcon_core.environment:checking '/home/aleksi/turtlebot3_ws/install/controller' for CMake module files
[2.974s] Level 1:colcon.colcon_core.environment:checking '/home/aleksi/turtlebot3_ws/install/controller' for CMake config files
[2.975s] Level 1:colcon.colcon_core.environment:checking '/home/aleksi/turtlebot3_ws/install/controller/lib'
[2.975s] Level 1:colcon.colcon_core.environment:checking '/home/aleksi/turtlebot3_ws/install/controller/bin'
[2.975s] Level 1:colcon.colcon_core.environment:checking '/home/aleksi/turtlebot3_ws/install/controller/lib/pkgconfig/controller.pc'
[2.975s] Level 1:colcon.colcon_core.environment:checking '/home/aleksi/turtlebot3_ws/install/controller/lib/python3.10/site-packages'
[2.976s] Level 1:colcon.colcon_core.shell:create_environment_hook('controller', 'pythonpath')
[2.997s] INFO:colcon.colcon_core.shell:Creating environment hook '/home/aleksi/turtlebot3_ws/install/controller/share/controller/hook/pythonpath.ps1'
[2.998s] INFO:colcon.colcon_core.shell:Creating environment descriptor '/home/aleksi/turtlebot3_ws/install/controller/share/controller/hook/pythonpath.dsv'
[2.998s] INFO:colcon.colcon_core.shell:Creating environment hook '/home/aleksi/turtlebot3_ws/install/controller/share/controller/hook/pythonpath.sh'
[2.999s] Level 1:colcon.colcon_core.environment:checking '/home/aleksi/turtlebot3_ws/install/controller/bin'
[2.999s] Level 1:colcon.colcon_core.environment:create_environment_scripts_only(controller)
[3.015s] INFO:colcon.colcon_core.shell:Creating package script '/home/aleksi/turtlebot3_ws/install/controller/share/controller/package.ps1'
[3.016s] INFO:colcon.colcon_core.shell:Creating package descriptor '/home/aleksi/turtlebot3_ws/install/controller/share/controller/package.dsv'
[3.016s] INFO:colcon.colcon_core.shell:Creating package script '/home/aleksi/turtlebot3_ws/install/controller/share/controller/package.sh'
[3.016s] INFO:colcon.colcon_core.shell:Creating package script '/home/aleksi/turtlebot3_ws/install/controller/share/controller/package.bash'
[3.016s] INFO:colcon.colcon_core.shell:Creating package script '/home/aleksi/turtlebot3_ws/install/controller/share/controller/package.zsh'
[3.017s] Level 1:colcon.colcon_core.environment:create_file_with_runtime_dependencies(/home/aleksi/turtlebot3_ws/install/controller/share/colcon-core/packages/controller)
[3.017s] DEBUG:colcon.colcon_parallel_executor.executor.parallel:closing loop
[3.017s] DEBUG:colcon.colcon_parallel_executor.executor.parallel:loop closed
[3.017s] DEBUG:colcon.colcon_parallel_executor.executor.parallel:run_until_complete finished with '0'
[3.017s] DEBUG:colcon.colcon_core.event_reactor:joining thread
[3.055s] INFO:colcon.colcon_core.plugin_system:Skipping extension 'colcon_notification.desktop_notification.terminal_notifier': Not used on non-Darwin systems
[3.055s] INFO:colcon.colcon_core.plugin_system:Skipping extension 'colcon_notification.desktop_notification.win32': Not used on non-Windows systems
[3.055s] INFO:colcon.colcon_notification.desktop_notification:Sending desktop notification using 'notify2'
[3.066s] DEBUG:colcon.colcon_core.event_reactor:joined thread
[3.083s] INFO:colcon.colcon_core.shell:Creating prefix script '/home/aleksi/turtlebot3_ws/install/local_setup.ps1'
[3.084s] INFO:colcon.colcon_core.shell:Creating prefix util module '/home/aleksi/turtlebot3_ws/install/_local_setup_util_ps1.py'
[3.085s] INFO:colcon.colcon_core.shell:Creating prefix chain script '/home/aleksi/turtlebot3_ws/install/setup.ps1'
[3.103s] INFO:colcon.colcon_core.shell:Creating prefix script '/home/aleksi/turtlebot3_ws/install/local_setup.sh'
[3.104s] INFO:colcon.colcon_core.shell:Creating prefix util module '/home/aleksi/turtlebot3_ws/install/_local_setup_util_sh.py'
[3.104s] INFO:colcon.colcon_core.shell:Creating prefix chain script '/home/aleksi/turtlebot3_ws/install/setup.sh'
[3.116s] INFO:colcon.colcon_core.shell:Creating prefix script '/home/aleksi/turtlebot3_ws/install/local_setup.bash'
[3.117s] INFO:colcon.colcon_core.shell:Creating prefix chain script '/home/aleksi/turtlebot3_ws/install/setup.bash'
[3.128s] INFO:colcon.colcon_core.shell:Creating prefix script '/home/aleksi/turtlebot3_ws/install/local_setup.zsh'
[3.129s] INFO:colcon.colcon_core.shell:Creating prefix chain script '/home/aleksi/turtlebot3_ws/install/setup.zsh'
