[0.836s] DEBUG:colcon:Command line arguments: ['/usr/bin/colcon', 'build']
[0.836s] DEBUG:colcon:Parsed command line arguments: Namespace(log_base=None, log_level=None, verb_name='build', build_base='build', install_base='install', merge_install=False, symlink_install=False, test_result_base=None, continue_on_error=False, executor='parallel', parallel_workers=24, event_handlers=None, ignore_user_meta=False, metas=['./colcon.meta'], base_paths=['.'], packages_ignore=None, packages_ignore_regex=None, paths=None, packages_up_to=None, packages_up_to_regex=None, packages_above=None, packages_above_and_dependencies=None, packages_above_depth=None, packages_select_by_dep=None, packages_skip_by_dep=None, packages_skip_up_to=None, packages_select_build_failed=False, packages_skip_build_finished=False, packages_select_test_failures=False, packages_skip_test_passed=False, packages_select=None, packages_skip=None, packages_select_regex=None, packages_skip_regex=None, packages_start=None, packages_end=None, allow_overriding=[], cmake_args=None, cmake_target=None, cmake_target_skip_unavailable=False, cmake_clean_cache=False, cmake_clean_first=False, cmake_force_configure=False, ament_cmake_args=None, catkin_cmake_args=None, catkin_skip_building_tests=False, verb_parser=<colcon_defaults.argument_parser.defaults.DefaultArgumentsDecorator object at 0x7f6bb87734c0>, verb_extension=<colcon_core.verb.build.BuildVerb object at 0x7f6bb8bc34f0>, main=<bound method BuildVerb.main of <colcon_core.verb.build.BuildVerb object at 0x7f6bb8bc34f0>>)
[0.874s] Level 1:colcon.colcon_core.package_discovery:discover_packages(colcon_meta) check parameters
[0.875s] Level 1:colcon.colcon_core.package_discovery:discover_packages(recursive) check parameters
[0.875s] Level 1:colcon.colcon_core.package_discovery:discover_packages(ignore) check parameters
[0.875s] Level 1:colcon.colcon_core.package_discovery:discover_packages(path) check parameters
[0.875s] Level 1:colcon.colcon_core.package_discovery:discover_packages(colcon_meta) discover
[0.875s] Level 1:colcon.colcon_core.package_discovery:discover_packages(recursive) discover
[0.875s] INFO:colcon.colcon_core.package_discovery:Crawling recursively for packages in '/home/aleksi/turtlebot3_ws'
[0.875s] Level 1:colcon.colcon_core.package_identification:_identify(.) by extensions ['ignore', 'ignore_ament_install']
[0.875s] Level 1:colcon.colcon_core.package_identification:_identify(.) by extension 'ignore'
[0.875s] Level 1:colcon.colcon_core.package_identification:_identify(.) by extension 'ignore_ament_install'
[0.875s] Level 1:colcon.colcon_core.package_identification:_identify(.) by extensions ['colcon_pkg']
[0.875s] Level 1:colcon.colcon_core.package_identification:_identify(.) by extension 'colcon_pkg'
[0.875s] Level 1:colcon.colcon_core.package_identification:_identify(.) by extensions ['colcon_meta']
[0.875s] Level 1:colcon.colcon_core.package_identification:_identify(.) by extension 'colcon_meta'
[0.875s] Level 1:colcon.colcon_core.package_identification:_identify(.) by extensions ['ros']
[0.875s] Level 1:colcon.colcon_core.package_identification:_identify(.) by extension 'ros'
[0.884s] Level 1:colcon.colcon_core.package_identification:_identify(.) by extensions ['cmake', 'python']
[0.884s] Level 1:colcon.colcon_core.package_identification:_identify(.) by extension 'cmake'
[0.884s] Level 1:colcon.colcon_core.package_identification:_identify(.) by extension 'python'
[0.884s] Level 1:colcon.colcon_core.package_identification:_identify(.) by extensions ['python_setup_py']
[0.884s] Level 1:colcon.colcon_core.package_identification:_identify(.) by extension 'python_setup_py'
[0.884s] Level 1:colcon.colcon_core.package_identification:_identify(build) by extensions ['ignore', 'ignore_ament_install']
[0.884s] Level 1:colcon.colcon_core.package_identification:_identify(build) by extension 'ignore'
[0.884s] Level 1:colcon.colcon_core.package_identification:_identify(build) ignored
[0.884s] Level 1:colcon.colcon_core.package_identification:_identify(install) by extensions ['ignore', 'ignore_ament_install']
[0.884s] Level 1:colcon.colcon_core.package_identification:_identify(install) by extension 'ignore'
[0.884s] Level 1:colcon.colcon_core.package_identification:_identify(install) ignored
[0.884s] Level 1:colcon.colcon_core.package_identification:_identify(log) by extensions ['ignore', 'ignore_ament_install']
[0.884s] Level 1:colcon.colcon_core.package_identification:_identify(log) by extension 'ignore'
[0.884s] Level 1:colcon.colcon_core.package_identification:_identify(log) ignored
[0.884s] Level 1:colcon.colcon_core.package_identification:_identify(src) by extensions ['ignore', 'ignore_ament_install']
[0.884s] Level 1:colcon.colcon_core.package_identification:_identify(src) by extension 'ignore'
[0.884s] Level 1:colcon.colcon_core.package_identification:_identify(src) by extension 'ignore_ament_install'
[0.884s] Level 1:colcon.colcon_core.package_identification:_identify(src) by extensions ['colcon_pkg']
[0.885s] Level 1:colcon.colcon_core.package_identification:_identify(src) by extension 'colcon_pkg'
[0.885s] Level 1:colcon.colcon_core.package_identification:_identify(src) by extensions ['colcon_meta']
[0.885s] Level 1:colcon.colcon_core.package_identification:_identify(src) by extension 'colcon_meta'
[0.885s] Level 1:colcon.colcon_core.package_identification:_identify(src) by extensions ['ros']
[0.885s] Level 1:colcon.colcon_core.package_identification:_identify(src) by extension 'ros'
[0.885s] Level 1:colcon.colcon_core.package_identification:_identify(src) by extensions ['cmake', 'python']
[0.885s] Level 1:colcon.colcon_core.package_identification:_identify(src) by extension 'cmake'
[0.885s] Level 1:colcon.colcon_core.package_identification:_identify(src) by extension 'python'
[0.885s] Level 1:colcon.colcon_core.package_identification:_identify(src) by extensions ['python_setup_py']
[0.885s] Level 1:colcon.colcon_core.package_identification:_identify(src) by extension 'python_setup_py'
[0.885s] Level 1:colcon.colcon_core.package_identification:_identify(src/control_interfaces) by extensions ['ignore', 'ignore_ament_install']
[0.885s] Level 1:colcon.colcon_core.package_identification:_identify(src/control_interfaces) by extension 'ignore'
[0.885s] Level 1:colcon.colcon_core.package_identification:_identify(src/control_interfaces) by extension 'ignore_ament_install'
[0.885s] Level 1:colcon.colcon_core.package_identification:_identify(src/control_interfaces) by extensions ['colcon_pkg']
[0.885s] Level 1:colcon.colcon_core.package_identification:_identify(src/control_interfaces) by extension 'colcon_pkg'
[0.885s] Level 1:colcon.colcon_core.package_identification:_identify(src/control_interfaces) by extensions ['colcon_meta']
[0.885s] Level 1:colcon.colcon_core.package_identification:_identify(src/control_interfaces) by extension 'colcon_meta'
[0.885s] Level 1:colcon.colcon_core.package_identification:_identify(src/control_interfaces) by extensions ['ros']
[0.885s] Level 1:colcon.colcon_core.package_identification:_identify(src/control_interfaces) by extension 'ros'
[0.887s] DEBUG:colcon.colcon_core.package_identification:Package 'src/control_interfaces' with type 'ros.ament_cmake' and name 'control_interfaces'
[0.887s] Level 1:colcon.colcon_core.package_identification:_identify(src/controller) by extensions ['ignore', 'ignore_ament_install']
[0.887s] Level 1:colcon.colcon_core.package_identification:_identify(src/controller) by extension 'ignore'
[0.887s] Level 1:colcon.colcon_core.package_identification:_identify(src/controller) by extension 'ignore_ament_install'
[0.887s] Level 1:colcon.colcon_core.package_identification:_identify(src/controller) by extensions ['colcon_pkg']
[0.887s] Level 1:colcon.colcon_core.package_identification:_identify(src/controller) by extension 'colcon_pkg'
[0.887s] Level 1:colcon.colcon_core.package_identification:_identify(src/controller) by extensions ['colcon_meta']
[0.887s] Level 1:colcon.colcon_core.package_identification:_identify(src/controller) by extension 'colcon_meta'
[0.887s] Level 1:colcon.colcon_core.package_identification:_identify(src/controller) by extensions ['ros']
[0.887s] Level 1:colcon.colcon_core.package_identification:_identify(src/controller) by extension 'ros'
[0.888s] DEBUG:colcon.colcon_core.package_identification:Package 'src/controller' with type 'ros.ament_python' and name 'controller'
[0.888s] Level 1:colcon.colcon_core.package_identification:_identify(src/turtlebot3_simulations) by extensions ['ignore', 'ignore_ament_install']
[0.888s] Level 1:colcon.colcon_core.package_identification:_identify(src/turtlebot3_simulations) by extension 'ignore'
[0.888s] Level 1:colcon.colcon_core.package_identification:_identify(src/turtlebot3_simulations) by extension 'ignore_ament_install'
[0.888s] Level 1:colcon.colcon_core.package_identification:_identify(src/turtlebot3_simulations) by extensions ['colcon_pkg']
[0.888s] Level 1:colcon.colcon_core.package_identification:_identify(src/turtlebot3_simulations) by extension 'colcon_pkg'
[0.888s] Level 1:colcon.colcon_core.package_identification:_identify(src/turtlebot3_simulations) by extensions ['colcon_meta']
[0.888s] Level 1:colcon.colcon_core.package_identification:_identify(src/turtlebot3_simulations) by extension 'colcon_meta'
[0.888s] Level 1:colcon.colcon_core.package_identification:_identify(src/turtlebot3_simulations) by extensions ['ros']
[0.888s] Level 1:colcon.colcon_core.package_identification:_identify(src/turtlebot3_simulations) by extension 'ros'
[0.888s] Level 1:colcon.colcon_core.package_identification:_identify(src/turtlebot3_simulations) by extensions ['cmake', 'python']
[0.888s] Level 1:colcon.colcon_core.package_identification:_identify(src/turtlebot3_simulations) by extension 'cmake'
[0.888s] Level 1:colcon.colcon_core.package_identification:_identify(src/turtlebot3_simulations) by extension 'python'
[0.888s] Level 1:colcon.colcon_core.package_identification:_identify(src/turtlebot3_simulations) by extensions ['python_setup_py']
[0.888s] Level 1:colcon.colcon_core.package_identification:_identify(src/turtlebot3_simulations) by extension 'python_setup_py'
[0.888s] Level 1:colcon.colcon_core.package_identification:_identify(src/turtlebot3_simulations/turtlebot3_fake_node) by extensions ['ignore', 'ignore_ament_install']
[0.888s] Level 1:colcon.colcon_core.package_identification:_identify(src/turtlebot3_simulations/turtlebot3_fake_node) by extension 'ignore'
[0.888s] Level 1:colcon.colcon_core.package_identification:_identify(src/turtlebot3_simulations/turtlebot3_fake_node) by extension 'ignore_ament_install'
[0.888s] Level 1:colcon.colcon_core.package_identification:_identify(src/turtlebot3_simulations/turtlebot3_fake_node) by extensions ['colcon_pkg']
[0.888s] Level 1:colcon.colcon_core.package_identification:_identify(src/turtlebot3_simulations/turtlebot3_fake_node) by extension 'colcon_pkg'
[0.888s] Level 1:colcon.colcon_core.package_identification:_identify(src/turtlebot3_simulations/turtlebot3_fake_node) by extensions ['colcon_meta']
[0.888s] Level 1:colcon.colcon_core.package_identification:_identify(src/turtlebot3_simulations/turtlebot3_fake_node) by extension 'colcon_meta'
[0.888s] Level 1:colcon.colcon_core.package_identification:_identify(src/turtlebot3_simulations/turtlebot3_fake_node) by extensions ['ros']
[0.888s] Level 1:colcon.colcon_core.package_identification:_identify(src/turtlebot3_simulations/turtlebot3_fake_node) by extension 'ros'
[0.889s] DEBUG:colcon.colcon_core.package_identification:Package 'src/turtlebot3_simulations/turtlebot3_fake_node' with type 'ros.ament_cmake' and name 'turtlebot3_fake_node'
[0.889s] Level 1:colcon.colcon_core.package_identification:_identify(src/turtlebot3_simulations/turtlebot3_gazebo) by extensions ['ignore', 'ignore_ament_install']
[0.889s] Level 1:colcon.colcon_core.package_identification:_identify(src/turtlebot3_simulations/turtlebot3_gazebo) by extension 'ignore'
[0.889s] Level 1:colcon.colcon_core.package_identification:_identify(src/turtlebot3_simulations/turtlebot3_gazebo) by extension 'ignore_ament_install'
[0.889s] Level 1:colcon.colcon_core.package_identification:_identify(src/turtlebot3_simulations/turtlebot3_gazebo) by extensions ['colcon_pkg']
[0.889s] Level 1:colcon.colcon_core.package_identification:_identify(src/turtlebot3_simulations/turtlebot3_gazebo) by extension 'colcon_pkg'
[0.890s] Level 1:colcon.colcon_core.package_identification:_identify(src/turtlebot3_simulations/turtlebot3_gazebo) by extensions ['colcon_meta']
[0.890s] Level 1:colcon.colcon_core.package_identification:_identify(src/turtlebot3_simulations/turtlebot3_gazebo) by extension 'colcon_meta'
[0.890s] Level 1:colcon.colcon_core.package_identification:_identify(src/turtlebot3_simulations/turtlebot3_gazebo) by extensions ['ros']
[0.890s] Level 1:colcon.colcon_core.package_identification:_identify(src/turtlebot3_simulations/turtlebot3_gazebo) by extension 'ros'
[0.890s] DEBUG:colcon.colcon_core.package_identification:Package 'src/turtlebot3_simulations/turtlebot3_gazebo' with type 'ros.ament_cmake' and name 'turtlebot3_gazebo'
[0.890s] Level 1:colcon.colcon_core.package_identification:_identify(src/turtlebot3_simulations/turtlebot3_simulations) by extensions ['ignore', 'ignore_ament_install']
[0.890s] Level 1:colcon.colcon_core.package_identification:_identify(src/turtlebot3_simulations/turtlebot3_simulations) by extension 'ignore'
[0.890s] Level 1:colcon.colcon_core.package_identification:_identify(src/turtlebot3_simulations/turtlebot3_simulations) by extension 'ignore_ament_install'
[0.891s] Level 1:colcon.colcon_core.package_identification:_identify(src/turtlebot3_simulations/turtlebot3_simulations) by extensions ['colcon_pkg']
[0.891s] Level 1:colcon.colcon_core.package_identification:_identify(src/turtlebot3_simulations/turtlebot3_simulations) by extension 'colcon_pkg'
[0.891s] Level 1:colcon.colcon_core.package_identification:_identify(src/turtlebot3_simulations/turtlebot3_simulations) by extensions ['colcon_meta']
[0.891s] Level 1:colcon.colcon_core.package_identification:_identify(src/turtlebot3_simulations/turtlebot3_simulations) by extension 'colcon_meta'
[0.891s] Level 1:colcon.colcon_core.package_identification:_identify(src/turtlebot3_simulations/turtlebot3_simulations) by extensions ['ros']
[0.891s] Level 1:colcon.colcon_core.package_identification:_identify(src/turtlebot3_simulations/turtlebot3_simulations) by extension 'ros'
[0.891s] DEBUG:colcon.colcon_core.package_identification:Package 'src/turtlebot3_simulations/turtlebot3_simulations' with type 'ros.ament_cmake' and name 'turtlebot3_simulations'
[0.891s] Level 1:colcon.colcon_core.package_discovery:discover_packages(recursive) using defaults
[0.891s] Level 1:colcon.colcon_core.package_discovery:discover_packages(ignore) discover
[0.891s] Level 1:colcon.colcon_core.package_discovery:discover_packages(ignore) using defaults
[0.891s] Level 1:colcon.colcon_core.package_discovery:discover_packages(path) discover
[0.891s] Level 1:colcon.colcon_core.package_discovery:discover_packages(path) using defaults
[0.968s] Level 1:colcon.colcon_core.package_discovery:discover_packages(prefix_path) check parameters
[0.968s] Level 1:colcon.colcon_core.package_discovery:discover_packages(prefix_path) discover
[0.994s] DEBUG:colcon.colcon_installed_package_information.package_discovery:Found 5 installed packages in /home/aleksi/turtlebot3_ws/install
[1.008s] DEBUG:colcon.colcon_installed_package_information.package_discovery:Found 405 installed packages in /opt/ros/humble
[1.009s] Level 1:colcon.colcon_core.package_discovery:discover_packages(prefix_path) using defaults
[1.105s] Level 5:colcon.colcon_core.verb:set package 'control_interfaces' build argument 'cmake_args' from command line to 'None'
[1.105s] Level 5:colcon.colcon_core.verb:set package 'control_interfaces' build argument 'cmake_target' from command line to 'None'
[1.105s] Level 5:colcon.colcon_core.verb:set package 'control_interfaces' build argument 'cmake_target_skip_unavailable' from command line to 'False'
[1.105s] Level 5:colcon.colcon_core.verb:set package 'control_interfaces' build argument 'cmake_clean_cache' from command line to 'False'
[1.105s] Level 5:colcon.colcon_core.verb:set package 'control_interfaces' build argument 'cmake_clean_first' from command line to 'False'
[1.105s] Level 5:colcon.colcon_core.verb:set package 'control_interfaces' build argument 'cmake_force_configure' from command line to 'False'
[1.105s] Level 5:colcon.colcon_core.verb:set package 'control_interfaces' build argument 'ament_cmake_args' from command line to 'None'
[1.105s] Level 5:colcon.colcon_core.verb:set package 'control_interfaces' build argument 'catkin_cmake_args' from command line to 'None'
[1.105s] Level 5:colcon.colcon_core.verb:set package 'control_interfaces' build argument 'catkin_skip_building_tests' from command line to 'False'
[1.105s] DEBUG:colcon.colcon_core.verb:Building package 'control_interfaces' with the following arguments: {'ament_cmake_args': None, 'build_base': '/home/aleksi/turtlebot3_ws/build/control_interfaces', 'catkin_cmake_args': None, 'catkin_skip_building_tests': False, 'cmake_args': None, 'cmake_clean_cache': False, 'cmake_clean_first': False, 'cmake_force_configure': False, 'cmake_target': None, 'cmake_target_skip_unavailable': False, 'install_base': '/home/aleksi/turtlebot3_ws/install/control_interfaces', 'merge_install': False, 'path': '/home/aleksi/turtlebot3_ws/src/control_interfaces', 'symlink_install': False, 'test_result_base': None}
[1.117s] Level 5:colcon.colcon_core.verb:set package 'turtlebot3_fake_node' build argument 'cmake_args' from command line to 'None'
[1.118s] Level 5:colcon.colcon_core.verb:set package 'turtlebot3_fake_node' build argument 'cmake_target' from command line to 'None'
[1.118s] Level 5:colcon.colcon_core.verb:set package 'turtlebot3_fake_node' build argument 'cmake_target_skip_unavailable' from command line to 'False'
[1.118s] Level 5:colcon.colcon_core.verb:set package 'turtlebot3_fake_node' build argument 'cmake_clean_cache' from command line to 'False'
[1.118s] Level 5:colcon.colcon_core.verb:set package 'turtlebot3_fake_node' build argument 'cmake_clean_first' from command line to 'False'
[1.118s] Level 5:colcon.colcon_core.verb:set package 'turtlebot3_fake_node' build argument 'cmake_force_configure' from command line to 'False'
[1.118s] Level 5:colcon.colcon_core.verb:set package 'turtlebot3_fake_node' build argument 'ament_cmake_args' from command line to 'None'
[1.118s] Level 5:colcon.colcon_core.verb:set package 'turtlebot3_fake_node' build argument 'catkin_cmake_args' from command line to 'None'
[1.118s] Level 5:colcon.colcon_core.verb:set package 'turtlebot3_fake_node' build argument 'catkin_skip_building_tests' from command line to 'False'
[1.118s] DEBUG:colcon.colcon_core.verb:Building package 'turtlebot3_fake_node' with the following arguments: {'ament_cmake_args': None, 'build_base': '/home/aleksi/turtlebot3_ws/build/turtlebot3_fake_node', 'catkin_cmake_args': None, 'catkin_skip_building_tests': False, 'cmake_args': None, 'cmake_clean_cache': False, 'cmake_clean_first': False, 'cmake_force_configure': False, 'cmake_target': None, 'cmake_target_skip_unavailable': False, 'install_base': '/home/aleksi/turtlebot3_ws/install/turtlebot3_fake_node', 'merge_install': False, 'path': '/home/aleksi/turtlebot3_ws/src/turtlebot3_simulations/turtlebot3_fake_node', 'symlink_install': False, 'test_result_base': None}
[1.131s] Level 5:colcon.colcon_core.verb:set package 'turtlebot3_gazebo' build argument 'cmake_args' from command line to 'None'
[1.132s] Level 5:colcon.colcon_core.verb:set package 'turtlebot3_gazebo' build argument 'cmake_target' from command line to 'None'
[1.132s] Level 5:colcon.colcon_core.verb:set package 'turtlebot3_gazebo' build argument 'cmake_target_skip_unavailable' from command line to 'False'
[1.132s] Level 5:colcon.colcon_core.verb:set package 'turtlebot3_gazebo' build argument 'cmake_clean_cache' from command line to 'False'
[1.132s] Level 5:colcon.colcon_core.verb:set package 'turtlebot3_gazebo' build argument 'cmake_clean_first' from command line to 'False'
[1.132s] Level 5:colcon.colcon_core.verb:set package 'turtlebot3_gazebo' build argument 'cmake_force_configure' from command line to 'False'
[1.132s] Level 5:colcon.colcon_core.verb:set package 'turtlebot3_gazebo' build argument 'ament_cmake_args' from command line to 'None'
[1.132s] Level 5:colcon.colcon_core.verb:set package 'turtlebot3_gazebo' build argument 'catkin_cmake_args' from command line to 'None'
[1.132s] Level 5:colcon.colcon_core.verb:set package 'turtlebot3_gazebo' build argument 'catkin_skip_building_tests' from command line to 'False'
[1.132s] DEBUG:colcon.colcon_core.verb:Building package 'turtlebot3_gazebo' with the following arguments: {'ament_cmake_args': None, 'build_base': '/home/aleksi/turtlebot3_ws/build/turtlebot3_gazebo', 'catkin_cmake_args': None, 'catkin_skip_building_tests': False, 'cmake_args': None, 'cmake_clean_cache': False, 'cmake_clean_first': False, 'cmake_force_configure': False, 'cmake_target': None, 'cmake_target_skip_unavailable': False, 'install_base': '/home/aleksi/turtlebot3_ws/install/turtlebot3_gazebo', 'merge_install': False, 'path': '/home/aleksi/turtlebot3_ws/src/turtlebot3_simulations/turtlebot3_gazebo', 'symlink_install': False, 'test_result_base': None}
[1.144s] Level 5:colcon.colcon_core.verb:set package 'controller' build argument 'cmake_args' from command line to 'None'
[1.144s] Level 5:colcon.colcon_core.verb:set package 'controller' build argument 'cmake_target' from command line to 'None'
[1.144s] Level 5:colcon.colcon_core.verb:set package 'controller' build argument 'cmake_target_skip_unavailable' from command line to 'False'
[1.144s] Level 5:colcon.colcon_core.verb:set package 'controller' build argument 'cmake_clean_cache' from command line to 'False'
[1.144s] Level 5:colcon.colcon_core.verb:set package 'controller' build argument 'cmake_clean_first' from command line to 'False'
[1.144s] Level 5:colcon.colcon_core.verb:set package 'controller' build argument 'cmake_force_configure' from command line to 'False'
[1.144s] Level 5:colcon.colcon_core.verb:set package 'controller' build argument 'ament_cmake_args' from command line to 'None'
[1.144s] Level 5:colcon.colcon_core.verb:set package 'controller' build argument 'catkin_cmake_args' from command line to 'None'
[1.144s] Level 5:colcon.colcon_core.verb:set package 'controller' build argument 'catkin_skip_building_tests' from command line to 'False'
[1.144s] DEBUG:colcon.colcon_core.verb:Building package 'controller' with the following arguments: {'ament_cmake_args': None, 'build_base': '/home/aleksi/turtlebot3_ws/build/controller', 'catkin_cmake_args': None, 'catkin_skip_building_tests': False, 'cmake_args': None, 'cmake_clean_cache': False, 'cmake_clean_first': False, 'cmake_force_configure': False, 'cmake_target': None, 'cmake_target_skip_unavailable': False, 'install_base': '/home/aleksi/turtlebot3_ws/install/controller', 'merge_install': False, 'path': '/home/aleksi/turtlebot3_ws/src/controller', 'symlink_install': False, 'test_result_base': None}
[1.157s] Level 5:colcon.colcon_core.verb:set package 'turtlebot3_simulations' build argument 'cmake_args' from command line to 'None'
[1.158s] Level 5:colcon.colcon_core.verb:set package 'turtlebot3_simulations' build argument 'cmake_target' from command line to 'None'
[1.158s] Level 5:colcon.colcon_core.verb:set package 'turtlebot3_simulations' build argument 'cmake_target_skip_unavailable' from command line to 'False'
[1.158s] Level 5:colcon.colcon_core.verb:set package 'turtlebot3_simulations' build argument 'cmake_clean_cache' from command line to 'False'
[1.158s] Level 5:colcon.colcon_core.verb:set package 'turtlebot3_simulations' build argument 'cmake_clean_first' from command line to 'False'
[1.158s] Level 5:colcon.colcon_core.verb:set package 'turtlebot3_simulations' build argument 'cmake_force_configure' from command line to 'False'
[1.158s] Level 5:colcon.colcon_core.verb:set package 'turtlebot3_simulations' build argument 'ament_cmake_args' from command line to 'None'
[1.158s] Level 5:colcon.colcon_core.verb:set package 'turtlebot3_simulations' build argument 'catkin_cmake_args' from command line to 'None'
[1.158s] Level 5:colcon.colcon_core.verb:set package 'turtlebot3_simulations' build argument 'catkin_skip_building_tests' from command line to 'False'
[1.158s] DEBUG:colcon.colcon_core.verb:Building package 'turtlebot3_simulations' with the following arguments: {'ament_cmake_args': None, 'build_base': '/home/aleksi/turtlebot3_ws/build/turtlebot3_simulations', 'catkin_cmake_args': None, 'catkin_skip_building_tests': False, 'cmake_args': None, 'cmake_clean_cache': False, 'cmake_clean_first': False, 'cmake_force_configure': False, 'cmake_target': None, 'cmake_target_skip_unavailable': False, 'install_base': '/home/aleksi/turtlebot3_ws/install/turtlebot3_simulations', 'merge_install': False, 'path': '/home/aleksi/turtlebot3_ws/src/turtlebot3_simulations/turtlebot3_simulations', 'symlink_install': False, 'test_result_base': None}
[1.171s] INFO:colcon.colcon_core.executor:Executing jobs using 'parallel' executor
[1.184s] DEBUG:colcon.colcon_parallel_executor.executor.parallel:run_until_complete
[1.184s] INFO:colcon.colcon_ros.task.ament_cmake.build:Building ROS package in '/home/aleksi/turtlebot3_ws/src/control_interfaces' with build type 'ament_cmake'
[1.184s] INFO:colcon.colcon_cmake.task.cmake.build:Building CMake package in '/home/aleksi/turtlebot3_ws/src/control_interfaces'
[1.198s] INFO:colcon.colcon_core.plugin_system:Skipping extension 'colcon_core.shell.bat': Not used on non-Windows systems
[1.198s] INFO:colcon.colcon_core.shell:Skip shell extension 'powershell' for command environment: Not usable outside of PowerShell
[1.198s] DEBUG:colcon.colcon_core.shell:Skip shell extension 'dsv' for command environment
[1.240s] INFO:colcon.colcon_ros.task.ament_cmake.build:Building ROS package in '/home/aleksi/turtlebot3_ws/src/turtlebot3_simulations/turtlebot3_fake_node' with build type 'ament_cmake'
[1.240s] INFO:colcon.colcon_cmake.task.cmake.build:Building CMake package in '/home/aleksi/turtlebot3_ws/src/turtlebot3_simulations/turtlebot3_fake_node'
[1.254s] INFO:colcon.colcon_core.shell:Skip shell extension 'powershell' for command environment: Not usable outside of PowerShell
[1.254s] DEBUG:colcon.colcon_core.shell:Skip shell extension 'dsv' for command environment
[1.296s] INFO:colcon.colcon_ros.task.ament_cmake.build:Building ROS package in '/home/aleksi/turtlebot3_ws/src/turtlebot3_simulations/turtlebot3_gazebo' with build type 'ament_cmake'
[1.296s] INFO:colcon.colcon_cmake.task.cmake.build:Building CMake package in '/home/aleksi/turtlebot3_ws/src/turtlebot3_simulations/turtlebot3_gazebo'
[1.309s] INFO:colcon.colcon_core.shell:Skip shell extension 'powershell' for command environment: Not usable outside of PowerShell
[1.309s] DEBUG:colcon.colcon_core.shell:Skip shell extension 'dsv' for command environment
[1.355s] DEBUG:colcon.colcon_core.event_handler.log_command:Invoking command in '/home/aleksi/turtlebot3_ws/build/control_interfaces': CMAKE_PREFIX_PATH=${CMAKE_PREFIX_PATH}:/home/aleksi/turtlebot3_ws/install/controller:/opt/ros/humble /usr/bin/cmake --build /home/aleksi/turtlebot3_ws/build/control_interfaces -- -j24 -l24
[1.358s] DEBUG:colcon.colcon_core.event_handler.log_command:Invoking command in '/home/aleksi/turtlebot3_ws/build/turtlebot3_fake_node': CMAKE_PREFIX_PATH=${CMAKE_PREFIX_PATH}:/home/aleksi/turtlebot3_ws/install/controller:/opt/ros/humble /usr/bin/cmake --build /home/aleksi/turtlebot3_ws/build/turtlebot3_fake_node -- -j24 -l24
[1.360s] DEBUG:colcon.colcon_core.event_handler.log_command:Invoking command in '/home/aleksi/turtlebot3_ws/build/turtlebot3_gazebo': CMAKE_PREFIX_PATH=${CMAKE_PREFIX_PATH}:/home/aleksi/turtlebot3_ws/install/controller:/opt/ros/humble /usr/bin/cmake --build /home/aleksi/turtlebot3_ws/build/turtlebot3_gazebo -- -j24 -l24
[1.428s] DEBUG:colcon.colcon_core.event_handler.log_command:Invoked command in '/home/aleksi/turtlebot3_ws/build/turtlebot3_fake_node' returned '0': CMAKE_PREFIX_PATH=${CMAKE_PREFIX_PATH}:/home/aleksi/turtlebot3_ws/install/controller:/opt/ros/humble /usr/bin/cmake --build /home/aleksi/turtlebot3_ws/build/turtlebot3_fake_node -- -j24 -l24
[1.453s] DEBUG:colcon.colcon_core.event_handler.log_command:Invoked command in '/home/aleksi/turtlebot3_ws/build/turtlebot3_gazebo' returned '0': CMAKE_PREFIX_PATH=${CMAKE_PREFIX_PATH}:/home/aleksi/turtlebot3_ws/install/controller:/opt/ros/humble /usr/bin/cmake --build /home/aleksi/turtlebot3_ws/build/turtlebot3_gazebo -- -j24 -l24
[1.465s] DEBUG:colcon.colcon_core.event_handler.log_command:Invoking command in '/home/aleksi/turtlebot3_ws/build/turtlebot3_fake_node': CMAKE_PREFIX_PATH=${CMAKE_PREFIX_PATH}:/home/aleksi/turtlebot3_ws/install/controller:/opt/ros/humble /usr/bin/cmake --install /home/aleksi/turtlebot3_ws/build/turtlebot3_fake_node
[1.487s] Level 1:colcon.colcon_core.environment:create_environment_scripts_only(turtlebot3_fake_node)
[1.487s] DEBUG:colcon.colcon_core.event_handler.log_command:Invoked command in '/home/aleksi/turtlebot3_ws/build/turtlebot3_fake_node' returned '0': CMAKE_PREFIX_PATH=${CMAKE_PREFIX_PATH}:/home/aleksi/turtlebot3_ws/install/controller:/opt/ros/humble /usr/bin/cmake --install /home/aleksi/turtlebot3_ws/build/turtlebot3_fake_node
[1.506s] Level 1:colcon.colcon_core.environment:checking '/home/aleksi/turtlebot3_ws/install/turtlebot3_fake_node' for CMake module files
[1.507s] Level 1:colcon.colcon_core.environment:checking '/home/aleksi/turtlebot3_ws/install/turtlebot3_fake_node' for CMake config files
[1.508s] Level 1:colcon.colcon_core.shell:create_environment_hook('turtlebot3_fake_node', 'cmake_prefix_path')
[1.523s] INFO:colcon.colcon_core.shell:Creating environment hook '/home/aleksi/turtlebot3_ws/install/turtlebot3_fake_node/share/turtlebot3_fake_node/hook/cmake_prefix_path.ps1'
[1.524s] INFO:colcon.colcon_core.shell:Creating environment descriptor '/home/aleksi/turtlebot3_ws/install/turtlebot3_fake_node/share/turtlebot3_fake_node/hook/cmake_prefix_path.dsv'
[1.525s] INFO:colcon.colcon_core.shell:Creating environment hook '/home/aleksi/turtlebot3_ws/install/turtlebot3_fake_node/share/turtlebot3_fake_node/hook/cmake_prefix_path.sh'
[1.525s] Level 1:colcon.colcon_core.environment:checking '/home/aleksi/turtlebot3_ws/install/turtlebot3_fake_node/lib'
[1.525s] Level 1:colcon.colcon_core.environment:checking '/home/aleksi/turtlebot3_ws/install/turtlebot3_fake_node/bin'
[1.525s] Level 1:colcon.colcon_core.environment:checking '/home/aleksi/turtlebot3_ws/install/turtlebot3_fake_node/lib/pkgconfig/turtlebot3_fake_node.pc'
[1.526s] Level 1:colcon.colcon_core.environment:checking '/home/aleksi/turtlebot3_ws/install/turtlebot3_fake_node/lib/python3.10/site-packages'
[1.526s] Level 1:colcon.colcon_core.environment:checking '/home/aleksi/turtlebot3_ws/install/turtlebot3_fake_node/bin'
[1.540s] INFO:colcon.colcon_core.shell:Creating package script '/home/aleksi/turtlebot3_ws/install/turtlebot3_fake_node/share/turtlebot3_fake_node/package.ps1'
[1.541s] INFO:colcon.colcon_core.shell:Creating package descriptor '/home/aleksi/turtlebot3_ws/install/turtlebot3_fake_node/share/turtlebot3_fake_node/package.dsv'
[1.542s] INFO:colcon.colcon_core.shell:Creating package script '/home/aleksi/turtlebot3_ws/install/turtlebot3_fake_node/share/turtlebot3_fake_node/package.sh'
[1.542s] INFO:colcon.colcon_core.shell:Creating package script '/home/aleksi/turtlebot3_ws/install/turtlebot3_fake_node/share/turtlebot3_fake_node/package.bash'
[1.543s] INFO:colcon.colcon_core.shell:Creating package script '/home/aleksi/turtlebot3_ws/install/turtlebot3_fake_node/share/turtlebot3_fake_node/package.zsh'
[1.544s] Level 1:colcon.colcon_core.environment:create_file_with_runtime_dependencies(/home/aleksi/turtlebot3_ws/install/turtlebot3_fake_node/share/colcon-core/packages/turtlebot3_fake_node)
[1.546s] DEBUG:colcon.colcon_core.event_handler.log_command:Invoking command in '/home/aleksi/turtlebot3_ws/build/turtlebot3_gazebo': CMAKE_PREFIX_PATH=${CMAKE_PREFIX_PATH}:/home/aleksi/turtlebot3_ws/install/controller:/opt/ros/humble /usr/bin/cmake --install /home/aleksi/turtlebot3_ws/build/turtlebot3_gazebo
[1.590s] Level 1:colcon.colcon_core.environment:create_environment_scripts_only(turtlebot3_fake_node)
[1.608s] Level 1:colcon.colcon_core.environment:checking '/home/aleksi/turtlebot3_ws/install/turtlebot3_fake_node' for CMake module files
[1.608s] Level 1:colcon.colcon_core.environment:checking '/home/aleksi/turtlebot3_ws/install/turtlebot3_fake_node' for CMake config files
[1.608s] Level 1:colcon.colcon_core.shell:create_environment_hook('turtlebot3_fake_node', 'cmake_prefix_path')
[1.621s] INFO:colcon.colcon_core.shell:Creating environment hook '/home/aleksi/turtlebot3_ws/install/turtlebot3_fake_node/share/turtlebot3_fake_node/hook/cmake_prefix_path.ps1'
[1.621s] INFO:colcon.colcon_core.shell:Creating environment descriptor '/home/aleksi/turtlebot3_ws/install/turtlebot3_fake_node/share/turtlebot3_fake_node/hook/cmake_prefix_path.dsv'
[1.621s] INFO:colcon.colcon_core.shell:Creating environment hook '/home/aleksi/turtlebot3_ws/install/turtlebot3_fake_node/share/turtlebot3_fake_node/hook/cmake_prefix_path.sh'
[1.622s] Level 1:colcon.colcon_core.environment:checking '/home/aleksi/turtlebot3_ws/install/turtlebot3_fake_node/lib'
[1.622s] Level 1:colcon.colcon_core.environment:checking '/home/aleksi/turtlebot3_ws/install/turtlebot3_fake_node/bin'
[1.622s] Level 1:colcon.colcon_core.environment:checking '/home/aleksi/turtlebot3_ws/install/turtlebot3_fake_node/lib/pkgconfig/turtlebot3_fake_node.pc'
[1.622s] Level 1:colcon.colcon_core.environment:checking '/home/aleksi/turtlebot3_ws/install/turtlebot3_fake_node/lib/python3.10/site-packages'
[1.622s] Level 1:colcon.colcon_core.environment:checking '/home/aleksi/turtlebot3_ws/install/turtlebot3_fake_node/bin'
[1.635s] INFO:colcon.colcon_core.shell:Creating package script '/home/aleksi/turtlebot3_ws/install/turtlebot3_fake_node/share/turtlebot3_fake_node/package.ps1'
[1.635s] INFO:colcon.colcon_core.shell:Creating package descriptor '/home/aleksi/turtlebot3_ws/install/turtlebot3_fake_node/share/turtlebot3_fake_node/package.dsv'
[1.635s] INFO:colcon.colcon_core.shell:Creating package script '/home/aleksi/turtlebot3_ws/install/turtlebot3_fake_node/share/turtlebot3_fake_node/package.sh'
[1.636s] INFO:colcon.colcon_core.shell:Creating package script '/home/aleksi/turtlebot3_ws/install/turtlebot3_fake_node/share/turtlebot3_fake_node/package.bash'
[1.636s] INFO:colcon.colcon_core.shell:Creating package script '/home/aleksi/turtlebot3_ws/install/turtlebot3_fake_node/share/turtlebot3_fake_node/package.zsh'
[1.636s] Level 1:colcon.colcon_core.environment:create_file_with_runtime_dependencies(/home/aleksi/turtlebot3_ws/install/turtlebot3_fake_node/share/colcon-core/packages/turtlebot3_fake_node)
[1.637s] Level 1:colcon.colcon_core.environment:create_environment_scripts_only(turtlebot3_gazebo)
[1.637s] DEBUG:colcon.colcon_core.event_handler.log_command:Invoked command in '/home/aleksi/turtlebot3_ws/build/turtlebot3_gazebo' returned '0': CMAKE_PREFIX_PATH=${CMAKE_PREFIX_PATH}:/home/aleksi/turtlebot3_ws/install/controller:/opt/ros/humble /usr/bin/cmake --install /home/aleksi/turtlebot3_ws/build/turtlebot3_gazebo
[1.650s] Level 1:colcon.colcon_core.environment:checking '/home/aleksi/turtlebot3_ws/install/turtlebot3_gazebo' for CMake module files
[1.651s] Level 1:colcon.colcon_core.environment:checking '/home/aleksi/turtlebot3_ws/install/turtlebot3_gazebo' for CMake config files
[1.651s] Level 1:colcon.colcon_core.shell:create_environment_hook('turtlebot3_gazebo', 'cmake_prefix_path')
[1.663s] INFO:colcon.colcon_core.shell:Creating environment hook '/home/aleksi/turtlebot3_ws/install/turtlebot3_gazebo/share/turtlebot3_gazebo/hook/cmake_prefix_path.ps1'
[1.664s] INFO:colcon.colcon_core.shell:Creating environment descriptor '/home/aleksi/turtlebot3_ws/install/turtlebot3_gazebo/share/turtlebot3_gazebo/hook/cmake_prefix_path.dsv'
[1.664s] INFO:colcon.colcon_core.shell:Creating environment hook '/home/aleksi/turtlebot3_ws/install/turtlebot3_gazebo/share/turtlebot3_gazebo/hook/cmake_prefix_path.sh'
[1.664s] Level 1:colcon.colcon_core.environment:checking '/home/aleksi/turtlebot3_ws/install/turtlebot3_gazebo/lib'
[1.664s] Level 1:colcon.colcon_core.environment:checking '/home/aleksi/turtlebot3_ws/install/turtlebot3_gazebo/bin'
[1.664s] Level 1:colcon.colcon_core.environment:checking '/home/aleksi/turtlebot3_ws/install/turtlebot3_gazebo/lib/pkgconfig/turtlebot3_gazebo.pc'
[1.664s] Level 1:colcon.colcon_core.environment:checking '/home/aleksi/turtlebot3_ws/install/turtlebot3_gazebo/lib/python3.10/site-packages'
[1.665s] Level 1:colcon.colcon_core.environment:checking '/home/aleksi/turtlebot3_ws/install/turtlebot3_gazebo/bin'
[1.677s] INFO:colcon.colcon_core.shell:Creating package script '/home/aleksi/turtlebot3_ws/install/turtlebot3_gazebo/share/turtlebot3_gazebo/package.ps1'
[1.677s] INFO:colcon.colcon_core.shell:Creating package descriptor '/home/aleksi/turtlebot3_ws/install/turtlebot3_gazebo/share/turtlebot3_gazebo/package.dsv'
[1.677s] INFO:colcon.colcon_core.shell:Creating package script '/home/aleksi/turtlebot3_ws/install/turtlebot3_gazebo/share/turtlebot3_gazebo/package.sh'
[1.678s] INFO:colcon.colcon_core.shell:Creating package script '/home/aleksi/turtlebot3_ws/install/turtlebot3_gazebo/share/turtlebot3_gazebo/package.bash'
[1.678s] INFO:colcon.colcon_core.shell:Creating package script '/home/aleksi/turtlebot3_ws/install/turtlebot3_gazebo/share/turtlebot3_gazebo/package.zsh'
[1.678s] Level 1:colcon.colcon_core.environment:create_file_with_runtime_dependencies(/home/aleksi/turtlebot3_ws/install/turtlebot3_gazebo/share/colcon-core/packages/turtlebot3_gazebo)
[1.680s] DEBUG:colcon.colcon_core.event_handler.log_command:Invoked command in '/home/aleksi/turtlebot3_ws/build/control_interfaces' returned '0': CMAKE_PREFIX_PATH=${CMAKE_PREFIX_PATH}:/home/aleksi/turtlebot3_ws/install/controller:/opt/ros/humble /usr/bin/cmake --build /home/aleksi/turtlebot3_ws/build/control_interfaces -- -j24 -l24
[1.729s] Level 1:colcon.colcon_core.environment:create_environment_scripts_only(turtlebot3_gazebo)
[1.741s] Level 1:colcon.colcon_core.environment:checking '/home/aleksi/turtlebot3_ws/install/turtlebot3_gazebo' for CMake module files
[1.742s] Level 1:colcon.colcon_core.environment:checking '/home/aleksi/turtlebot3_ws/install/turtlebot3_gazebo' for CMake config files
[1.742s] Level 1:colcon.colcon_core.shell:create_environment_hook('turtlebot3_gazebo', 'cmake_prefix_path')
[1.755s] INFO:colcon.colcon_core.shell:Creating environment hook '/home/aleksi/turtlebot3_ws/install/turtlebot3_gazebo/share/turtlebot3_gazebo/hook/cmake_prefix_path.ps1'
[1.755s] INFO:colcon.colcon_core.shell:Creating environment descriptor '/home/aleksi/turtlebot3_ws/install/turtlebot3_gazebo/share/turtlebot3_gazebo/hook/cmake_prefix_path.dsv'
[1.755s] INFO:colcon.colcon_core.shell:Creating environment hook '/home/aleksi/turtlebot3_ws/install/turtlebot3_gazebo/share/turtlebot3_gazebo/hook/cmake_prefix_path.sh'
[1.756s] Level 1:colcon.colcon_core.environment:checking '/home/aleksi/turtlebot3_ws/install/turtlebot3_gazebo/lib'
[1.756s] Level 1:colcon.colcon_core.environment:checking '/home/aleksi/turtlebot3_ws/install/turtlebot3_gazebo/bin'
[1.756s] Level 1:colcon.colcon_core.environment:checking '/home/aleksi/turtlebot3_ws/install/turtlebot3_gazebo/lib/pkgconfig/turtlebot3_gazebo.pc'
[1.756s] Level 1:colcon.colcon_core.environment:checking '/home/aleksi/turtlebot3_ws/install/turtlebot3_gazebo/lib/python3.10/site-packages'
[1.756s] Level 1:colcon.colcon_core.environment:checking '/home/aleksi/turtlebot3_ws/install/turtlebot3_gazebo/bin'
[1.768s] INFO:colcon.colcon_core.shell:Creating package script '/home/aleksi/turtlebot3_ws/install/turtlebot3_gazebo/share/turtlebot3_gazebo/package.ps1'
[1.769s] INFO:colcon.colcon_core.shell:Creating package descriptor '/home/aleksi/turtlebot3_ws/install/turtlebot3_gazebo/share/turtlebot3_gazebo/package.dsv'
[1.769s] INFO:colcon.colcon_core.shell:Creating package script '/home/aleksi/turtlebot3_ws/install/turtlebot3_gazebo/share/turtlebot3_gazebo/package.sh'
[1.769s] INFO:colcon.colcon_core.shell:Creating package script '/home/aleksi/turtlebot3_ws/install/turtlebot3_gazebo/share/turtlebot3_gazebo/package.bash'
[1.769s] INFO:colcon.colcon_core.shell:Creating package script '/home/aleksi/turtlebot3_ws/install/turtlebot3_gazebo/share/turtlebot3_gazebo/package.zsh'
[1.770s] Level 1:colcon.colcon_core.environment:create_file_with_runtime_dependencies(/home/aleksi/turtlebot3_ws/install/turtlebot3_gazebo/share/colcon-core/packages/turtlebot3_gazebo)
[1.770s] INFO:colcon.colcon_ros.task.ament_cmake.build:Building ROS package in '/home/aleksi/turtlebot3_ws/src/turtlebot3_simulations/turtlebot3_simulations' with build type 'ament_cmake'
[1.770s] INFO:colcon.colcon_cmake.task.cmake.build:Building CMake package in '/home/aleksi/turtlebot3_ws/src/turtlebot3_simulations/turtlebot3_simulations'
[1.783s] INFO:colcon.colcon_core.shell:Skip shell extension 'powershell' for command environment: Not usable outside of PowerShell
[1.783s] DEBUG:colcon.colcon_core.shell:Skip shell extension 'dsv' for command environment
[1.824s] DEBUG:colcon.colcon_core.event_handler.log_command:Invoking command in '/home/aleksi/turtlebot3_ws/build/control_interfaces': CMAKE_PREFIX_PATH=${CMAKE_PREFIX_PATH}:/home/aleksi/turtlebot3_ws/install/controller:/opt/ros/humble /usr/bin/cmake --install /home/aleksi/turtlebot3_ws/build/control_interfaces
[1.828s] DEBUG:colcon.colcon_core.event_handler.log_command:Invoking command in '/home/aleksi/turtlebot3_ws/build/turtlebot3_simulations': CMAKE_PREFIX_PATH=/home/aleksi/turtlebot3_ws/install/turtlebot3_gazebo:/home/aleksi/turtlebot3_ws/install/turtlebot3_fake_node:/home/aleksi/turtlebot3_ws/install/turtlebot3_simulations:/home/aleksi/turtlebot3_ws/install/control_interfaces:/home/aleksi/turtlebot3_ws/install/controller:/opt/ros/humble /usr/bin/cmake --build /home/aleksi/turtlebot3_ws/build/turtlebot3_simulations -- -j24 -l24
[1.865s] DEBUG:colcon.colcon_core.event_handler.log_command:Invoked command in '/home/aleksi/turtlebot3_ws/build/turtlebot3_simulations' returned '0': CMAKE_PREFIX_PATH=/home/aleksi/turtlebot3_ws/install/turtlebot3_gazebo:/home/aleksi/turtlebot3_ws/install/turtlebot3_fake_node:/home/aleksi/turtlebot3_ws/install/turtlebot3_simulations:/home/aleksi/turtlebot3_ws/install/control_interfaces:/home/aleksi/turtlebot3_ws/install/controller:/opt/ros/humble /usr/bin/cmake --build /home/aleksi/turtlebot3_ws/build/turtlebot3_simulations -- -j24 -l24
[1.871s] Level 1:colcon.colcon_core.environment:create_environment_scripts_only(control_interfaces)
[1.872s] DEBUG:colcon.colcon_core.event_handler.log_command:Invoked command in '/home/aleksi/turtlebot3_ws/build/control_interfaces' returned '0': CMAKE_PREFIX_PATH=${CMAKE_PREFIX_PATH}:/home/aleksi/turtlebot3_ws/install/controller:/opt/ros/humble /usr/bin/cmake --install /home/aleksi/turtlebot3_ws/build/control_interfaces
[1.884s] Level 1:colcon.colcon_core.environment:checking '/home/aleksi/turtlebot3_ws/install/control_interfaces' for CMake module files
[1.885s] Level 1:colcon.colcon_core.environment:checking '/home/aleksi/turtlebot3_ws/install/control_interfaces' for CMake config files
[1.885s] Level 1:colcon.colcon_core.shell:create_environment_hook('control_interfaces', 'cmake_prefix_path')
[1.897s] INFO:colcon.colcon_core.shell:Creating environment hook '/home/aleksi/turtlebot3_ws/install/control_interfaces/share/control_interfaces/hook/cmake_prefix_path.ps1'
[1.898s] INFO:colcon.colcon_core.shell:Creating environment descriptor '/home/aleksi/turtlebot3_ws/install/control_interfaces/share/control_interfaces/hook/cmake_prefix_path.dsv'
[1.898s] INFO:colcon.colcon_core.shell:Creating environment hook '/home/aleksi/turtlebot3_ws/install/control_interfaces/share/control_interfaces/hook/cmake_prefix_path.sh'
[1.898s] Level 1:colcon.colcon_core.environment:checking '/home/aleksi/turtlebot3_ws/install/control_interfaces/lib'
[1.898s] Level 1:colcon.colcon_core.shell:create_environment_hook('control_interfaces', 'ld_library_path_lib')
[1.910s] INFO:colcon.colcon_core.shell:Creating environment hook '/home/aleksi/turtlebot3_ws/install/control_interfaces/share/control_interfaces/hook/ld_library_path_lib.ps1'
[1.910s] INFO:colcon.colcon_core.shell:Creating environment descriptor '/home/aleksi/turtlebot3_ws/install/control_interfaces/share/control_interfaces/hook/ld_library_path_lib.dsv'
[1.910s] INFO:colcon.colcon_core.shell:Creating environment hook '/home/aleksi/turtlebot3_ws/install/control_interfaces/share/control_interfaces/hook/ld_library_path_lib.sh'
[1.911s] Level 1:colcon.colcon_core.environment:checking '/home/aleksi/turtlebot3_ws/install/control_interfaces/bin'
[1.911s] Level 1:colcon.colcon_core.environment:checking '/home/aleksi/turtlebot3_ws/install/control_interfaces/lib/pkgconfig/control_interfaces.pc'
[1.911s] Level 1:colcon.colcon_core.environment:checking '/home/aleksi/turtlebot3_ws/install/control_interfaces/lib/python3.10/site-packages'
[1.911s] Level 1:colcon.colcon_core.environment:checking '/home/aleksi/turtlebot3_ws/install/control_interfaces/bin'
[1.923s] INFO:colcon.colcon_core.shell:Creating package script '/home/aleksi/turtlebot3_ws/install/control_interfaces/share/control_interfaces/package.ps1'
[1.923s] INFO:colcon.colcon_core.shell:Creating package descriptor '/home/aleksi/turtlebot3_ws/install/control_interfaces/share/control_interfaces/package.dsv'
[1.923s] INFO:colcon.colcon_core.shell:Creating package script '/home/aleksi/turtlebot3_ws/install/control_interfaces/share/control_interfaces/package.sh'
[1.924s] INFO:colcon.colcon_core.shell:Creating package script '/home/aleksi/turtlebot3_ws/install/control_interfaces/share/control_interfaces/package.bash'
[1.924s] INFO:colcon.colcon_core.shell:Creating package script '/home/aleksi/turtlebot3_ws/install/control_interfaces/share/control_interfaces/package.zsh'
[1.924s] Level 1:colcon.colcon_core.environment:create_file_with_runtime_dependencies(/home/aleksi/turtlebot3_ws/install/control_interfaces/share/colcon-core/packages/control_interfaces)
[1.926s] DEBUG:colcon.colcon_core.event_handler.log_command:Invoking command in '/home/aleksi/turtlebot3_ws/build/turtlebot3_simulations': CMAKE_PREFIX_PATH=/home/aleksi/turtlebot3_ws/install/turtlebot3_gazebo:/home/aleksi/turtlebot3_ws/install/turtlebot3_fake_node:/home/aleksi/turtlebot3_ws/install/turtlebot3_simulations:/home/aleksi/turtlebot3_ws/install/control_interfaces:/home/aleksi/turtlebot3_ws/install/controller:/opt/ros/humble /usr/bin/cmake --install /home/aleksi/turtlebot3_ws/build/turtlebot3_simulations
[1.946s] Level 1:colcon.colcon_core.environment:create_environment_scripts_only(turtlebot3_simulations)
[1.947s] DEBUG:colcon.colcon_core.event_handler.log_command:Invoked command in '/home/aleksi/turtlebot3_ws/build/turtlebot3_simulations' returned '0': CMAKE_PREFIX_PATH=/home/aleksi/turtlebot3_ws/install/turtlebot3_gazebo:/home/aleksi/turtlebot3_ws/install/turtlebot3_fake_node:/home/aleksi/turtlebot3_ws/install/turtlebot3_simulations:/home/aleksi/turtlebot3_ws/install/control_interfaces:/home/aleksi/turtlebot3_ws/install/controller:/opt/ros/humble /usr/bin/cmake --install /home/aleksi/turtlebot3_ws/build/turtlebot3_simulations
[1.959s] Level 1:colcon.colcon_core.environment:checking '/home/aleksi/turtlebot3_ws/install/turtlebot3_simulations' for CMake module files
[1.959s] Level 1:colcon.colcon_core.environment:checking '/home/aleksi/turtlebot3_ws/install/turtlebot3_simulations' for CMake config files
[1.960s] Level 1:colcon.colcon_core.shell:create_environment_hook('turtlebot3_simulations', 'cmake_prefix_path')
[1.972s] INFO:colcon.colcon_core.shell:Creating environment hook '/home/aleksi/turtlebot3_ws/install/turtlebot3_simulations/share/turtlebot3_simulations/hook/cmake_prefix_path.ps1'
[1.972s] INFO:colcon.colcon_core.shell:Creating environment descriptor '/home/aleksi/turtlebot3_ws/install/turtlebot3_simulations/share/turtlebot3_simulations/hook/cmake_prefix_path.dsv'
[1.972s] INFO:colcon.colcon_core.shell:Creating environment hook '/home/aleksi/turtlebot3_ws/install/turtlebot3_simulations/share/turtlebot3_simulations/hook/cmake_prefix_path.sh'
[1.972s] Level 1:colcon.colcon_core.environment:checking '/home/aleksi/turtlebot3_ws/install/turtlebot3_simulations/bin'
[1.972s] Level 1:colcon.colcon_core.environment:checking '/home/aleksi/turtlebot3_ws/install/turtlebot3_simulations/lib/pkgconfig/turtlebot3_simulations.pc'
[1.973s] Level 1:colcon.colcon_core.environment:checking '/home/aleksi/turtlebot3_ws/install/turtlebot3_simulations/lib/python3.10/site-packages'
[1.973s] Level 1:colcon.colcon_core.environment:checking '/home/aleksi/turtlebot3_ws/install/turtlebot3_simulations/bin'
[1.985s] INFO:colcon.colcon_core.shell:Creating package script '/home/aleksi/turtlebot3_ws/install/turtlebot3_simulations/share/turtlebot3_simulations/package.ps1'
[1.985s] INFO:colcon.colcon_core.shell:Creating package descriptor '/home/aleksi/turtlebot3_ws/install/turtlebot3_simulations/share/turtlebot3_simulations/package.dsv'
[1.986s] INFO:colcon.colcon_core.shell:Creating package script '/home/aleksi/turtlebot3_ws/install/turtlebot3_simulations/share/turtlebot3_simulations/package.sh'
[1.986s] INFO:colcon.colcon_core.shell:Creating package script '/home/aleksi/turtlebot3_ws/install/turtlebot3_simulations/share/turtlebot3_simulations/package.bash'
[1.986s] INFO:colcon.colcon_core.shell:Creating package script '/home/aleksi/turtlebot3_ws/install/turtlebot3_simulations/share/turtlebot3_simulations/package.zsh'
[1.986s] Level 1:colcon.colcon_core.environment:create_file_with_runtime_dependencies(/home/aleksi/turtlebot3_ws/install/turtlebot3_simulations/share/colcon-core/packages/turtlebot3_simulations)
[2.021s] Level 1:colcon.colcon_core.environment:create_environment_scripts_only(turtlebot3_simulations)
[2.033s] Level 1:colcon.colcon_core.environment:checking '/home/aleksi/turtlebot3_ws/install/turtlebot3_simulations' for CMake module files
[2.034s] Level 1:colcon.colcon_core.environment:checking '/home/aleksi/turtlebot3_ws/install/turtlebot3_simulations' for CMake config files
[2.034s] Level 1:colcon.colcon_core.shell:create_environment_hook('turtlebot3_simulations', 'cmake_prefix_path')
[2.046s] INFO:colcon.colcon_core.shell:Creating environment hook '/home/aleksi/turtlebot3_ws/install/turtlebot3_simulations/share/turtlebot3_simulations/hook/cmake_prefix_path.ps1'
[2.046s] INFO:colcon.colcon_core.shell:Creating environment descriptor '/home/aleksi/turtlebot3_ws/install/turtlebot3_simulations/share/turtlebot3_simulations/hook/cmake_prefix_path.dsv'
[2.046s] INFO:colcon.colcon_core.shell:Creating environment hook '/home/aleksi/turtlebot3_ws/install/turtlebot3_simulations/share/turtlebot3_simulations/hook/cmake_prefix_path.sh'
[2.047s] Level 1:colcon.colcon_core.environment:checking '/home/aleksi/turtlebot3_ws/install/turtlebot3_simulations/bin'
[2.047s] Level 1:colcon.colcon_core.environment:checking '/home/aleksi/turtlebot3_ws/install/turtlebot3_simulations/lib/pkgconfig/turtlebot3_simulations.pc'
[2.047s] Level 1:colcon.colcon_core.environment:checking '/home/aleksi/turtlebot3_ws/install/turtlebot3_simulations/lib/python3.10/site-packages'
[2.047s] Level 1:colcon.colcon_core.environment:checking '/home/aleksi/turtlebot3_ws/install/turtlebot3_simulations/bin'
[2.059s] INFO:colcon.colcon_core.shell:Creating package script '/home/aleksi/turtlebot3_ws/install/turtlebot3_simulations/share/turtlebot3_simulations/package.ps1'
[2.060s] INFO:colcon.colcon_core.shell:Creating package descriptor '/home/aleksi/turtlebot3_ws/install/turtlebot3_simulations/share/turtlebot3_simulations/package.dsv'
[2.060s] INFO:colcon.colcon_core.shell:Creating package script '/home/aleksi/turtlebot3_ws/install/turtlebot3_simulations/share/turtlebot3_simulations/package.sh'
[2.060s] INFO:colcon.colcon_core.shell:Creating package script '/home/aleksi/turtlebot3_ws/install/turtlebot3_simulations/share/turtlebot3_simulations/package.bash'
[2.061s] INFO:colcon.colcon_core.shell:Creating package script '/home/aleksi/turtlebot3_ws/install/turtlebot3_simulations/share/turtlebot3_simulations/package.zsh'
[2.061s] Level 1:colcon.colcon_core.environment:create_file_with_runtime_dependencies(/home/aleksi/turtlebot3_ws/install/turtlebot3_simulations/share/colcon-core/packages/turtlebot3_simulations)
[2.084s] Level 1:colcon.colcon_core.environment:create_environment_scripts_only(control_interfaces)
[2.096s] Level 1:colcon.colcon_core.environment:checking '/home/aleksi/turtlebot3_ws/install/control_interfaces' for CMake module files
[2.097s] Level 1:colcon.colcon_core.environment:checking '/home/aleksi/turtlebot3_ws/install/control_interfaces' for CMake config files
[2.097s] Level 1:colcon.colcon_core.shell:create_environment_hook('control_interfaces', 'cmake_prefix_path')
[2.109s] INFO:colcon.colcon_core.shell:Creating environment hook '/home/aleksi/turtlebot3_ws/install/control_interfaces/share/control_interfaces/hook/cmake_prefix_path.ps1'
[2.110s] INFO:colcon.colcon_core.shell:Creating environment descriptor '/home/aleksi/turtlebot3_ws/install/control_interfaces/share/control_interfaces/hook/cmake_prefix_path.dsv'
[2.110s] INFO:colcon.colcon_core.shell:Creating environment hook '/home/aleksi/turtlebot3_ws/install/control_interfaces/share/control_interfaces/hook/cmake_prefix_path.sh'
[2.110s] Level 1:colcon.colcon_core.environment:checking '/home/aleksi/turtlebot3_ws/install/control_interfaces/lib'
[2.110s] Level 1:colcon.colcon_core.shell:create_environment_hook('control_interfaces', 'ld_library_path_lib')
[2.122s] INFO:colcon.colcon_core.shell:Creating environment hook '/home/aleksi/turtlebot3_ws/install/control_interfaces/share/control_interfaces/hook/ld_library_path_lib.ps1'
[2.123s] INFO:colcon.colcon_core.shell:Creating environment descriptor '/home/aleksi/turtlebot3_ws/install/control_interfaces/share/control_interfaces/hook/ld_library_path_lib.dsv'
[2.123s] INFO:colcon.colcon_core.shell:Creating environment hook '/home/aleksi/turtlebot3_ws/install/control_interfaces/share/control_interfaces/hook/ld_library_path_lib.sh'
[2.123s] Level 1:colcon.colcon_core.environment:checking '/home/aleksi/turtlebot3_ws/install/control_interfaces/bin'
[2.123s] Level 1:colcon.colcon_core.environment:checking '/home/aleksi/turtlebot3_ws/install/control_interfaces/lib/pkgconfig/control_interfaces.pc'
[2.123s] Level 1:colcon.colcon_core.environment:checking '/home/aleksi/turtlebot3_ws/install/control_interfaces/lib/python3.10/site-packages'
[2.123s] Level 1:colcon.colcon_core.environment:checking '/home/aleksi/turtlebot3_ws/install/control_interfaces/bin'
[2.136s] INFO:colcon.colcon_core.shell:Creating package script '/home/aleksi/turtlebot3_ws/install/control_interfaces/share/control_interfaces/package.ps1'
[2.136s] INFO:colcon.colcon_core.shell:Creating package descriptor '/home/aleksi/turtlebot3_ws/install/control_interfaces/share/control_interfaces/package.dsv'
[2.136s] INFO:colcon.colcon_core.shell:Creating package script '/home/aleksi/turtlebot3_ws/install/control_interfaces/share/control_interfaces/package.sh'
[2.137s] INFO:colcon.colcon_core.shell:Creating package script '/home/aleksi/turtlebot3_ws/install/control_interfaces/share/control_interfaces/package.bash'
[2.137s] INFO:colcon.colcon_core.shell:Creating package script '/home/aleksi/turtlebot3_ws/install/control_interfaces/share/control_interfaces/package.zsh'
[2.137s] Level 1:colcon.colcon_core.environment:create_file_with_runtime_dependencies(/home/aleksi/turtlebot3_ws/install/control_interfaces/share/colcon-core/packages/control_interfaces)
[2.137s] INFO:colcon.colcon_ros.task.ament_python.build:Building ROS package in '/home/aleksi/turtlebot3_ws/src/controller' with build type 'ament_python'
[2.137s] Level 1:colcon.colcon_core.shell:create_environment_hook('controller', 'ament_prefix_path')
[2.150s] INFO:colcon.colcon_core.shell:Creating environment hook '/home/aleksi/turtlebot3_ws/install/controller/share/controller/hook/ament_prefix_path.ps1'
[2.150s] INFO:colcon.colcon_core.shell:Creating environment descriptor '/home/aleksi/turtlebot3_ws/install/controller/share/controller/hook/ament_prefix_path.dsv'
[2.150s] INFO:colcon.colcon_core.shell:Creating environment hook '/home/aleksi/turtlebot3_ws/install/controller/share/controller/hook/ament_prefix_path.sh'
[2.162s] INFO:colcon.colcon_core.shell:Skip shell extension 'powershell' for command environment: Not usable outside of PowerShell
[2.163s] DEBUG:colcon.colcon_core.shell:Skip shell extension 'dsv' for command environment
[2.402s] INFO:colcon.colcon_core.task.python.build:Building Python package in '/home/aleksi/turtlebot3_ws/src/controller'
[2.416s] INFO:colcon.colcon_core.shell:Skip shell extension 'powershell' for command environment: Not usable outside of PowerShell
[2.416s] DEBUG:colcon.colcon_core.shell:Skip shell extension 'dsv' for command environment
[2.742s] DEBUG:colcon.colcon_core.event_handler.log_command:Invoking command in '/home/aleksi/turtlebot3_ws/src/controller': CMAKE_PREFIX_PATH=/home/aleksi/turtlebot3_ws/install/control_interfaces:/home/aleksi/turtlebot3_ws/install/turtlebot3_simulations:/home/aleksi/turtlebot3_ws/install/turtlebot3_gazebo:/home/aleksi/turtlebot3_ws/install/turtlebot3_fake_node PYTHONPATH=/home/aleksi/turtlebot3_ws/build/controller/prefix_override:/home/aleksi/turtlebot3_ws/install/controller/lib/python3.10/site-packages:${PYTHONPATH} /usr/bin/python3 setup.py egg_info --egg-base ../../build/controller build --build-base /home/aleksi/turtlebot3_ws/build/controller/build install --record /home/aleksi/turtlebot3_ws/build/controller/install.log --single-version-externally-managed
[2.969s] DEBUG:colcon.colcon_core.event_handler.log_command:Invoked command in '/home/aleksi/turtlebot3_ws/src/controller' returned '0': CMAKE_PREFIX_PATH=/home/aleksi/turtlebot3_ws/install/control_interfaces:/home/aleksi/turtlebot3_ws/install/turtlebot3_simulations:/home/aleksi/turtlebot3_ws/install/turtlebot3_gazebo:/home/aleksi/turtlebot3_ws/install/turtlebot3_fake_node PYTHONPATH=/home/aleksi/turtlebot3_ws/build/controller/prefix_override:/home/aleksi/turtlebot3_ws/install/controller/lib/python3.10/site-packages:${PYTHONPATH} /usr/bin/python3 setup.py egg_info --egg-base ../../build/controller build --build-base /home/aleksi/turtlebot3_ws/build/controller/build install --record /home/aleksi/turtlebot3_ws/build/controller/install.log --single-version-externally-managed
[2.995s] Level 1:colcon.colcon_core.environment:checking '/home/aleksi/turtlebot3_ws/install/controller' for CMake module files
[2.996s] Level 1:colcon.colcon_core.environment:checking '/home/aleksi/turtlebot3_ws/install/controller' for CMake config files
[2.997s] Level 1:colcon.colcon_core.environment:checking '/home/aleksi/turtlebot3_ws/install/controller/lib'
[2.997s] Level 1:colcon.colcon_core.environment:checking '/home/aleksi/turtlebot3_ws/install/controller/bin'
[2.997s] Level 1:colcon.colcon_core.environment:checking '/home/aleksi/turtlebot3_ws/install/controller/lib/pkgconfig/controller.pc'
[2.997s] Level 1:colcon.colcon_core.environment:checking '/home/aleksi/turtlebot3_ws/install/controller/lib/python3.10/site-packages'
[2.997s] Level 1:colcon.colcon_core.shell:create_environment_hook('controller', 'pythonpath')
[3.023s] INFO:colcon.colcon_core.shell:Creating environment hook '/home/aleksi/turtlebot3_ws/install/controller/share/controller/hook/pythonpath.ps1'
[3.024s] INFO:colcon.colcon_core.shell:Creating environment descriptor '/home/aleksi/turtlebot3_ws/install/controller/share/controller/hook/pythonpath.dsv'
[3.024s] INFO:colcon.colcon_core.shell:Creating environment hook '/home/aleksi/turtlebot3_ws/install/controller/share/controller/hook/pythonpath.sh'
[3.025s] Level 1:colcon.colcon_core.environment:checking '/home/aleksi/turtlebot3_ws/install/controller/bin'
[3.025s] Level 1:colcon.colcon_core.environment:create_environment_scripts_only(controller)
[3.044s] INFO:colcon.colcon_core.shell:Creating package script '/home/aleksi/turtlebot3_ws/install/controller/share/controller/package.ps1'
[3.044s] INFO:colcon.colcon_core.shell:Creating package descriptor '/home/aleksi/turtlebot3_ws/install/controller/share/controller/package.dsv'
[3.044s] INFO:colcon.colcon_core.shell:Creating package script '/home/aleksi/turtlebot3_ws/install/controller/share/controller/package.sh'
[3.044s] INFO:colcon.colcon_core.shell:Creating package script '/home/aleksi/turtlebot3_ws/install/controller/share/controller/package.bash'
[3.045s] INFO:colcon.colcon_core.shell:Creating package script '/home/aleksi/turtlebot3_ws/install/controller/share/controller/package.zsh'
[3.045s] Level 1:colcon.colcon_core.environment:create_file_with_runtime_dependencies(/home/aleksi/turtlebot3_ws/install/controller/share/colcon-core/packages/controller)
[3.045s] DEBUG:colcon.colcon_parallel_executor.executor.parallel:closing loop
[3.045s] DEBUG:colcon.colcon_parallel_executor.executor.parallel:loop closed
[3.045s] DEBUG:colcon.colcon_parallel_executor.executor.parallel:run_until_complete finished with '0'
[3.046s] DEBUG:colcon.colcon_core.event_reactor:joining thread
[3.076s] INFO:colcon.colcon_core.plugin_system:Skipping extension 'colcon_notification.desktop_notification.terminal_notifier': Not used on non-Darwin systems
[3.077s] INFO:colcon.colcon_core.plugin_system:Skipping extension 'colcon_notification.desktop_notification.win32': Not used on non-Windows systems
[3.077s] INFO:colcon.colcon_notification.desktop_notification:Sending desktop notification using 'notify2'
[3.091s] DEBUG:colcon.colcon_core.event_reactor:joined thread
[3.104s] INFO:colcon.colcon_core.shell:Creating prefix script '/home/aleksi/turtlebot3_ws/install/local_setup.ps1'
[3.105s] INFO:colcon.colcon_core.shell:Creating prefix util module '/home/aleksi/turtlebot3_ws/install/_local_setup_util_ps1.py'
[3.106s] INFO:colcon.colcon_core.shell:Creating prefix chain script '/home/aleksi/turtlebot3_ws/install/setup.ps1'
[3.120s] INFO:colcon.colcon_core.shell:Creating prefix script '/home/aleksi/turtlebot3_ws/install/local_setup.sh'
[3.120s] INFO:colcon.colcon_core.shell:Creating prefix util module '/home/aleksi/turtlebot3_ws/install/_local_setup_util_sh.py'
[3.120s] INFO:colcon.colcon_core.shell:Creating prefix chain script '/home/aleksi/turtlebot3_ws/install/setup.sh'
[3.133s] INFO:colcon.colcon_core.shell:Creating prefix script '/home/aleksi/turtlebot3_ws/install/local_setup.bash'
[3.134s] INFO:colcon.colcon_core.shell:Creating prefix chain script '/home/aleksi/turtlebot3_ws/install/setup.bash'
[3.147s] INFO:colcon.colcon_core.shell:Creating prefix script '/home/aleksi/turtlebot3_ws/install/local_setup.zsh'
[3.147s] INFO:colcon.colcon_core.shell:Creating prefix chain script '/home/aleksi/turtlebot3_ws/install/setup.zsh'
