[0.816s] DEBUG:colcon:Command line arguments: ['/usr/bin/colcon', 'build']
[0.816s] DEBUG:colcon:Parsed command line arguments: Namespace(log_base=None, log_level=None, verb_name='build', build_base='build', install_base='install', merge_install=False, symlink_install=False, test_result_base=None, continue_on_error=False, executor='parallel', parallel_workers=24, event_handlers=None, ignore_user_meta=False, metas=['./colcon.meta'], base_paths=['.'], packages_ignore=None, packages_ignore_regex=None, paths=None, packages_up_to=None, packages_up_to_regex=None, packages_above=None, packages_above_and_dependencies=None, packages_above_depth=None, packages_select_by_dep=None, packages_skip_by_dep=None, packages_skip_up_to=None, packages_select_build_failed=False, packages_skip_build_finished=False, packages_select_test_failures=False, packages_skip_test_passed=False, packages_select=None, packages_skip=None, packages_select_regex=None, packages_skip_regex=None, packages_start=None, packages_end=None, allow_overriding=[], cmake_args=None, cmake_target=None, cmake_target_skip_unavailable=False, cmake_clean_cache=False, cmake_clean_first=False, cmake_force_configure=False, ament_cmake_args=None, catkin_cmake_args=None, catkin_skip_building_tests=False, verb_parser=<colcon_defaults.argument_parser.defaults.DefaultArgumentsDecorator object at 0x7f5469f0e0e0>, verb_extension=<colcon_core.verb.build.BuildVerb object at 0x7f546a3cb4f0>, main=<bound method BuildVerb.main of <colcon_core.verb.build.BuildVerb object at 0x7f546a3cb4f0>>)
[0.854s] Level 1:colcon.colcon_core.package_discovery:discover_packages(colcon_meta) check parameters
[0.854s] Level 1:colcon.colcon_core.package_discovery:discover_packages(recursive) check parameters
[0.854s] Level 1:colcon.colcon_core.package_discovery:discover_packages(ignore) check parameters
[0.854s] Level 1:colcon.colcon_core.package_discovery:discover_packages(path) check parameters
[0.854s] Level 1:colcon.colcon_core.package_discovery:discover_packages(colcon_meta) discover
[0.854s] Level 1:colcon.colcon_core.package_discovery:discover_packages(recursive) discover
[0.854s] INFO:colcon.colcon_core.package_discovery:Crawling recursively for packages in '/home/aleksi/turtlebot3_ws'
[0.854s] Level 1:colcon.colcon_core.package_identification:_identify(.) by extensions ['ignore', 'ignore_ament_install']
[0.854s] Level 1:colcon.colcon_core.package_identification:_identify(.) by extension 'ignore'
[0.854s] Level 1:colcon.colcon_core.package_identification:_identify(.) by extension 'ignore_ament_install'
[0.854s] Level 1:colcon.colcon_core.package_identification:_identify(.) by extensions ['colcon_pkg']
[0.854s] Level 1:colcon.colcon_core.package_identification:_identify(.) by extension 'colcon_pkg'
[0.854s] Level 1:colcon.colcon_core.package_identification:_identify(.) by extensions ['colcon_meta']
[0.854s] Level 1:colcon.colcon_core.package_identification:_identify(.) by extension 'colcon_meta'
[0.854s] Level 1:colcon.colcon_core.package_identification:_identify(.) by extensions ['ros']
[0.854s] Level 1:colcon.colcon_core.package_identification:_identify(.) by extension 'ros'
[0.862s] Level 1:colcon.colcon_core.package_identification:_identify(.) by extensions ['cmake', 'python']
[0.862s] Level 1:colcon.colcon_core.package_identification:_identify(.) by extension 'cmake'
[0.862s] Level 1:colcon.colcon_core.package_identification:_identify(.) by extension 'python'
[0.862s] Level 1:colcon.colcon_core.package_identification:_identify(.) by extensions ['python_setup_py']
[0.862s] Level 1:colcon.colcon_core.package_identification:_identify(.) by extension 'python_setup_py'
[0.862s] Level 1:colcon.colcon_core.package_identification:_identify(build) by extensions ['ignore', 'ignore_ament_install']
[0.863s] Level 1:colcon.colcon_core.package_identification:_identify(build) by extension 'ignore'
[0.863s] Level 1:colcon.colcon_core.package_identification:_identify(build) ignored
[0.863s] Level 1:colcon.colcon_core.package_identification:_identify(install) by extensions ['ignore', 'ignore_ament_install']
[0.863s] Level 1:colcon.colcon_core.package_identification:_identify(install) by extension 'ignore'
[0.863s] Level 1:colcon.colcon_core.package_identification:_identify(install) ignored
[0.863s] Level 1:colcon.colcon_core.package_identification:_identify(log) by extensions ['ignore', 'ignore_ament_install']
[0.863s] Level 1:colcon.colcon_core.package_identification:_identify(log) by extension 'ignore'
[0.863s] Level 1:colcon.colcon_core.package_identification:_identify(log) ignored
[0.863s] Level 1:colcon.colcon_core.package_identification:_identify(src) by extensions ['ignore', 'ignore_ament_install']
[0.863s] Level 1:colcon.colcon_core.package_identification:_identify(src) by extension 'ignore'
[0.863s] Level 1:colcon.colcon_core.package_identification:_identify(src) by extension 'ignore_ament_install'
[0.863s] Level 1:colcon.colcon_core.package_identification:_identify(src) by extensions ['colcon_pkg']
[0.863s] Level 1:colcon.colcon_core.package_identification:_identify(src) by extension 'colcon_pkg'
[0.863s] Level 1:colcon.colcon_core.package_identification:_identify(src) by extensions ['colcon_meta']
[0.863s] Level 1:colcon.colcon_core.package_identification:_identify(src) by extension 'colcon_meta'
[0.863s] Level 1:colcon.colcon_core.package_identification:_identify(src) by extensions ['ros']
[0.863s] Level 1:colcon.colcon_core.package_identification:_identify(src) by extension 'ros'
[0.863s] Level 1:colcon.colcon_core.package_identification:_identify(src) by extensions ['cmake', 'python']
[0.863s] Level 1:colcon.colcon_core.package_identification:_identify(src) by extension 'cmake'
[0.863s] Level 1:colcon.colcon_core.package_identification:_identify(src) by extension 'python'
[0.863s] Level 1:colcon.colcon_core.package_identification:_identify(src) by extensions ['python_setup_py']
[0.863s] Level 1:colcon.colcon_core.package_identification:_identify(src) by extension 'python_setup_py'
[0.864s] Level 1:colcon.colcon_core.package_identification:_identify(src/control_interfaces) by extensions ['ignore', 'ignore_ament_install']
[0.864s] Level 1:colcon.colcon_core.package_identification:_identify(src/control_interfaces) by extension 'ignore'
[0.864s] Level 1:colcon.colcon_core.package_identification:_identify(src/control_interfaces) by extension 'ignore_ament_install'
[0.864s] Level 1:colcon.colcon_core.package_identification:_identify(src/control_interfaces) by extensions ['colcon_pkg']
[0.864s] Level 1:colcon.colcon_core.package_identification:_identify(src/control_interfaces) by extension 'colcon_pkg'
[0.864s] Level 1:colcon.colcon_core.package_identification:_identify(src/control_interfaces) by extensions ['colcon_meta']
[0.864s] Level 1:colcon.colcon_core.package_identification:_identify(src/control_interfaces) by extension 'colcon_meta'
[0.864s] Level 1:colcon.colcon_core.package_identification:_identify(src/control_interfaces) by extensions ['ros']
[0.864s] Level 1:colcon.colcon_core.package_identification:_identify(src/control_interfaces) by extension 'ros'
[0.865s] DEBUG:colcon.colcon_core.package_identification:Package 'src/control_interfaces' with type 'ros.ament_cmake' and name 'control_interfaces'
[0.865s] Level 1:colcon.colcon_core.package_identification:_identify(src/controller) by extensions ['ignore', 'ignore_ament_install']
[0.866s] Level 1:colcon.colcon_core.package_identification:_identify(src/controller) by extension 'ignore'
[0.866s] Level 1:colcon.colcon_core.package_identification:_identify(src/controller) by extension 'ignore_ament_install'
[0.866s] Level 1:colcon.colcon_core.package_identification:_identify(src/controller) by extensions ['colcon_pkg']
[0.866s] Level 1:colcon.colcon_core.package_identification:_identify(src/controller) by extension 'colcon_pkg'
[0.866s] Level 1:colcon.colcon_core.package_identification:_identify(src/controller) by extensions ['colcon_meta']
[0.866s] Level 1:colcon.colcon_core.package_identification:_identify(src/controller) by extension 'colcon_meta'
[0.866s] Level 1:colcon.colcon_core.package_identification:_identify(src/controller) by extensions ['ros']
[0.866s] Level 1:colcon.colcon_core.package_identification:_identify(src/controller) by extension 'ros'
[0.866s] DEBUG:colcon.colcon_core.package_identification:Package 'src/controller' with type 'ros.ament_python' and name 'controller'
[0.866s] Level 1:colcon.colcon_core.package_identification:_identify(src/turtlebot3_simulations) by extensions ['ignore', 'ignore_ament_install']
[0.866s] Level 1:colcon.colcon_core.package_identification:_identify(src/turtlebot3_simulations) by extension 'ignore'
[0.866s] Level 1:colcon.colcon_core.package_identification:_identify(src/turtlebot3_simulations) by extension 'ignore_ament_install'
[0.866s] Level 1:colcon.colcon_core.package_identification:_identify(src/turtlebot3_simulations) by extensions ['colcon_pkg']
[0.866s] Level 1:colcon.colcon_core.package_identification:_identify(src/turtlebot3_simulations) by extension 'colcon_pkg'
[0.866s] Level 1:colcon.colcon_core.package_identification:_identify(src/turtlebot3_simulations) by extensions ['colcon_meta']
[0.866s] Level 1:colcon.colcon_core.package_identification:_identify(src/turtlebot3_simulations) by extension 'colcon_meta'
[0.866s] Level 1:colcon.colcon_core.package_identification:_identify(src/turtlebot3_simulations) by extensions ['ros']
[0.866s] Level 1:colcon.colcon_core.package_identification:_identify(src/turtlebot3_simulations) by extension 'ros'
[0.867s] Level 1:colcon.colcon_core.package_identification:_identify(src/turtlebot3_simulations) by extensions ['cmake', 'python']
[0.867s] Level 1:colcon.colcon_core.package_identification:_identify(src/turtlebot3_simulations) by extension 'cmake'
[0.867s] Level 1:colcon.colcon_core.package_identification:_identify(src/turtlebot3_simulations) by extension 'python'
[0.867s] Level 1:colcon.colcon_core.package_identification:_identify(src/turtlebot3_simulations) by extensions ['python_setup_py']
[0.867s] Level 1:colcon.colcon_core.package_identification:_identify(src/turtlebot3_simulations) by extension 'python_setup_py'
[0.867s] Level 1:colcon.colcon_core.package_identification:_identify(src/turtlebot3_simulations/turtlebot3_fake_node) by extensions ['ignore', 'ignore_ament_install']
[0.867s] Level 1:colcon.colcon_core.package_identification:_identify(src/turtlebot3_simulations/turtlebot3_fake_node) by extension 'ignore'
[0.867s] Level 1:colcon.colcon_core.package_identification:_identify(src/turtlebot3_simulations/turtlebot3_fake_node) by extension 'ignore_ament_install'
[0.867s] Level 1:colcon.colcon_core.package_identification:_identify(src/turtlebot3_simulations/turtlebot3_fake_node) by extensions ['colcon_pkg']
[0.867s] Level 1:colcon.colcon_core.package_identification:_identify(src/turtlebot3_simulations/turtlebot3_fake_node) by extension 'colcon_pkg'
[0.867s] Level 1:colcon.colcon_core.package_identification:_identify(src/turtlebot3_simulations/turtlebot3_fake_node) by extensions ['colcon_meta']
[0.867s] Level 1:colcon.colcon_core.package_identification:_identify(src/turtlebot3_simulations/turtlebot3_fake_node) by extension 'colcon_meta'
[0.867s] Level 1:colcon.colcon_core.package_identification:_identify(src/turtlebot3_simulations/turtlebot3_fake_node) by extensions ['ros']
[0.867s] Level 1:colcon.colcon_core.package_identification:_identify(src/turtlebot3_simulations/turtlebot3_fake_node) by extension 'ros'
[0.868s] DEBUG:colcon.colcon_core.package_identification:Package 'src/turtlebot3_simulations/turtlebot3_fake_node' with type 'ros.ament_cmake' and name 'turtlebot3_fake_node'
[0.868s] Level 1:colcon.colcon_core.package_identification:_identify(src/turtlebot3_simulations/turtlebot3_gazebo) by extensions ['ignore', 'ignore_ament_install']
[0.868s] Level 1:colcon.colcon_core.package_identification:_identify(src/turtlebot3_simulations/turtlebot3_gazebo) by extension 'ignore'
[0.868s] Level 1:colcon.colcon_core.package_identification:_identify(src/turtlebot3_simulations/turtlebot3_gazebo) by extension 'ignore_ament_install'
[0.868s] Level 1:colcon.colcon_core.package_identification:_identify(src/turtlebot3_simulations/turtlebot3_gazebo) by extensions ['colcon_pkg']
[0.868s] Level 1:colcon.colcon_core.package_identification:_identify(src/turtlebot3_simulations/turtlebot3_gazebo) by extension 'colcon_pkg'
[0.868s] Level 1:colcon.colcon_core.package_identification:_identify(src/turtlebot3_simulations/turtlebot3_gazebo) by extensions ['colcon_meta']
[0.868s] Level 1:colcon.colcon_core.package_identification:_identify(src/turtlebot3_simulations/turtlebot3_gazebo) by extension 'colcon_meta'
[0.868s] Level 1:colcon.colcon_core.package_identification:_identify(src/turtlebot3_simulations/turtlebot3_gazebo) by extensions ['ros']
[0.868s] Level 1:colcon.colcon_core.package_identification:_identify(src/turtlebot3_simulations/turtlebot3_gazebo) by extension 'ros'
[0.869s] DEBUG:colcon.colcon_core.package_identification:Package 'src/turtlebot3_simulations/turtlebot3_gazebo' with type 'ros.ament_cmake' and name 'turtlebot3_gazebo'
[0.869s] Level 1:colcon.colcon_core.package_identification:_identify(src/turtlebot3_simulations/turtlebot3_simulations) by extensions ['ignore', 'ignore_ament_install']
[0.869s] Level 1:colcon.colcon_core.package_identification:_identify(src/turtlebot3_simulations/turtlebot3_simulations) by extension 'ignore'
[0.869s] Level 1:colcon.colcon_core.package_identification:_identify(src/turtlebot3_simulations/turtlebot3_simulations) by extension 'ignore_ament_install'
[0.869s] Level 1:colcon.colcon_core.package_identification:_identify(src/turtlebot3_simulations/turtlebot3_simulations) by extensions ['colcon_pkg']
[0.869s] Level 1:colcon.colcon_core.package_identification:_identify(src/turtlebot3_simulations/turtlebot3_simulations) by extension 'colcon_pkg'
[0.869s] Level 1:colcon.colcon_core.package_identification:_identify(src/turtlebot3_simulations/turtlebot3_simulations) by extensions ['colcon_meta']
[0.869s] Level 1:colcon.colcon_core.package_identification:_identify(src/turtlebot3_simulations/turtlebot3_simulations) by extension 'colcon_meta'
[0.869s] Level 1:colcon.colcon_core.package_identification:_identify(src/turtlebot3_simulations/turtlebot3_simulations) by extensions ['ros']
[0.869s] Level 1:colcon.colcon_core.package_identification:_identify(src/turtlebot3_simulations/turtlebot3_simulations) by extension 'ros'
[0.870s] DEBUG:colcon.colcon_core.package_identification:Package 'src/turtlebot3_simulations/turtlebot3_simulations' with type 'ros.ament_cmake' and name 'turtlebot3_simulations'
[0.870s] Level 1:colcon.colcon_core.package_discovery:discover_packages(recursive) using defaults
[0.870s] Level 1:colcon.colcon_core.package_discovery:discover_packages(ignore) discover
[0.870s] Level 1:colcon.colcon_core.package_discovery:discover_packages(ignore) using defaults
[0.870s] Level 1:colcon.colcon_core.package_discovery:discover_packages(path) discover
[0.870s] Level 1:colcon.colcon_core.package_discovery:discover_packages(path) using defaults
[0.947s] Level 1:colcon.colcon_core.package_discovery:discover_packages(prefix_path) check parameters
[0.947s] Level 1:colcon.colcon_core.package_discovery:discover_packages(prefix_path) discover
[0.971s] DEBUG:colcon.colcon_installed_package_information.package_discovery:Found 5 installed packages in /home/aleksi/turtlebot3_ws/install
[0.985s] DEBUG:colcon.colcon_installed_package_information.package_discovery:Found 405 installed packages in /opt/ros/humble
[0.986s] Level 1:colcon.colcon_core.package_discovery:discover_packages(prefix_path) using defaults
[1.077s] Level 5:colcon.colcon_core.verb:set package 'control_interfaces' build argument 'cmake_args' from command line to 'None'
[1.078s] Level 5:colcon.colcon_core.verb:set package 'control_interfaces' build argument 'cmake_target' from command line to 'None'
[1.078s] Level 5:colcon.colcon_core.verb:set package 'control_interfaces' build argument 'cmake_target_skip_unavailable' from command line to 'False'
[1.078s] Level 5:colcon.colcon_core.verb:set package 'control_interfaces' build argument 'cmake_clean_cache' from command line to 'False'
[1.078s] Level 5:colcon.colcon_core.verb:set package 'control_interfaces' build argument 'cmake_clean_first' from command line to 'False'
[1.078s] Level 5:colcon.colcon_core.verb:set package 'control_interfaces' build argument 'cmake_force_configure' from command line to 'False'
[1.078s] Level 5:colcon.colcon_core.verb:set package 'control_interfaces' build argument 'ament_cmake_args' from command line to 'None'
[1.078s] Level 5:colcon.colcon_core.verb:set package 'control_interfaces' build argument 'catkin_cmake_args' from command line to 'None'
[1.078s] Level 5:colcon.colcon_core.verb:set package 'control_interfaces' build argument 'catkin_skip_building_tests' from command line to 'False'
[1.078s] DEBUG:colcon.colcon_core.verb:Building package 'control_interfaces' with the following arguments: {'ament_cmake_args': None, 'build_base': '/home/aleksi/turtlebot3_ws/build/control_interfaces', 'catkin_cmake_args': None, 'catkin_skip_building_tests': False, 'cmake_args': None, 'cmake_clean_cache': False, 'cmake_clean_first': False, 'cmake_force_configure': False, 'cmake_target': None, 'cmake_target_skip_unavailable': False, 'install_base': '/home/aleksi/turtlebot3_ws/install/control_interfaces', 'merge_install': False, 'path': '/home/aleksi/turtlebot3_ws/src/control_interfaces', 'symlink_install': False, 'test_result_base': None}
[1.090s] Level 5:colcon.colcon_core.verb:set package 'turtlebot3_fake_node' build argument 'cmake_args' from command line to 'None'
[1.090s] Level 5:colcon.colcon_core.verb:set package 'turtlebot3_fake_node' build argument 'cmake_target' from command line to 'None'
[1.090s] Level 5:colcon.colcon_core.verb:set package 'turtlebot3_fake_node' build argument 'cmake_target_skip_unavailable' from command line to 'False'
[1.090s] Level 5:colcon.colcon_core.verb:set package 'turtlebot3_fake_node' build argument 'cmake_clean_cache' from command line to 'False'
[1.090s] Level 5:colcon.colcon_core.verb:set package 'turtlebot3_fake_node' build argument 'cmake_clean_first' from command line to 'False'
[1.090s] Level 5:colcon.colcon_core.verb:set package 'turtlebot3_fake_node' build argument 'cmake_force_configure' from command line to 'False'
[1.090s] Level 5:colcon.colcon_core.verb:set package 'turtlebot3_fake_node' build argument 'ament_cmake_args' from command line to 'None'
[1.090s] Level 5:colcon.colcon_core.verb:set package 'turtlebot3_fake_node' build argument 'catkin_cmake_args' from command line to 'None'
[1.090s] Level 5:colcon.colcon_core.verb:set package 'turtlebot3_fake_node' build argument 'catkin_skip_building_tests' from command line to 'False'
[1.090s] DEBUG:colcon.colcon_core.verb:Building package 'turtlebot3_fake_node' with the following arguments: {'ament_cmake_args': None, 'build_base': '/home/aleksi/turtlebot3_ws/build/turtlebot3_fake_node', 'catkin_cmake_args': None, 'catkin_skip_building_tests': False, 'cmake_args': None, 'cmake_clean_cache': False, 'cmake_clean_first': False, 'cmake_force_configure': False, 'cmake_target': None, 'cmake_target_skip_unavailable': False, 'install_base': '/home/aleksi/turtlebot3_ws/install/turtlebot3_fake_node', 'merge_install': False, 'path': '/home/aleksi/turtlebot3_ws/src/turtlebot3_simulations/turtlebot3_fake_node', 'symlink_install': False, 'test_result_base': None}
[1.102s] Level 5:colcon.colcon_core.verb:set package 'turtlebot3_gazebo' build argument 'cmake_args' from command line to 'None'
[1.102s] Level 5:colcon.colcon_core.verb:set package 'turtlebot3_gazebo' build argument 'cmake_target' from command line to 'None'
[1.102s] Level 5:colcon.colcon_core.verb:set package 'turtlebot3_gazebo' build argument 'cmake_target_skip_unavailable' from command line to 'False'
[1.102s] Level 5:colcon.colcon_core.verb:set package 'turtlebot3_gazebo' build argument 'cmake_clean_cache' from command line to 'False'
[1.102s] Level 5:colcon.colcon_core.verb:set package 'turtlebot3_gazebo' build argument 'cmake_clean_first' from command line to 'False'
[1.102s] Level 5:colcon.colcon_core.verb:set package 'turtlebot3_gazebo' build argument 'cmake_force_configure' from command line to 'False'
[1.102s] Level 5:colcon.colcon_core.verb:set package 'turtlebot3_gazebo' build argument 'ament_cmake_args' from command line to 'None'
[1.102s] Level 5:colcon.colcon_core.verb:set package 'turtlebot3_gazebo' build argument 'catkin_cmake_args' from command line to 'None'
[1.102s] Level 5:colcon.colcon_core.verb:set package 'turtlebot3_gazebo' build argument 'catkin_skip_building_tests' from command line to 'False'
[1.102s] DEBUG:colcon.colcon_core.verb:Building package 'turtlebot3_gazebo' with the following arguments: {'ament_cmake_args': None, 'build_base': '/home/aleksi/turtlebot3_ws/build/turtlebot3_gazebo', 'catkin_cmake_args': None, 'catkin_skip_building_tests': False, 'cmake_args': None, 'cmake_clean_cache': False, 'cmake_clean_first': False, 'cmake_force_configure': False, 'cmake_target': None, 'cmake_target_skip_unavailable': False, 'install_base': '/home/aleksi/turtlebot3_ws/install/turtlebot3_gazebo', 'merge_install': False, 'path': '/home/aleksi/turtlebot3_ws/src/turtlebot3_simulations/turtlebot3_gazebo', 'symlink_install': False, 'test_result_base': None}
[1.114s] Level 5:colcon.colcon_core.verb:set package 'controller' build argument 'cmake_args' from command line to 'None'
[1.114s] Level 5:colcon.colcon_core.verb:set package 'controller' build argument 'cmake_target' from command line to 'None'
[1.114s] Level 5:colcon.colcon_core.verb:set package 'controller' build argument 'cmake_target_skip_unavailable' from command line to 'False'
[1.114s] Level 5:colcon.colcon_core.verb:set package 'controller' build argument 'cmake_clean_cache' from command line to 'False'
[1.114s] Level 5:colcon.colcon_core.verb:set package 'controller' build argument 'cmake_clean_first' from command line to 'False'
[1.114s] Level 5:colcon.colcon_core.verb:set package 'controller' build argument 'cmake_force_configure' from command line to 'False'
[1.114s] Level 5:colcon.colcon_core.verb:set package 'controller' build argument 'ament_cmake_args' from command line to 'None'
[1.114s] Level 5:colcon.colcon_core.verb:set package 'controller' build argument 'catkin_cmake_args' from command line to 'None'
[1.114s] Level 5:colcon.colcon_core.verb:set package 'controller' build argument 'catkin_skip_building_tests' from command line to 'False'
[1.114s] DEBUG:colcon.colcon_core.verb:Building package 'controller' with the following arguments: {'ament_cmake_args': None, 'build_base': '/home/aleksi/turtlebot3_ws/build/controller', 'catkin_cmake_args': None, 'catkin_skip_building_tests': False, 'cmake_args': None, 'cmake_clean_cache': False, 'cmake_clean_first': False, 'cmake_force_configure': False, 'cmake_target': None, 'cmake_target_skip_unavailable': False, 'install_base': '/home/aleksi/turtlebot3_ws/install/controller', 'merge_install': False, 'path': '/home/aleksi/turtlebot3_ws/src/controller', 'symlink_install': False, 'test_result_base': None}
[1.126s] Level 5:colcon.colcon_core.verb:set package 'turtlebot3_simulations' build argument 'cmake_args' from command line to 'None'
[1.126s] Level 5:colcon.colcon_core.verb:set package 'turtlebot3_simulations' build argument 'cmake_target' from command line to 'None'
[1.126s] Level 5:colcon.colcon_core.verb:set package 'turtlebot3_simulations' build argument 'cmake_target_skip_unavailable' from command line to 'False'
[1.126s] Level 5:colcon.colcon_core.verb:set package 'turtlebot3_simulations' build argument 'cmake_clean_cache' from command line to 'False'
[1.126s] Level 5:colcon.colcon_core.verb:set package 'turtlebot3_simulations' build argument 'cmake_clean_first' from command line to 'False'
[1.126s] Level 5:colcon.colcon_core.verb:set package 'turtlebot3_simulations' build argument 'cmake_force_configure' from command line to 'False'
[1.126s] Level 5:colcon.colcon_core.verb:set package 'turtlebot3_simulations' build argument 'ament_cmake_args' from command line to 'None'
[1.126s] Level 5:colcon.colcon_core.verb:set package 'turtlebot3_simulations' build argument 'catkin_cmake_args' from command line to 'None'
[1.126s] Level 5:colcon.colcon_core.verb:set package 'turtlebot3_simulations' build argument 'catkin_skip_building_tests' from command line to 'False'
[1.126s] DEBUG:colcon.colcon_core.verb:Building package 'turtlebot3_simulations' with the following arguments: {'ament_cmake_args': None, 'build_base': '/home/aleksi/turtlebot3_ws/build/turtlebot3_simulations', 'catkin_cmake_args': None, 'catkin_skip_building_tests': False, 'cmake_args': None, 'cmake_clean_cache': False, 'cmake_clean_first': False, 'cmake_force_configure': False, 'cmake_target': None, 'cmake_target_skip_unavailable': False, 'install_base': '/home/aleksi/turtlebot3_ws/install/turtlebot3_simulations', 'merge_install': False, 'path': '/home/aleksi/turtlebot3_ws/src/turtlebot3_simulations/turtlebot3_simulations', 'symlink_install': False, 'test_result_base': None}
[1.138s] INFO:colcon.colcon_core.executor:Executing jobs using 'parallel' executor
[1.150s] DEBUG:colcon.colcon_parallel_executor.executor.parallel:run_until_complete
[1.151s] INFO:colcon.colcon_ros.task.ament_cmake.build:Building ROS package in '/home/aleksi/turtlebot3_ws/src/control_interfaces' with build type 'ament_cmake'
[1.151s] INFO:colcon.colcon_cmake.task.cmake.build:Building CMake package in '/home/aleksi/turtlebot3_ws/src/control_interfaces'
[1.164s] INFO:colcon.colcon_core.plugin_system:Skipping extension 'colcon_core.shell.bat': Not used on non-Windows systems
[1.164s] INFO:colcon.colcon_core.shell:Skip shell extension 'powershell' for command environment: Not usable outside of PowerShell
[1.164s] DEBUG:colcon.colcon_core.shell:Skip shell extension 'dsv' for command environment
[1.206s] INFO:colcon.colcon_ros.task.ament_cmake.build:Building ROS package in '/home/aleksi/turtlebot3_ws/src/turtlebot3_simulations/turtlebot3_fake_node' with build type 'ament_cmake'
[1.206s] INFO:colcon.colcon_cmake.task.cmake.build:Building CMake package in '/home/aleksi/turtlebot3_ws/src/turtlebot3_simulations/turtlebot3_fake_node'
[1.220s] INFO:colcon.colcon_core.shell:Skip shell extension 'powershell' for command environment: Not usable outside of PowerShell
[1.220s] DEBUG:colcon.colcon_core.shell:Skip shell extension 'dsv' for command environment
[1.258s] INFO:colcon.colcon_ros.task.ament_cmake.build:Building ROS package in '/home/aleksi/turtlebot3_ws/src/turtlebot3_simulations/turtlebot3_gazebo' with build type 'ament_cmake'
[1.258s] INFO:colcon.colcon_cmake.task.cmake.build:Building CMake package in '/home/aleksi/turtlebot3_ws/src/turtlebot3_simulations/turtlebot3_gazebo'
[1.270s] INFO:colcon.colcon_core.shell:Skip shell extension 'powershell' for command environment: Not usable outside of PowerShell
[1.270s] DEBUG:colcon.colcon_core.shell:Skip shell extension 'dsv' for command environment
[1.313s] DEBUG:colcon.colcon_core.event_handler.log_command:Invoking command in '/home/aleksi/turtlebot3_ws/build/control_interfaces': CMAKE_PREFIX_PATH=${CMAKE_PREFIX_PATH}:/home/aleksi/turtlebot3_ws/install/controller:/opt/ros/humble /usr/bin/cmake --build /home/aleksi/turtlebot3_ws/build/control_interfaces -- -j24 -l24
[1.316s] DEBUG:colcon.colcon_core.event_handler.log_command:Invoking command in '/home/aleksi/turtlebot3_ws/build/turtlebot3_fake_node': CMAKE_PREFIX_PATH=${CMAKE_PREFIX_PATH}:/home/aleksi/turtlebot3_ws/install/controller:/opt/ros/humble /usr/bin/cmake --build /home/aleksi/turtlebot3_ws/build/turtlebot3_fake_node -- -j24 -l24
[1.319s] DEBUG:colcon.colcon_core.event_handler.log_command:Invoking command in '/home/aleksi/turtlebot3_ws/build/turtlebot3_gazebo': CMAKE_PREFIX_PATH=${CMAKE_PREFIX_PATH}:/home/aleksi/turtlebot3_ws/install/controller:/opt/ros/humble /usr/bin/cmake --build /home/aleksi/turtlebot3_ws/build/turtlebot3_gazebo -- -j24 -l24
[1.387s] DEBUG:colcon.colcon_core.event_handler.log_command:Invoked command in '/home/aleksi/turtlebot3_ws/build/turtlebot3_fake_node' returned '0': CMAKE_PREFIX_PATH=${CMAKE_PREFIX_PATH}:/home/aleksi/turtlebot3_ws/install/controller:/opt/ros/humble /usr/bin/cmake --build /home/aleksi/turtlebot3_ws/build/turtlebot3_fake_node -- -j24 -l24
[1.405s] DEBUG:colcon.colcon_core.event_handler.log_command:Invoked command in '/home/aleksi/turtlebot3_ws/build/turtlebot3_gazebo' returned '0': CMAKE_PREFIX_PATH=${CMAKE_PREFIX_PATH}:/home/aleksi/turtlebot3_ws/install/controller:/opt/ros/humble /usr/bin/cmake --build /home/aleksi/turtlebot3_ws/build/turtlebot3_gazebo -- -j24 -l24
[1.427s] DEBUG:colcon.colcon_core.event_handler.log_command:Invoking command in '/home/aleksi/turtlebot3_ws/build/turtlebot3_fake_node': CMAKE_PREFIX_PATH=${CMAKE_PREFIX_PATH}:/home/aleksi/turtlebot3_ws/install/controller:/opt/ros/humble /usr/bin/cmake --install /home/aleksi/turtlebot3_ws/build/turtlebot3_fake_node
[1.447s] DEBUG:colcon.colcon_core.event_handler.log_command:Invoking command in '/home/aleksi/turtlebot3_ws/build/turtlebot3_gazebo': CMAKE_PREFIX_PATH=${CMAKE_PREFIX_PATH}:/home/aleksi/turtlebot3_ws/install/controller:/opt/ros/humble /usr/bin/cmake --install /home/aleksi/turtlebot3_ws/build/turtlebot3_gazebo
[1.449s] Level 1:colcon.colcon_core.environment:create_environment_scripts_only(turtlebot3_fake_node)
[1.450s] DEBUG:colcon.colcon_core.event_handler.log_command:Invoked command in '/home/aleksi/turtlebot3_ws/build/turtlebot3_fake_node' returned '0': CMAKE_PREFIX_PATH=${CMAKE_PREFIX_PATH}:/home/aleksi/turtlebot3_ws/install/controller:/opt/ros/humble /usr/bin/cmake --install /home/aleksi/turtlebot3_ws/build/turtlebot3_fake_node
[1.472s] Level 1:colcon.colcon_core.environment:checking '/home/aleksi/turtlebot3_ws/install/turtlebot3_fake_node' for CMake module files
[1.472s] Level 1:colcon.colcon_core.environment:checking '/home/aleksi/turtlebot3_ws/install/turtlebot3_fake_node' for CMake config files
[1.473s] Level 1:colcon.colcon_core.shell:create_environment_hook('turtlebot3_fake_node', 'cmake_prefix_path')
[1.486s] INFO:colcon.colcon_core.shell:Creating environment hook '/home/aleksi/turtlebot3_ws/install/turtlebot3_fake_node/share/turtlebot3_fake_node/hook/cmake_prefix_path.ps1'
[1.486s] INFO:colcon.colcon_core.shell:Creating environment descriptor '/home/aleksi/turtlebot3_ws/install/turtlebot3_fake_node/share/turtlebot3_fake_node/hook/cmake_prefix_path.dsv'
[1.487s] INFO:colcon.colcon_core.shell:Creating environment hook '/home/aleksi/turtlebot3_ws/install/turtlebot3_fake_node/share/turtlebot3_fake_node/hook/cmake_prefix_path.sh'
[1.487s] Level 1:colcon.colcon_core.environment:checking '/home/aleksi/turtlebot3_ws/install/turtlebot3_fake_node/lib'
[1.487s] Level 1:colcon.colcon_core.environment:checking '/home/aleksi/turtlebot3_ws/install/turtlebot3_fake_node/bin'
[1.487s] Level 1:colcon.colcon_core.environment:checking '/home/aleksi/turtlebot3_ws/install/turtlebot3_fake_node/lib/pkgconfig/turtlebot3_fake_node.pc'
[1.488s] Level 1:colcon.colcon_core.environment:checking '/home/aleksi/turtlebot3_ws/install/turtlebot3_fake_node/lib/python3.10/site-packages'
[1.488s] Level 1:colcon.colcon_core.environment:checking '/home/aleksi/turtlebot3_ws/install/turtlebot3_fake_node/bin'
[1.501s] INFO:colcon.colcon_core.shell:Creating package script '/home/aleksi/turtlebot3_ws/install/turtlebot3_fake_node/share/turtlebot3_fake_node/package.ps1'
[1.501s] INFO:colcon.colcon_core.shell:Creating package descriptor '/home/aleksi/turtlebot3_ws/install/turtlebot3_fake_node/share/turtlebot3_fake_node/package.dsv'
[1.502s] INFO:colcon.colcon_core.shell:Creating package script '/home/aleksi/turtlebot3_ws/install/turtlebot3_fake_node/share/turtlebot3_fake_node/package.sh'
[1.502s] INFO:colcon.colcon_core.shell:Creating package script '/home/aleksi/turtlebot3_ws/install/turtlebot3_fake_node/share/turtlebot3_fake_node/package.bash'
[1.503s] INFO:colcon.colcon_core.shell:Creating package script '/home/aleksi/turtlebot3_ws/install/turtlebot3_fake_node/share/turtlebot3_fake_node/package.zsh'
[1.503s] Level 1:colcon.colcon_core.environment:create_file_with_runtime_dependencies(/home/aleksi/turtlebot3_ws/install/turtlebot3_fake_node/share/colcon-core/packages/turtlebot3_fake_node)
[1.504s] Level 1:colcon.colcon_core.environment:create_environment_scripts_only(turtlebot3_gazebo)
[1.505s] DEBUG:colcon.colcon_core.event_handler.log_command:Invoked command in '/home/aleksi/turtlebot3_ws/build/turtlebot3_gazebo' returned '0': CMAKE_PREFIX_PATH=${CMAKE_PREFIX_PATH}:/home/aleksi/turtlebot3_ws/install/controller:/opt/ros/humble /usr/bin/cmake --install /home/aleksi/turtlebot3_ws/build/turtlebot3_gazebo
[1.516s] Level 1:colcon.colcon_core.environment:checking '/home/aleksi/turtlebot3_ws/install/turtlebot3_gazebo' for CMake module files
[1.517s] Level 1:colcon.colcon_core.environment:checking '/home/aleksi/turtlebot3_ws/install/turtlebot3_gazebo' for CMake config files
[1.517s] Level 1:colcon.colcon_core.shell:create_environment_hook('turtlebot3_gazebo', 'cmake_prefix_path')
[1.529s] INFO:colcon.colcon_core.shell:Creating environment hook '/home/aleksi/turtlebot3_ws/install/turtlebot3_gazebo/share/turtlebot3_gazebo/hook/cmake_prefix_path.ps1'
[1.529s] INFO:colcon.colcon_core.shell:Creating environment descriptor '/home/aleksi/turtlebot3_ws/install/turtlebot3_gazebo/share/turtlebot3_gazebo/hook/cmake_prefix_path.dsv'
[1.529s] INFO:colcon.colcon_core.shell:Creating environment hook '/home/aleksi/turtlebot3_ws/install/turtlebot3_gazebo/share/turtlebot3_gazebo/hook/cmake_prefix_path.sh'
[1.530s] Level 1:colcon.colcon_core.environment:checking '/home/aleksi/turtlebot3_ws/install/turtlebot3_gazebo/lib'
[1.530s] Level 1:colcon.colcon_core.environment:checking '/home/aleksi/turtlebot3_ws/install/turtlebot3_gazebo/bin'
[1.530s] Level 1:colcon.colcon_core.environment:checking '/home/aleksi/turtlebot3_ws/install/turtlebot3_gazebo/lib/pkgconfig/turtlebot3_gazebo.pc'
[1.530s] Level 1:colcon.colcon_core.environment:checking '/home/aleksi/turtlebot3_ws/install/turtlebot3_gazebo/lib/python3.10/site-packages'
[1.530s] Level 1:colcon.colcon_core.environment:checking '/home/aleksi/turtlebot3_ws/install/turtlebot3_gazebo/bin'
[1.542s] INFO:colcon.colcon_core.shell:Creating package script '/home/aleksi/turtlebot3_ws/install/turtlebot3_gazebo/share/turtlebot3_gazebo/package.ps1'
[1.542s] INFO:colcon.colcon_core.shell:Creating package descriptor '/home/aleksi/turtlebot3_ws/install/turtlebot3_gazebo/share/turtlebot3_gazebo/package.dsv'
[1.542s] INFO:colcon.colcon_core.shell:Creating package script '/home/aleksi/turtlebot3_ws/install/turtlebot3_gazebo/share/turtlebot3_gazebo/package.sh'
[1.542s] INFO:colcon.colcon_core.shell:Creating package script '/home/aleksi/turtlebot3_ws/install/turtlebot3_gazebo/share/turtlebot3_gazebo/package.bash'
[1.543s] INFO:colcon.colcon_core.shell:Creating package script '/home/aleksi/turtlebot3_ws/install/turtlebot3_gazebo/share/turtlebot3_gazebo/package.zsh'
[1.543s] Level 1:colcon.colcon_core.environment:create_file_with_runtime_dependencies(/home/aleksi/turtlebot3_ws/install/turtlebot3_gazebo/share/colcon-core/packages/turtlebot3_gazebo)
[1.556s] Level 1:colcon.colcon_core.environment:create_environment_scripts_only(turtlebot3_fake_node)
[1.568s] Level 1:colcon.colcon_core.environment:checking '/home/aleksi/turtlebot3_ws/install/turtlebot3_fake_node' for CMake module files
[1.568s] Level 1:colcon.colcon_core.environment:checking '/home/aleksi/turtlebot3_ws/install/turtlebot3_fake_node' for CMake config files
[1.569s] Level 1:colcon.colcon_core.shell:create_environment_hook('turtlebot3_fake_node', 'cmake_prefix_path')
[1.582s] INFO:colcon.colcon_core.shell:Creating environment hook '/home/aleksi/turtlebot3_ws/install/turtlebot3_fake_node/share/turtlebot3_fake_node/hook/cmake_prefix_path.ps1'
[1.583s] INFO:colcon.colcon_core.shell:Creating environment descriptor '/home/aleksi/turtlebot3_ws/install/turtlebot3_fake_node/share/turtlebot3_fake_node/hook/cmake_prefix_path.dsv'
[1.583s] INFO:colcon.colcon_core.shell:Creating environment hook '/home/aleksi/turtlebot3_ws/install/turtlebot3_fake_node/share/turtlebot3_fake_node/hook/cmake_prefix_path.sh'
[1.583s] Level 1:colcon.colcon_core.environment:checking '/home/aleksi/turtlebot3_ws/install/turtlebot3_fake_node/lib'
[1.583s] Level 1:colcon.colcon_core.environment:checking '/home/aleksi/turtlebot3_ws/install/turtlebot3_fake_node/bin'
[1.583s] Level 1:colcon.colcon_core.environment:checking '/home/aleksi/turtlebot3_ws/install/turtlebot3_fake_node/lib/pkgconfig/turtlebot3_fake_node.pc'
[1.583s] Level 1:colcon.colcon_core.environment:checking '/home/aleksi/turtlebot3_ws/install/turtlebot3_fake_node/lib/python3.10/site-packages'
[1.584s] Level 1:colcon.colcon_core.environment:checking '/home/aleksi/turtlebot3_ws/install/turtlebot3_fake_node/bin'
[1.596s] INFO:colcon.colcon_core.shell:Creating package script '/home/aleksi/turtlebot3_ws/install/turtlebot3_fake_node/share/turtlebot3_fake_node/package.ps1'
[1.596s] INFO:colcon.colcon_core.shell:Creating package descriptor '/home/aleksi/turtlebot3_ws/install/turtlebot3_fake_node/share/turtlebot3_fake_node/package.dsv'
[1.596s] INFO:colcon.colcon_core.shell:Creating package script '/home/aleksi/turtlebot3_ws/install/turtlebot3_fake_node/share/turtlebot3_fake_node/package.sh'
[1.596s] INFO:colcon.colcon_core.shell:Creating package script '/home/aleksi/turtlebot3_ws/install/turtlebot3_fake_node/share/turtlebot3_fake_node/package.bash'
[1.597s] INFO:colcon.colcon_core.shell:Creating package script '/home/aleksi/turtlebot3_ws/install/turtlebot3_fake_node/share/turtlebot3_fake_node/package.zsh'
[1.597s] Level 1:colcon.colcon_core.environment:create_file_with_runtime_dependencies(/home/aleksi/turtlebot3_ws/install/turtlebot3_fake_node/share/colcon-core/packages/turtlebot3_fake_node)
[1.610s] Level 1:colcon.colcon_core.environment:create_environment_scripts_only(turtlebot3_gazebo)
[1.622s] Level 1:colcon.colcon_core.environment:checking '/home/aleksi/turtlebot3_ws/install/turtlebot3_gazebo' for CMake module files
[1.622s] Level 1:colcon.colcon_core.environment:checking '/home/aleksi/turtlebot3_ws/install/turtlebot3_gazebo' for CMake config files
[1.623s] Level 1:colcon.colcon_core.shell:create_environment_hook('turtlebot3_gazebo', 'cmake_prefix_path')
[1.634s] INFO:colcon.colcon_core.shell:Creating environment hook '/home/aleksi/turtlebot3_ws/install/turtlebot3_gazebo/share/turtlebot3_gazebo/hook/cmake_prefix_path.ps1'
[1.635s] INFO:colcon.colcon_core.shell:Creating environment descriptor '/home/aleksi/turtlebot3_ws/install/turtlebot3_gazebo/share/turtlebot3_gazebo/hook/cmake_prefix_path.dsv'
[1.635s] INFO:colcon.colcon_core.shell:Creating environment hook '/home/aleksi/turtlebot3_ws/install/turtlebot3_gazebo/share/turtlebot3_gazebo/hook/cmake_prefix_path.sh'
[1.635s] Level 1:colcon.colcon_core.environment:checking '/home/aleksi/turtlebot3_ws/install/turtlebot3_gazebo/lib'
[1.635s] Level 1:colcon.colcon_core.environment:checking '/home/aleksi/turtlebot3_ws/install/turtlebot3_gazebo/bin'
[1.635s] Level 1:colcon.colcon_core.environment:checking '/home/aleksi/turtlebot3_ws/install/turtlebot3_gazebo/lib/pkgconfig/turtlebot3_gazebo.pc'
[1.636s] Level 1:colcon.colcon_core.environment:checking '/home/aleksi/turtlebot3_ws/install/turtlebot3_gazebo/lib/python3.10/site-packages'
[1.636s] Level 1:colcon.colcon_core.environment:checking '/home/aleksi/turtlebot3_ws/install/turtlebot3_gazebo/bin'
[1.648s] INFO:colcon.colcon_core.shell:Creating package script '/home/aleksi/turtlebot3_ws/install/turtlebot3_gazebo/share/turtlebot3_gazebo/package.ps1'
[1.648s] INFO:colcon.colcon_core.shell:Creating package descriptor '/home/aleksi/turtlebot3_ws/install/turtlebot3_gazebo/share/turtlebot3_gazebo/package.dsv'
[1.648s] INFO:colcon.colcon_core.shell:Creating package script '/home/aleksi/turtlebot3_ws/install/turtlebot3_gazebo/share/turtlebot3_gazebo/package.sh'
[1.648s] INFO:colcon.colcon_core.shell:Creating package script '/home/aleksi/turtlebot3_ws/install/turtlebot3_gazebo/share/turtlebot3_gazebo/package.bash'
[1.649s] INFO:colcon.colcon_core.shell:Creating package script '/home/aleksi/turtlebot3_ws/install/turtlebot3_gazebo/share/turtlebot3_gazebo/package.zsh'
[1.649s] Level 1:colcon.colcon_core.environment:create_file_with_runtime_dependencies(/home/aleksi/turtlebot3_ws/install/turtlebot3_gazebo/share/colcon-core/packages/turtlebot3_gazebo)
[1.649s] INFO:colcon.colcon_ros.task.ament_cmake.build:Building ROS package in '/home/aleksi/turtlebot3_ws/src/turtlebot3_simulations/turtlebot3_simulations' with build type 'ament_cmake'
[1.649s] INFO:colcon.colcon_cmake.task.cmake.build:Building CMake package in '/home/aleksi/turtlebot3_ws/src/turtlebot3_simulations/turtlebot3_simulations'
[1.662s] INFO:colcon.colcon_core.shell:Skip shell extension 'powershell' for command environment: Not usable outside of PowerShell
[1.662s] DEBUG:colcon.colcon_core.shell:Skip shell extension 'dsv' for command environment
[1.703s] DEBUG:colcon.colcon_core.event_handler.log_command:Invoked command in '/home/aleksi/turtlebot3_ws/build/control_interfaces' returned '0': CMAKE_PREFIX_PATH=${CMAKE_PREFIX_PATH}:/home/aleksi/turtlebot3_ws/install/controller:/opt/ros/humble /usr/bin/cmake --build /home/aleksi/turtlebot3_ws/build/control_interfaces -- -j24 -l24
[1.706s] DEBUG:colcon.colcon_core.event_handler.log_command:Invoking command in '/home/aleksi/turtlebot3_ws/build/turtlebot3_simulations': CMAKE_PREFIX_PATH=/home/aleksi/turtlebot3_ws/install/turtlebot3_gazebo:/home/aleksi/turtlebot3_ws/install/turtlebot3_fake_node:/home/aleksi/turtlebot3_ws/install/turtlebot3_simulations:/home/aleksi/turtlebot3_ws/install/control_interfaces:/home/aleksi/turtlebot3_ws/install/controller:/opt/ros/humble /usr/bin/cmake --build /home/aleksi/turtlebot3_ws/build/turtlebot3_simulations -- -j24 -l24
[1.749s] DEBUG:colcon.colcon_core.event_handler.log_command:Invoked command in '/home/aleksi/turtlebot3_ws/build/turtlebot3_simulations' returned '0': CMAKE_PREFIX_PATH=/home/aleksi/turtlebot3_ws/install/turtlebot3_gazebo:/home/aleksi/turtlebot3_ws/install/turtlebot3_fake_node:/home/aleksi/turtlebot3_ws/install/turtlebot3_simulations:/home/aleksi/turtlebot3_ws/install/control_interfaces:/home/aleksi/turtlebot3_ws/install/controller:/opt/ros/humble /usr/bin/cmake --build /home/aleksi/turtlebot3_ws/build/turtlebot3_simulations -- -j24 -l24
[1.772s] DEBUG:colcon.colcon_core.event_handler.log_command:Invoking command in '/home/aleksi/turtlebot3_ws/build/turtlebot3_simulations': CMAKE_PREFIX_PATH=/home/aleksi/turtlebot3_ws/install/turtlebot3_gazebo:/home/aleksi/turtlebot3_ws/install/turtlebot3_fake_node:/home/aleksi/turtlebot3_ws/install/turtlebot3_simulations:/home/aleksi/turtlebot3_ws/install/control_interfaces:/home/aleksi/turtlebot3_ws/install/controller:/opt/ros/humble /usr/bin/cmake --install /home/aleksi/turtlebot3_ws/build/turtlebot3_simulations
[1.793s] Level 1:colcon.colcon_core.environment:create_environment_scripts_only(turtlebot3_simulations)
[1.793s] DEBUG:colcon.colcon_core.event_handler.log_command:Invoked command in '/home/aleksi/turtlebot3_ws/build/turtlebot3_simulations' returned '0': CMAKE_PREFIX_PATH=/home/aleksi/turtlebot3_ws/install/turtlebot3_gazebo:/home/aleksi/turtlebot3_ws/install/turtlebot3_fake_node:/home/aleksi/turtlebot3_ws/install/turtlebot3_simulations:/home/aleksi/turtlebot3_ws/install/control_interfaces:/home/aleksi/turtlebot3_ws/install/controller:/opt/ros/humble /usr/bin/cmake --install /home/aleksi/turtlebot3_ws/build/turtlebot3_simulations
[1.805s] Level 1:colcon.colcon_core.environment:checking '/home/aleksi/turtlebot3_ws/install/turtlebot3_simulations' for CMake module files
[1.806s] Level 1:colcon.colcon_core.environment:checking '/home/aleksi/turtlebot3_ws/install/turtlebot3_simulations' for CMake config files
[1.806s] Level 1:colcon.colcon_core.shell:create_environment_hook('turtlebot3_simulations', 'cmake_prefix_path')
[1.818s] INFO:colcon.colcon_core.shell:Creating environment hook '/home/aleksi/turtlebot3_ws/install/turtlebot3_simulations/share/turtlebot3_simulations/hook/cmake_prefix_path.ps1'
[1.819s] INFO:colcon.colcon_core.shell:Creating environment descriptor '/home/aleksi/turtlebot3_ws/install/turtlebot3_simulations/share/turtlebot3_simulations/hook/cmake_prefix_path.dsv'
[1.819s] INFO:colcon.colcon_core.shell:Creating environment hook '/home/aleksi/turtlebot3_ws/install/turtlebot3_simulations/share/turtlebot3_simulations/hook/cmake_prefix_path.sh'
[1.819s] Level 1:colcon.colcon_core.environment:checking '/home/aleksi/turtlebot3_ws/install/turtlebot3_simulations/bin'
[1.819s] Level 1:colcon.colcon_core.environment:checking '/home/aleksi/turtlebot3_ws/install/turtlebot3_simulations/lib/pkgconfig/turtlebot3_simulations.pc'
[1.819s] Level 1:colcon.colcon_core.environment:checking '/home/aleksi/turtlebot3_ws/install/turtlebot3_simulations/lib/python3.10/site-packages'
[1.819s] Level 1:colcon.colcon_core.environment:checking '/home/aleksi/turtlebot3_ws/install/turtlebot3_simulations/bin'
[1.832s] INFO:colcon.colcon_core.shell:Creating package script '/home/aleksi/turtlebot3_ws/install/turtlebot3_simulations/share/turtlebot3_simulations/package.ps1'
[1.832s] INFO:colcon.colcon_core.shell:Creating package descriptor '/home/aleksi/turtlebot3_ws/install/turtlebot3_simulations/share/turtlebot3_simulations/package.dsv'
[1.832s] INFO:colcon.colcon_core.shell:Creating package script '/home/aleksi/turtlebot3_ws/install/turtlebot3_simulations/share/turtlebot3_simulations/package.sh'
[1.832s] INFO:colcon.colcon_core.shell:Creating package script '/home/aleksi/turtlebot3_ws/install/turtlebot3_simulations/share/turtlebot3_simulations/package.bash'
[1.833s] INFO:colcon.colcon_core.shell:Creating package script '/home/aleksi/turtlebot3_ws/install/turtlebot3_simulations/share/turtlebot3_simulations/package.zsh'
[1.833s] Level 1:colcon.colcon_core.environment:create_file_with_runtime_dependencies(/home/aleksi/turtlebot3_ws/install/turtlebot3_simulations/share/colcon-core/packages/turtlebot3_simulations)
[1.835s] DEBUG:colcon.colcon_core.event_handler.log_command:Invoking command in '/home/aleksi/turtlebot3_ws/build/control_interfaces': CMAKE_PREFIX_PATH=${CMAKE_PREFIX_PATH}:/home/aleksi/turtlebot3_ws/install/controller:/opt/ros/humble /usr/bin/cmake --install /home/aleksi/turtlebot3_ws/build/control_interfaces
[1.867s] Level 1:colcon.colcon_core.environment:create_environment_scripts_only(turtlebot3_simulations)
[1.882s] Level 1:colcon.colcon_core.environment:checking '/home/aleksi/turtlebot3_ws/install/turtlebot3_simulations' for CMake module files
[1.883s] Level 1:colcon.colcon_core.environment:checking '/home/aleksi/turtlebot3_ws/install/turtlebot3_simulations' for CMake config files
[1.884s] Level 1:colcon.colcon_core.shell:create_environment_hook('turtlebot3_simulations', 'cmake_prefix_path')
[1.899s] INFO:colcon.colcon_core.shell:Creating environment hook '/home/aleksi/turtlebot3_ws/install/turtlebot3_simulations/share/turtlebot3_simulations/hook/cmake_prefix_path.ps1'
[1.899s] INFO:colcon.colcon_core.shell:Creating environment descriptor '/home/aleksi/turtlebot3_ws/install/turtlebot3_simulations/share/turtlebot3_simulations/hook/cmake_prefix_path.dsv'
[1.899s] INFO:colcon.colcon_core.shell:Creating environment hook '/home/aleksi/turtlebot3_ws/install/turtlebot3_simulations/share/turtlebot3_simulations/hook/cmake_prefix_path.sh'
[1.899s] Level 1:colcon.colcon_core.environment:checking '/home/aleksi/turtlebot3_ws/install/turtlebot3_simulations/bin'
[1.900s] Level 1:colcon.colcon_core.environment:checking '/home/aleksi/turtlebot3_ws/install/turtlebot3_simulations/lib/pkgconfig/turtlebot3_simulations.pc'
[1.900s] Level 1:colcon.colcon_core.environment:checking '/home/aleksi/turtlebot3_ws/install/turtlebot3_simulations/lib/python3.10/site-packages'
[1.900s] Level 1:colcon.colcon_core.environment:checking '/home/aleksi/turtlebot3_ws/install/turtlebot3_simulations/bin'
[1.912s] INFO:colcon.colcon_core.shell:Creating package script '/home/aleksi/turtlebot3_ws/install/turtlebot3_simulations/share/turtlebot3_simulations/package.ps1'
[1.912s] INFO:colcon.colcon_core.shell:Creating package descriptor '/home/aleksi/turtlebot3_ws/install/turtlebot3_simulations/share/turtlebot3_simulations/package.dsv'
[1.912s] INFO:colcon.colcon_core.shell:Creating package script '/home/aleksi/turtlebot3_ws/install/turtlebot3_simulations/share/turtlebot3_simulations/package.sh'
[1.913s] INFO:colcon.colcon_core.shell:Creating package script '/home/aleksi/turtlebot3_ws/install/turtlebot3_simulations/share/turtlebot3_simulations/package.bash'
[1.913s] INFO:colcon.colcon_core.shell:Creating package script '/home/aleksi/turtlebot3_ws/install/turtlebot3_simulations/share/turtlebot3_simulations/package.zsh'
[1.913s] Level 1:colcon.colcon_core.environment:create_file_with_runtime_dependencies(/home/aleksi/turtlebot3_ws/install/turtlebot3_simulations/share/colcon-core/packages/turtlebot3_simulations)
[1.914s] Level 1:colcon.colcon_core.environment:create_environment_scripts_only(control_interfaces)
[1.915s] DEBUG:colcon.colcon_core.event_handler.log_command:Invoked command in '/home/aleksi/turtlebot3_ws/build/control_interfaces' returned '0': CMAKE_PREFIX_PATH=${CMAKE_PREFIX_PATH}:/home/aleksi/turtlebot3_ws/install/controller:/opt/ros/humble /usr/bin/cmake --install /home/aleksi/turtlebot3_ws/build/control_interfaces
[1.927s] Level 1:colcon.colcon_core.environment:checking '/home/aleksi/turtlebot3_ws/install/control_interfaces' for CMake module files
[1.928s] Level 1:colcon.colcon_core.environment:checking '/home/aleksi/turtlebot3_ws/install/control_interfaces' for CMake config files
[1.928s] Level 1:colcon.colcon_core.shell:create_environment_hook('control_interfaces', 'cmake_prefix_path')
[1.940s] INFO:colcon.colcon_core.shell:Creating environment hook '/home/aleksi/turtlebot3_ws/install/control_interfaces/share/control_interfaces/hook/cmake_prefix_path.ps1'
[1.940s] INFO:colcon.colcon_core.shell:Creating environment descriptor '/home/aleksi/turtlebot3_ws/install/control_interfaces/share/control_interfaces/hook/cmake_prefix_path.dsv'
[1.941s] INFO:colcon.colcon_core.shell:Creating environment hook '/home/aleksi/turtlebot3_ws/install/control_interfaces/share/control_interfaces/hook/cmake_prefix_path.sh'
[1.941s] Level 1:colcon.colcon_core.environment:checking '/home/aleksi/turtlebot3_ws/install/control_interfaces/lib'
[1.941s] Level 1:colcon.colcon_core.shell:create_environment_hook('control_interfaces', 'ld_library_path_lib')
[1.953s] INFO:colcon.colcon_core.shell:Creating environment hook '/home/aleksi/turtlebot3_ws/install/control_interfaces/share/control_interfaces/hook/ld_library_path_lib.ps1'
[1.954s] INFO:colcon.colcon_core.shell:Creating environment descriptor '/home/aleksi/turtlebot3_ws/install/control_interfaces/share/control_interfaces/hook/ld_library_path_lib.dsv'
[1.954s] INFO:colcon.colcon_core.shell:Creating environment hook '/home/aleksi/turtlebot3_ws/install/control_interfaces/share/control_interfaces/hook/ld_library_path_lib.sh'
[1.954s] Level 1:colcon.colcon_core.environment:checking '/home/aleksi/turtlebot3_ws/install/control_interfaces/bin'
[1.954s] Level 1:colcon.colcon_core.environment:checking '/home/aleksi/turtlebot3_ws/install/control_interfaces/lib/pkgconfig/control_interfaces.pc'
[1.954s] Level 1:colcon.colcon_core.environment:checking '/home/aleksi/turtlebot3_ws/install/control_interfaces/lib/python3.10/site-packages'
[1.954s] Level 1:colcon.colcon_core.environment:checking '/home/aleksi/turtlebot3_ws/install/control_interfaces/bin'
[1.967s] INFO:colcon.colcon_core.shell:Creating package script '/home/aleksi/turtlebot3_ws/install/control_interfaces/share/control_interfaces/package.ps1'
[1.967s] INFO:colcon.colcon_core.shell:Creating package descriptor '/home/aleksi/turtlebot3_ws/install/control_interfaces/share/control_interfaces/package.dsv'
[1.967s] INFO:colcon.colcon_core.shell:Creating package script '/home/aleksi/turtlebot3_ws/install/control_interfaces/share/control_interfaces/package.sh'
[1.968s] INFO:colcon.colcon_core.shell:Creating package script '/home/aleksi/turtlebot3_ws/install/control_interfaces/share/control_interfaces/package.bash'
[1.968s] INFO:colcon.colcon_core.shell:Creating package script '/home/aleksi/turtlebot3_ws/install/control_interfaces/share/control_interfaces/package.zsh'
[1.968s] Level 1:colcon.colcon_core.environment:create_file_with_runtime_dependencies(/home/aleksi/turtlebot3_ws/install/control_interfaces/share/colcon-core/packages/control_interfaces)
[2.096s] Level 1:colcon.colcon_core.environment:create_environment_scripts_only(control_interfaces)
[2.108s] Level 1:colcon.colcon_core.environment:checking '/home/aleksi/turtlebot3_ws/install/control_interfaces' for CMake module files
[2.108s] Level 1:colcon.colcon_core.environment:checking '/home/aleksi/turtlebot3_ws/install/control_interfaces' for CMake config files
[2.109s] Level 1:colcon.colcon_core.shell:create_environment_hook('control_interfaces', 'cmake_prefix_path')
[2.120s] INFO:colcon.colcon_core.shell:Creating environment hook '/home/aleksi/turtlebot3_ws/install/control_interfaces/share/control_interfaces/hook/cmake_prefix_path.ps1'
[2.121s] INFO:colcon.colcon_core.shell:Creating environment descriptor '/home/aleksi/turtlebot3_ws/install/control_interfaces/share/control_interfaces/hook/cmake_prefix_path.dsv'
[2.121s] INFO:colcon.colcon_core.shell:Creating environment hook '/home/aleksi/turtlebot3_ws/install/control_interfaces/share/control_interfaces/hook/cmake_prefix_path.sh'
[2.121s] Level 1:colcon.colcon_core.environment:checking '/home/aleksi/turtlebot3_ws/install/control_interfaces/lib'
[2.121s] Level 1:colcon.colcon_core.shell:create_environment_hook('control_interfaces', 'ld_library_path_lib')
[2.133s] INFO:colcon.colcon_core.shell:Creating environment hook '/home/aleksi/turtlebot3_ws/install/control_interfaces/share/control_interfaces/hook/ld_library_path_lib.ps1'
[2.134s] INFO:colcon.colcon_core.shell:Creating environment descriptor '/home/aleksi/turtlebot3_ws/install/control_interfaces/share/control_interfaces/hook/ld_library_path_lib.dsv'
[2.134s] INFO:colcon.colcon_core.shell:Creating environment hook '/home/aleksi/turtlebot3_ws/install/control_interfaces/share/control_interfaces/hook/ld_library_path_lib.sh'
[2.134s] Level 1:colcon.colcon_core.environment:checking '/home/aleksi/turtlebot3_ws/install/control_interfaces/bin'
[2.134s] Level 1:colcon.colcon_core.environment:checking '/home/aleksi/turtlebot3_ws/install/control_interfaces/lib/pkgconfig/control_interfaces.pc'
[2.134s] Level 1:colcon.colcon_core.environment:checking '/home/aleksi/turtlebot3_ws/install/control_interfaces/lib/python3.10/site-packages'
[2.134s] Level 1:colcon.colcon_core.environment:checking '/home/aleksi/turtlebot3_ws/install/control_interfaces/bin'
[2.146s] INFO:colcon.colcon_core.shell:Creating package script '/home/aleksi/turtlebot3_ws/install/control_interfaces/share/control_interfaces/package.ps1'
[2.146s] INFO:colcon.colcon_core.shell:Creating package descriptor '/home/aleksi/turtlebot3_ws/install/control_interfaces/share/control_interfaces/package.dsv'
[2.147s] INFO:colcon.colcon_core.shell:Creating package script '/home/aleksi/turtlebot3_ws/install/control_interfaces/share/control_interfaces/package.sh'
[2.147s] INFO:colcon.colcon_core.shell:Creating package script '/home/aleksi/turtlebot3_ws/install/control_interfaces/share/control_interfaces/package.bash'
[2.147s] INFO:colcon.colcon_core.shell:Creating package script '/home/aleksi/turtlebot3_ws/install/control_interfaces/share/control_interfaces/package.zsh'
[2.148s] Level 1:colcon.colcon_core.environment:create_file_with_runtime_dependencies(/home/aleksi/turtlebot3_ws/install/control_interfaces/share/colcon-core/packages/control_interfaces)
[2.148s] INFO:colcon.colcon_ros.task.ament_python.build:Building ROS package in '/home/aleksi/turtlebot3_ws/src/controller' with build type 'ament_python'
[2.148s] Level 1:colcon.colcon_core.shell:create_environment_hook('controller', 'ament_prefix_path')
[2.160s] INFO:colcon.colcon_core.shell:Creating environment hook '/home/aleksi/turtlebot3_ws/install/controller/share/controller/hook/ament_prefix_path.ps1'
[2.161s] INFO:colcon.colcon_core.shell:Creating environment descriptor '/home/aleksi/turtlebot3_ws/install/controller/share/controller/hook/ament_prefix_path.dsv'
[2.161s] INFO:colcon.colcon_core.shell:Creating environment hook '/home/aleksi/turtlebot3_ws/install/controller/share/controller/hook/ament_prefix_path.sh'
[2.174s] INFO:colcon.colcon_core.shell:Skip shell extension 'powershell' for command environment: Not usable outside of PowerShell
[2.174s] DEBUG:colcon.colcon_core.shell:Skip shell extension 'dsv' for command environment
[2.407s] INFO:colcon.colcon_core.task.python.build:Building Python package in '/home/aleksi/turtlebot3_ws/src/controller'
[2.422s] INFO:colcon.colcon_core.shell:Skip shell extension 'powershell' for command environment: Not usable outside of PowerShell
[2.423s] DEBUG:colcon.colcon_core.shell:Skip shell extension 'dsv' for command environment
[2.736s] DEBUG:colcon.colcon_core.event_handler.log_command:Invoking command in '/home/aleksi/turtlebot3_ws/src/controller': CMAKE_PREFIX_PATH=/home/aleksi/turtlebot3_ws/install/control_interfaces:/home/aleksi/turtlebot3_ws/install/turtlebot3_simulations:/home/aleksi/turtlebot3_ws/install/turtlebot3_gazebo:/home/aleksi/turtlebot3_ws/install/turtlebot3_fake_node PYTHONPATH=/home/aleksi/turtlebot3_ws/build/controller/prefix_override:/home/aleksi/turtlebot3_ws/install/controller/lib/python3.10/site-packages:${PYTHONPATH} /usr/bin/python3 setup.py egg_info --egg-base ../../build/controller build --build-base /home/aleksi/turtlebot3_ws/build/controller/build install --record /home/aleksi/turtlebot3_ws/build/controller/install.log --single-version-externally-managed
[2.963s] DEBUG:colcon.colcon_core.event_handler.log_command:Invoked command in '/home/aleksi/turtlebot3_ws/src/controller' returned '0': CMAKE_PREFIX_PATH=/home/aleksi/turtlebot3_ws/install/control_interfaces:/home/aleksi/turtlebot3_ws/install/turtlebot3_simulations:/home/aleksi/turtlebot3_ws/install/turtlebot3_gazebo:/home/aleksi/turtlebot3_ws/install/turtlebot3_fake_node PYTHONPATH=/home/aleksi/turtlebot3_ws/build/controller/prefix_override:/home/aleksi/turtlebot3_ws/install/controller/lib/python3.10/site-packages:${PYTHONPATH} /usr/bin/python3 setup.py egg_info --egg-base ../../build/controller build --build-base /home/aleksi/turtlebot3_ws/build/controller/build install --record /home/aleksi/turtlebot3_ws/build/controller/install.log --single-version-externally-managed
[2.982s] Level 1:colcon.colcon_core.environment:checking '/home/aleksi/turtlebot3_ws/install/controller' for CMake module files
[2.982s] Level 1:colcon.colcon_core.environment:checking '/home/aleksi/turtlebot3_ws/install/controller' for CMake config files
[2.983s] Level 1:colcon.colcon_core.environment:checking '/home/aleksi/turtlebot3_ws/install/controller/lib'
[2.983s] Level 1:colcon.colcon_core.environment:checking '/home/aleksi/turtlebot3_ws/install/controller/bin'
[2.983s] Level 1:colcon.colcon_core.environment:checking '/home/aleksi/turtlebot3_ws/install/controller/lib/pkgconfig/controller.pc'
[2.983s] Level 1:colcon.colcon_core.environment:checking '/home/aleksi/turtlebot3_ws/install/controller/lib/python3.10/site-packages'
[2.983s] Level 1:colcon.colcon_core.shell:create_environment_hook('controller', 'pythonpath')
[2.995s] INFO:colcon.colcon_core.shell:Creating environment hook '/home/aleksi/turtlebot3_ws/install/controller/share/controller/hook/pythonpath.ps1'
[2.996s] INFO:colcon.colcon_core.shell:Creating environment descriptor '/home/aleksi/turtlebot3_ws/install/controller/share/controller/hook/pythonpath.dsv'
[2.996s] INFO:colcon.colcon_core.shell:Creating environment hook '/home/aleksi/turtlebot3_ws/install/controller/share/controller/hook/pythonpath.sh'
[2.996s] Level 1:colcon.colcon_core.environment:checking '/home/aleksi/turtlebot3_ws/install/controller/bin'
[2.996s] Level 1:colcon.colcon_core.environment:create_environment_scripts_only(controller)
[3.009s] INFO:colcon.colcon_core.shell:Creating package script '/home/aleksi/turtlebot3_ws/install/controller/share/controller/package.ps1'
[3.009s] INFO:colcon.colcon_core.shell:Creating package descriptor '/home/aleksi/turtlebot3_ws/install/controller/share/controller/package.dsv'
[3.010s] INFO:colcon.colcon_core.shell:Creating package script '/home/aleksi/turtlebot3_ws/install/controller/share/controller/package.sh'
[3.010s] INFO:colcon.colcon_core.shell:Creating package script '/home/aleksi/turtlebot3_ws/install/controller/share/controller/package.bash'
[3.010s] INFO:colcon.colcon_core.shell:Creating package script '/home/aleksi/turtlebot3_ws/install/controller/share/controller/package.zsh'
[3.010s] Level 1:colcon.colcon_core.environment:create_file_with_runtime_dependencies(/home/aleksi/turtlebot3_ws/install/controller/share/colcon-core/packages/controller)
[3.011s] DEBUG:colcon.colcon_parallel_executor.executor.parallel:closing loop
[3.011s] DEBUG:colcon.colcon_parallel_executor.executor.parallel:loop closed
[3.011s] DEBUG:colcon.colcon_parallel_executor.executor.parallel:run_until_complete finished with '0'
[3.011s] DEBUG:colcon.colcon_core.event_reactor:joining thread
[3.040s] INFO:colcon.colcon_core.plugin_system:Skipping extension 'colcon_notification.desktop_notification.terminal_notifier': Not used on non-Darwin systems
[3.040s] INFO:colcon.colcon_core.plugin_system:Skipping extension 'colcon_notification.desktop_notification.win32': Not used on non-Windows systems
[3.040s] INFO:colcon.colcon_notification.desktop_notification:Sending desktop notification using 'notify2'
[3.058s] DEBUG:colcon.colcon_core.event_reactor:joined thread
[3.071s] INFO:colcon.colcon_core.shell:Creating prefix script '/home/aleksi/turtlebot3_ws/install/local_setup.ps1'
[3.072s] INFO:colcon.colcon_core.shell:Creating prefix util module '/home/aleksi/turtlebot3_ws/install/_local_setup_util_ps1.py'
[3.073s] INFO:colcon.colcon_core.shell:Creating prefix chain script '/home/aleksi/turtlebot3_ws/install/setup.ps1'
[3.086s] INFO:colcon.colcon_core.shell:Creating prefix script '/home/aleksi/turtlebot3_ws/install/local_setup.sh'
[3.086s] INFO:colcon.colcon_core.shell:Creating prefix util module '/home/aleksi/turtlebot3_ws/install/_local_setup_util_sh.py'
[3.086s] INFO:colcon.colcon_core.shell:Creating prefix chain script '/home/aleksi/turtlebot3_ws/install/setup.sh'
[3.100s] INFO:colcon.colcon_core.shell:Creating prefix script '/home/aleksi/turtlebot3_ws/install/local_setup.bash'
[3.100s] INFO:colcon.colcon_core.shell:Creating prefix chain script '/home/aleksi/turtlebot3_ws/install/setup.bash'
[3.113s] INFO:colcon.colcon_core.shell:Creating prefix script '/home/aleksi/turtlebot3_ws/install/local_setup.zsh'
[3.113s] INFO:colcon.colcon_core.shell:Creating prefix chain script '/home/aleksi/turtlebot3_ws/install/setup.zsh'
