running egg_info
writing ../../build/controller/controller.egg-info/PKG-INFO
writing dependency_links to ../../build/controller/controller.egg-info/dependency_links.txt
writing entry points to ../../build/controller/controller.egg-info/entry_points.txt
writing requirements to ../../build/controller/controller.egg-info/requires.txt
writing top-level names to ../../build/controller/controller.egg-info/top_level.txt
reading manifest file '../../build/controller/controller.egg-info/SOURCES.txt'
writing manifest file '../../build/controller/controller.egg-info/SOURCES.txt'
running build
running build_py
running install
running install_lib
/usr/lib/python3/dist-packages/setuptools/command/install.py:34: SetuptoolsDeprecationWarning: setup.py install is deprecated. Use build and pip and other standards-based tools.
  warnings.warn(
running install_data
copying package.xml -> /home/aleksi/turtlebot3_ws/install/controller/share/controller
creating /home/aleksi/turtlebot3_ws/install/controller/share/controller/srv
copying srv/SetGoal.srv -> /home/aleksi/turtlebot3_ws/install/controller/share/controller/srv
copying srv/SetPose.srv -> /home/aleksi/turtlebot3_ws/install/controller/share/controller/srv
creating /home/aleksi/turtlebot3_ws/install/controller/share/controller/action
copying action/FollowPath.action -> /home/aleksi/turtlebot3_ws/install/controller/share/controller/action
running install_egg_info
removing '/home/aleksi/turtlebot3_ws/install/controller/lib/python3.10/site-packages/controller-0.0.0-py3.10.egg-info' (and everything under it)
Copying ../../build/controller/controller.egg-info to /home/aleksi/turtlebot3_ws/install/controller/lib/python3.10/site-packages/controller-0.0.0-py3.10.egg-info
running install_scripts
Installing cli script to /home/aleksi/turtlebot3_ws/install/controller/lib/controller
Installing ser script to /home/aleksi/turtlebot3_ws/install/controller/lib/controller
writing list of installed files to '/home/aleksi/turtlebot3_ws/build/controller/install.log'
