[0.696s] Invoking command in '/home/aleksi/turtlebot3_ws/src/controller': PYTHONPATH=/home/aleksi/turtlebot3_ws/build/controller/prefix_override:/home/aleksi/turtlebot3_ws/install/controller/lib/python3.10/site-packages:${PYTHONPATH} /usr/bin/python3 setup.py egg_info --egg-base ../../build/controller build --build-base /home/aleksi/turtlebot3_ws/build/controller/build install --record /home/aleksi/turtlebot3_ws/build/controller/install.log --single-version-externally-managed
[0.881s] running egg_info
[0.881s] writing ../../build/controller/controller.egg-info/PKG-INFO
[0.881s] writing dependency_links to ../../build/controller/controller.egg-info/dependency_links.txt
[0.882s] writing entry points to ../../build/controller/controller.egg-info/entry_points.txt
[0.882s] writing requirements to ../../build/controller/controller.egg-info/requires.txt
[0.882s] writing top-level names to ../../build/controller/controller.egg-info/top_level.txt
[0.883s] reading manifest file '../../build/controller/controller.egg-info/SOURCES.txt'
[0.883s] writing manifest file '../../build/controller/controller.egg-info/SOURCES.txt'
[0.884s] running build
[0.884s] running build_py
[0.884s] running install
[0.884s] running install_lib
[0.885s] /usr/lib/python3/dist-packages/setuptools/command/install.py:34: SetuptoolsDeprecationWarning: setup.py install is deprecated. Use build and pip and other standards-based tools.
[0.885s]   warnings.warn(
[0.885s] running install_data
[0.885s] copying package.xml -> /home/aleksi/turtlebot3_ws/install/controller/share/controller
[0.885s] creating /home/aleksi/turtlebot3_ws/install/controller/share/controller/srv
[0.886s] copying srv/SetGoal.srv -> /home/aleksi/turtlebot3_ws/install/controller/share/controller/srv
[0.886s] copying srv/SetPose.srv -> /home/aleksi/turtlebot3_ws/install/controller/share/controller/srv
[0.886s] creating /home/aleksi/turtlebot3_ws/install/controller/share/controller/action
[0.886s] copying action/FollowPath.action -> /home/aleksi/turtlebot3_ws/install/controller/share/controller/action
[0.887s] running install_egg_info
[0.887s] removing '/home/aleksi/turtlebot3_ws/install/controller/lib/python3.10/site-packages/controller-0.0.0-py3.10.egg-info' (and everything under it)
[0.888s] Copying ../../build/controller/controller.egg-info to /home/aleksi/turtlebot3_ws/install/controller/lib/python3.10/site-packages/controller-0.0.0-py3.10.egg-info
[0.889s] running install_scripts
[0.903s] Installing cli script to /home/aleksi/turtlebot3_ws/install/controller/lib/controller
[0.903s] Installing ser script to /home/aleksi/turtlebot3_ws/install/controller/lib/controller
[0.903s] writing list of installed files to '/home/aleksi/turtlebot3_ws/build/controller/install.log'
[0.920s] Invoked command in '/home/aleksi/turtlebot3_ws/src/controller' returned '0': PYTHONPATH=/home/aleksi/turtlebot3_ws/build/controller/prefix_override:/home/aleksi/turtlebot3_ws/install/controller/lib/python3.10/site-packages:${PYTHONPATH} /usr/bin/python3 setup.py egg_info --egg-base ../../build/controller build --build-base /home/aleksi/turtlebot3_ws/build/controller/build install --record /home/aleksi/turtlebot3_ws/build/controller/install.log --single-version-externally-managed
