[0.799s] DEBUG:colcon:Command line arguments: ['/usr/bin/colcon', 'build']
[0.799s] DEBUG:colcon:Parsed command line arguments: Namespace(log_base=None, log_level=None, verb_name='build', build_base='build', install_base='install', merge_install=False, symlink_install=False, test_result_base=None, continue_on_error=False, executor='parallel', parallel_workers=24, event_handlers=None, ignore_user_meta=False, metas=['./colcon.meta'], base_paths=['.'], packages_ignore=None, packages_ignore_regex=None, paths=None, packages_up_to=None, packages_up_to_regex=None, packages_above=None, packages_above_and_dependencies=None, packages_above_depth=None, packages_select_by_dep=None, packages_skip_by_dep=None, packages_skip_up_to=None, packages_select_build_failed=False, packages_skip_build_finished=False, packages_select_test_failures=False, packages_skip_test_passed=False, packages_select=None, packages_skip=None, packages_select_regex=None, packages_skip_regex=None, packages_start=None, packages_end=None, allow_overriding=[], cmake_args=None, cmake_target=None, cmake_target_skip_unavailable=False, cmake_clean_cache=False, cmake_clean_first=False, cmake_force_configure=False, ament_cmake_args=None, catkin_cmake_args=None, catkin_skip_building_tests=False, verb_parser=<colcon_defaults.argument_parser.defaults.DefaultArgumentsDecorator object at 0x7fabf4c7f4c0>, verb_extension=<colcon_core.verb.build.BuildVerb object at 0x7fabf50bb4f0>, main=<bound method BuildVerb.main of <colcon_core.verb.build.BuildVerb object at 0x7fabf50bb4f0>>)
[0.839s] Level 1:colcon.colcon_core.package_discovery:discover_packages(colcon_meta) check parameters
[0.839s] Level 1:colcon.colcon_core.package_discovery:discover_packages(recursive) check parameters
[0.839s] Level 1:colcon.colcon_core.package_discovery:discover_packages(ignore) check parameters
[0.839s] Level 1:colcon.colcon_core.package_discovery:discover_packages(path) check parameters
[0.839s] Level 1:colcon.colcon_core.package_discovery:discover_packages(colcon_meta) discover
[0.839s] Level 1:colcon.colcon_core.package_discovery:discover_packages(recursive) discover
[0.839s] INFO:colcon.colcon_core.package_discovery:Crawling recursively for packages in '/home/aleksi/turtlebot3_ws'
[0.839s] Level 1:colcon.colcon_core.package_identification:_identify(.) by extensions ['ignore', 'ignore_ament_install']
[0.839s] Level 1:colcon.colcon_core.package_identification:_identify(.) by extension 'ignore'
[0.839s] Level 1:colcon.colcon_core.package_identification:_identify(.) by extension 'ignore_ament_install'
[0.839s] Level 1:colcon.colcon_core.package_identification:_identify(.) by extensions ['colcon_pkg']
[0.839s] Level 1:colcon.colcon_core.package_identification:_identify(.) by extension 'colcon_pkg'
[0.839s] Level 1:colcon.colcon_core.package_identification:_identify(.) by extensions ['colcon_meta']
[0.839s] Level 1:colcon.colcon_core.package_identification:_identify(.) by extension 'colcon_meta'
[0.839s] Level 1:colcon.colcon_core.package_identification:_identify(.) by extensions ['ros']
[0.839s] Level 1:colcon.colcon_core.package_identification:_identify(.) by extension 'ros'
[0.847s] Level 1:colcon.colcon_core.package_identification:_identify(.) by extensions ['cmake', 'python']
[0.847s] Level 1:colcon.colcon_core.package_identification:_identify(.) by extension 'cmake'
[0.847s] Level 1:colcon.colcon_core.package_identification:_identify(.) by extension 'python'
[0.847s] Level 1:colcon.colcon_core.package_identification:_identify(.) by extensions ['python_setup_py']
[0.847s] Level 1:colcon.colcon_core.package_identification:_identify(.) by extension 'python_setup_py'
[0.847s] Level 1:colcon.colcon_core.package_identification:_identify(build) by extensions ['ignore', 'ignore_ament_install']
[0.848s] Level 1:colcon.colcon_core.package_identification:_identify(build) by extension 'ignore'
[0.848s] Level 1:colcon.colcon_core.package_identification:_identify(build) ignored
[0.848s] Level 1:colcon.colcon_core.package_identification:_identify(install) by extensions ['ignore', 'ignore_ament_install']
[0.848s] Level 1:colcon.colcon_core.package_identification:_identify(install) by extension 'ignore'
[0.848s] Level 1:colcon.colcon_core.package_identification:_identify(install) ignored
[0.848s] Level 1:colcon.colcon_core.package_identification:_identify(log) by extensions ['ignore', 'ignore_ament_install']
[0.848s] Level 1:colcon.colcon_core.package_identification:_identify(log) by extension 'ignore'
[0.848s] Level 1:colcon.colcon_core.package_identification:_identify(log) ignored
[0.848s] Level 1:colcon.colcon_core.package_identification:_identify(src) by extensions ['ignore', 'ignore_ament_install']
[0.848s] Level 1:colcon.colcon_core.package_identification:_identify(src) by extension 'ignore'
[0.848s] Level 1:colcon.colcon_core.package_identification:_identify(src) by extension 'ignore_ament_install'
[0.848s] Level 1:colcon.colcon_core.package_identification:_identify(src) by extensions ['colcon_pkg']
[0.848s] Level 1:colcon.colcon_core.package_identification:_identify(src) by extension 'colcon_pkg'
[0.848s] Level 1:colcon.colcon_core.package_identification:_identify(src) by extensions ['colcon_meta']
[0.848s] Level 1:colcon.colcon_core.package_identification:_identify(src) by extension 'colcon_meta'
[0.848s] Level 1:colcon.colcon_core.package_identification:_identify(src) by extensions ['ros']
[0.848s] Level 1:colcon.colcon_core.package_identification:_identify(src) by extension 'ros'
[0.848s] Level 1:colcon.colcon_core.package_identification:_identify(src) by extensions ['cmake', 'python']
[0.848s] Level 1:colcon.colcon_core.package_identification:_identify(src) by extension 'cmake'
[0.848s] Level 1:colcon.colcon_core.package_identification:_identify(src) by extension 'python'
[0.848s] Level 1:colcon.colcon_core.package_identification:_identify(src) by extensions ['python_setup_py']
[0.848s] Level 1:colcon.colcon_core.package_identification:_identify(src) by extension 'python_setup_py'
[0.849s] Level 1:colcon.colcon_core.package_identification:_identify(src/control_interfaces) by extensions ['ignore', 'ignore_ament_install']
[0.849s] Level 1:colcon.colcon_core.package_identification:_identify(src/control_interfaces) by extension 'ignore'
[0.849s] Level 1:colcon.colcon_core.package_identification:_identify(src/control_interfaces) by extension 'ignore_ament_install'
[0.849s] Level 1:colcon.colcon_core.package_identification:_identify(src/control_interfaces) by extensions ['colcon_pkg']
[0.849s] Level 1:colcon.colcon_core.package_identification:_identify(src/control_interfaces) by extension 'colcon_pkg'
[0.849s] Level 1:colcon.colcon_core.package_identification:_identify(src/control_interfaces) by extensions ['colcon_meta']
[0.849s] Level 1:colcon.colcon_core.package_identification:_identify(src/control_interfaces) by extension 'colcon_meta'
[0.849s] Level 1:colcon.colcon_core.package_identification:_identify(src/control_interfaces) by extensions ['ros']
[0.849s] Level 1:colcon.colcon_core.package_identification:_identify(src/control_interfaces) by extension 'ros'
[0.850s] DEBUG:colcon.colcon_core.package_identification:Package 'src/control_interfaces' with type 'ros.ament_cmake' and name 'control_interfaces'
[0.850s] Level 1:colcon.colcon_core.package_identification:_identify(src/controller) by extensions ['ignore', 'ignore_ament_install']
[0.850s] Level 1:colcon.colcon_core.package_identification:_identify(src/controller) by extension 'ignore'
[0.850s] Level 1:colcon.colcon_core.package_identification:_identify(src/controller) by extension 'ignore_ament_install'
[0.851s] Level 1:colcon.colcon_core.package_identification:_identify(src/controller) by extensions ['colcon_pkg']
[0.851s] Level 1:colcon.colcon_core.package_identification:_identify(src/controller) by extension 'colcon_pkg'
[0.851s] Level 1:colcon.colcon_core.package_identification:_identify(src/controller) by extensions ['colcon_meta']
[0.851s] Level 1:colcon.colcon_core.package_identification:_identify(src/controller) by extension 'colcon_meta'
[0.851s] Level 1:colcon.colcon_core.package_identification:_identify(src/controller) by extensions ['ros']
[0.851s] Level 1:colcon.colcon_core.package_identification:_identify(src/controller) by extension 'ros'
[0.851s] DEBUG:colcon.colcon_core.package_identification:Package 'src/controller' with type 'ros.ament_python' and name 'controller'
[0.851s] Level 1:colcon.colcon_core.package_identification:_identify(src/turtlebot3_simulations) by extensions ['ignore', 'ignore_ament_install']
[0.851s] Level 1:colcon.colcon_core.package_identification:_identify(src/turtlebot3_simulations) by extension 'ignore'
[0.851s] Level 1:colcon.colcon_core.package_identification:_identify(src/turtlebot3_simulations) by extension 'ignore_ament_install'
[0.851s] Level 1:colcon.colcon_core.package_identification:_identify(src/turtlebot3_simulations) by extensions ['colcon_pkg']
[0.851s] Level 1:colcon.colcon_core.package_identification:_identify(src/turtlebot3_simulations) by extension 'colcon_pkg'
[0.851s] Level 1:colcon.colcon_core.package_identification:_identify(src/turtlebot3_simulations) by extensions ['colcon_meta']
[0.851s] Level 1:colcon.colcon_core.package_identification:_identify(src/turtlebot3_simulations) by extension 'colcon_meta'
[0.851s] Level 1:colcon.colcon_core.package_identification:_identify(src/turtlebot3_simulations) by extensions ['ros']
[0.851s] Level 1:colcon.colcon_core.package_identification:_identify(src/turtlebot3_simulations) by extension 'ros'
[0.852s] Level 1:colcon.colcon_core.package_identification:_identify(src/turtlebot3_simulations) by extensions ['cmake', 'python']
[0.852s] Level 1:colcon.colcon_core.package_identification:_identify(src/turtlebot3_simulations) by extension 'cmake'
[0.852s] Level 1:colcon.colcon_core.package_identification:_identify(src/turtlebot3_simulations) by extension 'python'
[0.852s] Level 1:colcon.colcon_core.package_identification:_identify(src/turtlebot3_simulations) by extensions ['python_setup_py']
[0.852s] Level 1:colcon.colcon_core.package_identification:_identify(src/turtlebot3_simulations) by extension 'python_setup_py'
[0.852s] Level 1:colcon.colcon_core.package_identification:_identify(src/turtlebot3_simulations/turtlebot3_fake_node) by extensions ['ignore', 'ignore_ament_install']
[0.852s] Level 1:colcon.colcon_core.package_identification:_identify(src/turtlebot3_simulations/turtlebot3_fake_node) by extension 'ignore'
[0.852s] Level 1:colcon.colcon_core.package_identification:_identify(src/turtlebot3_simulations/turtlebot3_fake_node) by extension 'ignore_ament_install'
[0.852s] Level 1:colcon.colcon_core.package_identification:_identify(src/turtlebot3_simulations/turtlebot3_fake_node) by extensions ['colcon_pkg']
[0.852s] Level 1:colcon.colcon_core.package_identification:_identify(src/turtlebot3_simulations/turtlebot3_fake_node) by extension 'colcon_pkg'
[0.852s] Level 1:colcon.colcon_core.package_identification:_identify(src/turtlebot3_simulations/turtlebot3_fake_node) by extensions ['colcon_meta']
[0.852s] Level 1:colcon.colcon_core.package_identification:_identify(src/turtlebot3_simulations/turtlebot3_fake_node) by extension 'colcon_meta'
[0.852s] Level 1:colcon.colcon_core.package_identification:_identify(src/turtlebot3_simulations/turtlebot3_fake_node) by extensions ['ros']
[0.852s] Level 1:colcon.colcon_core.package_identification:_identify(src/turtlebot3_simulations/turtlebot3_fake_node) by extension 'ros'
[0.853s] DEBUG:colcon.colcon_core.package_identification:Package 'src/turtlebot3_simulations/turtlebot3_fake_node' with type 'ros.ament_cmake' and name 'turtlebot3_fake_node'
[0.853s] Level 1:colcon.colcon_core.package_identification:_identify(src/turtlebot3_simulations/turtlebot3_gazebo) by extensions ['ignore', 'ignore_ament_install']
[0.853s] Level 1:colcon.colcon_core.package_identification:_identify(src/turtlebot3_simulations/turtlebot3_gazebo) by extension 'ignore'
[0.853s] Level 1:colcon.colcon_core.package_identification:_identify(src/turtlebot3_simulations/turtlebot3_gazebo) by extension 'ignore_ament_install'
[0.853s] Level 1:colcon.colcon_core.package_identification:_identify(src/turtlebot3_simulations/turtlebot3_gazebo) by extensions ['colcon_pkg']
[0.853s] Level 1:colcon.colcon_core.package_identification:_identify(src/turtlebot3_simulations/turtlebot3_gazebo) by extension 'colcon_pkg'
[0.853s] Level 1:colcon.colcon_core.package_identification:_identify(src/turtlebot3_simulations/turtlebot3_gazebo) by extensions ['colcon_meta']
[0.853s] Level 1:colcon.colcon_core.package_identification:_identify(src/turtlebot3_simulations/turtlebot3_gazebo) by extension 'colcon_meta'
[0.853s] Level 1:colcon.colcon_core.package_identification:_identify(src/turtlebot3_simulations/turtlebot3_gazebo) by extensions ['ros']
[0.853s] Level 1:colcon.colcon_core.package_identification:_identify(src/turtlebot3_simulations/turtlebot3_gazebo) by extension 'ros'
[0.854s] DEBUG:colcon.colcon_core.package_identification:Package 'src/turtlebot3_simulations/turtlebot3_gazebo' with type 'ros.ament_cmake' and name 'turtlebot3_gazebo'
[0.854s] Level 1:colcon.colcon_core.package_identification:_identify(src/turtlebot3_simulations/turtlebot3_simulations) by extensions ['ignore', 'ignore_ament_install']
[0.854s] Level 1:colcon.colcon_core.package_identification:_identify(src/turtlebot3_simulations/turtlebot3_simulations) by extension 'ignore'
[0.854s] Level 1:colcon.colcon_core.package_identification:_identify(src/turtlebot3_simulations/turtlebot3_simulations) by extension 'ignore_ament_install'
[0.854s] Level 1:colcon.colcon_core.package_identification:_identify(src/turtlebot3_simulations/turtlebot3_simulations) by extensions ['colcon_pkg']
[0.854s] Level 1:colcon.colcon_core.package_identification:_identify(src/turtlebot3_simulations/turtlebot3_simulations) by extension 'colcon_pkg'
[0.854s] Level 1:colcon.colcon_core.package_identification:_identify(src/turtlebot3_simulations/turtlebot3_simulations) by extensions ['colcon_meta']
[0.854s] Level 1:colcon.colcon_core.package_identification:_identify(src/turtlebot3_simulations/turtlebot3_simulations) by extension 'colcon_meta'
[0.854s] Level 1:colcon.colcon_core.package_identification:_identify(src/turtlebot3_simulations/turtlebot3_simulations) by extensions ['ros']
[0.854s] Level 1:colcon.colcon_core.package_identification:_identify(src/turtlebot3_simulations/turtlebot3_simulations) by extension 'ros'
[0.855s] DEBUG:colcon.colcon_core.package_identification:Package 'src/turtlebot3_simulations/turtlebot3_simulations' with type 'ros.ament_cmake' and name 'turtlebot3_simulations'
[0.855s] Level 1:colcon.colcon_core.package_discovery:discover_packages(recursive) using defaults
[0.855s] Level 1:colcon.colcon_core.package_discovery:discover_packages(ignore) discover
[0.855s] Level 1:colcon.colcon_core.package_discovery:discover_packages(ignore) using defaults
[0.855s] Level 1:colcon.colcon_core.package_discovery:discover_packages(path) discover
[0.855s] Level 1:colcon.colcon_core.package_discovery:discover_packages(path) using defaults
[0.929s] Level 1:colcon.colcon_core.package_discovery:discover_packages(prefix_path) check parameters
[0.929s] Level 1:colcon.colcon_core.package_discovery:discover_packages(prefix_path) discover
[0.954s] DEBUG:colcon.colcon_installed_package_information.package_discovery:Found 5 installed packages in /home/aleksi/turtlebot3_ws/install
[0.967s] DEBUG:colcon.colcon_installed_package_information.package_discovery:Found 405 installed packages in /opt/ros/humble
[0.969s] Level 1:colcon.colcon_core.package_discovery:discover_packages(prefix_path) using defaults
[1.063s] Level 5:colcon.colcon_core.verb:set package 'control_interfaces' build argument 'cmake_args' from command line to 'None'
[1.063s] Level 5:colcon.colcon_core.verb:set package 'control_interfaces' build argument 'cmake_target' from command line to 'None'
[1.063s] Level 5:colcon.colcon_core.verb:set package 'control_interfaces' build argument 'cmake_target_skip_unavailable' from command line to 'False'
[1.063s] Level 5:colcon.colcon_core.verb:set package 'control_interfaces' build argument 'cmake_clean_cache' from command line to 'False'
[1.063s] Level 5:colcon.colcon_core.verb:set package 'control_interfaces' build argument 'cmake_clean_first' from command line to 'False'
[1.063s] Level 5:colcon.colcon_core.verb:set package 'control_interfaces' build argument 'cmake_force_configure' from command line to 'False'
[1.063s] Level 5:colcon.colcon_core.verb:set package 'control_interfaces' build argument 'ament_cmake_args' from command line to 'None'
[1.063s] Level 5:colcon.colcon_core.verb:set package 'control_interfaces' build argument 'catkin_cmake_args' from command line to 'None'
[1.063s] Level 5:colcon.colcon_core.verb:set package 'control_interfaces' build argument 'catkin_skip_building_tests' from command line to 'False'
[1.063s] DEBUG:colcon.colcon_core.verb:Building package 'control_interfaces' with the following arguments: {'ament_cmake_args': None, 'build_base': '/home/aleksi/turtlebot3_ws/build/control_interfaces', 'catkin_cmake_args': None, 'catkin_skip_building_tests': False, 'cmake_args': None, 'cmake_clean_cache': False, 'cmake_clean_first': False, 'cmake_force_configure': False, 'cmake_target': None, 'cmake_target_skip_unavailable': False, 'install_base': '/home/aleksi/turtlebot3_ws/install/control_interfaces', 'merge_install': False, 'path': '/home/aleksi/turtlebot3_ws/src/control_interfaces', 'symlink_install': False, 'test_result_base': None}
[1.075s] Level 5:colcon.colcon_core.verb:set package 'turtlebot3_fake_node' build argument 'cmake_args' from command line to 'None'
[1.076s] Level 5:colcon.colcon_core.verb:set package 'turtlebot3_fake_node' build argument 'cmake_target' from command line to 'None'
[1.076s] Level 5:colcon.colcon_core.verb:set package 'turtlebot3_fake_node' build argument 'cmake_target_skip_unavailable' from command line to 'False'
[1.076s] Level 5:colcon.colcon_core.verb:set package 'turtlebot3_fake_node' build argument 'cmake_clean_cache' from command line to 'False'
[1.076s] Level 5:colcon.colcon_core.verb:set package 'turtlebot3_fake_node' build argument 'cmake_clean_first' from command line to 'False'
[1.076s] Level 5:colcon.colcon_core.verb:set package 'turtlebot3_fake_node' build argument 'cmake_force_configure' from command line to 'False'
[1.076s] Level 5:colcon.colcon_core.verb:set package 'turtlebot3_fake_node' build argument 'ament_cmake_args' from command line to 'None'
[1.076s] Level 5:colcon.colcon_core.verb:set package 'turtlebot3_fake_node' build argument 'catkin_cmake_args' from command line to 'None'
[1.076s] Level 5:colcon.colcon_core.verb:set package 'turtlebot3_fake_node' build argument 'catkin_skip_building_tests' from command line to 'False'
[1.076s] DEBUG:colcon.colcon_core.verb:Building package 'turtlebot3_fake_node' with the following arguments: {'ament_cmake_args': None, 'build_base': '/home/aleksi/turtlebot3_ws/build/turtlebot3_fake_node', 'catkin_cmake_args': None, 'catkin_skip_building_tests': False, 'cmake_args': None, 'cmake_clean_cache': False, 'cmake_clean_first': False, 'cmake_force_configure': False, 'cmake_target': None, 'cmake_target_skip_unavailable': False, 'install_base': '/home/aleksi/turtlebot3_ws/install/turtlebot3_fake_node', 'merge_install': False, 'path': '/home/aleksi/turtlebot3_ws/src/turtlebot3_simulations/turtlebot3_fake_node', 'symlink_install': False, 'test_result_base': None}
[1.087s] Level 5:colcon.colcon_core.verb:set package 'turtlebot3_gazebo' build argument 'cmake_args' from command line to 'None'
[1.087s] Level 5:colcon.colcon_core.verb:set package 'turtlebot3_gazebo' build argument 'cmake_target' from command line to 'None'
[1.087s] Level 5:colcon.colcon_core.verb:set package 'turtlebot3_gazebo' build argument 'cmake_target_skip_unavailable' from command line to 'False'
[1.087s] Level 5:colcon.colcon_core.verb:set package 'turtlebot3_gazebo' build argument 'cmake_clean_cache' from command line to 'False'
[1.087s] Level 5:colcon.colcon_core.verb:set package 'turtlebot3_gazebo' build argument 'cmake_clean_first' from command line to 'False'
[1.087s] Level 5:colcon.colcon_core.verb:set package 'turtlebot3_gazebo' build argument 'cmake_force_configure' from command line to 'False'
[1.087s] Level 5:colcon.colcon_core.verb:set package 'turtlebot3_gazebo' build argument 'ament_cmake_args' from command line to 'None'
[1.087s] Level 5:colcon.colcon_core.verb:set package 'turtlebot3_gazebo' build argument 'catkin_cmake_args' from command line to 'None'
[1.087s] Level 5:colcon.colcon_core.verb:set package 'turtlebot3_gazebo' build argument 'catkin_skip_building_tests' from command line to 'False'
[1.087s] DEBUG:colcon.colcon_core.verb:Building package 'turtlebot3_gazebo' with the following arguments: {'ament_cmake_args': None, 'build_base': '/home/aleksi/turtlebot3_ws/build/turtlebot3_gazebo', 'catkin_cmake_args': None, 'catkin_skip_building_tests': False, 'cmake_args': None, 'cmake_clean_cache': False, 'cmake_clean_first': False, 'cmake_force_configure': False, 'cmake_target': None, 'cmake_target_skip_unavailable': False, 'install_base': '/home/aleksi/turtlebot3_ws/install/turtlebot3_gazebo', 'merge_install': False, 'path': '/home/aleksi/turtlebot3_ws/src/turtlebot3_simulations/turtlebot3_gazebo', 'symlink_install': False, 'test_result_base': None}
[1.099s] Level 5:colcon.colcon_core.verb:set package 'controller' build argument 'cmake_args' from command line to 'None'
[1.099s] Level 5:colcon.colcon_core.verb:set package 'controller' build argument 'cmake_target' from command line to 'None'
[1.099s] Level 5:colcon.colcon_core.verb:set package 'controller' build argument 'cmake_target_skip_unavailable' from command line to 'False'
[1.099s] Level 5:colcon.colcon_core.verb:set package 'controller' build argument 'cmake_clean_cache' from command line to 'False'
[1.099s] Level 5:colcon.colcon_core.verb:set package 'controller' build argument 'cmake_clean_first' from command line to 'False'
[1.099s] Level 5:colcon.colcon_core.verb:set package 'controller' build argument 'cmake_force_configure' from command line to 'False'
[1.099s] Level 5:colcon.colcon_core.verb:set package 'controller' build argument 'ament_cmake_args' from command line to 'None'
[1.099s] Level 5:colcon.colcon_core.verb:set package 'controller' build argument 'catkin_cmake_args' from command line to 'None'
[1.099s] Level 5:colcon.colcon_core.verb:set package 'controller' build argument 'catkin_skip_building_tests' from command line to 'False'
[1.099s] DEBUG:colcon.colcon_core.verb:Building package 'controller' with the following arguments: {'ament_cmake_args': None, 'build_base': '/home/aleksi/turtlebot3_ws/build/controller', 'catkin_cmake_args': None, 'catkin_skip_building_tests': False, 'cmake_args': None, 'cmake_clean_cache': False, 'cmake_clean_first': False, 'cmake_force_configure': False, 'cmake_target': None, 'cmake_target_skip_unavailable': False, 'install_base': '/home/aleksi/turtlebot3_ws/install/controller', 'merge_install': False, 'path': '/home/aleksi/turtlebot3_ws/src/controller', 'symlink_install': False, 'test_result_base': None}
[1.110s] Level 5:colcon.colcon_core.verb:set package 'turtlebot3_simulations' build argument 'cmake_args' from command line to 'None'
[1.110s] Level 5:colcon.colcon_core.verb:set package 'turtlebot3_simulations' build argument 'cmake_target' from command line to 'None'
[1.111s] Level 5:colcon.colcon_core.verb:set package 'turtlebot3_simulations' build argument 'cmake_target_skip_unavailable' from command line to 'False'
[1.111s] Level 5:colcon.colcon_core.verb:set package 'turtlebot3_simulations' build argument 'cmake_clean_cache' from command line to 'False'
[1.111s] Level 5:colcon.colcon_core.verb:set package 'turtlebot3_simulations' build argument 'cmake_clean_first' from command line to 'False'
[1.111s] Level 5:colcon.colcon_core.verb:set package 'turtlebot3_simulations' build argument 'cmake_force_configure' from command line to 'False'
[1.111s] Level 5:colcon.colcon_core.verb:set package 'turtlebot3_simulations' build argument 'ament_cmake_args' from command line to 'None'
[1.111s] Level 5:colcon.colcon_core.verb:set package 'turtlebot3_simulations' build argument 'catkin_cmake_args' from command line to 'None'
[1.111s] Level 5:colcon.colcon_core.verb:set package 'turtlebot3_simulations' build argument 'catkin_skip_building_tests' from command line to 'False'
[1.111s] DEBUG:colcon.colcon_core.verb:Building package 'turtlebot3_simulations' with the following arguments: {'ament_cmake_args': None, 'build_base': '/home/aleksi/turtlebot3_ws/build/turtlebot3_simulations', 'catkin_cmake_args': None, 'catkin_skip_building_tests': False, 'cmake_args': None, 'cmake_clean_cache': False, 'cmake_clean_first': False, 'cmake_force_configure': False, 'cmake_target': None, 'cmake_target_skip_unavailable': False, 'install_base': '/home/aleksi/turtlebot3_ws/install/turtlebot3_simulations', 'merge_install': False, 'path': '/home/aleksi/turtlebot3_ws/src/turtlebot3_simulations/turtlebot3_simulations', 'symlink_install': False, 'test_result_base': None}
[1.122s] INFO:colcon.colcon_core.executor:Executing jobs using 'parallel' executor
[1.134s] DEBUG:colcon.colcon_parallel_executor.executor.parallel:run_until_complete
[1.134s] INFO:colcon.colcon_ros.task.ament_cmake.build:Building ROS package in '/home/aleksi/turtlebot3_ws/src/control_interfaces' with build type 'ament_cmake'
[1.134s] INFO:colcon.colcon_cmake.task.cmake.build:Building CMake package in '/home/aleksi/turtlebot3_ws/src/control_interfaces'
[1.147s] INFO:colcon.colcon_core.plugin_system:Skipping extension 'colcon_core.shell.bat': Not used on non-Windows systems
[1.147s] INFO:colcon.colcon_core.shell:Skip shell extension 'powershell' for command environment: Not usable outside of PowerShell
[1.147s] DEBUG:colcon.colcon_core.shell:Skip shell extension 'dsv' for command environment
[1.186s] INFO:colcon.colcon_ros.task.ament_cmake.build:Building ROS package in '/home/aleksi/turtlebot3_ws/src/turtlebot3_simulations/turtlebot3_fake_node' with build type 'ament_cmake'
[1.186s] INFO:colcon.colcon_cmake.task.cmake.build:Building CMake package in '/home/aleksi/turtlebot3_ws/src/turtlebot3_simulations/turtlebot3_fake_node'
[1.197s] INFO:colcon.colcon_core.shell:Skip shell extension 'powershell' for command environment: Not usable outside of PowerShell
[1.197s] DEBUG:colcon.colcon_core.shell:Skip shell extension 'dsv' for command environment
[1.234s] INFO:colcon.colcon_ros.task.ament_cmake.build:Building ROS package in '/home/aleksi/turtlebot3_ws/src/turtlebot3_simulations/turtlebot3_gazebo' with build type 'ament_cmake'
[1.235s] INFO:colcon.colcon_cmake.task.cmake.build:Building CMake package in '/home/aleksi/turtlebot3_ws/src/turtlebot3_simulations/turtlebot3_gazebo'
[1.246s] INFO:colcon.colcon_core.shell:Skip shell extension 'powershell' for command environment: Not usable outside of PowerShell
[1.246s] DEBUG:colcon.colcon_core.shell:Skip shell extension 'dsv' for command environment
[1.289s] DEBUG:colcon.colcon_core.event_handler.log_command:Invoking command in '/home/aleksi/turtlebot3_ws/build/control_interfaces': CMAKE_PREFIX_PATH=${CMAKE_PREFIX_PATH}:/home/aleksi/turtlebot3_ws/install/controller:/opt/ros/humble /usr/bin/cmake --build /home/aleksi/turtlebot3_ws/build/control_interfaces -- -j24 -l24
[1.291s] DEBUG:colcon.colcon_core.event_handler.log_command:Invoking command in '/home/aleksi/turtlebot3_ws/build/turtlebot3_fake_node': CMAKE_PREFIX_PATH=${CMAKE_PREFIX_PATH}:/home/aleksi/turtlebot3_ws/install/controller:/opt/ros/humble /usr/bin/cmake --build /home/aleksi/turtlebot3_ws/build/turtlebot3_fake_node -- -j24 -l24
[1.294s] DEBUG:colcon.colcon_core.event_handler.log_command:Invoking command in '/home/aleksi/turtlebot3_ws/build/turtlebot3_gazebo': CMAKE_PREFIX_PATH=${CMAKE_PREFIX_PATH}:/home/aleksi/turtlebot3_ws/install/controller:/opt/ros/humble /usr/bin/cmake --build /home/aleksi/turtlebot3_ws/build/turtlebot3_gazebo -- -j24 -l24
[1.362s] DEBUG:colcon.colcon_core.event_handler.log_command:Invoked command in '/home/aleksi/turtlebot3_ws/build/turtlebot3_fake_node' returned '0': CMAKE_PREFIX_PATH=${CMAKE_PREFIX_PATH}:/home/aleksi/turtlebot3_ws/install/controller:/opt/ros/humble /usr/bin/cmake --build /home/aleksi/turtlebot3_ws/build/turtlebot3_fake_node -- -j24 -l24
[1.380s] DEBUG:colcon.colcon_core.event_handler.log_command:Invoked command in '/home/aleksi/turtlebot3_ws/build/turtlebot3_gazebo' returned '0': CMAKE_PREFIX_PATH=${CMAKE_PREFIX_PATH}:/home/aleksi/turtlebot3_ws/install/controller:/opt/ros/humble /usr/bin/cmake --build /home/aleksi/turtlebot3_ws/build/turtlebot3_gazebo -- -j24 -l24
[1.396s] DEBUG:colcon.colcon_core.event_handler.log_command:Invoking command in '/home/aleksi/turtlebot3_ws/build/turtlebot3_fake_node': CMAKE_PREFIX_PATH=${CMAKE_PREFIX_PATH}:/home/aleksi/turtlebot3_ws/install/controller:/opt/ros/humble /usr/bin/cmake --install /home/aleksi/turtlebot3_ws/build/turtlebot3_fake_node
[1.418s] DEBUG:colcon.colcon_core.event_handler.log_command:Invoking command in '/home/aleksi/turtlebot3_ws/build/turtlebot3_gazebo': CMAKE_PREFIX_PATH=${CMAKE_PREFIX_PATH}:/home/aleksi/turtlebot3_ws/install/controller:/opt/ros/humble /usr/bin/cmake --install /home/aleksi/turtlebot3_ws/build/turtlebot3_gazebo
[1.419s] Level 1:colcon.colcon_core.environment:create_environment_scripts_only(turtlebot3_fake_node)
[1.419s] DEBUG:colcon.colcon_core.event_handler.log_command:Invoked command in '/home/aleksi/turtlebot3_ws/build/turtlebot3_fake_node' returned '0': CMAKE_PREFIX_PATH=${CMAKE_PREFIX_PATH}:/home/aleksi/turtlebot3_ws/install/controller:/opt/ros/humble /usr/bin/cmake --install /home/aleksi/turtlebot3_ws/build/turtlebot3_fake_node
[1.439s] Level 1:colcon.colcon_core.environment:checking '/home/aleksi/turtlebot3_ws/install/turtlebot3_fake_node' for CMake module files
[1.440s] Level 1:colcon.colcon_core.environment:checking '/home/aleksi/turtlebot3_ws/install/turtlebot3_fake_node' for CMake config files
[1.440s] Level 1:colcon.colcon_core.shell:create_environment_hook('turtlebot3_fake_node', 'cmake_prefix_path')
[1.453s] INFO:colcon.colcon_core.shell:Creating environment hook '/home/aleksi/turtlebot3_ws/install/turtlebot3_fake_node/share/turtlebot3_fake_node/hook/cmake_prefix_path.ps1'
[1.453s] INFO:colcon.colcon_core.shell:Creating environment descriptor '/home/aleksi/turtlebot3_ws/install/turtlebot3_fake_node/share/turtlebot3_fake_node/hook/cmake_prefix_path.dsv'
[1.454s] INFO:colcon.colcon_core.shell:Creating environment hook '/home/aleksi/turtlebot3_ws/install/turtlebot3_fake_node/share/turtlebot3_fake_node/hook/cmake_prefix_path.sh'
[1.454s] Level 1:colcon.colcon_core.environment:checking '/home/aleksi/turtlebot3_ws/install/turtlebot3_fake_node/lib'
[1.454s] Level 1:colcon.colcon_core.environment:checking '/home/aleksi/turtlebot3_ws/install/turtlebot3_fake_node/bin'
[1.454s] Level 1:colcon.colcon_core.environment:checking '/home/aleksi/turtlebot3_ws/install/turtlebot3_fake_node/lib/pkgconfig/turtlebot3_fake_node.pc'
[1.455s] Level 1:colcon.colcon_core.environment:checking '/home/aleksi/turtlebot3_ws/install/turtlebot3_fake_node/lib/python3.10/site-packages'
[1.455s] Level 1:colcon.colcon_core.environment:checking '/home/aleksi/turtlebot3_ws/install/turtlebot3_fake_node/bin'
[1.467s] INFO:colcon.colcon_core.shell:Creating package script '/home/aleksi/turtlebot3_ws/install/turtlebot3_fake_node/share/turtlebot3_fake_node/package.ps1'
[1.467s] INFO:colcon.colcon_core.shell:Creating package descriptor '/home/aleksi/turtlebot3_ws/install/turtlebot3_fake_node/share/turtlebot3_fake_node/package.dsv'
[1.468s] INFO:colcon.colcon_core.shell:Creating package script '/home/aleksi/turtlebot3_ws/install/turtlebot3_fake_node/share/turtlebot3_fake_node/package.sh'
[1.468s] INFO:colcon.colcon_core.shell:Creating package script '/home/aleksi/turtlebot3_ws/install/turtlebot3_fake_node/share/turtlebot3_fake_node/package.bash'
[1.469s] INFO:colcon.colcon_core.shell:Creating package script '/home/aleksi/turtlebot3_ws/install/turtlebot3_fake_node/share/turtlebot3_fake_node/package.zsh'
[1.469s] Level 1:colcon.colcon_core.environment:create_file_with_runtime_dependencies(/home/aleksi/turtlebot3_ws/install/turtlebot3_fake_node/share/colcon-core/packages/turtlebot3_fake_node)
[1.471s] Level 1:colcon.colcon_core.environment:create_environment_scripts_only(turtlebot3_gazebo)
[1.471s] DEBUG:colcon.colcon_core.event_handler.log_command:Invoked command in '/home/aleksi/turtlebot3_ws/build/turtlebot3_gazebo' returned '0': CMAKE_PREFIX_PATH=${CMAKE_PREFIX_PATH}:/home/aleksi/turtlebot3_ws/install/controller:/opt/ros/humble /usr/bin/cmake --install /home/aleksi/turtlebot3_ws/build/turtlebot3_gazebo
[1.483s] Level 1:colcon.colcon_core.environment:checking '/home/aleksi/turtlebot3_ws/install/turtlebot3_gazebo' for CMake module files
[1.484s] Level 1:colcon.colcon_core.environment:checking '/home/aleksi/turtlebot3_ws/install/turtlebot3_gazebo' for CMake config files
[1.484s] Level 1:colcon.colcon_core.shell:create_environment_hook('turtlebot3_gazebo', 'cmake_prefix_path')
[1.496s] INFO:colcon.colcon_core.shell:Creating environment hook '/home/aleksi/turtlebot3_ws/install/turtlebot3_gazebo/share/turtlebot3_gazebo/hook/cmake_prefix_path.ps1'
[1.496s] INFO:colcon.colcon_core.shell:Creating environment descriptor '/home/aleksi/turtlebot3_ws/install/turtlebot3_gazebo/share/turtlebot3_gazebo/hook/cmake_prefix_path.dsv'
[1.497s] INFO:colcon.colcon_core.shell:Creating environment hook '/home/aleksi/turtlebot3_ws/install/turtlebot3_gazebo/share/turtlebot3_gazebo/hook/cmake_prefix_path.sh'
[1.497s] Level 1:colcon.colcon_core.environment:checking '/home/aleksi/turtlebot3_ws/install/turtlebot3_gazebo/lib'
[1.497s] Level 1:colcon.colcon_core.environment:checking '/home/aleksi/turtlebot3_ws/install/turtlebot3_gazebo/bin'
[1.497s] Level 1:colcon.colcon_core.environment:checking '/home/aleksi/turtlebot3_ws/install/turtlebot3_gazebo/lib/pkgconfig/turtlebot3_gazebo.pc'
[1.497s] Level 1:colcon.colcon_core.environment:checking '/home/aleksi/turtlebot3_ws/install/turtlebot3_gazebo/lib/python3.10/site-packages'
[1.497s] Level 1:colcon.colcon_core.environment:checking '/home/aleksi/turtlebot3_ws/install/turtlebot3_gazebo/bin'
[1.510s] INFO:colcon.colcon_core.shell:Creating package script '/home/aleksi/turtlebot3_ws/install/turtlebot3_gazebo/share/turtlebot3_gazebo/package.ps1'
[1.510s] INFO:colcon.colcon_core.shell:Creating package descriptor '/home/aleksi/turtlebot3_ws/install/turtlebot3_gazebo/share/turtlebot3_gazebo/package.dsv'
[1.510s] INFO:colcon.colcon_core.shell:Creating package script '/home/aleksi/turtlebot3_ws/install/turtlebot3_gazebo/share/turtlebot3_gazebo/package.sh'
[1.510s] INFO:colcon.colcon_core.shell:Creating package script '/home/aleksi/turtlebot3_ws/install/turtlebot3_gazebo/share/turtlebot3_gazebo/package.bash'
[1.511s] INFO:colcon.colcon_core.shell:Creating package script '/home/aleksi/turtlebot3_ws/install/turtlebot3_gazebo/share/turtlebot3_gazebo/package.zsh'
[1.511s] Level 1:colcon.colcon_core.environment:create_file_with_runtime_dependencies(/home/aleksi/turtlebot3_ws/install/turtlebot3_gazebo/share/colcon-core/packages/turtlebot3_gazebo)
[1.524s] Level 1:colcon.colcon_core.environment:create_environment_scripts_only(turtlebot3_fake_node)
[1.536s] Level 1:colcon.colcon_core.environment:checking '/home/aleksi/turtlebot3_ws/install/turtlebot3_fake_node' for CMake module files
[1.536s] Level 1:colcon.colcon_core.environment:checking '/home/aleksi/turtlebot3_ws/install/turtlebot3_fake_node' for CMake config files
[1.536s] Level 1:colcon.colcon_core.shell:create_environment_hook('turtlebot3_fake_node', 'cmake_prefix_path')
[1.548s] INFO:colcon.colcon_core.shell:Creating environment hook '/home/aleksi/turtlebot3_ws/install/turtlebot3_fake_node/share/turtlebot3_fake_node/hook/cmake_prefix_path.ps1'
[1.549s] INFO:colcon.colcon_core.shell:Creating environment descriptor '/home/aleksi/turtlebot3_ws/install/turtlebot3_fake_node/share/turtlebot3_fake_node/hook/cmake_prefix_path.dsv'
[1.549s] INFO:colcon.colcon_core.shell:Creating environment hook '/home/aleksi/turtlebot3_ws/install/turtlebot3_fake_node/share/turtlebot3_fake_node/hook/cmake_prefix_path.sh'
[1.549s] Level 1:colcon.colcon_core.environment:checking '/home/aleksi/turtlebot3_ws/install/turtlebot3_fake_node/lib'
[1.549s] Level 1:colcon.colcon_core.environment:checking '/home/aleksi/turtlebot3_ws/install/turtlebot3_fake_node/bin'
[1.549s] Level 1:colcon.colcon_core.environment:checking '/home/aleksi/turtlebot3_ws/install/turtlebot3_fake_node/lib/pkgconfig/turtlebot3_fake_node.pc'
[1.549s] Level 1:colcon.colcon_core.environment:checking '/home/aleksi/turtlebot3_ws/install/turtlebot3_fake_node/lib/python3.10/site-packages'
[1.550s] Level 1:colcon.colcon_core.environment:checking '/home/aleksi/turtlebot3_ws/install/turtlebot3_fake_node/bin'
[1.563s] INFO:colcon.colcon_core.shell:Creating package script '/home/aleksi/turtlebot3_ws/install/turtlebot3_fake_node/share/turtlebot3_fake_node/package.ps1'
[1.563s] INFO:colcon.colcon_core.shell:Creating package descriptor '/home/aleksi/turtlebot3_ws/install/turtlebot3_fake_node/share/turtlebot3_fake_node/package.dsv'
[1.563s] INFO:colcon.colcon_core.shell:Creating package script '/home/aleksi/turtlebot3_ws/install/turtlebot3_fake_node/share/turtlebot3_fake_node/package.sh'
[1.564s] INFO:colcon.colcon_core.shell:Creating package script '/home/aleksi/turtlebot3_ws/install/turtlebot3_fake_node/share/turtlebot3_fake_node/package.bash'
[1.564s] INFO:colcon.colcon_core.shell:Creating package script '/home/aleksi/turtlebot3_ws/install/turtlebot3_fake_node/share/turtlebot3_fake_node/package.zsh'
[1.564s] Level 1:colcon.colcon_core.environment:create_file_with_runtime_dependencies(/home/aleksi/turtlebot3_ws/install/turtlebot3_fake_node/share/colcon-core/packages/turtlebot3_fake_node)
[1.577s] Level 1:colcon.colcon_core.environment:create_environment_scripts_only(turtlebot3_gazebo)
[1.588s] Level 1:colcon.colcon_core.environment:checking '/home/aleksi/turtlebot3_ws/install/turtlebot3_gazebo' for CMake module files
[1.589s] Level 1:colcon.colcon_core.environment:checking '/home/aleksi/turtlebot3_ws/install/turtlebot3_gazebo' for CMake config files
[1.589s] Level 1:colcon.colcon_core.shell:create_environment_hook('turtlebot3_gazebo', 'cmake_prefix_path')
[1.601s] INFO:colcon.colcon_core.shell:Creating environment hook '/home/aleksi/turtlebot3_ws/install/turtlebot3_gazebo/share/turtlebot3_gazebo/hook/cmake_prefix_path.ps1'
[1.601s] INFO:colcon.colcon_core.shell:Creating environment descriptor '/home/aleksi/turtlebot3_ws/install/turtlebot3_gazebo/share/turtlebot3_gazebo/hook/cmake_prefix_path.dsv'
[1.601s] INFO:colcon.colcon_core.shell:Creating environment hook '/home/aleksi/turtlebot3_ws/install/turtlebot3_gazebo/share/turtlebot3_gazebo/hook/cmake_prefix_path.sh'
[1.601s] Level 1:colcon.colcon_core.environment:checking '/home/aleksi/turtlebot3_ws/install/turtlebot3_gazebo/lib'
[1.601s] Level 1:colcon.colcon_core.environment:checking '/home/aleksi/turtlebot3_ws/install/turtlebot3_gazebo/bin'
[1.602s] Level 1:colcon.colcon_core.environment:checking '/home/aleksi/turtlebot3_ws/install/turtlebot3_gazebo/lib/pkgconfig/turtlebot3_gazebo.pc'
[1.602s] Level 1:colcon.colcon_core.environment:checking '/home/aleksi/turtlebot3_ws/install/turtlebot3_gazebo/lib/python3.10/site-packages'
[1.602s] Level 1:colcon.colcon_core.environment:checking '/home/aleksi/turtlebot3_ws/install/turtlebot3_gazebo/bin'
[1.613s] INFO:colcon.colcon_core.shell:Creating package script '/home/aleksi/turtlebot3_ws/install/turtlebot3_gazebo/share/turtlebot3_gazebo/package.ps1'
[1.614s] INFO:colcon.colcon_core.shell:Creating package descriptor '/home/aleksi/turtlebot3_ws/install/turtlebot3_gazebo/share/turtlebot3_gazebo/package.dsv'
[1.614s] INFO:colcon.colcon_core.shell:Creating package script '/home/aleksi/turtlebot3_ws/install/turtlebot3_gazebo/share/turtlebot3_gazebo/package.sh'
[1.614s] INFO:colcon.colcon_core.shell:Creating package script '/home/aleksi/turtlebot3_ws/install/turtlebot3_gazebo/share/turtlebot3_gazebo/package.bash'
[1.614s] INFO:colcon.colcon_core.shell:Creating package script '/home/aleksi/turtlebot3_ws/install/turtlebot3_gazebo/share/turtlebot3_gazebo/package.zsh'
[1.615s] Level 1:colcon.colcon_core.environment:create_file_with_runtime_dependencies(/home/aleksi/turtlebot3_ws/install/turtlebot3_gazebo/share/colcon-core/packages/turtlebot3_gazebo)
[1.615s] INFO:colcon.colcon_ros.task.ament_cmake.build:Building ROS package in '/home/aleksi/turtlebot3_ws/src/turtlebot3_simulations/turtlebot3_simulations' with build type 'ament_cmake'
[1.615s] INFO:colcon.colcon_cmake.task.cmake.build:Building CMake package in '/home/aleksi/turtlebot3_ws/src/turtlebot3_simulations/turtlebot3_simulations'
[1.627s] INFO:colcon.colcon_core.shell:Skip shell extension 'powershell' for command environment: Not usable outside of PowerShell
[1.627s] DEBUG:colcon.colcon_core.shell:Skip shell extension 'dsv' for command environment
[1.670s] DEBUG:colcon.colcon_core.event_handler.log_command:Invoking command in '/home/aleksi/turtlebot3_ws/build/turtlebot3_simulations': CMAKE_PREFIX_PATH=/home/aleksi/turtlebot3_ws/install/turtlebot3_gazebo:/home/aleksi/turtlebot3_ws/install/turtlebot3_fake_node:/home/aleksi/turtlebot3_ws/install/turtlebot3_simulations:/home/aleksi/turtlebot3_ws/install/control_interfaces:/home/aleksi/turtlebot3_ws/install/controller:/opt/ros/humble /usr/bin/cmake --build /home/aleksi/turtlebot3_ws/build/turtlebot3_simulations -- -j24 -l24
[1.706s] DEBUG:colcon.colcon_core.event_handler.log_command:Invoked command in '/home/aleksi/turtlebot3_ws/build/turtlebot3_simulations' returned '0': CMAKE_PREFIX_PATH=/home/aleksi/turtlebot3_ws/install/turtlebot3_gazebo:/home/aleksi/turtlebot3_ws/install/turtlebot3_fake_node:/home/aleksi/turtlebot3_ws/install/turtlebot3_simulations:/home/aleksi/turtlebot3_ws/install/control_interfaces:/home/aleksi/turtlebot3_ws/install/controller:/opt/ros/humble /usr/bin/cmake --build /home/aleksi/turtlebot3_ws/build/turtlebot3_simulations -- -j24 -l24
[1.731s] DEBUG:colcon.colcon_core.event_handler.log_command:Invoking command in '/home/aleksi/turtlebot3_ws/build/turtlebot3_simulations': CMAKE_PREFIX_PATH=/home/aleksi/turtlebot3_ws/install/turtlebot3_gazebo:/home/aleksi/turtlebot3_ws/install/turtlebot3_fake_node:/home/aleksi/turtlebot3_ws/install/turtlebot3_simulations:/home/aleksi/turtlebot3_ws/install/control_interfaces:/home/aleksi/turtlebot3_ws/install/controller:/opt/ros/humble /usr/bin/cmake --install /home/aleksi/turtlebot3_ws/build/turtlebot3_simulations
[1.752s] Level 1:colcon.colcon_core.environment:create_environment_scripts_only(turtlebot3_simulations)
[1.753s] DEBUG:colcon.colcon_core.event_handler.log_command:Invoked command in '/home/aleksi/turtlebot3_ws/build/turtlebot3_simulations' returned '0': CMAKE_PREFIX_PATH=/home/aleksi/turtlebot3_ws/install/turtlebot3_gazebo:/home/aleksi/turtlebot3_ws/install/turtlebot3_fake_node:/home/aleksi/turtlebot3_ws/install/turtlebot3_simulations:/home/aleksi/turtlebot3_ws/install/control_interfaces:/home/aleksi/turtlebot3_ws/install/controller:/opt/ros/humble /usr/bin/cmake --install /home/aleksi/turtlebot3_ws/build/turtlebot3_simulations
[1.765s] Level 1:colcon.colcon_core.environment:checking '/home/aleksi/turtlebot3_ws/install/turtlebot3_simulations' for CMake module files
[1.766s] Level 1:colcon.colcon_core.environment:checking '/home/aleksi/turtlebot3_ws/install/turtlebot3_simulations' for CMake config files
[1.766s] Level 1:colcon.colcon_core.shell:create_environment_hook('turtlebot3_simulations', 'cmake_prefix_path')
[1.778s] INFO:colcon.colcon_core.shell:Creating environment hook '/home/aleksi/turtlebot3_ws/install/turtlebot3_simulations/share/turtlebot3_simulations/hook/cmake_prefix_path.ps1'
[1.779s] INFO:colcon.colcon_core.shell:Creating environment descriptor '/home/aleksi/turtlebot3_ws/install/turtlebot3_simulations/share/turtlebot3_simulations/hook/cmake_prefix_path.dsv'
[1.779s] INFO:colcon.colcon_core.shell:Creating environment hook '/home/aleksi/turtlebot3_ws/install/turtlebot3_simulations/share/turtlebot3_simulations/hook/cmake_prefix_path.sh'
[1.779s] Level 1:colcon.colcon_core.environment:checking '/home/aleksi/turtlebot3_ws/install/turtlebot3_simulations/bin'
[1.779s] Level 1:colcon.colcon_core.environment:checking '/home/aleksi/turtlebot3_ws/install/turtlebot3_simulations/lib/pkgconfig/turtlebot3_simulations.pc'
[1.779s] Level 1:colcon.colcon_core.environment:checking '/home/aleksi/turtlebot3_ws/install/turtlebot3_simulations/lib/python3.10/site-packages'
[1.780s] Level 1:colcon.colcon_core.environment:checking '/home/aleksi/turtlebot3_ws/install/turtlebot3_simulations/bin'
[1.792s] INFO:colcon.colcon_core.shell:Creating package script '/home/aleksi/turtlebot3_ws/install/turtlebot3_simulations/share/turtlebot3_simulations/package.ps1'
[1.792s] INFO:colcon.colcon_core.shell:Creating package descriptor '/home/aleksi/turtlebot3_ws/install/turtlebot3_simulations/share/turtlebot3_simulations/package.dsv'
[1.792s] INFO:colcon.colcon_core.shell:Creating package script '/home/aleksi/turtlebot3_ws/install/turtlebot3_simulations/share/turtlebot3_simulations/package.sh'
[1.793s] INFO:colcon.colcon_core.shell:Creating package script '/home/aleksi/turtlebot3_ws/install/turtlebot3_simulations/share/turtlebot3_simulations/package.bash'
[1.793s] INFO:colcon.colcon_core.shell:Creating package script '/home/aleksi/turtlebot3_ws/install/turtlebot3_simulations/share/turtlebot3_simulations/package.zsh'
[1.793s] Level 1:colcon.colcon_core.environment:create_file_with_runtime_dependencies(/home/aleksi/turtlebot3_ws/install/turtlebot3_simulations/share/colcon-core/packages/turtlebot3_simulations)
[1.832s] Level 1:colcon.colcon_core.environment:create_environment_scripts_only(turtlebot3_simulations)
[1.844s] Level 1:colcon.colcon_core.environment:checking '/home/aleksi/turtlebot3_ws/install/turtlebot3_simulations' for CMake module files
[1.844s] Level 1:colcon.colcon_core.environment:checking '/home/aleksi/turtlebot3_ws/install/turtlebot3_simulations' for CMake config files
[1.844s] Level 1:colcon.colcon_core.shell:create_environment_hook('turtlebot3_simulations', 'cmake_prefix_path')
[1.856s] INFO:colcon.colcon_core.shell:Creating environment hook '/home/aleksi/turtlebot3_ws/install/turtlebot3_simulations/share/turtlebot3_simulations/hook/cmake_prefix_path.ps1'
[1.857s] INFO:colcon.colcon_core.shell:Creating environment descriptor '/home/aleksi/turtlebot3_ws/install/turtlebot3_simulations/share/turtlebot3_simulations/hook/cmake_prefix_path.dsv'
[1.857s] INFO:colcon.colcon_core.shell:Creating environment hook '/home/aleksi/turtlebot3_ws/install/turtlebot3_simulations/share/turtlebot3_simulations/hook/cmake_prefix_path.sh'
[1.857s] Level 1:colcon.colcon_core.environment:checking '/home/aleksi/turtlebot3_ws/install/turtlebot3_simulations/bin'
[1.857s] Level 1:colcon.colcon_core.environment:checking '/home/aleksi/turtlebot3_ws/install/turtlebot3_simulations/lib/pkgconfig/turtlebot3_simulations.pc'
[1.857s] Level 1:colcon.colcon_core.environment:checking '/home/aleksi/turtlebot3_ws/install/turtlebot3_simulations/lib/python3.10/site-packages'
[1.858s] Level 1:colcon.colcon_core.environment:checking '/home/aleksi/turtlebot3_ws/install/turtlebot3_simulations/bin'
[1.870s] INFO:colcon.colcon_core.shell:Creating package script '/home/aleksi/turtlebot3_ws/install/turtlebot3_simulations/share/turtlebot3_simulations/package.ps1'
[1.870s] INFO:colcon.colcon_core.shell:Creating package descriptor '/home/aleksi/turtlebot3_ws/install/turtlebot3_simulations/share/turtlebot3_simulations/package.dsv'
[1.870s] INFO:colcon.colcon_core.shell:Creating package script '/home/aleksi/turtlebot3_ws/install/turtlebot3_simulations/share/turtlebot3_simulations/package.sh'
[1.871s] INFO:colcon.colcon_core.shell:Creating package script '/home/aleksi/turtlebot3_ws/install/turtlebot3_simulations/share/turtlebot3_simulations/package.bash'
[1.871s] INFO:colcon.colcon_core.shell:Creating package script '/home/aleksi/turtlebot3_ws/install/turtlebot3_simulations/share/turtlebot3_simulations/package.zsh'
[1.871s] Level 1:colcon.colcon_core.environment:create_file_with_runtime_dependencies(/home/aleksi/turtlebot3_ws/install/turtlebot3_simulations/share/colcon-core/packages/turtlebot3_simulations)
[5.308s] DEBUG:colcon.colcon_core.event_handler.log_command:Invoked command in '/home/aleksi/turtlebot3_ws/build/control_interfaces' returned '0': CMAKE_PREFIX_PATH=${CMAKE_PREFIX_PATH}:/home/aleksi/turtlebot3_ws/install/controller:/opt/ros/humble /usr/bin/cmake --build /home/aleksi/turtlebot3_ws/build/control_interfaces -- -j24 -l24
[5.415s] DEBUG:colcon.colcon_core.event_handler.log_command:Invoking command in '/home/aleksi/turtlebot3_ws/build/control_interfaces': CMAKE_PREFIX_PATH=${CMAKE_PREFIX_PATH}:/home/aleksi/turtlebot3_ws/install/controller:/opt/ros/humble /usr/bin/cmake --install /home/aleksi/turtlebot3_ws/build/control_interfaces
[5.483s] Level 1:colcon.colcon_core.environment:create_environment_scripts_only(control_interfaces)
[5.484s] DEBUG:colcon.colcon_core.event_handler.log_command:Invoked command in '/home/aleksi/turtlebot3_ws/build/control_interfaces' returned '0': CMAKE_PREFIX_PATH=${CMAKE_PREFIX_PATH}:/home/aleksi/turtlebot3_ws/install/controller:/opt/ros/humble /usr/bin/cmake --install /home/aleksi/turtlebot3_ws/build/control_interfaces
[5.496s] Level 1:colcon.colcon_core.environment:checking '/home/aleksi/turtlebot3_ws/install/control_interfaces' for CMake module files
[5.496s] Level 1:colcon.colcon_core.environment:checking '/home/aleksi/turtlebot3_ws/install/control_interfaces' for CMake config files
[5.497s] Level 1:colcon.colcon_core.shell:create_environment_hook('control_interfaces', 'cmake_prefix_path')
[5.508s] INFO:colcon.colcon_core.shell:Creating environment hook '/home/aleksi/turtlebot3_ws/install/control_interfaces/share/control_interfaces/hook/cmake_prefix_path.ps1'
[5.509s] INFO:colcon.colcon_core.shell:Creating environment descriptor '/home/aleksi/turtlebot3_ws/install/control_interfaces/share/control_interfaces/hook/cmake_prefix_path.dsv'
[5.509s] INFO:colcon.colcon_core.shell:Creating environment hook '/home/aleksi/turtlebot3_ws/install/control_interfaces/share/control_interfaces/hook/cmake_prefix_path.sh'
[5.509s] Level 1:colcon.colcon_core.environment:checking '/home/aleksi/turtlebot3_ws/install/control_interfaces/lib'
[5.509s] Level 1:colcon.colcon_core.shell:create_environment_hook('control_interfaces', 'ld_library_path_lib')
[5.521s] INFO:colcon.colcon_core.shell:Creating environment hook '/home/aleksi/turtlebot3_ws/install/control_interfaces/share/control_interfaces/hook/ld_library_path_lib.ps1'
[5.521s] INFO:colcon.colcon_core.shell:Creating environment descriptor '/home/aleksi/turtlebot3_ws/install/control_interfaces/share/control_interfaces/hook/ld_library_path_lib.dsv'
[5.521s] INFO:colcon.colcon_core.shell:Creating environment hook '/home/aleksi/turtlebot3_ws/install/control_interfaces/share/control_interfaces/hook/ld_library_path_lib.sh'
[5.521s] Level 1:colcon.colcon_core.environment:checking '/home/aleksi/turtlebot3_ws/install/control_interfaces/bin'
[5.521s] Level 1:colcon.colcon_core.environment:checking '/home/aleksi/turtlebot3_ws/install/control_interfaces/lib/pkgconfig/control_interfaces.pc'
[5.522s] Level 1:colcon.colcon_core.environment:checking '/home/aleksi/turtlebot3_ws/install/control_interfaces/lib/python3.10/site-packages'
[5.522s] Level 1:colcon.colcon_core.environment:checking '/home/aleksi/turtlebot3_ws/install/control_interfaces/bin'
[5.533s] INFO:colcon.colcon_core.shell:Creating package script '/home/aleksi/turtlebot3_ws/install/control_interfaces/share/control_interfaces/package.ps1'
[5.534s] INFO:colcon.colcon_core.shell:Creating package descriptor '/home/aleksi/turtlebot3_ws/install/control_interfaces/share/control_interfaces/package.dsv'
[5.534s] INFO:colcon.colcon_core.shell:Creating package script '/home/aleksi/turtlebot3_ws/install/control_interfaces/share/control_interfaces/package.sh'
[5.534s] INFO:colcon.colcon_core.shell:Creating package script '/home/aleksi/turtlebot3_ws/install/control_interfaces/share/control_interfaces/package.bash'
[5.534s] INFO:colcon.colcon_core.shell:Creating package script '/home/aleksi/turtlebot3_ws/install/control_interfaces/share/control_interfaces/package.zsh'
[5.535s] Level 1:colcon.colcon_core.environment:create_file_with_runtime_dependencies(/home/aleksi/turtlebot3_ws/install/control_interfaces/share/colcon-core/packages/control_interfaces)
[5.668s] Level 1:colcon.colcon_core.environment:create_environment_scripts_only(control_interfaces)
[5.680s] Level 1:colcon.colcon_core.environment:checking '/home/aleksi/turtlebot3_ws/install/control_interfaces' for CMake module files
[5.681s] Level 1:colcon.colcon_core.environment:checking '/home/aleksi/turtlebot3_ws/install/control_interfaces' for CMake config files
[5.681s] Level 1:colcon.colcon_core.shell:create_environment_hook('control_interfaces', 'cmake_prefix_path')
[5.693s] INFO:colcon.colcon_core.shell:Creating environment hook '/home/aleksi/turtlebot3_ws/install/control_interfaces/share/control_interfaces/hook/cmake_prefix_path.ps1'
[5.693s] INFO:colcon.colcon_core.shell:Creating environment descriptor '/home/aleksi/turtlebot3_ws/install/control_interfaces/share/control_interfaces/hook/cmake_prefix_path.dsv'
[5.693s] INFO:colcon.colcon_core.shell:Creating environment hook '/home/aleksi/turtlebot3_ws/install/control_interfaces/share/control_interfaces/hook/cmake_prefix_path.sh'
[5.694s] Level 1:colcon.colcon_core.environment:checking '/home/aleksi/turtlebot3_ws/install/control_interfaces/lib'
[5.694s] Level 1:colcon.colcon_core.shell:create_environment_hook('control_interfaces', 'ld_library_path_lib')
[5.705s] INFO:colcon.colcon_core.shell:Creating environment hook '/home/aleksi/turtlebot3_ws/install/control_interfaces/share/control_interfaces/hook/ld_library_path_lib.ps1'
[5.705s] INFO:colcon.colcon_core.shell:Creating environment descriptor '/home/aleksi/turtlebot3_ws/install/control_interfaces/share/control_interfaces/hook/ld_library_path_lib.dsv'
[5.706s] INFO:colcon.colcon_core.shell:Creating environment hook '/home/aleksi/turtlebot3_ws/install/control_interfaces/share/control_interfaces/hook/ld_library_path_lib.sh'
[5.706s] Level 1:colcon.colcon_core.environment:checking '/home/aleksi/turtlebot3_ws/install/control_interfaces/bin'
[5.706s] Level 1:colcon.colcon_core.environment:checking '/home/aleksi/turtlebot3_ws/install/control_interfaces/lib/pkgconfig/control_interfaces.pc'
[5.706s] Level 1:colcon.colcon_core.environment:checking '/home/aleksi/turtlebot3_ws/install/control_interfaces/lib/python3.10/site-packages'
[5.706s] Level 1:colcon.colcon_core.environment:checking '/home/aleksi/turtlebot3_ws/install/control_interfaces/bin'
[5.718s] INFO:colcon.colcon_core.shell:Creating package script '/home/aleksi/turtlebot3_ws/install/control_interfaces/share/control_interfaces/package.ps1'
[5.718s] INFO:colcon.colcon_core.shell:Creating package descriptor '/home/aleksi/turtlebot3_ws/install/control_interfaces/share/control_interfaces/package.dsv'
[5.718s] INFO:colcon.colcon_core.shell:Creating package script '/home/aleksi/turtlebot3_ws/install/control_interfaces/share/control_interfaces/package.sh'
[5.719s] INFO:colcon.colcon_core.shell:Creating package script '/home/aleksi/turtlebot3_ws/install/control_interfaces/share/control_interfaces/package.bash'
[5.719s] INFO:colcon.colcon_core.shell:Creating package script '/home/aleksi/turtlebot3_ws/install/control_interfaces/share/control_interfaces/package.zsh'
[5.719s] Level 1:colcon.colcon_core.environment:create_file_with_runtime_dependencies(/home/aleksi/turtlebot3_ws/install/control_interfaces/share/colcon-core/packages/control_interfaces)
[5.719s] INFO:colcon.colcon_ros.task.ament_python.build:Building ROS package in '/home/aleksi/turtlebot3_ws/src/controller' with build type 'ament_python'
[5.719s] Level 1:colcon.colcon_core.shell:create_environment_hook('controller', 'ament_prefix_path')
[5.732s] INFO:colcon.colcon_core.shell:Creating environment hook '/home/aleksi/turtlebot3_ws/install/controller/share/controller/hook/ament_prefix_path.ps1'
[5.732s] INFO:colcon.colcon_core.shell:Creating environment descriptor '/home/aleksi/turtlebot3_ws/install/controller/share/controller/hook/ament_prefix_path.dsv'
[5.732s] INFO:colcon.colcon_core.shell:Creating environment hook '/home/aleksi/turtlebot3_ws/install/controller/share/controller/hook/ament_prefix_path.sh'
[5.744s] INFO:colcon.colcon_core.shell:Skip shell extension 'powershell' for command environment: Not usable outside of PowerShell
[5.744s] DEBUG:colcon.colcon_core.shell:Skip shell extension 'dsv' for command environment
[5.985s] INFO:colcon.colcon_core.task.python.build:Building Python package in '/home/aleksi/turtlebot3_ws/src/controller'
[5.998s] INFO:colcon.colcon_core.shell:Skip shell extension 'powershell' for command environment: Not usable outside of PowerShell
[5.998s] DEBUG:colcon.colcon_core.shell:Skip shell extension 'dsv' for command environment
[6.326s] DEBUG:colcon.colcon_core.event_handler.log_command:Invoking command in '/home/aleksi/turtlebot3_ws/src/controller': CMAKE_PREFIX_PATH=/home/aleksi/turtlebot3_ws/install/control_interfaces:/home/aleksi/turtlebot3_ws/install/turtlebot3_simulations:/home/aleksi/turtlebot3_ws/install/turtlebot3_gazebo:/home/aleksi/turtlebot3_ws/install/turtlebot3_fake_node PYTHONPATH=/home/aleksi/turtlebot3_ws/build/controller/prefix_override:/home/aleksi/turtlebot3_ws/install/controller/lib/python3.10/site-packages:${PYTHONPATH} /usr/bin/python3 setup.py egg_info --egg-base ../../build/controller build --build-base /home/aleksi/turtlebot3_ws/build/controller/build install --record /home/aleksi/turtlebot3_ws/build/controller/install.log --single-version-externally-managed
[6.557s] DEBUG:colcon.colcon_core.event_handler.log_command:Invoked command in '/home/aleksi/turtlebot3_ws/src/controller' returned '0': CMAKE_PREFIX_PATH=/home/aleksi/turtlebot3_ws/install/control_interfaces:/home/aleksi/turtlebot3_ws/install/turtlebot3_simulations:/home/aleksi/turtlebot3_ws/install/turtlebot3_gazebo:/home/aleksi/turtlebot3_ws/install/turtlebot3_fake_node PYTHONPATH=/home/aleksi/turtlebot3_ws/build/controller/prefix_override:/home/aleksi/turtlebot3_ws/install/controller/lib/python3.10/site-packages:${PYTHONPATH} /usr/bin/python3 setup.py egg_info --egg-base ../../build/controller build --build-base /home/aleksi/turtlebot3_ws/build/controller/build install --record /home/aleksi/turtlebot3_ws/build/controller/install.log --single-version-externally-managed
[6.575s] Level 1:colcon.colcon_core.environment:checking '/home/aleksi/turtlebot3_ws/install/controller' for CMake module files
[6.575s] Level 1:colcon.colcon_core.environment:checking '/home/aleksi/turtlebot3_ws/install/controller' for CMake config files
[6.575s] Level 1:colcon.colcon_core.environment:checking '/home/aleksi/turtlebot3_ws/install/controller/lib'
[6.576s] Level 1:colcon.colcon_core.environment:checking '/home/aleksi/turtlebot3_ws/install/controller/bin'
[6.576s] Level 1:colcon.colcon_core.environment:checking '/home/aleksi/turtlebot3_ws/install/controller/lib/pkgconfig/controller.pc'
[6.576s] Level 1:colcon.colcon_core.environment:checking '/home/aleksi/turtlebot3_ws/install/controller/lib/python3.10/site-packages'
[6.576s] Level 1:colcon.colcon_core.shell:create_environment_hook('controller', 'pythonpath')
[6.588s] INFO:colcon.colcon_core.shell:Creating environment hook '/home/aleksi/turtlebot3_ws/install/controller/share/controller/hook/pythonpath.ps1'
[6.589s] INFO:colcon.colcon_core.shell:Creating environment descriptor '/home/aleksi/turtlebot3_ws/install/controller/share/controller/hook/pythonpath.dsv'
[6.589s] INFO:colcon.colcon_core.shell:Creating environment hook '/home/aleksi/turtlebot3_ws/install/controller/share/controller/hook/pythonpath.sh'
[6.589s] Level 1:colcon.colcon_core.environment:checking '/home/aleksi/turtlebot3_ws/install/controller/bin'
[6.589s] Level 1:colcon.colcon_core.environment:create_environment_scripts_only(controller)
[6.602s] INFO:colcon.colcon_core.shell:Creating package script '/home/aleksi/turtlebot3_ws/install/controller/share/controller/package.ps1'
[6.602s] INFO:colcon.colcon_core.shell:Creating package descriptor '/home/aleksi/turtlebot3_ws/install/controller/share/controller/package.dsv'
[6.603s] INFO:colcon.colcon_core.shell:Creating package script '/home/aleksi/turtlebot3_ws/install/controller/share/controller/package.sh'
[6.603s] INFO:colcon.colcon_core.shell:Creating package script '/home/aleksi/turtlebot3_ws/install/controller/share/controller/package.bash'
[6.603s] INFO:colcon.colcon_core.shell:Creating package script '/home/aleksi/turtlebot3_ws/install/controller/share/controller/package.zsh'
[6.604s] Level 1:colcon.colcon_core.environment:create_file_with_runtime_dependencies(/home/aleksi/turtlebot3_ws/install/controller/share/colcon-core/packages/controller)
[6.604s] DEBUG:colcon.colcon_parallel_executor.executor.parallel:closing loop
[6.604s] DEBUG:colcon.colcon_parallel_executor.executor.parallel:loop closed
[6.604s] DEBUG:colcon.colcon_parallel_executor.executor.parallel:run_until_complete finished with '0'
[6.604s] DEBUG:colcon.colcon_core.event_reactor:joining thread
[6.621s] INFO:colcon.colcon_core.plugin_system:Skipping extension 'colcon_notification.desktop_notification.terminal_notifier': Not used on non-Darwin systems
[6.622s] INFO:colcon.colcon_core.plugin_system:Skipping extension 'colcon_notification.desktop_notification.win32': Not used on non-Windows systems
[6.622s] INFO:colcon.colcon_notification.desktop_notification:Sending desktop notification using 'notify2'
[6.634s] DEBUG:colcon.colcon_core.event_reactor:joined thread
[6.647s] INFO:colcon.colcon_core.shell:Creating prefix script '/home/aleksi/turtlebot3_ws/install/local_setup.ps1'
[6.648s] INFO:colcon.colcon_core.shell:Creating prefix util module '/home/aleksi/turtlebot3_ws/install/_local_setup_util_ps1.py'
[6.649s] INFO:colcon.colcon_core.shell:Creating prefix chain script '/home/aleksi/turtlebot3_ws/install/setup.ps1'
[6.662s] INFO:colcon.colcon_core.shell:Creating prefix script '/home/aleksi/turtlebot3_ws/install/local_setup.sh'
[6.662s] INFO:colcon.colcon_core.shell:Creating prefix util module '/home/aleksi/turtlebot3_ws/install/_local_setup_util_sh.py'
[6.663s] INFO:colcon.colcon_core.shell:Creating prefix chain script '/home/aleksi/turtlebot3_ws/install/setup.sh'
[6.675s] INFO:colcon.colcon_core.shell:Creating prefix script '/home/aleksi/turtlebot3_ws/install/local_setup.bash'
[6.676s] INFO:colcon.colcon_core.shell:Creating prefix chain script '/home/aleksi/turtlebot3_ws/install/setup.bash'
[6.689s] INFO:colcon.colcon_core.shell:Creating prefix script '/home/aleksi/turtlebot3_ws/install/local_setup.zsh'
[6.689s] INFO:colcon.colcon_core.shell:Creating prefix chain script '/home/aleksi/turtlebot3_ws/install/setup.zsh'
