[0.597s] Invoking command in '/home/aleksi/turtlebot3_ws/src/controller': PYTHONPATH=/home/aleksi/turtlebot3_ws/build/controller/prefix_override:/home/aleksi/turtlebot3_ws/install/controller/lib/python3.10/site-packages:${PYTHONPATH} /usr/bin/python3 setup.py egg_info --egg-base ../../build/controller build --build-base /home/aleksi/turtlebot3_ws/build/controller/build install --record /home/aleksi/turtlebot3_ws/build/controller/install.log --single-version-externally-managed
[0.789s] running egg_info
[0.789s] writing ../../build/controller/controller.egg-info/PKG-INFO
[0.789s] writing dependency_links to ../../build/controller/controller.egg-info/dependency_links.txt
[0.790s] writing entry points to ../../build/controller/controller.egg-info/entry_points.txt
[0.790s] writing requirements to ../../build/controller/controller.egg-info/requires.txt
[0.790s] writing top-level names to ../../build/controller/controller.egg-info/top_level.txt
[0.791s] reading manifest file '../../build/controller/controller.egg-info/SOURCES.txt'
[0.791s] writing manifest file '../../build/controller/controller.egg-info/SOURCES.txt'
[0.791s] running build
[0.792s] running build_py
[0.792s] running install
[0.792s] /usr/lib/python3/dist-packages/setuptools/command/install.py:34: SetuptoolsDeprecationWarning: setup.py install is deprecated. Use build and pip and other standards-based tools.
[0.792s]   warnings.warn(
[0.792s] running install_lib
[0.793s] running install_data
[0.793s] running install_egg_info
[0.795s] removing '/home/aleksi/turtlebot3_ws/install/controller/lib/python3.10/site-packages/controller-0.0.0-py3.10.egg-info' (and everything under it)
[0.795s] Copying ../../build/controller/controller.egg-info to /home/aleksi/turtlebot3_ws/install/controller/lib/python3.10/site-packages/controller-0.0.0-py3.10.egg-info
[0.796s] running install_scripts
[0.810s] Installing cli script to /home/aleksi/turtlebot3_ws/install/controller/lib/controller
[0.810s] Installing ser script to /home/aleksi/turtlebot3_ws/install/controller/lib/controller
[0.811s] writing list of installed files to '/home/aleksi/turtlebot3_ws/build/controller/install.log'
[0.827s] Invoked command in '/home/aleksi/turtlebot3_ws/src/controller' returned '0': PYTHONPATH=/home/aleksi/turtlebot3_ws/build/controller/prefix_override:/home/aleksi/turtlebot3_ws/install/controller/lib/python3.10/site-packages:${PYTHONPATH} /usr/bin/python3 setup.py egg_info --egg-base ../../build/controller build --build-base /home/aleksi/turtlebot3_ws/build/controller/build install --record /home/aleksi/turtlebot3_ws/build/controller/install.log --single-version-externally-managed
