[0.153s] Invoking command in '/home/aleksi/turtlebot3_ws/build/control_interfaces': CMAKE_PREFIX_PATH=${CMAKE_PREFIX_PATH}:/home/aleksi/turtlebot3_ws/install/controller:/opt/ros/humble /usr/bin/cmake --build /home/aleksi/turtlebot3_ws/build/control_interfaces -- -j24 -l24
[0.176s] -- Found ament_cmake: 1.3.6 (/opt/ros/humble/share/ament_cmake/cmake)
[0.297s] -- Found std_msgs: 4.2.3 (/opt/ros/humble/share/std_msgs/cmake)
[0.321s] -- Found rosidl_generator_c: 3.1.5 (/opt/ros/humble/share/rosidl_generator_c/cmake)
[0.323s] -- Found rosidl_adapter: 3.1.5 (/opt/ros/humble/share/rosidl_adapter/cmake)
[0.329s] -- Found rosidl_generator_cpp: 3.1.5 (/opt/ros/humble/share/rosidl_generator_cpp/cmake)
[0.339s] -- Using all available rosidl_typesupport_c: rosidl_typesupport_fastrtps_c;rosidl_typesupport_introspection_c
[0.353s] -- Using all available rosidl_typesupport_cpp: rosidl_typesupport_fastrtps_cpp;rosidl_typesupport_introspection_cpp
[0.399s] -- Found geometry_msgs: 4.2.3 (/opt/ros/humble/share/geometry_msgs/cmake)
[0.437s] -- Found rosidl_default_generators: 1.2.0 (/opt/ros/humble/share/rosidl_default_generators/cmake)
[0.747s] -- Found ament_cmake_ros: 0.10.0 (/opt/ros/humble/share/ament_cmake_ros/cmake)
[1.116s] -- Using all available rosidl_typesupport_c: rosidl_typesupport_fastrtps_c;rosidl_typesupport_introspection_c
[1.257s] -- Using all available rosidl_typesupport_cpp: rosidl_typesupport_fastrtps_cpp;rosidl_typesupport_introspection_cpp
[1.277s] -- Found python_cmake_module: 0.10.0 (/opt/ros/humble/share/python_cmake_module/cmake)
[1.297s] -- Using PYTHON_EXECUTABLE: /usr/bin/python3
[1.297s] -- Using PYTHON_INCLUDE_DIRS: /usr/include/python3.10
[1.297s] -- Using PYTHON_LIBRARIES: /usr/lib/x86_64-linux-gnu/libpython3.10.so
[1.335s] -- Found ament_lint_auto: 0.12.9 (/opt/ros/humble/share/ament_lint_auto/cmake)
[1.342s] -- Added test 'lint_cmake' to check CMake code style
[1.343s] -- Added test 'xmllint' to check XML markup files
[1.344s] -- Configuring done
[1.379s] -- Generating done
[1.382s] -- Build files have been written to: /home/aleksi/turtlebot3_ws/build/control_interfaces
[1.408s] [  2%] [34m[1mGenerating C code for ROS interfaces[0m
[1.420s] [  4%] [34m[1mGenerating C++ code for ROS interfaces[0m
[1.432s] [  4%] Built target ament_cmake_python_copy_control_interfaces
[1.624s] running egg_info
[1.625s] writing control_interfaces.egg-info/PKG-INFO
[1.625s] writing dependency_links to control_interfaces.egg-info/dependency_links.txt
[1.625s] writing top-level names to control_interfaces.egg-info/top_level.txt
[1.627s] reading manifest file 'control_interfaces.egg-info/SOURCES.txt'
[1.627s] writing manifest file 'control_interfaces.egg-info/SOURCES.txt'
[1.649s] [  4%] Built target ament_cmake_python_build_control_interfaces_egg
[1.845s] [35m[1mConsolidate compiler generated dependencies of target control_interfaces__rosidl_generator_c[0m
[1.848s] [  4%] Built target control_interfaces__cpp
[1.858s] [ 10%] [34m[1mGenerating C++ type support for eProsima Fast-RTPS[0m
[1.858s] [ 10%] [32mBuilding C object CMakeFiles/control_interfaces__rosidl_generator_c.dir/rosidl_generator_c/control_interfaces/srv/detail/set_position__functions.c.o[0m
[1.858s] [ 10%] [34m[1mGenerating C++ introspection for ROS interfaces[0m
[1.859s] [ 12%] [32mBuilding C object CMakeFiles/control_interfaces__rosidl_generator_c.dir/rosidl_generator_c/control_interfaces/srv/detail/set_pose__functions.c.o[0m
[1.859s] [ 17%] [32mBuilding C object CMakeFiles/control_interfaces__rosidl_generator_c.dir/rosidl_generator_c/control_interfaces/action/detail/follow_path__functions.c.o[0m
[1.859s] [ 17%] [34m[1mGenerating C++ type support dispatch for ROS interfaces[0m
[1.960s] [ 19%] [32m[1mLinking C shared library libcontrol_interfaces__rosidl_generator_c.so[0m
[1.996s] [ 19%] Built target control_interfaces__rosidl_generator_c
[2.007s] [ 21%] [34m[1mGenerating C introspection for ROS interfaces[0m
[2.007s] [ 23%] [34m[1mGenerating C type support for eProsima Fast-RTPS[0m
[2.009s] [ 25%] [34m[1mGenerating C type support dispatch for ROS interfaces[0m
[2.137s] [35m[1mConsolidate compiler generated dependencies of target control_interfaces__rosidl_typesupport_cpp[0m
[2.154s] [ 29%] [32mBuilding CXX object CMakeFiles/control_interfaces__rosidl_typesupport_cpp.dir/rosidl_typesupport_cpp/control_interfaces/srv/set_position__type_support.cpp.o[0m
[2.154s] [ 29%] [32mBuilding CXX object CMakeFiles/control_interfaces__rosidl_typesupport_cpp.dir/rosidl_typesupport_cpp/control_interfaces/srv/set_pose__type_support.cpp.o[0m
[2.156s] [ 31%] [32mBuilding CXX object CMakeFiles/control_interfaces__rosidl_typesupport_cpp.dir/rosidl_typesupport_cpp/control_interfaces/action/follow_path__type_support.cpp.o[0m
[2.211s] [35m[1mConsolidate compiler generated dependencies of target control_interfaces__rosidl_typesupport_introspection_cpp[0m
[2.228s] [ 36%] [32mBuilding CXX object CMakeFiles/control_interfaces__rosidl_typesupport_introspection_cpp.dir/rosidl_typesupport_introspection_cpp/control_interfaces/srv/detail/set_pose__type_support.cpp.o[0m
[2.228s] [ 36%] [32mBuilding CXX object CMakeFiles/control_interfaces__rosidl_typesupport_introspection_cpp.dir/rosidl_typesupport_introspection_cpp/control_interfaces/srv/detail/set_position__type_support.cpp.o[0m
[2.228s] [ 38%] [32mBuilding CXX object CMakeFiles/control_interfaces__rosidl_typesupport_introspection_cpp.dir/rosidl_typesupport_introspection_cpp/control_interfaces/action/detail/follow_path__type_support.cpp.o[0m
[2.266s] [35m[1mConsolidate compiler generated dependencies of target control_interfaces__rosidl_typesupport_c[0m
[2.276s] [35m[1mConsolidate compiler generated dependencies of target control_interfaces__rosidl_typesupport_fastrtps_cpp[0m
[2.280s] [ 42%] [32mBuilding CXX object CMakeFiles/control_interfaces__rosidl_typesupport_c.dir/rosidl_typesupport_c/control_interfaces/srv/set_pose__type_support.cpp.o[0m
[2.280s] [ 42%] [32mBuilding CXX object CMakeFiles/control_interfaces__rosidl_typesupport_c.dir/rosidl_typesupport_c/control_interfaces/srv/set_position__type_support.cpp.o[0m
[2.281s] [ 44%] [32mBuilding CXX object CMakeFiles/control_interfaces__rosidl_typesupport_c.dir/rosidl_typesupport_c/control_interfaces/action/follow_path__type_support.cpp.o[0m
[2.297s] [ 46%] [32mBuilding CXX object CMakeFiles/control_interfaces__rosidl_typesupport_fastrtps_cpp.dir/rosidl_typesupport_fastrtps_cpp/control_interfaces/srv/detail/dds_fastrtps/set_position__type_support.cpp.o[0m
[2.297s] [ 48%] [32mBuilding CXX object CMakeFiles/control_interfaces__rosidl_typesupport_fastrtps_cpp.dir/rosidl_typesupport_fastrtps_cpp/control_interfaces/srv/detail/dds_fastrtps/set_pose__type_support.cpp.o[0m
[2.297s] [ 51%] [32mBuilding CXX object CMakeFiles/control_interfaces__rosidl_typesupport_fastrtps_cpp.dir/rosidl_typesupport_fastrtps_cpp/control_interfaces/action/detail/dds_fastrtps/follow_path__type_support.cpp.o[0m
[2.332s] [ 53%] [32m[1mLinking CXX shared library libcontrol_interfaces__rosidl_typesupport_c.so[0m
[2.369s] [35m[1mConsolidate compiler generated dependencies of target control_interfaces__rosidl_typesupport_introspection_c[0m
[2.381s] [ 53%] Built target control_interfaces__rosidl_typesupport_c
[2.385s] [ 55%] [32mBuilding C object CMakeFiles/control_interfaces__rosidl_typesupport_introspection_c.dir/rosidl_typesupport_introspection_c/control_interfaces/srv/detail/set_position__type_support.c.o[0m
[2.386s] [ 59%] [32mBuilding C object CMakeFiles/control_interfaces__rosidl_typesupport_introspection_c.dir/rosidl_typesupport_introspection_c/control_interfaces/srv/detail/set_pose__type_support.c.o[0m
[2.386s] [ 59%] [32mBuilding C object CMakeFiles/control_interfaces__rosidl_typesupport_introspection_c.dir/rosidl_typesupport_introspection_c/control_interfaces/action/detail/follow_path__type_support.c.o[0m
[2.395s] [35m[1mConsolidate compiler generated dependencies of target control_interfaces__rosidl_typesupport_fastrtps_c[0m
[2.413s] [ 61%] [32mBuilding CXX object CMakeFiles/control_interfaces__rosidl_typesupport_fastrtps_c.dir/rosidl_typesupport_fastrtps_c/control_interfaces/srv/detail/set_position__type_support_c.cpp.o[0m
[2.413s] [ 63%] [32mBuilding CXX object CMakeFiles/control_interfaces__rosidl_typesupport_fastrtps_c.dir/rosidl_typesupport_fastrtps_c/control_interfaces/srv/detail/set_pose__type_support_c.cpp.o[0m
[2.414s] [ 65%] [32mBuilding CXX object CMakeFiles/control_interfaces__rosidl_typesupport_fastrtps_c.dir/rosidl_typesupport_fastrtps_c/control_interfaces/action/detail/follow_path__type_support_c.cpp.o[0m
[2.435s] [ 68%] [32m[1mLinking C shared library libcontrol_interfaces__rosidl_typesupport_introspection_c.so[0m
[2.472s] [ 68%] Built target control_interfaces__rosidl_typesupport_introspection_c
[2.593s] [ 70%] [32m[1mLinking CXX shared library libcontrol_interfaces__rosidl_typesupport_cpp.so[0m
[2.636s] [ 70%] Built target control_interfaces__rosidl_typesupport_cpp
[2.709s] [ 72%] [32m[1mLinking CXX shared library libcontrol_interfaces__rosidl_typesupport_introspection_cpp.so[0m
[2.726s] [ 74%] [32m[1mLinking CXX shared library libcontrol_interfaces__rosidl_typesupport_fastrtps_c.so[0m
[2.787s] [ 76%] [32m[1mLinking CXX shared library libcontrol_interfaces__rosidl_typesupport_fastrtps_cpp.so[0m
[2.787s] [ 76%] Built target control_interfaces__rosidl_typesupport_introspection_cpp
[2.796s] [ 76%] Built target control_interfaces__rosidl_typesupport_fastrtps_c
[2.856s] [ 76%] Built target control_interfaces__rosidl_typesupport_fastrtps_cpp
[2.877s] [ 76%] Built target control_interfaces
[2.898s] [ 78%] [34m[1mGenerating Python code for ROS interfaces[0m
[3.660s] [ 78%] Built target control_interfaces__py
[3.671s] [35m[1mConsolidate compiler generated dependencies of target control_interfaces__rosidl_generator_py[0m
[3.686s] [ 80%] [32mBuilding C object CMakeFiles/control_interfaces__rosidl_generator_py.dir/rosidl_generator_py/control_interfaces/srv/_set_position_s.c.o[0m
[3.686s] [ 82%] [32mBuilding C object CMakeFiles/control_interfaces__rosidl_generator_py.dir/rosidl_generator_py/control_interfaces/action/_follow_path_s.c.o[0m
[3.686s] [ 85%] [32mBuilding C object CMakeFiles/control_interfaces__rosidl_generator_py.dir/rosidl_generator_py/control_interfaces/srv/_set_pose_s.c.o[0m
[3.803s] [ 87%] [32m[1mLinking C shared library rosidl_generator_py/control_interfaces/libcontrol_interfaces__rosidl_generator_py.so[0m
[3.844s] [ 87%] Built target control_interfaces__rosidl_generator_py
[3.855s] [35m[1mConsolidate compiler generated dependencies of target control_interfaces__rosidl_typesupport_fastrtps_c__pyext[0m
[3.855s] [35m[1mConsolidate compiler generated dependencies of target control_interfaces__rosidl_typesupport_introspection_c__pyext[0m
[3.856s] [35m[1mConsolidate compiler generated dependencies of target control_interfaces__rosidl_typesupport_c__pyext[0m
[3.869s] [ 89%] [32mBuilding C object CMakeFiles/control_interfaces__rosidl_typesupport_introspection_c__pyext.dir/rosidl_generator_py/control_interfaces/_control_interfaces_s.ep.rosidl_typesupport_introspection_c.c.o[0m
[3.870s] [ 91%] [32mBuilding C object CMakeFiles/control_interfaces__rosidl_typesupport_c__pyext.dir/rosidl_generator_py/control_interfaces/_control_interfaces_s.ep.rosidl_typesupport_c.c.o[0m
[3.871s] [ 93%] [32mBuilding C object CMakeFiles/control_interfaces__rosidl_typesupport_fastrtps_c__pyext.dir/rosidl_generator_py/control_interfaces/_control_interfaces_s.ep.rosidl_typesupport_fastrtps_c.c.o[0m
[3.990s] [ 95%] [32m[1mLinking C shared library rosidl_generator_py/control_interfaces/control_interfaces_s__rosidl_typesupport_fastrtps_c.cpython-310-x86_64-linux-gnu.so[0m
[3.990s] [ 97%] [32m[1mLinking C shared library rosidl_generator_py/control_interfaces/control_interfaces_s__rosidl_typesupport_c.cpython-310-x86_64-linux-gnu.so[0m
[3.992s] [100%] [32m[1mLinking C shared library rosidl_generator_py/control_interfaces/control_interfaces_s__rosidl_typesupport_introspection_c.cpython-310-x86_64-linux-gnu.so[0m
[4.036s] [100%] Built target control_interfaces__rosidl_typesupport_fastrtps_c__pyext
[4.036s] [100%] Built target control_interfaces__rosidl_typesupport_c__pyext
[4.038s] [100%] Built target control_interfaces__rosidl_typesupport_introspection_c__pyext
[4.051s] Invoked command in '/home/aleksi/turtlebot3_ws/build/control_interfaces' returned '0': CMAKE_PREFIX_PATH=${CMAKE_PREFIX_PATH}:/home/aleksi/turtlebot3_ws/install/controller:/opt/ros/humble /usr/bin/cmake --build /home/aleksi/turtlebot3_ws/build/control_interfaces -- -j24 -l24
[4.153s] Invoking command in '/home/aleksi/turtlebot3_ws/build/control_interfaces': CMAKE_PREFIX_PATH=${CMAKE_PREFIX_PATH}:/home/aleksi/turtlebot3_ws/install/controller:/opt/ros/humble /usr/bin/cmake --install /home/aleksi/turtlebot3_ws/build/control_interfaces
[4.160s] -- Install configuration: ""
[4.160s] -- Up-to-date: /home/aleksi/turtlebot3_ws/install/control_interfaces/share/ament_index/resource_index/rosidl_interfaces/control_interfaces
[4.160s] -- Up-to-date: /home/aleksi/turtlebot3_ws/install/control_interfaces/include/control_interfaces/control_interfaces
[4.160s] -- Up-to-date: /home/aleksi/turtlebot3_ws/install/control_interfaces/include/control_interfaces/control_interfaces/msg
[4.160s] -- Up-to-date: /home/aleksi/turtlebot3_ws/install/control_interfaces/include/control_interfaces/control_interfaces/msg/rosidl_generator_c__visibility_control.h
[4.160s] -- Up-to-date: /home/aleksi/turtlebot3_ws/install/control_interfaces/include/control_interfaces/control_interfaces/srv
[4.161s] -- Up-to-date: /home/aleksi/turtlebot3_ws/install/control_interfaces/include/control_interfaces/control_interfaces/srv/detail
[4.161s] -- Installing: /home/aleksi/turtlebot3_ws/install/control_interfaces/include/control_interfaces/control_interfaces/srv/detail/set_position__struct.h
[4.161s] -- Installing: /home/aleksi/turtlebot3_ws/install/control_interfaces/include/control_interfaces/control_interfaces/srv/detail/set_pose__type_support.h
[4.161s] -- Up-to-date: /home/aleksi/turtlebot3_ws/install/control_interfaces/include/control_interfaces/control_interfaces/srv/detail/set_goal__type_support.h
[4.161s] -- Installing: /home/aleksi/turtlebot3_ws/install/control_interfaces/include/control_interfaces/control_interfaces/srv/detail/set_pose__functions.c
[4.161s] -- Up-to-date: /home/aleksi/turtlebot3_ws/install/control_interfaces/include/control_interfaces/control_interfaces/srv/detail/set_goal__struct.h
[4.161s] -- Installing: /home/aleksi/turtlebot3_ws/install/control_interfaces/include/control_interfaces/control_interfaces/srv/detail/set_pose__functions.h
[4.161s] -- Up-to-date: /home/aleksi/turtlebot3_ws/install/control_interfaces/include/control_interfaces/control_interfaces/srv/detail/set_goal__functions.h
[4.161s] -- Installing: /home/aleksi/turtlebot3_ws/install/control_interfaces/include/control_interfaces/control_interfaces/srv/detail/set_position__type_support.h
[4.161s] -- Up-to-date: /home/aleksi/turtlebot3_ws/install/control_interfaces/include/control_interfaces/control_interfaces/srv/detail/set_goal__functions.c
[4.161s] -- Installing: /home/aleksi/turtlebot3_ws/install/control_interfaces/include/control_interfaces/control_interfaces/srv/detail/set_pose__struct.h
[4.161s] -- Installing: /home/aleksi/turtlebot3_ws/install/control_interfaces/include/control_interfaces/control_interfaces/srv/detail/set_position__functions.c
[4.161s] -- Installing: /home/aleksi/turtlebot3_ws/install/control_interfaces/include/control_interfaces/control_interfaces/srv/detail/set_position__functions.h
[4.162s] -- Up-to-date: /home/aleksi/turtlebot3_ws/install/control_interfaces/include/control_interfaces/control_interfaces/srv/set_goal.h
[4.162s] -- Installing: /home/aleksi/turtlebot3_ws/install/control_interfaces/include/control_interfaces/control_interfaces/srv/set_position.h
[4.162s] -- Installing: /home/aleksi/turtlebot3_ws/install/control_interfaces/include/control_interfaces/control_interfaces/srv/set_pose.h
[4.162s] -- Up-to-date: /home/aleksi/turtlebot3_ws/install/control_interfaces/include/control_interfaces/control_interfaces/action
[4.162s] -- Up-to-date: /home/aleksi/turtlebot3_ws/install/control_interfaces/include/control_interfaces/control_interfaces/action/detail
[4.162s] -- Installing: /home/aleksi/turtlebot3_ws/install/control_interfaces/include/control_interfaces/control_interfaces/action/detail/follow_path__struct.h
[4.162s] -- Installing: /home/aleksi/turtlebot3_ws/install/control_interfaces/include/control_interfaces/control_interfaces/action/detail/follow_path__functions.h
[4.163s] -- Installing: /home/aleksi/turtlebot3_ws/install/control_interfaces/include/control_interfaces/control_interfaces/action/detail/follow_path__type_support.h
[4.163s] -- Installing: /home/aleksi/turtlebot3_ws/install/control_interfaces/include/control_interfaces/control_interfaces/action/detail/follow_path__functions.c
[4.163s] -- Installing: /home/aleksi/turtlebot3_ws/install/control_interfaces/include/control_interfaces/control_interfaces/action/follow_path.h
[4.163s] -- Up-to-date: /home/aleksi/turtlebot3_ws/install/control_interfaces/share/control_interfaces/environment/library_path.sh
[4.163s] -- Installing: /home/aleksi/turtlebot3_ws/install/control_interfaces/share/control_interfaces/environment/library_path.dsv
[4.163s] -- Installing: /home/aleksi/turtlebot3_ws/install/control_interfaces/lib/libcontrol_interfaces__rosidl_generator_c.so
[4.164s] -- Set runtime path of "/home/aleksi/turtlebot3_ws/install/control_interfaces/lib/libcontrol_interfaces__rosidl_generator_c.so" to ""
[4.164s] -- Up-to-date: /home/aleksi/turtlebot3_ws/install/control_interfaces/include/control_interfaces/control_interfaces
[4.164s] -- Up-to-date: /home/aleksi/turtlebot3_ws/install/control_interfaces/include/control_interfaces/control_interfaces/msg
[4.164s] -- Up-to-date: /home/aleksi/turtlebot3_ws/install/control_interfaces/include/control_interfaces/control_interfaces/msg/rosidl_typesupport_fastrtps_c__visibility_control.h
[4.164s] -- Up-to-date: /home/aleksi/turtlebot3_ws/install/control_interfaces/include/control_interfaces/control_interfaces/srv
[4.164s] -- Up-to-date: /home/aleksi/turtlebot3_ws/install/control_interfaces/include/control_interfaces/control_interfaces/srv/detail
[4.164s] -- Installing: /home/aleksi/turtlebot3_ws/install/control_interfaces/include/control_interfaces/control_interfaces/srv/detail/set_pose__rosidl_typesupport_fastrtps_c.h
[4.164s] -- Up-to-date: /home/aleksi/turtlebot3_ws/install/control_interfaces/include/control_interfaces/control_interfaces/srv/detail/set_goal__rosidl_typesupport_fastrtps_c.h
[4.164s] -- Installing: /home/aleksi/turtlebot3_ws/install/control_interfaces/include/control_interfaces/control_interfaces/srv/detail/set_position__rosidl_typesupport_fastrtps_c.h
[4.164s] -- Up-to-date: /home/aleksi/turtlebot3_ws/install/control_interfaces/include/control_interfaces/control_interfaces/action
[4.164s] -- Up-to-date: /home/aleksi/turtlebot3_ws/install/control_interfaces/include/control_interfaces/control_interfaces/action/detail
[4.165s] -- Installing: /home/aleksi/turtlebot3_ws/install/control_interfaces/include/control_interfaces/control_interfaces/action/detail/follow_path__rosidl_typesupport_fastrtps_c.h
[4.165s] -- Installing: /home/aleksi/turtlebot3_ws/install/control_interfaces/lib/libcontrol_interfaces__rosidl_typesupport_fastrtps_c.so
[4.165s] -- Set runtime path of "/home/aleksi/turtlebot3_ws/install/control_interfaces/lib/libcontrol_interfaces__rosidl_typesupport_fastrtps_c.so" to ""
[4.165s] -- Up-to-date: /home/aleksi/turtlebot3_ws/install/control_interfaces/include/control_interfaces/control_interfaces
[4.165s] -- Up-to-date: /home/aleksi/turtlebot3_ws/install/control_interfaces/include/control_interfaces/control_interfaces/srv
[4.165s] -- Up-to-date: /home/aleksi/turtlebot3_ws/install/control_interfaces/include/control_interfaces/control_interfaces/srv/detail
[4.165s] -- Installing: /home/aleksi/turtlebot3_ws/install/control_interfaces/include/control_interfaces/control_interfaces/srv/detail/set_pose__traits.hpp
[4.165s] -- Installing: /home/aleksi/turtlebot3_ws/install/control_interfaces/include/control_interfaces/control_interfaces/srv/detail/set_pose__struct.hpp
[4.166s] -- Installing: /home/aleksi/turtlebot3_ws/install/control_interfaces/include/control_interfaces/control_interfaces/srv/detail/set_position__traits.hpp
[4.166s] -- Up-to-date: /home/aleksi/turtlebot3_ws/install/control_interfaces/include/control_interfaces/control_interfaces/srv/detail/set_goal__builder.hpp
[4.166s] -- Installing: /home/aleksi/turtlebot3_ws/install/control_interfaces/include/control_interfaces/control_interfaces/srv/detail/set_position__builder.hpp
[4.166s] -- Up-to-date: /home/aleksi/turtlebot3_ws/install/control_interfaces/include/control_interfaces/control_interfaces/srv/detail/set_goal__traits.hpp
[4.166s] -- Installing: /home/aleksi/turtlebot3_ws/install/control_interfaces/include/control_interfaces/control_interfaces/srv/detail/set_pose__builder.hpp
[4.166s] -- Up-to-date: /home/aleksi/turtlebot3_ws/install/control_interfaces/include/control_interfaces/control_interfaces/srv/detail/set_goal__struct.hpp
[4.166s] -- Installing: /home/aleksi/turtlebot3_ws/install/control_interfaces/include/control_interfaces/control_interfaces/srv/detail/set_position__struct.hpp
[4.166s] -- Up-to-date: /home/aleksi/turtlebot3_ws/install/control_interfaces/include/control_interfaces/control_interfaces/srv/set_goal.hpp
[4.166s] -- Installing: /home/aleksi/turtlebot3_ws/install/control_interfaces/include/control_interfaces/control_interfaces/srv/set_pose.hpp
[4.166s] -- Installing: /home/aleksi/turtlebot3_ws/install/control_interfaces/include/control_interfaces/control_interfaces/srv/set_position.hpp
[4.167s] -- Up-to-date: /home/aleksi/turtlebot3_ws/install/control_interfaces/include/control_interfaces/control_interfaces/action
[4.167s] -- Up-to-date: /home/aleksi/turtlebot3_ws/install/control_interfaces/include/control_interfaces/control_interfaces/action/detail
[4.167s] -- Installing: /home/aleksi/turtlebot3_ws/install/control_interfaces/include/control_interfaces/control_interfaces/action/detail/follow_path__traits.hpp
[4.167s] -- Installing: /home/aleksi/turtlebot3_ws/install/control_interfaces/include/control_interfaces/control_interfaces/action/detail/follow_path__builder.hpp
[4.167s] -- Installing: /home/aleksi/turtlebot3_ws/install/control_interfaces/include/control_interfaces/control_interfaces/action/detail/follow_path__struct.hpp
[4.167s] -- Installing: /home/aleksi/turtlebot3_ws/install/control_interfaces/include/control_interfaces/control_interfaces/action/follow_path.hpp
[4.167s] -- Up-to-date: /home/aleksi/turtlebot3_ws/install/control_interfaces/include/control_interfaces/control_interfaces
[4.167s] -- Up-to-date: /home/aleksi/turtlebot3_ws/install/control_interfaces/include/control_interfaces/control_interfaces/msg
[4.167s] -- Up-to-date: /home/aleksi/turtlebot3_ws/install/control_interfaces/include/control_interfaces/control_interfaces/msg/rosidl_typesupport_fastrtps_cpp__visibility_control.h
[4.167s] -- Up-to-date: /home/aleksi/turtlebot3_ws/install/control_interfaces/include/control_interfaces/control_interfaces/srv
[4.168s] -- Up-to-date: /home/aleksi/turtlebot3_ws/install/control_interfaces/include/control_interfaces/control_interfaces/srv/detail
[4.168s] -- Installing: /home/aleksi/turtlebot3_ws/install/control_interfaces/include/control_interfaces/control_interfaces/srv/detail/set_position__rosidl_typesupport_fastrtps_cpp.hpp
[4.168s] -- Up-to-date: /home/aleksi/turtlebot3_ws/install/control_interfaces/include/control_interfaces/control_interfaces/srv/detail/set_goal__rosidl_typesupport_fastrtps_cpp.hpp
[4.168s] -- Installing: /home/aleksi/turtlebot3_ws/install/control_interfaces/include/control_interfaces/control_interfaces/srv/detail/set_pose__rosidl_typesupport_fastrtps_cpp.hpp
[4.168s] -- Up-to-date: /home/aleksi/turtlebot3_ws/install/control_interfaces/include/control_interfaces/control_interfaces/srv/detail/dds_fastrtps
[4.168s] -- Up-to-date: /home/aleksi/turtlebot3_ws/install/control_interfaces/include/control_interfaces/control_interfaces/action
[4.168s] -- Up-to-date: /home/aleksi/turtlebot3_ws/install/control_interfaces/include/control_interfaces/control_interfaces/action/detail
[4.168s] -- Installing: /home/aleksi/turtlebot3_ws/install/control_interfaces/include/control_interfaces/control_interfaces/action/detail/follow_path__rosidl_typesupport_fastrtps_cpp.hpp
[4.168s] -- Up-to-date: /home/aleksi/turtlebot3_ws/install/control_interfaces/include/control_interfaces/control_interfaces/action/detail/dds_fastrtps
[4.168s] -- Installing: /home/aleksi/turtlebot3_ws/install/control_interfaces/lib/libcontrol_interfaces__rosidl_typesupport_fastrtps_cpp.so
[4.169s] -- Set runtime path of "/home/aleksi/turtlebot3_ws/install/control_interfaces/lib/libcontrol_interfaces__rosidl_typesupport_fastrtps_cpp.so" to ""
[4.169s] -- Up-to-date: /home/aleksi/turtlebot3_ws/install/control_interfaces/include/control_interfaces/control_interfaces
[4.169s] -- Up-to-date: /home/aleksi/turtlebot3_ws/install/control_interfaces/include/control_interfaces/control_interfaces/msg
[4.169s] -- Up-to-date: /home/aleksi/turtlebot3_ws/install/control_interfaces/include/control_interfaces/control_interfaces/msg/rosidl_typesupport_introspection_c__visibility_control.h
[4.169s] -- Up-to-date: /home/aleksi/turtlebot3_ws/install/control_interfaces/include/control_interfaces/control_interfaces/srv
[4.169s] -- Up-to-date: /home/aleksi/turtlebot3_ws/install/control_interfaces/include/control_interfaces/control_interfaces/srv/detail
[4.169s] -- Up-to-date: /home/aleksi/turtlebot3_ws/install/control_interfaces/include/control_interfaces/control_interfaces/srv/detail/set_goal__type_support.c
[4.169s] -- Installing: /home/aleksi/turtlebot3_ws/install/control_interfaces/include/control_interfaces/control_interfaces/srv/detail/set_pose__type_support.c
[4.169s] -- Installing: /home/aleksi/turtlebot3_ws/install/control_interfaces/include/control_interfaces/control_interfaces/srv/detail/set_pose__rosidl_typesupport_introspection_c.h
[4.169s] -- Up-to-date: /home/aleksi/turtlebot3_ws/install/control_interfaces/include/control_interfaces/control_interfaces/srv/detail/set_goal__rosidl_typesupport_introspection_c.h
[4.169s] -- Installing: /home/aleksi/turtlebot3_ws/install/control_interfaces/include/control_interfaces/control_interfaces/srv/detail/set_position__rosidl_typesupport_introspection_c.h
[4.169s] -- Installing: /home/aleksi/turtlebot3_ws/install/control_interfaces/include/control_interfaces/control_interfaces/srv/detail/set_position__type_support.c
[4.169s] -- Up-to-date: /home/aleksi/turtlebot3_ws/install/control_interfaces/include/control_interfaces/control_interfaces/action
[4.170s] -- Up-to-date: /home/aleksi/turtlebot3_ws/install/control_interfaces/include/control_interfaces/control_interfaces/action/detail
[4.170s] -- Installing: /home/aleksi/turtlebot3_ws/install/control_interfaces/include/control_interfaces/control_interfaces/action/detail/follow_path__type_support.c
[4.170s] -- Installing: /home/aleksi/turtlebot3_ws/install/control_interfaces/include/control_interfaces/control_interfaces/action/detail/follow_path__rosidl_typesupport_introspection_c.h
[4.170s] -- Installing: /home/aleksi/turtlebot3_ws/install/control_interfaces/lib/libcontrol_interfaces__rosidl_typesupport_introspection_c.so
[4.170s] -- Set runtime path of "/home/aleksi/turtlebot3_ws/install/control_interfaces/lib/libcontrol_interfaces__rosidl_typesupport_introspection_c.so" to ""
[4.171s] -- Installing: /home/aleksi/turtlebot3_ws/install/control_interfaces/lib/libcontrol_interfaces__rosidl_typesupport_c.so
[4.171s] -- Set runtime path of "/home/aleksi/turtlebot3_ws/install/control_interfaces/lib/libcontrol_interfaces__rosidl_typesupport_c.so" to ""
[4.171s] -- Up-to-date: /home/aleksi/turtlebot3_ws/install/control_interfaces/include/control_interfaces/control_interfaces
[4.171s] -- Up-to-date: /home/aleksi/turtlebot3_ws/install/control_interfaces/include/control_interfaces/control_interfaces/srv
[4.171s] -- Up-to-date: /home/aleksi/turtlebot3_ws/install/control_interfaces/include/control_interfaces/control_interfaces/srv/detail
[4.171s] -- Installing: /home/aleksi/turtlebot3_ws/install/control_interfaces/include/control_interfaces/control_interfaces/srv/detail/set_position__rosidl_typesupport_introspection_cpp.hpp
[4.171s] -- Installing: /home/aleksi/turtlebot3_ws/install/control_interfaces/include/control_interfaces/control_interfaces/srv/detail/set_position__type_support.cpp
[4.171s] -- Installing: /home/aleksi/turtlebot3_ws/install/control_interfaces/include/control_interfaces/control_interfaces/srv/detail/set_pose__type_support.cpp
[4.172s] -- Up-to-date: /home/aleksi/turtlebot3_ws/install/control_interfaces/include/control_interfaces/control_interfaces/srv/detail/set_goal__type_support.cpp
[4.172s] -- Installing: /home/aleksi/turtlebot3_ws/install/control_interfaces/include/control_interfaces/control_interfaces/srv/detail/set_pose__rosidl_typesupport_introspection_cpp.hpp
[4.172s] -- Up-to-date: /home/aleksi/turtlebot3_ws/install/control_interfaces/include/control_interfaces/control_interfaces/srv/detail/set_goal__rosidl_typesupport_introspection_cpp.hpp
[4.172s] -- Up-to-date: /home/aleksi/turtlebot3_ws/install/control_interfaces/include/control_interfaces/control_interfaces/action
[4.172s] -- Up-to-date: /home/aleksi/turtlebot3_ws/install/control_interfaces/include/control_interfaces/control_interfaces/action/detail
[4.172s] -- Installing: /home/aleksi/turtlebot3_ws/install/control_interfaces/include/control_interfaces/control_interfaces/action/detail/follow_path__type_support.cpp
[4.172s] -- Installing: /home/aleksi/turtlebot3_ws/install/control_interfaces/include/control_interfaces/control_interfaces/action/detail/follow_path__rosidl_typesupport_introspection_cpp.hpp
[4.172s] -- Installing: /home/aleksi/turtlebot3_ws/install/control_interfaces/lib/libcontrol_interfaces__rosidl_typesupport_introspection_cpp.so
[4.173s] -- Set runtime path of "/home/aleksi/turtlebot3_ws/install/control_interfaces/lib/libcontrol_interfaces__rosidl_typesupport_introspection_cpp.so" to ""
[4.173s] -- Installing: /home/aleksi/turtlebot3_ws/install/control_interfaces/lib/libcontrol_interfaces__rosidl_typesupport_cpp.so
[4.173s] -- Set runtime path of "/home/aleksi/turtlebot3_ws/install/control_interfaces/lib/libcontrol_interfaces__rosidl_typesupport_cpp.so" to ""
[4.173s] -- Up-to-date: /home/aleksi/turtlebot3_ws/install/control_interfaces/share/control_interfaces/environment/pythonpath.sh
[4.173s] -- Installing: /home/aleksi/turtlebot3_ws/install/control_interfaces/share/control_interfaces/environment/pythonpath.dsv
[4.173s] -- Up-to-date: /home/aleksi/turtlebot3_ws/install/control_interfaces/local/lib/python3.10/dist-packages/control_interfaces-0.0.0-py3.10.egg-info
[4.174s] -- Installing: /home/aleksi/turtlebot3_ws/install/control_interfaces/local/lib/python3.10/dist-packages/control_interfaces-0.0.0-py3.10.egg-info/dependency_links.txt
[4.174s] -- Installing: /home/aleksi/turtlebot3_ws/install/control_interfaces/local/lib/python3.10/dist-packages/control_interfaces-0.0.0-py3.10.egg-info/PKG-INFO
[4.174s] -- Installing: /home/aleksi/turtlebot3_ws/install/control_interfaces/local/lib/python3.10/dist-packages/control_interfaces-0.0.0-py3.10.egg-info/SOURCES.txt
[4.174s] -- Installing: /home/aleksi/turtlebot3_ws/install/control_interfaces/local/lib/python3.10/dist-packages/control_interfaces-0.0.0-py3.10.egg-info/top_level.txt
[4.174s] -- Up-to-date: /home/aleksi/turtlebot3_ws/install/control_interfaces/local/lib/python3.10/dist-packages/control_interfaces
[4.174s] -- Installing: /home/aleksi/turtlebot3_ws/install/control_interfaces/local/lib/python3.10/dist-packages/control_interfaces/control_interfaces_s__rosidl_typesupport_introspection_c.cpython-310-x86_64-linux-gnu.so
[4.175s] -- Installing: /home/aleksi/turtlebot3_ws/install/control_interfaces/local/lib/python3.10/dist-packages/control_interfaces/__init__.py
[4.175s] -- Installing: /home/aleksi/turtlebot3_ws/install/control_interfaces/local/lib/python3.10/dist-packages/control_interfaces/_control_interfaces_s.ep.rosidl_typesupport_introspection_c.c
[4.175s] -- Installing: /home/aleksi/turtlebot3_ws/install/control_interfaces/local/lib/python3.10/dist-packages/control_interfaces/libcontrol_interfaces__rosidl_generator_py.so
[4.175s] -- Installing: /home/aleksi/turtlebot3_ws/install/control_interfaces/local/lib/python3.10/dist-packages/control_interfaces/_control_interfaces_s.ep.rosidl_typesupport_fastrtps_c.c
[4.175s] -- Installing: /home/aleksi/turtlebot3_ws/install/control_interfaces/local/lib/python3.10/dist-packages/control_interfaces/control_interfaces_s__rosidl_typesupport_fastrtps_c.cpython-310-x86_64-linux-gnu.so
[4.176s] -- Up-to-date: /home/aleksi/turtlebot3_ws/install/control_interfaces/local/lib/python3.10/dist-packages/control_interfaces/srv
[4.176s] -- Installing: /home/aleksi/turtlebot3_ws/install/control_interfaces/local/lib/python3.10/dist-packages/control_interfaces/srv/_set_position.py
[4.176s] -- Installing: /home/aleksi/turtlebot3_ws/install/control_interfaces/local/lib/python3.10/dist-packages/control_interfaces/srv/__init__.py
[4.176s] -- Installing: /home/aleksi/turtlebot3_ws/install/control_interfaces/local/lib/python3.10/dist-packages/control_interfaces/srv/_set_position_s.c
[4.176s] -- Up-to-date: /home/aleksi/turtlebot3_ws/install/control_interfaces/local/lib/python3.10/dist-packages/control_interfaces/srv/_set_goal_s.c
[4.176s] -- Installing: /home/aleksi/turtlebot3_ws/install/control_interfaces/local/lib/python3.10/dist-packages/control_interfaces/srv/_set_pose.py
[4.176s] -- Up-to-date: /home/aleksi/turtlebot3_ws/install/control_interfaces/local/lib/python3.10/dist-packages/control_interfaces/srv/_set_goal.py
[4.176s] -- Installing: /home/aleksi/turtlebot3_ws/install/control_interfaces/local/lib/python3.10/dist-packages/control_interfaces/srv/_set_pose_s.c
[4.176s] -- Up-to-date: /home/aleksi/turtlebot3_ws/install/control_interfaces/local/lib/python3.10/dist-packages/control_interfaces/action
[4.176s] -- Installing: /home/aleksi/turtlebot3_ws/install/control_interfaces/local/lib/python3.10/dist-packages/control_interfaces/action/__init__.py
[4.177s] -- Installing: /home/aleksi/turtlebot3_ws/install/control_interfaces/local/lib/python3.10/dist-packages/control_interfaces/action/_follow_path_s.c
[4.177s] -- Installing: /home/aleksi/turtlebot3_ws/install/control_interfaces/local/lib/python3.10/dist-packages/control_interfaces/action/_follow_path.py
[4.177s] -- Installing: /home/aleksi/turtlebot3_ws/install/control_interfaces/local/lib/python3.10/dist-packages/control_interfaces/control_interfaces_s__rosidl_typesupport_c.cpython-310-x86_64-linux-gnu.so
[4.177s] -- Installing: /home/aleksi/turtlebot3_ws/install/control_interfaces/local/lib/python3.10/dist-packages/control_interfaces/_control_interfaces_s.ep.rosidl_typesupport_c.c
[4.210s] Listing '/home/aleksi/turtlebot3_ws/install/control_interfaces/local/lib/python3.10/dist-packages/control_interfaces'...
[4.210s] Compiling '/home/aleksi/turtlebot3_ws/install/control_interfaces/local/lib/python3.10/dist-packages/control_interfaces/__init__.py'...
[4.210s] Listing '/home/aleksi/turtlebot3_ws/install/control_interfaces/local/lib/python3.10/dist-packages/control_interfaces/action'...
[4.210s] Compiling '/home/aleksi/turtlebot3_ws/install/control_interfaces/local/lib/python3.10/dist-packages/control_interfaces/action/__init__.py'...
[4.210s] Compiling '/home/aleksi/turtlebot3_ws/install/control_interfaces/local/lib/python3.10/dist-packages/control_interfaces/action/_follow_path.py'...
[4.210s] Listing '/home/aleksi/turtlebot3_ws/install/control_interfaces/local/lib/python3.10/dist-packages/control_interfaces/srv'...
[4.211s] Compiling '/home/aleksi/turtlebot3_ws/install/control_interfaces/local/lib/python3.10/dist-packages/control_interfaces/srv/__init__.py'...
[4.211s] Compiling '/home/aleksi/turtlebot3_ws/install/control_interfaces/local/lib/python3.10/dist-packages/control_interfaces/srv/_set_pose.py'...
[4.211s] Compiling '/home/aleksi/turtlebot3_ws/install/control_interfaces/local/lib/python3.10/dist-packages/control_interfaces/srv/_set_position.py'...
[4.214s] -- Installing: /home/aleksi/turtlebot3_ws/install/control_interfaces/local/lib/python3.10/dist-packages/control_interfaces/control_interfaces_s__rosidl_typesupport_fastrtps_c.cpython-310-x86_64-linux-gnu.so
[4.214s] -- Set runtime path of "/home/aleksi/turtlebot3_ws/install/control_interfaces/local/lib/python3.10/dist-packages/control_interfaces/control_interfaces_s__rosidl_typesupport_fastrtps_c.cpython-310-x86_64-linux-gnu.so" to ""
[4.214s] -- Installing: /home/aleksi/turtlebot3_ws/install/control_interfaces/local/lib/python3.10/dist-packages/control_interfaces/control_interfaces_s__rosidl_typesupport_introspection_c.cpython-310-x86_64-linux-gnu.so
[4.215s] -- Set runtime path of "/home/aleksi/turtlebot3_ws/install/control_interfaces/local/lib/python3.10/dist-packages/control_interfaces/control_interfaces_s__rosidl_typesupport_introspection_c.cpython-310-x86_64-linux-gnu.so" to ""
[4.215s] -- Installing: /home/aleksi/turtlebot3_ws/install/control_interfaces/local/lib/python3.10/dist-packages/control_interfaces/control_interfaces_s__rosidl_typesupport_c.cpython-310-x86_64-linux-gnu.so
[4.215s] -- Set runtime path of "/home/aleksi/turtlebot3_ws/install/control_interfaces/local/lib/python3.10/dist-packages/control_interfaces/control_interfaces_s__rosidl_typesupport_c.cpython-310-x86_64-linux-gnu.so" to ""
[4.216s] -- Installing: /home/aleksi/turtlebot3_ws/install/control_interfaces/lib/libcontrol_interfaces__rosidl_generator_py.so
[4.216s] -- Set runtime path of "/home/aleksi/turtlebot3_ws/install/control_interfaces/lib/libcontrol_interfaces__rosidl_generator_py.so" to ""
[4.216s] -- Up-to-date: /home/aleksi/turtlebot3_ws/install/control_interfaces/share/control_interfaces/srv/SetPosition.idl
[4.216s] -- Up-to-date: /home/aleksi/turtlebot3_ws/install/control_interfaces/share/control_interfaces/srv/SetPose.idl
[4.217s] -- Installing: /home/aleksi/turtlebot3_ws/install/control_interfaces/share/control_interfaces/action/FollowPath.idl
[4.217s] -- Up-to-date: /home/aleksi/turtlebot3_ws/install/control_interfaces/share/control_interfaces/srv/SetPosition.srv
[4.217s] -- Up-to-date: /home/aleksi/turtlebot3_ws/install/control_interfaces/share/control_interfaces/srv/SetPosition_Request.msg
[4.217s] -- Up-to-date: /home/aleksi/turtlebot3_ws/install/control_interfaces/share/control_interfaces/srv/SetPosition_Response.msg
[4.217s] -- Up-to-date: /home/aleksi/turtlebot3_ws/install/control_interfaces/share/control_interfaces/srv/SetPose.srv
[4.217s] -- Up-to-date: /home/aleksi/turtlebot3_ws/install/control_interfaces/share/control_interfaces/srv/SetPose_Request.msg
[4.217s] -- Up-to-date: /home/aleksi/turtlebot3_ws/install/control_interfaces/share/control_interfaces/srv/SetPose_Response.msg
[4.217s] -- Installing: /home/aleksi/turtlebot3_ws/install/control_interfaces/share/control_interfaces/action/FollowPath.action
[4.218s] -- Up-to-date: /home/aleksi/turtlebot3_ws/install/control_interfaces/share/ament_index/resource_index/package_run_dependencies/control_interfaces
[4.218s] -- Up-to-date: /home/aleksi/turtlebot3_ws/install/control_interfaces/share/ament_index/resource_index/parent_prefix_path/control_interfaces
[4.218s] -- Up-to-date: /home/aleksi/turtlebot3_ws/install/control_interfaces/share/control_interfaces/environment/ament_prefix_path.sh
[4.218s] -- Installing: /home/aleksi/turtlebot3_ws/install/control_interfaces/share/control_interfaces/environment/ament_prefix_path.dsv
[4.218s] -- Up-to-date: /home/aleksi/turtlebot3_ws/install/control_interfaces/share/control_interfaces/environment/path.sh
[4.218s] -- Installing: /home/aleksi/turtlebot3_ws/install/control_interfaces/share/control_interfaces/environment/path.dsv
[4.218s] -- Up-to-date: /home/aleksi/turtlebot3_ws/install/control_interfaces/share/control_interfaces/local_setup.bash
[4.218s] -- Up-to-date: /home/aleksi/turtlebot3_ws/install/control_interfaces/share/control_interfaces/local_setup.sh
[4.218s] -- Up-to-date: /home/aleksi/turtlebot3_ws/install/control_interfaces/share/control_interfaces/local_setup.zsh
[4.219s] -- Installing: /home/aleksi/turtlebot3_ws/install/control_interfaces/share/control_interfaces/local_setup.dsv
[4.219s] -- Installing: /home/aleksi/turtlebot3_ws/install/control_interfaces/share/control_interfaces/package.dsv
[4.219s] -- Up-to-date: /home/aleksi/turtlebot3_ws/install/control_interfaces/share/ament_index/resource_index/packages/control_interfaces
[4.219s] -- Up-to-date: /home/aleksi/turtlebot3_ws/install/control_interfaces/share/control_interfaces/cmake/export_control_interfaces__rosidl_generator_cExport.cmake
[4.219s] -- Up-to-date: /home/aleksi/turtlebot3_ws/install/control_interfaces/share/control_interfaces/cmake/export_control_interfaces__rosidl_generator_cExport-noconfig.cmake
[4.219s] -- Up-to-date: /home/aleksi/turtlebot3_ws/install/control_interfaces/share/control_interfaces/cmake/export_control_interfaces__rosidl_typesupport_fastrtps_cExport.cmake
[4.219s] -- Up-to-date: /home/aleksi/turtlebot3_ws/install/control_interfaces/share/control_interfaces/cmake/export_control_interfaces__rosidl_typesupport_fastrtps_cExport-noconfig.cmake
[4.220s] -- Up-to-date: /home/aleksi/turtlebot3_ws/install/control_interfaces/share/control_interfaces/cmake/export_control_interfaces__rosidl_generator_cppExport.cmake
[4.220s] -- Up-to-date: /home/aleksi/turtlebot3_ws/install/control_interfaces/share/control_interfaces/cmake/export_control_interfaces__rosidl_typesupport_fastrtps_cppExport.cmake
[4.220s] -- Up-to-date: /home/aleksi/turtlebot3_ws/install/control_interfaces/share/control_interfaces/cmake/export_control_interfaces__rosidl_typesupport_fastrtps_cppExport-noconfig.cmake
[4.220s] -- Up-to-date: /home/aleksi/turtlebot3_ws/install/control_interfaces/share/control_interfaces/cmake/control_interfaces__rosidl_typesupport_introspection_cExport.cmake
[4.220s] -- Up-to-date: /home/aleksi/turtlebot3_ws/install/control_interfaces/share/control_interfaces/cmake/control_interfaces__rosidl_typesupport_introspection_cExport-noconfig.cmake
[4.220s] -- Up-to-date: /home/aleksi/turtlebot3_ws/install/control_interfaces/share/control_interfaces/cmake/control_interfaces__rosidl_typesupport_cExport.cmake
[4.220s] -- Up-to-date: /home/aleksi/turtlebot3_ws/install/control_interfaces/share/control_interfaces/cmake/control_interfaces__rosidl_typesupport_cExport-noconfig.cmake
[4.220s] -- Up-to-date: /home/aleksi/turtlebot3_ws/install/control_interfaces/share/control_interfaces/cmake/control_interfaces__rosidl_typesupport_introspection_cppExport.cmake
[4.220s] -- Up-to-date: /home/aleksi/turtlebot3_ws/install/control_interfaces/share/control_interfaces/cmake/control_interfaces__rosidl_typesupport_introspection_cppExport-noconfig.cmake
[4.220s] -- Up-to-date: /home/aleksi/turtlebot3_ws/install/control_interfaces/share/control_interfaces/cmake/control_interfaces__rosidl_typesupport_cppExport.cmake
[4.220s] -- Up-to-date: /home/aleksi/turtlebot3_ws/install/control_interfaces/share/control_interfaces/cmake/control_interfaces__rosidl_typesupport_cppExport-noconfig.cmake
[4.221s] -- Up-to-date: /home/aleksi/turtlebot3_ws/install/control_interfaces/share/control_interfaces/cmake/export_control_interfaces__rosidl_generator_pyExport.cmake
[4.221s] -- Up-to-date: /home/aleksi/turtlebot3_ws/install/control_interfaces/share/control_interfaces/cmake/export_control_interfaces__rosidl_generator_pyExport-noconfig.cmake
[4.221s] -- Up-to-date: /home/aleksi/turtlebot3_ws/install/control_interfaces/share/control_interfaces/cmake/rosidl_cmake-extras.cmake
[4.221s] -- Up-to-date: /home/aleksi/turtlebot3_ws/install/control_interfaces/share/control_interfaces/cmake/ament_cmake_export_dependencies-extras.cmake
[4.221s] -- Up-to-date: /home/aleksi/turtlebot3_ws/install/control_interfaces/share/control_interfaces/cmake/ament_cmake_export_include_directories-extras.cmake
[4.221s] -- Up-to-date: /home/aleksi/turtlebot3_ws/install/control_interfaces/share/control_interfaces/cmake/ament_cmake_export_libraries-extras.cmake
[4.221s] -- Up-to-date: /home/aleksi/turtlebot3_ws/install/control_interfaces/share/control_interfaces/cmake/ament_cmake_export_targets-extras.cmake
[4.222s] -- Up-to-date: /home/aleksi/turtlebot3_ws/install/control_interfaces/share/control_interfaces/cmake/rosidl_cmake_export_typesupport_targets-extras.cmake
[4.222s] -- Up-to-date: /home/aleksi/turtlebot3_ws/install/control_interfaces/share/control_interfaces/cmake/rosidl_cmake_export_typesupport_libraries-extras.cmake
[4.222s] -- Up-to-date: /home/aleksi/turtlebot3_ws/install/control_interfaces/share/control_interfaces/cmake/control_interfacesConfig.cmake
[4.223s] -- Up-to-date: /home/aleksi/turtlebot3_ws/install/control_interfaces/share/control_interfaces/cmake/control_interfacesConfig-version.cmake
[4.223s] -- Up-to-date: /home/aleksi/turtlebot3_ws/install/control_interfaces/share/control_interfaces/package.xml
[4.223s] Invoked command in '/home/aleksi/turtlebot3_ws/build/control_interfaces' returned '0': CMAKE_PREFIX_PATH=${CMAKE_PREFIX_PATH}:/home/aleksi/turtlebot3_ws/install/controller:/opt/ros/humble /usr/bin/cmake --install /home/aleksi/turtlebot3_ws/build/control_interfaces
