[0.647s] Invoking command in '/home/aleksi/turtlebot3_ws/src/controller': CMAKE_PREFIX_PATH=/home/aleksi/turtlebot3_ws/install/control_interfaces:/home/aleksi/turtlebot3_ws/install/turtlebot3_simulations:/home/aleksi/turtlebot3_ws/install/turtlebot3_gazebo:/home/aleksi/turtlebot3_ws/install/turtlebot3_fake_node PYTHONPATH=/home/aleksi/turtlebot3_ws/build/controller/prefix_override:/home/aleksi/turtlebot3_ws/install/controller/lib/python3.10/site-packages:${PYTHONPATH} /usr/bin/python3 setup.py egg_info --egg-base ../../build/controller build --build-base /home/aleksi/turtlebot3_ws/build/controller/build install --record /home/aleksi/turtlebot3_ws/build/controller/install.log --single-version-externally-managed
[0.833s] running egg_info
[0.833s] writing ../../build/controller/controller.egg-info/PKG-INFO
[0.834s] writing dependency_links to ../../build/controller/controller.egg-info/dependency_links.txt
[0.834s] writing entry points to ../../build/controller/controller.egg-info/entry_points.txt
[0.834s] writing requirements to ../../build/controller/controller.egg-info/requires.txt
[0.834s] writing top-level names to ../../build/controller/controller.egg-info/top_level.txt
[0.835s] reading manifest file '../../build/controller/controller.egg-info/SOURCES.txt'
[0.836s] writing manifest file '../../build/controller/controller.egg-info/SOURCES.txt'
[0.836s] running build
[0.836s] running build_py
[0.836s] copying controller/server.py -> /home/aleksi/turtlebot3_ws/build/controller/build/lib/controller
[0.836s] copying controller/client.py -> /home/aleksi/turtlebot3_ws/build/controller/build/lib/controller
[0.836s] running install
[0.836s] /usr/lib/python3/dist-packages/setuptools/command/install.py:34: SetuptoolsDeprecationWarning: setup.py install is deprecated. Use build and pip and other standards-based tools.
[0.836s]   warnings.warn(
[0.836s] running install_lib
[0.837s] copying /home/aleksi/turtlebot3_ws/build/controller/build/lib/controller/server.py -> /home/aleksi/turtlebot3_ws/install/controller/lib/python3.10/site-packages/controller
[0.837s] copying /home/aleksi/turtlebot3_ws/build/controller/build/lib/controller/client.py -> /home/aleksi/turtlebot3_ws/install/controller/lib/python3.10/site-packages/controller
[0.838s] byte-compiling /home/aleksi/turtlebot3_ws/install/controller/lib/python3.10/site-packages/controller/server.py to server.cpython-310.pyc
[0.838s] byte-compiling /home/aleksi/turtlebot3_ws/install/controller/lib/python3.10/site-packages/controller/client.py to client.cpython-310.pyc
[0.839s] running install_data
[0.840s] running install_egg_info
[0.841s] removing '/home/aleksi/turtlebot3_ws/install/controller/lib/python3.10/site-packages/controller-0.0.0-py3.10.egg-info' (and everything under it)
[0.841s] Copying ../../build/controller/controller.egg-info to /home/aleksi/turtlebot3_ws/install/controller/lib/python3.10/site-packages/controller-0.0.0-py3.10.egg-info
[0.842s] running install_scripts
[0.857s] Installing cli script to /home/aleksi/turtlebot3_ws/install/controller/lib/controller
[0.858s] Installing ser script to /home/aleksi/turtlebot3_ws/install/controller/lib/controller
[0.858s] writing list of installed files to '/home/aleksi/turtlebot3_ws/build/controller/install.log'
[0.876s] Invoked command in '/home/aleksi/turtlebot3_ws/src/controller' returned '0': CMAKE_PREFIX_PATH=/home/aleksi/turtlebot3_ws/install/control_interfaces:/home/aleksi/turtlebot3_ws/install/turtlebot3_simulations:/home/aleksi/turtlebot3_ws/install/turtlebot3_gazebo:/home/aleksi/turtlebot3_ws/install/turtlebot3_fake_node PYTHONPATH=/home/aleksi/turtlebot3_ws/build/controller/prefix_override:/home/aleksi/turtlebot3_ws/install/controller/lib/python3.10/site-packages:${PYTHONPATH} /usr/bin/python3 setup.py egg_info --egg-base ../../build/controller build --build-base /home/aleksi/turtlebot3_ws/build/controller/build install --record /home/aleksi/turtlebot3_ws/build/controller/install.log --single-version-externally-managed
